*** Config ***
***************
** Arguments **
***************
dataset: VLCS
gpu: 1
model: CLIPAdapter
model_config_file: config/clipadapter.yaml
output_dir: output/CLIPAdapter-ViTB32-VLCS-labelme
root: ./data/
seed: 134
source_domains: ['caltech', 'pascal', 'sun']
target_domains: ['labelme']
************
** Config **
************
DATALOADER:
  NUM_WORKERS: 8
  TEST:
    BATCH_SIZE: 64
    SAMPLER: SequentialSampler
  TRAIN:
    BATCH_SIZE: 64
    SAMPLER: RandomSampler
DATASET:
  NAME: VLCS
  ROOT: ./data/
  SOURCE_DOMAINS: ['caltech', 'pascal', 'sun']
  SUBSAMPLE_CLASSES: all
  TARGET_DOMAINS: ['labelme']
GPU: 1
INPUT:
  COLORJITTER_B: 0.4
  COLORJITTER_C: 0.4
  COLORJITTER_H: 0.1
  COLORJITTER_S: 0.4
  CROP_PADDING: 4
  CUTOUT_LEN: 16
  CUTOUT_N: 1
  GB_K: 21
  GB_P: 0.5
  GN_MEAN: 0.0
  GN_STD: 0.15
  INTERPOLATION: bicubic
  PIXEL_MEAN: [0.48145466, 0.4578275, 0.40821073]
  PIXEL_STD: [0.26862954, 0.26130258, 0.27577711]
  RANDAUGMENT_M: 10
  RANDAUGMENT_N: 2
  RGS_P: 0.2
  RRCROP_SCALE: (0.08, 1.0)
  SIZE: (224, 224)
  TRANSFORMS: ['random_resized_crop', 'random_flip', 'normalize']
MODEL:
  CLIPAdapter:
    BACKBONE: ViT-B/32
  NAME: CLIPAdapter
OPTIM:
  ADAM_BETA1: 0.9
  ADAM_BETA2: 0.999
  GAMMA: 0.1
  LR: 0.002
  LR_SCHEDULER: Cosine
  MAX_EPOCH: 50
  MOMENTUM: 0.9
  NAME: sgd
  SGD_DAMPENING: 0
  SGD_NESTEROV: False
  STEP_SIZE: -1
  WARMUP_CONS_LR: 1e-05
  WARMUP_EPOCH: 1
  WARMUP_MIN_LR: 1e-05
  WARMUP_TYPE: constant
  WEIGHT_DECAY: 0.0005
OUTPUT_DIR: output/CLIPAdapter-ViTB32-VLCS-labelme
SEED: 134
TEST:
  EVALUATOR: Classification
  FINAL_Model: last_step
  SPLIT: Test
TRAIN:
  PRINT_FREQ: 5
Build Trainer: CLIPAdapter
Build Dataset: VLCS
Transform for Train: Compose(
    RandomResizedCrop(size=(224, 224), scale=(0.08, 1.0), ratio=(0.75, 1.3333), interpolation=bicubic, antialias=True)
    RandomHorizontalFlip(p=0.5)
    ToTensor()
    Normalize(mean=[0.48145466, 0.4578275, 0.40821073], std=[0.26862954, 0.26130258, 0.27577711])
)
Transform for Test: Compose(
    Resize(size=224, interpolation=bicubic, max_size=None, antialias=True)
    CenterCrop(size=(224, 224))
    ToTensor()
    Normalize(mean=[0.48145466, 0.4578275, 0.40821073], std=[0.26862954, 0.26130258, 0.27577711])
)
--------------  ----------------------------
Dataset         VLCS
Source Domains  ['caltech', 'pascal', 'sun']
Target Domains  ['labelme']
# Classes       5
# Train Data    5,085
# Val Data      566
# Test Data     797
--------------  ----------------------------
Loading CLIP Backbone: ViT-B/32
Building Custom CLIP
{'original': ['a picture of a bird.', 'a picture of a car.', 'a picture of a chair.', 'a picture of a dog.', 'a picture of a person.'], 'caltech': ['a picture of a caltech bird.', 'a picture of a caltech car.', 'a picture of a caltech chair.', 'a picture of a caltech dog.', 'a picture of a caltech person.'], 'pascal': ['a picture of a pascal bird.', 'a picture of a pascal car.', 'a picture of a pascal chair.', 'a picture of a pascal dog.', 'a picture of a pascal person.'], 'sun': ['a picture of a sun bird.', 'a picture of a sun car.', 'a picture of a sun chair.', 'a picture of a sun dog.', 'a picture of a sun person.']}
{'original': ['a picture of a bird.', 'a picture of a car.', 'a picture of a chair.', 'a picture of a dog.', 'a picture of a person.'], 'labelme': ['a picture of a labelme bird.', 'a picture of a labelme car.', 'a picture of a labelme chair.', 'a picture of a labelme dog.', 'a picture of a labelme person.']}
key:original
v:tensor([[ 0.0261,  0.0139, -0.0079,  ..., -0.0452,  0.0063, -0.0239],
        [ 0.0127,  0.0005, -0.0155,  ..., -0.0260, -0.0305,  0.0026],
        [-0.0192, -0.0017, -0.0055,  ..., -0.0482, -0.0271,  0.0161],
        [ 0.0130,  0.0088, -0.0394,  ..., -0.0427, -0.0132,  0.0195],
        [ 0.0049,  0.0079, -0.0012,  ..., -0.0593, -0.0150, -0.0023]],
       device='cuda:1', dtype=torch.float16)
key:caltech
v:tensor([[ 0.0276,  0.0288, -0.0238,  ...,  0.0355, -0.0157, -0.0562],
        [-0.0055, -0.0110, -0.0132,  ...,  0.0552, -0.0457, -0.0298],
        [-0.0238, -0.0109, -0.0115,  ...,  0.0328, -0.0339, -0.0108],
        [ 0.0197,  0.0110, -0.0477,  ...,  0.0368, -0.0341, -0.0074],
        [ 0.0067,  0.0021, -0.0213,  ...,  0.0265, -0.0194, -0.0214]],
       device='cuda:1', dtype=torch.float16)
key:pascal
v:tensor([[ 0.0055, -0.0044, -0.0244,  ..., -0.0309,  0.0257, -0.0350],
        [-0.0118, -0.0307, -0.0265,  ..., -0.0093, -0.0003, -0.0112],
        [-0.0362, -0.0215, -0.0133,  ..., -0.0320, -0.0035,  0.0050],
        [ 0.0042, -0.0274, -0.0482,  ..., -0.0168,  0.0180,  0.0165],
        [-0.0049, -0.0362, -0.0232,  ..., -0.0169,  0.0187, -0.0057]],
       device='cuda:1', dtype=torch.float16)
key:sun
v:tensor([[ 0.0368,  0.0010,  0.0301,  ...,  0.0216, -0.0019, -0.0079],
        [-0.0107, -0.0012, -0.0032,  ..., -0.0395, -0.0115, -0.0178],
        [-0.0456, -0.0118,  0.0098,  ..., -0.0246, -0.0250,  0.0122],
        [-0.0116,  0.0493,  0.0151,  ...,  0.0018,  0.0143,  0.0309],
        [-0.0170,  0.0112, -0.0035,  ..., -0.0395,  0.0077, -0.0065]],
       device='cuda:1', dtype=torch.float16)
Turning Off Gradients in Image and Text Encoder
Parameters to be updated: {'adapters.1.fc.0.weight', 'adapters.0.fc.2.weight', 'adapters.0.fc.0.weight', 'adapters.2.fc.0.weight', 'adapter.fc.0.weight', 'adapter.fc.2.weight', 'adapters.1.fc.2.weight', 'adapters.2.fc.2.weight'}
Build Evaluator: Classification
epoch [1/50] batch [5/79] loss -22.4062 (-23.3656) acc 18.7500 (24.0625) lr 1.0000e-05 eta 0:24:05
epoch [1/50] batch [10/79] loss -27.7344 (-24.8266) acc 18.7500 (24.8438) lr 1.0000e-05 eta 0:15:17
epoch [1/50] batch [15/79] loss -22.2344 (-24.5125) acc 20.3125 (23.5417) lr 1.0000e-05 eta 0:12:18
epoch [1/50] batch [20/79] loss -30.9531 (-25.9234) acc 21.8750 (22.5000) lr 1.0000e-05 eta 0:10:55
epoch [1/50] batch [25/79] loss -24.0000 (-25.6438) acc 18.7500 (22.4375) lr 1.0000e-05 eta 0:09:57
epoch [1/50] batch [30/79] loss -29.4375 (-26.1620) acc 18.7500 (22.0312) lr 1.0000e-05 eta 0:09:22
epoch [1/50] batch [35/79] loss -23.7188 (-26.3388) acc 26.5625 (22.1875) lr 1.0000e-05 eta 0:09:00
epoch [1/50] batch [40/79] loss -25.6406 (-26.1332) acc 21.8750 (22.3438) lr 1.0000e-05 eta 0:08:39
epoch [1/50] batch [45/79] loss -33.9375 (-26.2375) acc 23.4375 (22.7778) lr 1.0000e-05 eta 0:08:24
epoch [1/50] batch [50/79] loss -27.3125 (-26.3438) acc 17.1875 (22.3125) lr 1.0000e-05 eta 0:08:11
epoch [1/50] batch [55/79] loss -29.8125 (-26.3384) acc 15.6250 (21.8750) lr 1.0000e-05 eta 0:08:03
epoch [1/50] batch [60/79] loss -30.9375 (-26.5661) acc 15.6250 (21.7448) lr 1.0000e-05 eta 0:07:57
epoch [1/50] batch [65/79] loss -25.2500 (-26.6149) acc 18.7500 (21.3221) lr 1.0000e-05 eta 0:07:50
epoch [1/50] batch [70/79] loss -26.6250 (-26.5426) acc 17.1875 (20.9821) lr 1.0000e-05 eta 0:07:47
epoch [1/50] batch [75/79] loss -30.5781 (-26.5475) acc 29.6875 (21.2500) lr 1.0000e-05 eta 0:07:42
epoch [2/50] batch [5/79] loss -23.5469 (-23.6219) acc 21.8750 (25.0000) lr 2.0000e-03 eta 0:13:38
epoch [2/50] batch [10/79] loss -26.2969 (-25.4937) acc 20.3125 (21.5625) lr 2.0000e-03 eta 0:10:05
epoch [2/50] batch [15/79] loss -29.5625 (-26.2760) acc 28.1250 (22.1875) lr 2.0000e-03 eta 0:08:53
epoch [2/50] batch [20/79] loss -23.2812 (-26.1633) acc 29.6875 (22.0312) lr 2.0000e-03 eta 0:08:15
epoch [2/50] batch [25/79] loss -21.3125 (-26.2081) acc 12.5000 (20.9375) lr 2.0000e-03 eta 0:07:49
epoch [2/50] batch [30/79] loss -30.0312 (-26.7563) acc 21.8750 (20.7292) lr 2.0000e-03 eta 0:07:30
epoch [2/50] batch [35/79] loss -22.6250 (-26.6018) acc 20.3125 (20.6250) lr 2.0000e-03 eta 0:07:17
epoch [2/50] batch [40/79] loss -30.2344 (-26.5625) acc 23.4375 (21.0938) lr 2.0000e-03 eta 0:07:08
epoch [2/50] batch [45/79] loss -24.8125 (-26.3170) acc 12.5000 (21.1111) lr 2.0000e-03 eta 0:07:00
epoch [2/50] batch [50/79] loss -25.9844 (-26.0884) acc 20.3125 (21.3125) lr 2.0000e-03 eta 0:06:53
epoch [2/50] batch [55/79] loss -30.3438 (-26.1557) acc 18.7500 (21.1932) lr 2.0000e-03 eta 0:06:49
epoch [2/50] batch [60/79] loss -32.9688 (-26.1794) acc 23.4375 (21.3802) lr 2.0000e-03 eta 0:06:45
epoch [2/50] batch [65/79] loss -19.4062 (-26.1680) acc 25.0000 (21.4183) lr 2.0000e-03 eta 0:06:47
epoch [2/50] batch [70/79] loss -36.8125 (-26.3975) acc 21.8750 (21.4732) lr 2.0000e-03 eta 0:07:03
epoch [2/50] batch [75/79] loss -21.9531 (-26.2265) acc 23.4375 (21.5000) lr 2.0000e-03 eta 0:07:15
epoch [3/50] batch [5/79] loss -25.5781 (-26.2906) acc 20.3125 (19.0625) lr 1.9980e-03 eta 0:22:52
epoch [3/50] batch [10/79] loss -28.4062 (-27.4312) acc 26.5625 (20.0000) lr 1.9980e-03 eta 0:16:49
epoch [3/50] batch [15/79] loss -29.8438 (-26.9625) acc 17.1875 (19.6875) lr 1.9980e-03 eta 0:14:50
epoch [3/50] batch [20/79] loss -30.0156 (-26.5570) acc 31.2500 (20.0781) lr 1.9980e-03 eta 0:13:36
epoch [3/50] batch [25/79] loss -26.5156 (-25.9781) acc 21.8750 (20.6875) lr 1.9980e-03 eta 0:12:54
epoch [3/50] batch [30/79] loss -27.4844 (-26.0271) acc 25.0000 (21.0938) lr 1.9980e-03 eta 0:11:58
epoch [3/50] batch [35/79] loss -20.8281 (-25.7312) acc 20.3125 (21.0268) lr 1.9980e-03 eta 0:11:07
epoch [3/50] batch [40/79] loss -31.7344 (-25.9293) acc 25.0000 (21.4844) lr 1.9980e-03 eta 0:10:29
epoch [3/50] batch [45/79] loss -23.9844 (-26.0670) acc 18.7500 (21.0764) lr 1.9980e-03 eta 0:09:59
epoch [3/50] batch [50/79] loss -26.9531 (-26.3791) acc 21.8750 (20.9062) lr 1.9980e-03 eta 0:09:37
epoch [3/50] batch [55/79] loss -23.7500 (-26.3886) acc 23.4375 (20.9943) lr 1.9980e-03 eta 0:09:17
epoch [3/50] batch [60/79] loss -32.8438 (-26.4763) acc 15.6250 (21.0677) lr 1.9980e-03 eta 0:09:00
epoch [3/50] batch [65/79] loss -28.1719 (-26.5075) acc 26.5625 (21.1779) lr 1.9980e-03 eta 0:08:45
epoch [3/50] batch [70/79] loss -30.2969 (-26.6812) acc 14.0625 (21.0491) lr 1.9980e-03 eta 0:08:31
epoch [3/50] batch [75/79] loss -29.5781 (-26.5350) acc 25.0000 (20.8958) lr 1.9980e-03 eta 0:08:20
epoch [4/50] batch [5/79] loss -28.4375 (-25.8875) acc 29.6875 (23.7500) lr 1.9921e-03 eta 0:15:20
epoch [4/50] batch [10/79] loss -23.3594 (-25.2844) acc 20.3125 (23.1250) lr 1.9921e-03 eta 0:11:12
epoch [4/50] batch [15/79] loss -21.7656 (-25.2688) acc 15.6250 (22.5000) lr 1.9921e-03 eta 0:09:43
epoch [4/50] batch [20/79] loss -24.9219 (-25.4125) acc 21.8750 (22.1094) lr 1.9921e-03 eta 0:08:56
epoch [4/50] batch [25/79] loss -20.1562 (-25.6006) acc 25.0000 (22.6250) lr 1.9921e-03 eta 0:08:13
epoch [4/50] batch [30/79] loss -25.6719 (-25.8182) acc 15.6250 (22.2396) lr 1.9921e-03 eta 0:07:51
epoch [4/50] batch [35/79] loss -30.6875 (-25.7857) acc 23.4375 (22.1875) lr 1.9921e-03 eta 0:07:32
epoch [4/50] batch [40/79] loss -27.5312 (-25.7980) acc 25.0000 (21.8359) lr 1.9921e-03 eta 0:07:18
epoch [4/50] batch [45/79] loss -23.3750 (-25.8128) acc 15.6250 (21.7708) lr 1.9921e-03 eta 0:07:10
epoch [4/50] batch [50/79] loss -26.5781 (-26.0419) acc 21.8750 (21.3438) lr 1.9921e-03 eta 0:07:01
epoch [4/50] batch [55/79] loss -30.0938 (-26.2548) acc 20.3125 (21.1364) lr 1.9921e-03 eta 0:06:54
epoch [4/50] batch [60/79] loss -23.1250 (-26.0875) acc 15.6250 (21.1719) lr 1.9921e-03 eta 0:06:48
epoch [4/50] batch [65/79] loss -28.9219 (-26.0822) acc 18.7500 (20.9856) lr 1.9921e-03 eta 0:06:44
epoch [4/50] batch [70/79] loss -24.5469 (-26.1033) acc 25.0000 (20.8036) lr 1.9921e-03 eta 0:06:39
epoch [4/50] batch [75/79] loss -20.9531 (-26.1104) acc 15.6250 (21.0208) lr 1.9921e-03 eta 0:06:34
epoch [5/50] batch [5/79] loss -26.6250 (-26.8875) acc 20.3125 (20.9375) lr 1.9823e-03 eta 0:13:09
epoch [5/50] batch [10/79] loss -27.5938 (-28.1062) acc 18.7500 (21.5625) lr 1.9823e-03 eta 0:09:27
epoch [5/50] batch [15/79] loss -17.3125 (-27.5719) acc 26.5625 (21.6667) lr 1.9823e-03 eta 0:08:17
epoch [5/50] batch [20/79] loss -20.5625 (-26.5375) acc 25.0000 (20.9375) lr 1.9823e-03 eta 0:07:43
epoch [5/50] batch [25/79] loss -27.4844 (-26.3225) acc 23.4375 (21.1875) lr 1.9823e-03 eta 0:07:22
epoch [5/50] batch [30/79] loss -31.2188 (-26.0813) acc 23.4375 (20.7292) lr 1.9823e-03 eta 0:07:09
epoch [5/50] batch [35/79] loss -17.3281 (-25.9241) acc 26.5625 (20.1339) lr 1.9823e-03 eta 0:06:58
epoch [5/50] batch [40/79] loss -29.7969 (-26.5555) acc 20.3125 (20.1172) lr 1.9823e-03 eta 0:06:50
epoch [5/50] batch [45/79] loss -27.0000 (-26.6271) acc 17.1875 (19.7917) lr 1.9823e-03 eta 0:06:42
epoch [5/50] batch [50/79] loss -29.6719 (-26.4766) acc 18.7500 (19.7812) lr 1.9823e-03 eta 0:06:37
epoch [5/50] batch [55/79] loss -33.8750 (-26.5051) acc 14.0625 (19.9148) lr 1.9823e-03 eta 0:06:32
epoch [5/50] batch [60/79] loss -20.1094 (-26.3336) acc 18.7500 (19.7396) lr 1.9823e-03 eta 0:06:28
epoch [5/50] batch [65/79] loss -28.9531 (-26.2954) acc 20.3125 (20.0481) lr 1.9823e-03 eta 0:06:25
epoch [5/50] batch [70/79] loss -26.9688 (-26.3638) acc 31.2500 (20.4464) lr 1.9823e-03 eta 0:06:19
epoch [5/50] batch [75/79] loss -23.7344 (-26.4004) acc 25.0000 (20.3958) lr 1.9823e-03 eta 0:06:13
epoch [6/50] batch [5/79] loss -28.2969 (-27.9438) acc 20.3125 (20.3125) lr 1.9686e-03 eta 0:13:49
epoch [6/50] batch [10/79] loss -32.3125 (-27.0391) acc 20.3125 (22.3438) lr 1.9686e-03 eta 0:09:52
epoch [6/50] batch [15/79] loss -21.5156 (-27.4823) acc 18.7500 (22.3958) lr 1.9686e-03 eta 0:08:32
epoch [6/50] batch [20/79] loss -25.7812 (-27.3711) acc 26.5625 (21.7969) lr 1.9686e-03 eta 0:07:48
epoch [6/50] batch [25/79] loss -26.8281 (-27.0225) acc 23.4375 (21.7500) lr 1.9686e-03 eta 0:07:26
epoch [6/50] batch [30/79] loss -23.4688 (-27.3646) acc 31.2500 (21.8229) lr 1.9686e-03 eta 0:07:08
epoch [6/50] batch [35/79] loss -29.3750 (-27.2375) acc 21.8750 (21.8750) lr 1.9686e-03 eta 0:06:55
epoch [6/50] batch [40/79] loss -21.8281 (-26.7707) acc 21.8750 (21.9531) lr 1.9686e-03 eta 0:06:45
epoch [6/50] batch [45/79] loss -25.2031 (-26.6646) acc 29.6875 (21.7014) lr 1.9686e-03 eta 0:06:38
epoch [6/50] batch [50/79] loss -33.3438 (-26.5800) acc 17.1875 (21.3750) lr 1.9686e-03 eta 0:06:31
epoch [6/50] batch [55/79] loss -26.3594 (-26.6866) acc 18.7500 (21.4205) lr 1.9686e-03 eta 0:06:27
epoch [6/50] batch [60/79] loss -20.2500 (-26.2667) acc 26.5625 (21.8229) lr 1.9686e-03 eta 0:06:22
epoch [6/50] batch [65/79] loss -20.2656 (-26.3791) acc 23.4375 (21.5625) lr 1.9686e-03 eta 0:06:16
epoch [6/50] batch [70/79] loss -28.0469 (-26.3712) acc 25.0000 (21.6964) lr 1.9686e-03 eta 0:06:09
epoch [6/50] batch [75/79] loss -25.3750 (-26.4462) acc 18.7500 (21.3750) lr 1.9686e-03 eta 0:06:03
epoch [7/50] batch [5/79] loss -23.8906 (-23.8250) acc 25.0000 (25.0000) lr 1.9511e-03 eta 0:11:50
epoch [7/50] batch [10/79] loss -25.2812 (-25.9984) acc 9.3750 (20.9375) lr 1.9511e-03 eta 0:08:19
epoch [7/50] batch [15/79] loss -27.8125 (-25.7865) acc 20.3125 (20.7292) lr 1.9511e-03 eta 0:07:18
epoch [7/50] batch [20/79] loss -27.6250 (-26.0750) acc 21.8750 (21.1719) lr 1.9511e-03 eta 0:06:46
epoch [7/50] batch [25/79] loss -27.3750 (-26.2306) acc 28.1250 (20.6875) lr 1.9511e-03 eta 0:06:25
epoch [7/50] batch [30/79] loss -25.0000 (-26.1531) acc 26.5625 (20.2604) lr 1.9511e-03 eta 0:06:10
epoch [7/50] batch [35/79] loss -22.2344 (-25.9085) acc 20.3125 (20.5357) lr 1.9511e-03 eta 0:05:59
epoch [7/50] batch [40/79] loss -30.7812 (-25.7551) acc 25.0000 (20.6250) lr 1.9511e-03 eta 0:06:02
epoch [7/50] batch [45/79] loss -28.2812 (-26.1295) acc 23.4375 (20.6944) lr 1.9511e-03 eta 0:06:01
epoch [7/50] batch [50/79] loss -26.6250 (-25.9059) acc 15.6250 (20.5625) lr 1.9511e-03 eta 0:05:56
epoch [7/50] batch [55/79] loss -31.0156 (-26.0864) acc 23.4375 (20.7955) lr 1.9511e-03 eta 0:05:57
epoch [7/50] batch [60/79] loss -23.1875 (-25.9346) acc 26.5625 (20.8854) lr 1.9511e-03 eta 0:05:56
epoch [7/50] batch [65/79] loss -24.4062 (-25.8012) acc 26.5625 (21.0577) lr 1.9511e-03 eta 0:05:51
epoch [7/50] batch [70/79] loss -31.0312 (-25.7219) acc 20.3125 (21.0714) lr 1.9511e-03 eta 0:05:45
epoch [7/50] batch [75/79] loss -25.3906 (-25.7981) acc 15.6250 (21.0208) lr 1.9511e-03 eta 0:05:41
epoch [8/50] batch [5/79] loss -21.9844 (-24.5063) acc 26.5625 (24.3750) lr 1.9298e-03 eta 0:11:49
epoch [8/50] batch [10/79] loss -24.5625 (-24.2812) acc 23.4375 (22.3438) lr 1.9298e-03 eta 0:08:36
epoch [8/50] batch [15/79] loss -26.4844 (-25.3979) acc 23.4375 (21.7708) lr 1.9298e-03 eta 0:07:36
epoch [8/50] batch [20/79] loss -26.2188 (-25.2594) acc 15.6250 (21.2500) lr 1.9298e-03 eta 0:07:08
epoch [8/50] batch [25/79] loss -27.0625 (-25.6869) acc 14.0625 (21.1250) lr 1.9298e-03 eta 0:06:51
epoch [8/50] batch [30/79] loss -33.7500 (-26.1307) acc 18.7500 (20.6771) lr 1.9298e-03 eta 0:06:40
epoch [8/50] batch [35/79] loss -34.7500 (-26.8263) acc 17.1875 (20.7143) lr 1.9298e-03 eta 0:06:33
epoch [8/50] batch [40/79] loss -23.4375 (-26.7156) acc 12.5000 (20.3516) lr 1.9298e-03 eta 0:06:27
epoch [8/50] batch [45/79] loss -28.2656 (-26.8243) acc 21.8750 (20.6250) lr 1.9298e-03 eta 0:06:21
epoch [8/50] batch [50/79] loss -20.0469 (-26.5519) acc 23.4375 (20.6250) lr 1.9298e-03 eta 0:06:16
epoch [8/50] batch [55/79] loss -29.6719 (-26.4767) acc 17.1875 (20.7386) lr 1.9298e-03 eta 0:06:13
epoch [8/50] batch [60/79] loss -21.0625 (-26.3859) acc 29.6875 (20.7292) lr 1.9298e-03 eta 0:06:09
epoch [8/50] batch [65/79] loss -20.7031 (-26.4481) acc 29.6875 (20.9375) lr 1.9298e-03 eta 0:06:06
epoch [8/50] batch [70/79] loss -26.2031 (-26.5194) acc 9.3750 (20.4464) lr 1.9298e-03 eta 0:06:01
epoch [8/50] batch [75/79] loss -26.8281 (-26.4375) acc 28.1250 (20.5833) lr 1.9298e-03 eta 0:05:56
epoch [9/50] batch [5/79] loss -23.3125 (-30.8469) acc 23.4375 (21.5625) lr 1.9048e-03 eta 0:12:43
epoch [9/50] batch [10/79] loss -24.9375 (-28.9187) acc 20.3125 (20.1562) lr 1.9048e-03 eta 0:09:11
epoch [9/50] batch [15/79] loss -19.0469 (-27.5260) acc 18.7500 (18.8542) lr 1.9048e-03 eta 0:07:57
epoch [9/50] batch [20/79] loss -27.8125 (-27.5297) acc 26.5625 (19.4531) lr 1.9048e-03 eta 0:07:19
epoch [9/50] batch [25/79] loss -24.0312 (-27.3412) acc 21.8750 (19.4375) lr 1.9048e-03 eta 0:06:54
epoch [9/50] batch [30/79] loss -20.8906 (-26.7156) acc 15.6250 (19.3229) lr 1.9048e-03 eta 0:06:36
epoch [9/50] batch [35/79] loss -27.0781 (-26.7576) acc 23.4375 (19.7768) lr 1.9048e-03 eta 0:06:26
epoch [9/50] batch [40/79] loss -26.0938 (-27.0164) acc 20.3125 (19.9609) lr 1.9048e-03 eta 0:06:17
epoch [9/50] batch [45/79] loss -25.0625 (-26.7806) acc 14.0625 (20.1389) lr 1.9048e-03 eta 0:06:10
epoch [9/50] batch [50/79] loss -19.5469 (-26.5400) acc 29.6875 (20.3125) lr 1.9048e-03 eta 0:06:05
epoch [9/50] batch [55/79] loss -23.8281 (-26.6330) acc 18.7500 (20.4261) lr 1.9048e-03 eta 0:06:02
epoch [9/50] batch [60/79] loss -28.9375 (-26.6344) acc 26.5625 (20.8073) lr 1.9048e-03 eta 0:06:00
epoch [9/50] batch [65/79] loss -23.0469 (-26.7070) acc 14.0625 (20.5769) lr 1.9048e-03 eta 0:05:57
epoch [9/50] batch [70/79] loss -31.5312 (-26.5435) acc 18.7500 (20.4241) lr 1.9048e-03 eta 0:05:52
epoch [9/50] batch [75/79] loss -21.9062 (-26.4213) acc 23.4375 (20.5625) lr 1.9048e-03 eta 0:05:47
epoch [10/50] batch [5/79] loss -21.9844 (-24.7969) acc 17.1875 (19.0625) lr 1.8763e-03 eta 0:11:08
epoch [10/50] batch [10/79] loss -24.4844 (-25.3969) acc 26.5625 (19.6875) lr 1.8763e-03 eta 0:08:11
epoch [10/50] batch [15/79] loss -20.7500 (-25.2563) acc 17.1875 (20.4167) lr 1.8763e-03 eta 0:07:10
epoch [10/50] batch [20/79] loss -28.6094 (-26.4039) acc 20.3125 (20.9375) lr 1.8763e-03 eta 0:06:41
epoch [10/50] batch [25/79] loss -23.0312 (-25.7312) acc 21.8750 (21.3125) lr 1.8763e-03 eta 0:06:22
epoch [10/50] batch [30/79] loss -23.9375 (-25.5974) acc 18.7500 (21.6146) lr 1.8763e-03 eta 0:06:11
epoch [10/50] batch [35/79] loss -27.0781 (-25.7656) acc 23.4375 (21.0714) lr 1.8763e-03 eta 0:06:03
epoch [10/50] batch [40/79] loss -20.4219 (-25.5605) acc 18.7500 (21.3281) lr 1.8763e-03 eta 0:05:58
epoch [10/50] batch [45/79] loss -29.2031 (-25.8365) acc 18.7500 (20.8681) lr 1.8763e-03 eta 0:05:55
epoch [10/50] batch [50/79] loss -27.8750 (-26.0397) acc 14.0625 (20.9062) lr 1.8763e-03 eta 0:05:52
epoch [10/50] batch [55/79] loss -26.6562 (-25.8554) acc 15.6250 (20.7102) lr 1.8763e-03 eta 0:05:50
epoch [10/50] batch [60/79] loss -23.3125 (-25.9198) acc 25.0000 (20.6510) lr 1.8763e-03 eta 0:05:47
epoch [10/50] batch [65/79] loss -28.5625 (-25.9101) acc 20.3125 (20.8173) lr 1.8763e-03 eta 0:05:45
epoch [10/50] batch [70/79] loss -20.9844 (-25.8516) acc 26.5625 (21.0714) lr 1.8763e-03 eta 0:05:41
epoch [10/50] batch [75/79] loss -26.2656 (-25.9390) acc 18.7500 (21.2083) lr 1.8763e-03 eta 0:05:36
epoch [11/50] batch [5/79] loss -21.5000 (-28.0719) acc 18.7500 (17.8125) lr 1.8443e-03 eta 0:13:00
epoch [11/50] batch [10/79] loss -32.5625 (-27.6187) acc 28.1250 (21.2500) lr 1.8443e-03 eta 0:09:12
epoch [11/50] batch [15/79] loss -29.1250 (-26.3927) acc 21.8750 (20.9375) lr 1.8443e-03 eta 0:07:55
epoch [11/50] batch [20/79] loss -28.4844 (-26.6352) acc 21.8750 (20.1562) lr 1.8443e-03 eta 0:07:16
epoch [11/50] batch [25/79] loss -22.9375 (-26.5325) acc 20.3125 (20.9375) lr 1.8443e-03 eta 0:06:53
epoch [11/50] batch [30/79] loss -23.1406 (-26.7984) acc 25.0000 (20.9896) lr 1.8443e-03 eta 0:06:35
epoch [11/50] batch [35/79] loss -21.8125 (-26.2759) acc 18.7500 (21.6071) lr 1.8443e-03 eta 0:06:23
epoch [11/50] batch [40/79] loss -26.5781 (-26.2117) acc 18.7500 (21.7188) lr 1.8443e-03 eta 0:06:14
epoch [11/50] batch [45/79] loss -33.8750 (-26.3753) acc 12.5000 (21.2153) lr 1.8443e-03 eta 0:06:06
epoch [11/50] batch [50/79] loss -25.0781 (-26.3666) acc 26.5625 (21.7500) lr 1.8443e-03 eta 0:05:58
epoch [11/50] batch [55/79] loss -24.2500 (-26.0761) acc 23.4375 (21.8466) lr 1.8443e-03 eta 0:05:53
epoch [11/50] batch [60/79] loss -24.6719 (-25.9427) acc 28.1250 (21.8229) lr 1.8443e-03 eta 0:05:48
epoch [11/50] batch [65/79] loss -29.9219 (-25.9978) acc 14.0625 (21.7067) lr 1.8443e-03 eta 0:05:44
epoch [11/50] batch [70/79] loss -30.0000 (-26.0154) acc 17.1875 (21.4955) lr 1.8443e-03 eta 0:05:39
epoch [11/50] batch [75/79] loss -28.5469 (-26.1354) acc 14.0625 (21.6250) lr 1.8443e-03 eta 0:05:35
epoch [12/50] batch [5/79] loss -23.7969 (-24.8094) acc 18.7500 (18.4375) lr 1.8090e-03 eta 0:10:48
epoch [12/50] batch [10/79] loss -24.4219 (-24.7812) acc 23.4375 (19.3750) lr 1.8090e-03 eta 0:07:53
epoch [12/50] batch [15/79] loss -35.7188 (-26.3885) acc 21.8750 (19.3750) lr 1.8090e-03 eta 0:06:55
epoch [12/50] batch [20/79] loss -25.8281 (-26.1359) acc 25.0000 (19.2969) lr 1.8090e-03 eta 0:06:28
epoch [12/50] batch [25/79] loss -29.5312 (-26.1513) acc 12.5000 (18.8125) lr 1.8090e-03 eta 0:06:10
epoch [12/50] batch [30/79] loss -26.3594 (-26.3729) acc 17.1875 (18.9583) lr 1.8090e-03 eta 0:05:59
epoch [12/50] batch [35/79] loss -25.7812 (-26.2750) acc 20.3125 (19.2857) lr 1.8090e-03 eta 0:05:50
epoch [12/50] batch [40/79] loss -29.8906 (-26.1594) acc 15.6250 (19.2578) lr 1.8090e-03 eta 0:05:44
epoch [12/50] batch [45/79] loss -26.7500 (-26.0149) acc 18.7500 (19.3056) lr 1.8090e-03 eta 0:05:39
epoch [12/50] batch [50/79] loss -27.1094 (-26.0950) acc 31.2500 (19.7812) lr 1.8090e-03 eta 0:05:35
epoch [12/50] batch [55/79] loss -31.2812 (-26.1770) acc 18.7500 (19.8295) lr 1.8090e-03 eta 0:05:33
epoch [12/50] batch [60/79] loss -25.7500 (-26.2398) acc 26.5625 (19.9740) lr 1.8090e-03 eta 0:05:31
epoch [12/50] batch [65/79] loss -24.0625 (-26.1517) acc 15.6250 (19.9279) lr 1.8090e-03 eta 0:05:28
epoch [12/50] batch [70/79] loss -28.2344 (-26.2388) acc 20.3125 (19.8438) lr 1.8090e-03 eta 0:05:23
epoch [12/50] batch [75/79] loss -26.7031 (-26.0746) acc 25.0000 (19.9583) lr 1.8090e-03 eta 0:05:19
epoch [13/50] batch [5/79] loss -26.8594 (-27.7188) acc 15.6250 (20.3125) lr 1.7705e-03 eta 0:11:45
epoch [13/50] batch [10/79] loss -30.1406 (-28.8516) acc 20.3125 (19.3750) lr 1.7705e-03 eta 0:08:36
epoch [13/50] batch [15/79] loss -25.1719 (-27.8292) acc 26.5625 (20.1042) lr 1.7705e-03 eta 0:07:23
epoch [13/50] batch [20/79] loss -25.4688 (-27.4453) acc 28.1250 (20.3125) lr 1.7705e-03 eta 0:06:51
epoch [13/50] batch [25/79] loss -31.9688 (-27.6788) acc 25.0000 (20.2500) lr 1.7705e-03 eta 0:06:27
epoch [13/50] batch [30/79] loss -28.1094 (-27.2161) acc 21.8750 (20.7292) lr 1.7705e-03 eta 0:06:10
epoch [13/50] batch [35/79] loss -23.7188 (-26.4701) acc 17.1875 (20.3571) lr 1.7705e-03 eta 0:06:02
epoch [13/50] batch [40/79] loss -26.6719 (-26.4937) acc 15.6250 (20.1953) lr 1.7705e-03 eta 0:05:54
epoch [13/50] batch [45/79] loss -26.4062 (-26.7552) acc 25.0000 (20.3819) lr 1.7705e-03 eta 0:05:53
epoch [13/50] batch [50/79] loss -33.1562 (-26.7431) acc 25.0000 (20.5625) lr 1.7705e-03 eta 0:05:50
epoch [13/50] batch [55/79] loss -21.5781 (-26.5094) acc 18.7500 (20.3977) lr 1.7705e-03 eta 0:05:47
epoch [13/50] batch [60/79] loss -29.2656 (-26.6286) acc 26.5625 (20.6510) lr 1.7705e-03 eta 0:05:44
epoch [13/50] batch [65/79] loss -20.2812 (-26.4221) acc 12.5000 (20.6971) lr 1.7705e-03 eta 0:05:40
epoch [13/50] batch [70/79] loss -25.2031 (-26.4275) acc 29.6875 (20.9152) lr 1.7705e-03 eta 0:05:34
epoch [13/50] batch [75/79] loss -26.5781 (-26.3954) acc 25.0000 (21.0417) lr 1.7705e-03 eta 0:05:30
epoch [14/50] batch [5/79] loss -27.3281 (-24.4719) acc 17.1875 (23.4375) lr 1.7290e-03 eta 0:11:53
epoch [14/50] batch [10/79] loss -23.2500 (-25.2719) acc 25.0000 (23.4375) lr 1.7290e-03 eta 0:08:29
epoch [14/50] batch [15/79] loss -28.7812 (-25.4667) acc 18.7500 (22.6042) lr 1.7290e-03 eta 0:07:13
epoch [14/50] batch [20/79] loss -22.7344 (-25.6914) acc 17.1875 (22.1875) lr 1.7290e-03 eta 0:06:36
epoch [14/50] batch [25/79] loss -32.1250 (-26.0606) acc 23.4375 (21.4375) lr 1.7290e-03 eta 0:06:09
epoch [14/50] batch [30/79] loss -26.2656 (-26.2521) acc 17.1875 (21.5625) lr 1.7290e-03 eta 0:05:53
epoch [14/50] batch [35/79] loss -23.9688 (-26.0424) acc 31.2500 (22.3661) lr 1.7290e-03 eta 0:05:45
epoch [14/50] batch [40/79] loss -23.4844 (-26.1687) acc 15.6250 (22.0312) lr 1.7290e-03 eta 0:05:38
epoch [14/50] batch [45/79] loss -26.6094 (-25.8948) acc 20.3125 (22.2917) lr 1.7290e-03 eta 0:05:32
epoch [14/50] batch [50/79] loss -26.5625 (-25.7569) acc 18.7500 (22.0312) lr 1.7290e-03 eta 0:05:27
epoch [14/50] batch [55/79] loss -26.5156 (-25.8614) acc 21.8750 (22.0739) lr 1.7290e-03 eta 0:05:22
epoch [14/50] batch [60/79] loss -33.1875 (-26.1357) acc 14.0625 (21.7188) lr 1.7290e-03 eta 0:05:18
epoch [14/50] batch [65/79] loss -28.2656 (-26.0714) acc 18.7500 (21.3462) lr 1.7290e-03 eta 0:05:14
epoch [14/50] batch [70/79] loss -30.1719 (-26.0804) acc 20.3125 (21.5179) lr 1.7290e-03 eta 0:05:10
epoch [14/50] batch [75/79] loss -25.9375 (-26.1740) acc 17.1875 (21.3750) lr 1.7290e-03 eta 0:05:06
epoch [15/50] batch [5/79] loss -24.9531 (-24.3094) acc 21.8750 (23.1250) lr 1.6845e-03 eta 0:11:14
epoch [15/50] batch [10/79] loss -31.9844 (-25.8234) acc 10.9375 (19.8438) lr 1.6845e-03 eta 0:08:03
epoch [15/50] batch [15/79] loss -25.9219 (-25.5510) acc 15.6250 (20.4167) lr 1.6845e-03 eta 0:06:56
epoch [15/50] batch [20/79] loss -27.8906 (-26.1570) acc 23.4375 (21.0156) lr 1.6845e-03 eta 0:06:23
epoch [15/50] batch [25/79] loss -35.5312 (-25.9612) acc 15.6250 (21.3750) lr 1.6845e-03 eta 0:06:03
epoch [15/50] batch [30/79] loss -22.0156 (-25.4698) acc 29.6875 (21.5104) lr 1.6845e-03 eta 0:05:49
epoch [15/50] batch [35/79] loss -24.5312 (-25.8272) acc 23.4375 (21.2500) lr 1.6845e-03 eta 0:05:40
epoch [15/50] batch [40/79] loss -35.5312 (-26.2242) acc 25.0000 (21.2891) lr 1.6845e-03 eta 0:05:34
epoch [15/50] batch [45/79] loss -29.1250 (-26.5757) acc 21.8750 (21.1458) lr 1.6845e-03 eta 0:05:27
epoch [15/50] batch [50/79] loss -27.0938 (-26.7547) acc 10.9375 (20.9062) lr 1.6845e-03 eta 0:05:23
epoch [15/50] batch [55/79] loss -29.6562 (-26.5793) acc 20.3125 (20.9091) lr 1.6845e-03 eta 0:05:19
epoch [15/50] batch [60/79] loss -26.7031 (-26.6341) acc 18.7500 (20.7812) lr 1.6845e-03 eta 0:05:16
epoch [15/50] batch [65/79] loss -22.0938 (-26.5409) acc 17.1875 (20.7212) lr 1.6845e-03 eta 0:05:14
epoch [15/50] batch [70/79] loss -21.0469 (-26.5734) acc 25.0000 (20.8482) lr 1.6845e-03 eta 0:05:11
epoch [15/50] batch [75/79] loss -23.5469 (-26.5388) acc 14.0625 (20.6458) lr 1.6845e-03 eta 0:05:07
epoch [16/50] batch [5/79] loss -20.9531 (-25.4969) acc 18.7500 (20.9375) lr 1.6374e-03 eta 0:10:37
epoch [16/50] batch [10/79] loss -29.4375 (-25.9312) acc 20.3125 (21.0938) lr 1.6374e-03 eta 0:07:37
epoch [16/50] batch [15/79] loss -24.5156 (-26.1521) acc 23.4375 (21.6667) lr 1.6374e-03 eta 0:07:01
epoch [16/50] batch [20/79] loss -25.4688 (-26.6422) acc 23.4375 (21.2500) lr 1.6374e-03 eta 0:06:26
epoch [16/50] batch [25/79] loss -27.6875 (-26.6469) acc 15.6250 (21.5000) lr 1.6374e-03 eta 0:06:03
epoch [16/50] batch [30/79] loss -25.9375 (-26.4833) acc 21.8750 (21.7188) lr 1.6374e-03 eta 0:05:45
epoch [16/50] batch [35/79] loss -22.8125 (-26.6362) acc 20.3125 (21.4286) lr 1.6374e-03 eta 0:05:36
epoch [16/50] batch [40/79] loss -21.0625 (-26.2301) acc 12.5000 (20.9766) lr 1.6374e-03 eta 0:05:27
epoch [16/50] batch [45/79] loss -23.4688 (-26.2795) acc 18.7500 (20.7292) lr 1.6374e-03 eta 0:05:20
epoch [16/50] batch [50/79] loss -25.2969 (-26.0250) acc 20.3125 (20.5312) lr 1.6374e-03 eta 0:05:14
epoch [16/50] batch [55/79] loss -19.2344 (-26.0443) acc 21.8750 (20.8239) lr 1.6374e-03 eta 0:05:08
epoch [16/50] batch [60/79] loss -25.9062 (-26.2430) acc 10.9375 (20.6250) lr 1.6374e-03 eta 0:05:03
epoch [16/50] batch [65/79] loss -31.3906 (-26.3733) acc 21.8750 (20.6971) lr 1.6374e-03 eta 0:04:57
epoch [16/50] batch [70/79] loss -27.2656 (-26.3167) acc 15.6250 (20.5804) lr 1.6374e-03 eta 0:04:52
epoch [16/50] batch [75/79] loss -27.2188 (-26.3481) acc 20.3125 (20.5208) lr 1.6374e-03 eta 0:04:48
epoch [17/50] batch [5/79] loss -26.3594 (-26.9531) acc 18.7500 (21.2500) lr 1.5878e-03 eta 0:10:05
epoch [17/50] batch [10/79] loss -27.3906 (-27.6125) acc 23.4375 (19.6875) lr 1.5878e-03 eta 0:08:25
epoch [17/50] batch [15/79] loss -28.7969 (-27.1990) acc 10.9375 (18.9583) lr 1.5878e-03 eta 0:08:09
epoch [17/50] batch [20/79] loss -29.3281 (-26.9742) acc 20.3125 (19.1406) lr 1.5878e-03 eta 0:07:49
epoch [17/50] batch [25/79] loss -21.9531 (-26.7331) acc 23.4375 (19.1875) lr 1.5878e-03 eta 0:07:40
epoch [17/50] batch [30/79] loss -28.9219 (-26.9854) acc 29.6875 (19.3750) lr 1.5878e-03 eta 0:07:35
epoch [17/50] batch [35/79] loss -22.1719 (-26.5777) acc 21.8750 (19.4643) lr 1.5878e-03 eta 0:07:34
epoch [17/50] batch [40/79] loss -29.4062 (-26.6797) acc 21.8750 (19.5312) lr 1.5878e-03 eta 0:07:35
epoch [17/50] batch [45/79] loss -24.5000 (-26.7750) acc 17.1875 (19.6875) lr 1.5878e-03 eta 0:07:33
epoch [17/50] batch [50/79] loss -26.5469 (-26.5559) acc 17.1875 (19.8750) lr 1.5878e-03 eta 0:07:29
epoch [17/50] batch [55/79] loss -23.4219 (-26.4648) acc 31.2500 (20.2557) lr 1.5878e-03 eta 0:07:28
epoch [17/50] batch [60/79] loss -23.1562 (-26.4969) acc 26.5625 (20.5729) lr 1.5878e-03 eta 0:07:10
epoch [17/50] batch [65/79] loss -17.4688 (-26.4846) acc 26.5625 (20.6010) lr 1.5878e-03 eta 0:06:55
epoch [17/50] batch [70/79] loss -25.3750 (-26.5248) acc 21.8750 (20.5357) lr 1.5878e-03 eta 0:06:42
epoch [17/50] batch [75/79] loss -26.4844 (-26.5562) acc 20.3125 (20.5417) lr 1.5878e-03 eta 0:06:30
epoch [18/50] batch [5/79] loss -26.0312 (-26.1656) acc 29.6875 (26.8750) lr 1.5358e-03 eta 0:09:42
epoch [18/50] batch [10/79] loss -30.6562 (-25.8578) acc 31.2500 (24.3750) lr 1.5358e-03 eta 0:07:03
epoch [18/50] batch [15/79] loss -26.7656 (-25.7115) acc 28.1250 (24.6875) lr 1.5358e-03 eta 0:06:07
epoch [18/50] batch [20/79] loss -22.4062 (-25.8977) acc 12.5000 (22.5000) lr 1.5358e-03 eta 0:05:40
epoch [18/50] batch [25/79] loss -34.4062 (-26.5362) acc 9.3750 (22.1875) lr 1.5358e-03 eta 0:05:24
epoch [18/50] batch [30/79] loss -31.3594 (-26.7276) acc 21.8750 (22.3438) lr 1.5358e-03 eta 0:05:13
epoch [18/50] batch [35/79] loss -25.9375 (-26.9308) acc 20.3125 (21.5179) lr 1.5358e-03 eta 0:05:07
epoch [18/50] batch [40/79] loss -28.2500 (-26.5367) acc 20.3125 (21.6406) lr 1.5358e-03 eta 0:05:04
epoch [18/50] batch [45/79] loss -30.3438 (-26.6323) acc 15.6250 (21.5625) lr 1.5358e-03 eta 0:05:01
epoch [18/50] batch [50/79] loss -22.5781 (-26.4491) acc 28.1250 (21.6562) lr 1.5358e-03 eta 0:04:57
epoch [18/50] batch [55/79] loss -24.9688 (-26.2247) acc 18.7500 (21.7330) lr 1.5358e-03 eta 0:04:56
epoch [18/50] batch [60/79] loss -23.7344 (-26.2208) acc 21.8750 (21.3281) lr 1.5358e-03 eta 0:04:51
epoch [18/50] batch [65/79] loss -22.7812 (-26.1091) acc 21.8750 (21.2500) lr 1.5358e-03 eta 0:04:46
epoch [18/50] batch [70/79] loss -33.4062 (-26.1804) acc 15.6250 (21.1607) lr 1.5358e-03 eta 0:04:40
epoch [18/50] batch [75/79] loss -30.0625 (-26.1860) acc 18.7500 (21.2500) lr 1.5358e-03 eta 0:04:36
epoch [19/50] batch [5/79] loss -28.3281 (-26.4000) acc 18.7500 (20.9375) lr 1.4818e-03 eta 0:09:40
epoch [19/50] batch [10/79] loss -27.7656 (-26.5594) acc 21.8750 (22.3438) lr 1.4818e-03 eta 0:07:10
epoch [19/50] batch [15/79] loss -30.3594 (-26.6104) acc 25.0000 (22.6042) lr 1.4818e-03 eta 0:06:06
epoch [19/50] batch [20/79] loss -27.0000 (-26.1406) acc 21.8750 (21.6406) lr 1.4818e-03 eta 0:05:44
epoch [19/50] batch [25/79] loss -25.6406 (-26.0475) acc 23.4375 (22.1875) lr 1.4818e-03 eta 0:05:23
epoch [19/50] batch [30/79] loss -24.7969 (-25.9974) acc 26.5625 (22.3958) lr 1.4818e-03 eta 0:05:10
epoch [19/50] batch [35/79] loss -24.4062 (-26.1232) acc 21.8750 (22.5893) lr 1.4818e-03 eta 0:05:00
epoch [19/50] batch [40/79] loss -23.2969 (-26.2937) acc 20.3125 (22.1094) lr 1.4818e-03 eta 0:04:53
epoch [19/50] batch [45/79] loss -24.4531 (-26.0497) acc 23.4375 (22.0486) lr 1.4818e-03 eta 0:04:48
epoch [19/50] batch [50/79] loss -22.9375 (-25.8372) acc 23.4375 (21.9688) lr 1.4818e-03 eta 0:04:43
epoch [19/50] batch [55/79] loss -28.3594 (-26.0233) acc 10.9375 (21.7330) lr 1.4818e-03 eta 0:04:39
epoch [19/50] batch [60/79] loss -28.4062 (-26.2859) acc 15.6250 (21.2240) lr 1.4818e-03 eta 0:04:35
epoch [19/50] batch [65/79] loss -26.7812 (-26.1988) acc 21.8750 (21.3462) lr 1.4818e-03 eta 0:04:32
epoch [19/50] batch [70/79] loss -25.7500 (-26.3020) acc 18.7500 (21.0714) lr 1.4818e-03 eta 0:04:28
epoch [19/50] batch [75/79] loss -28.0469 (-26.2183) acc 23.4375 (21.0833) lr 1.4818e-03 eta 0:04:25
epoch [20/50] batch [5/79] loss -27.1250 (-25.0437) acc 18.7500 (21.8750) lr 1.4258e-03 eta 0:09:26
epoch [20/50] batch [10/79] loss -21.6406 (-25.1859) acc 25.0000 (21.5625) lr 1.4258e-03 eta 0:06:30
epoch [20/50] batch [15/79] loss -29.0469 (-24.8604) acc 10.9375 (20.3125) lr 1.4258e-03 eta 0:05:31
epoch [20/50] batch [20/79] loss -29.4062 (-25.5125) acc 14.0625 (19.0625) lr 1.4258e-03 eta 0:05:09
epoch [20/50] batch [25/79] loss -27.3438 (-25.3750) acc 17.1875 (19.5000) lr 1.4258e-03 eta 0:04:56
epoch [20/50] batch [30/79] loss -32.6562 (-25.5995) acc 12.5000 (19.1667) lr 1.4258e-03 eta 0:04:47
epoch [20/50] batch [35/79] loss -24.6406 (-25.7344) acc 25.0000 (19.7768) lr 1.4258e-03 eta 0:04:38
epoch [20/50] batch [40/79] loss -28.8125 (-25.9625) acc 20.3125 (20.1172) lr 1.4258e-03 eta 0:04:32
epoch [20/50] batch [45/79] loss -19.2500 (-25.8889) acc 32.8125 (20.2083) lr 1.4258e-03 eta 0:04:27
epoch [20/50] batch [50/79] loss -26.2969 (-26.2391) acc 21.8750 (20.1562) lr 1.4258e-03 eta 0:04:23
epoch [20/50] batch [55/79] loss -28.2500 (-26.3517) acc 15.6250 (20.0568) lr 1.4258e-03 eta 0:04:19
epoch [20/50] batch [60/79] loss -26.3906 (-26.4474) acc 15.6250 (20.0000) lr 1.4258e-03 eta 0:04:16
epoch [20/50] batch [65/79] loss -17.4688 (-26.4096) acc 34.3750 (20.1442) lr 1.4258e-03 eta 0:04:14
epoch [20/50] batch [70/79] loss -23.7812 (-26.3270) acc 23.4375 (20.5580) lr 1.4258e-03 eta 0:04:11
epoch [20/50] batch [75/79] loss -23.1250 (-26.4046) acc 32.8125 (21.0208) lr 1.4258e-03 eta 0:04:08
epoch [21/50] batch [5/79] loss -24.0625 (-26.0500) acc 18.7500 (18.4375) lr 1.3681e-03 eta 0:09:49
epoch [21/50] batch [10/79] loss -31.3281 (-25.2953) acc 17.1875 (19.2188) lr 1.3681e-03 eta 0:06:53
epoch [21/50] batch [15/79] loss -30.0625 (-26.2281) acc 10.9375 (19.5833) lr 1.3681e-03 eta 0:05:54
epoch [21/50] batch [20/79] loss -27.3594 (-26.1492) acc 17.1875 (19.4531) lr 1.3681e-03 eta 0:05:24
epoch [21/50] batch [25/79] loss -29.5469 (-26.1663) acc 25.0000 (19.8125) lr 1.3681e-03 eta 0:05:03
epoch [21/50] batch [30/79] loss -20.7031 (-26.0302) acc 10.9375 (19.5833) lr 1.3681e-03 eta 0:04:52
epoch [21/50] batch [35/79] loss -22.4531 (-25.8107) acc 21.8750 (19.8661) lr 1.3681e-03 eta 0:04:44
epoch [21/50] batch [40/79] loss -24.6094 (-25.9258) acc 26.5625 (20.1172) lr 1.3681e-03 eta 0:04:37
epoch [21/50] batch [45/79] loss -26.9375 (-25.8635) acc 17.1875 (20.0000) lr 1.3681e-03 eta 0:04:31
epoch [21/50] batch [50/79] loss -22.2656 (-25.9191) acc 21.8750 (19.8125) lr 1.3681e-03 eta 0:04:27
epoch [21/50] batch [55/79] loss -22.4375 (-26.0884) acc 26.5625 (19.8864) lr 1.3681e-03 eta 0:04:23
epoch [21/50] batch [60/79] loss -26.9219 (-26.1404) acc 23.4375 (20.1302) lr 1.3681e-03 eta 0:04:20
epoch [21/50] batch [65/79] loss -25.4375 (-26.3062) acc 20.3125 (19.9519) lr 1.3681e-03 eta 0:04:17
epoch [21/50] batch [70/79] loss -26.1719 (-26.1739) acc 15.6250 (19.8884) lr 1.3681e-03 eta 0:04:13
epoch [21/50] batch [75/79] loss -24.5469 (-26.1790) acc 23.4375 (20.0833) lr 1.3681e-03 eta 0:04:09
epoch [22/50] batch [5/79] loss -25.9531 (-27.6156) acc 17.1875 (18.4375) lr 1.3090e-03 eta 0:08:05
epoch [22/50] batch [10/79] loss -27.4062 (-26.1969) acc 29.6875 (20.3125) lr 1.3090e-03 eta 0:06:14
epoch [22/50] batch [15/79] loss -24.5938 (-25.9000) acc 31.2500 (21.3542) lr 1.3090e-03 eta 0:05:18
epoch [22/50] batch [20/79] loss -31.4219 (-26.0727) acc 20.3125 (21.3281) lr 1.3090e-03 eta 0:05:00
epoch [22/50] batch [25/79] loss -28.2188 (-26.1606) acc 21.8750 (20.4375) lr 1.3090e-03 eta 0:04:46
epoch [22/50] batch [30/79] loss -26.0781 (-26.3646) acc 23.4375 (20.9896) lr 1.3090e-03 eta 0:04:40
epoch [22/50] batch [35/79] loss -24.5312 (-26.2960) acc 25.0000 (21.2500) lr 1.3090e-03 eta 0:04:34
epoch [22/50] batch [40/79] loss -22.9844 (-25.9449) acc 21.8750 (21.1328) lr 1.3090e-03 eta 0:04:27
epoch [22/50] batch [45/79] loss -28.1875 (-26.2059) acc 23.4375 (21.5278) lr 1.3090e-03 eta 0:04:22
epoch [22/50] batch [50/79] loss -25.1250 (-26.1706) acc 20.3125 (21.7812) lr 1.3090e-03 eta 0:04:18
epoch [22/50] batch [55/79] loss -24.2656 (-26.1548) acc 23.4375 (21.7614) lr 1.3090e-03 eta 0:04:14
epoch [22/50] batch [60/79] loss -25.5156 (-25.9034) acc 12.5000 (21.5365) lr 1.3090e-03 eta 0:04:10
epoch [22/50] batch [65/79] loss -23.9375 (-25.9538) acc 26.5625 (21.6106) lr 1.3090e-03 eta 0:04:07
epoch [22/50] batch [70/79] loss -24.4219 (-26.1694) acc 23.4375 (21.5402) lr 1.3090e-03 eta 0:04:03
epoch [22/50] batch [75/79] loss -27.2969 (-26.1256) acc 20.3125 (21.3125) lr 1.3090e-03 eta 0:04:00
epoch [23/50] batch [5/79] loss -28.9219 (-27.8438) acc 25.0000 (19.3750) lr 1.2487e-03 eta 0:07:59
epoch [23/50] batch [10/79] loss -24.8594 (-27.6797) acc 20.3125 (20.4688) lr 1.2487e-03 eta 0:06:01
epoch [23/50] batch [15/79] loss -26.8438 (-26.8125) acc 10.9375 (20.1042) lr 1.2487e-03 eta 0:05:14
epoch [23/50] batch [20/79] loss -25.1719 (-27.1383) acc 18.7500 (21.0938) lr 1.2487e-03 eta 0:04:50
epoch [23/50] batch [25/79] loss -27.4844 (-26.6406) acc 15.6250 (21.1250) lr 1.2487e-03 eta 0:04:33
epoch [23/50] batch [30/79] loss -27.0000 (-26.6823) acc 15.6250 (20.4688) lr 1.2487e-03 eta 0:04:23
epoch [23/50] batch [35/79] loss -26.2812 (-26.4509) acc 21.8750 (20.7589) lr 1.2487e-03 eta 0:04:15
epoch [23/50] batch [40/79] loss -24.8750 (-26.2629) acc 18.7500 (20.8594) lr 1.2487e-03 eta 0:04:11
epoch [23/50] batch [45/79] loss -22.3281 (-26.3764) acc 23.4375 (20.7292) lr 1.2487e-03 eta 0:04:08
epoch [23/50] batch [50/79] loss -26.3438 (-26.2494) acc 32.8125 (20.8438) lr 1.2487e-03 eta 0:04:03
epoch [23/50] batch [55/79] loss -30.0156 (-26.0938) acc 20.3125 (21.1364) lr 1.2487e-03 eta 0:03:57
epoch [23/50] batch [60/79] loss -32.7188 (-26.2951) acc 20.3125 (21.0677) lr 1.2487e-03 eta 0:03:52
epoch [23/50] batch [65/79] loss -36.1250 (-26.2841) acc 20.3125 (21.3462) lr 1.2487e-03 eta 0:03:48
epoch [23/50] batch [70/79] loss -25.2188 (-26.1342) acc 20.3125 (21.3616) lr 1.2487e-03 eta 0:03:44
epoch [23/50] batch [75/79] loss -31.6875 (-26.3915) acc 18.7500 (21.0625) lr 1.2487e-03 eta 0:03:40
epoch [24/50] batch [5/79] loss -26.5938 (-26.0969) acc 14.0625 (21.8750) lr 1.1874e-03 eta 0:09:25
epoch [24/50] batch [10/79] loss -22.2344 (-26.7672) acc 21.8750 (21.2500) lr 1.1874e-03 eta 0:06:26
epoch [24/50] batch [15/79] loss -20.2969 (-26.0656) acc 29.6875 (21.9792) lr 1.1874e-03 eta 0:05:26
epoch [24/50] batch [20/79] loss -27.7812 (-26.1383) acc 15.6250 (21.4844) lr 1.1874e-03 eta 0:04:51
epoch [24/50] batch [25/79] loss -26.1719 (-26.3375) acc 18.7500 (21.2500) lr 1.1874e-03 eta 0:04:29
epoch [24/50] batch [30/79] loss -17.8281 (-25.9536) acc 25.0000 (21.5625) lr 1.1874e-03 eta 0:04:13
epoch [24/50] batch [35/79] loss -25.0000 (-26.0714) acc 18.7500 (21.4732) lr 1.1874e-03 eta 0:04:06
epoch [24/50] batch [40/79] loss -33.4688 (-26.5445) acc 9.3750 (20.8203) lr 1.1874e-03 eta 0:04:05
epoch [24/50] batch [45/79] loss -25.2656 (-26.2625) acc 25.0000 (21.2500) lr 1.1874e-03 eta 0:04:01
epoch [24/50] batch [50/79] loss -28.2188 (-26.2478) acc 17.1875 (21.3750) lr 1.1874e-03 eta 0:03:58
epoch [24/50] batch [55/79] loss -24.8438 (-26.2176) acc 15.6250 (21.2216) lr 1.1874e-03 eta 0:03:55
epoch [24/50] batch [60/79] loss -21.0469 (-26.1068) acc 21.8750 (21.0417) lr 1.1874e-03 eta 0:03:54
epoch [24/50] batch [65/79] loss -21.8281 (-25.9993) acc 21.8750 (20.7692) lr 1.1874e-03 eta 0:03:52
epoch [24/50] batch [70/79] loss -33.0000 (-26.2275) acc 6.2500 (20.6027) lr 1.1874e-03 eta 0:03:49
epoch [24/50] batch [75/79] loss -23.7031 (-26.2552) acc 20.3125 (20.5208) lr 1.1874e-03 eta 0:03:46
epoch [25/50] batch [5/79] loss -27.8125 (-25.4594) acc 9.3750 (19.0625) lr 1.1253e-03 eta 0:08:22
epoch [25/50] batch [10/79] loss -26.5781 (-27.6656) acc 20.3125 (18.2812) lr 1.1253e-03 eta 0:05:58
epoch [25/50] batch [15/79] loss -24.4375 (-26.5448) acc 23.4375 (18.9583) lr 1.1253e-03 eta 0:05:03
epoch [25/50] batch [20/79] loss -18.9375 (-26.0594) acc 28.1250 (20.6250) lr 1.1253e-03 eta 0:04:36
epoch [25/50] batch [25/79] loss -22.4219 (-26.1537) acc 20.3125 (21.1250) lr 1.1253e-03 eta 0:04:19
epoch [25/50] batch [30/79] loss -23.9531 (-25.7547) acc 21.8750 (22.0312) lr 1.1253e-03 eta 0:04:08
epoch [25/50] batch [35/79] loss -22.8750 (-25.6844) acc 20.3125 (21.8750) lr 1.1253e-03 eta 0:04:00
epoch [25/50] batch [40/79] loss -25.3750 (-25.5785) acc 25.0000 (22.1484) lr 1.1253e-03 eta 0:03:54
epoch [25/50] batch [45/79] loss -29.9375 (-25.8361) acc 9.3750 (21.4236) lr 1.1253e-03 eta 0:03:49
epoch [25/50] batch [50/79] loss -22.7500 (-25.7884) acc 25.0000 (21.5312) lr 1.1253e-03 eta 0:03:46
epoch [25/50] batch [55/79] loss -28.8438 (-25.8753) acc 14.0625 (21.3636) lr 1.1253e-03 eta 0:03:42
epoch [25/50] batch [60/79] loss -29.4688 (-26.0195) acc 20.3125 (21.3281) lr 1.1253e-03 eta 0:03:38
epoch [25/50] batch [65/79] loss -25.2031 (-26.1147) acc 21.8750 (21.4183) lr 1.1253e-03 eta 0:03:35
epoch [25/50] batch [70/79] loss -23.3125 (-26.1328) acc 26.5625 (21.2500) lr 1.1253e-03 eta 0:03:32
epoch [25/50] batch [75/79] loss -29.0156 (-25.9785) acc 25.0000 (21.2083) lr 1.1253e-03 eta 0:03:29
epoch [26/50] batch [5/79] loss -22.5781 (-24.3875) acc 29.6875 (22.5000) lr 1.0628e-03 eta 0:07:04
epoch [26/50] batch [10/79] loss -26.6094 (-24.2203) acc 17.1875 (22.9688) lr 1.0628e-03 eta 0:05:20
epoch [26/50] batch [15/79] loss -25.4844 (-25.0344) acc 21.8750 (22.9167) lr 1.0628e-03 eta 0:04:43
epoch [26/50] batch [20/79] loss -30.6719 (-26.4602) acc 23.4375 (22.1875) lr 1.0628e-03 eta 0:04:24
epoch [26/50] batch [25/79] loss -25.0156 (-26.5938) acc 25.0000 (22.2500) lr 1.0628e-03 eta 0:04:11
epoch [26/50] batch [30/79] loss -22.4062 (-26.1995) acc 14.0625 (22.0312) lr 1.0628e-03 eta 0:04:02
epoch [26/50] batch [35/79] loss -34.0312 (-26.1147) acc 23.4375 (22.2321) lr 1.0628e-03 eta 0:03:56
epoch [26/50] batch [40/79] loss -24.6250 (-26.0285) acc 18.7500 (22.0703) lr 1.0628e-03 eta 0:03:56
epoch [26/50] batch [45/79] loss -30.0938 (-26.1222) acc 17.1875 (22.1528) lr 1.0628e-03 eta 0:03:50
epoch [26/50] batch [50/79] loss -28.7344 (-26.3134) acc 15.6250 (21.9375) lr 1.0628e-03 eta 0:03:45
epoch [26/50] batch [55/79] loss -16.7031 (-26.0295) acc 26.5625 (21.9034) lr 1.0628e-03 eta 0:03:41
epoch [26/50] batch [60/79] loss -26.0625 (-25.9112) acc 15.6250 (21.9531) lr 1.0628e-03 eta 0:03:38
epoch [26/50] batch [65/79] loss -32.0938 (-26.0827) acc 18.7500 (21.8510) lr 1.0628e-03 eta 0:03:35
epoch [26/50] batch [70/79] loss -25.8906 (-26.1864) acc 20.3125 (21.8527) lr 1.0628e-03 eta 0:03:32
epoch [26/50] batch [75/79] loss -27.8281 (-26.1869) acc 20.3125 (21.6667) lr 1.0628e-03 eta 0:03:28
epoch [27/50] batch [5/79] loss -23.1875 (-28.0406) acc 20.3125 (22.8125) lr 1.0000e-03 eta 0:07:37
epoch [27/50] batch [10/79] loss -25.7031 (-26.8516) acc 17.1875 (20.4688) lr 1.0000e-03 eta 0:05:23
epoch [27/50] batch [15/79] loss -22.4531 (-26.9177) acc 18.7500 (20.3125) lr 1.0000e-03 eta 0:04:38
epoch [27/50] batch [20/79] loss -31.8594 (-26.8813) acc 21.8750 (20.0781) lr 1.0000e-03 eta 0:04:12
epoch [27/50] batch [25/79] loss -24.7812 (-26.8319) acc 12.5000 (20.0625) lr 1.0000e-03 eta 0:03:58
epoch [27/50] batch [30/79] loss -23.8750 (-26.6208) acc 15.6250 (20.0521) lr 1.0000e-03 eta 0:03:49
epoch [27/50] batch [35/79] loss -35.5312 (-26.8076) acc 10.9375 (19.8661) lr 1.0000e-03 eta 0:04:01
epoch [27/50] batch [40/79] loss -25.7031 (-26.7848) acc 23.4375 (19.9609) lr 1.0000e-03 eta 0:04:09
epoch [27/50] batch [45/79] loss -36.1875 (-26.7601) acc 12.5000 (19.7222) lr 1.0000e-03 eta 0:04:12
epoch [27/50] batch [50/79] loss -18.5469 (-26.5188) acc 20.3125 (19.8125) lr 1.0000e-03 eta 0:04:14
epoch [27/50] batch [55/79] loss -26.0000 (-26.6125) acc 23.4375 (19.7159) lr 1.0000e-03 eta 0:04:18
epoch [27/50] batch [60/79] loss -26.4062 (-26.6117) acc 17.1875 (20.0000) lr 1.0000e-03 eta 0:04:22
epoch [27/50] batch [65/79] loss -23.6406 (-26.3418) acc 28.1250 (20.0721) lr 1.0000e-03 eta 0:04:24
epoch [27/50] batch [70/79] loss -26.6406 (-26.4627) acc 17.1875 (20.1786) lr 1.0000e-03 eta 0:04:26
epoch [27/50] batch [75/79] loss -35.3750 (-26.5350) acc 18.7500 (20.3125) lr 1.0000e-03 eta 0:04:28
epoch [28/50] batch [5/79] loss -24.5938 (-26.8062) acc 25.0000 (20.6250) lr 9.3721e-04 eta 0:06:30
epoch [28/50] batch [10/79] loss -35.0000 (-28.2203) acc 15.6250 (20.6250) lr 9.3721e-04 eta 0:04:46
epoch [28/50] batch [15/79] loss -24.8750 (-26.9969) acc 15.6250 (21.0417) lr 9.3721e-04 eta 0:04:10
epoch [28/50] batch [20/79] loss -22.2031 (-26.4461) acc 18.7500 (20.9375) lr 9.3721e-04 eta 0:03:51
epoch [28/50] batch [25/79] loss -26.1562 (-26.0637) acc 20.3125 (20.9375) lr 9.3721e-04 eta 0:03:41
epoch [28/50] batch [30/79] loss -22.1250 (-25.8792) acc 25.0000 (21.5104) lr 9.3721e-04 eta 0:03:33
epoch [28/50] batch [35/79] loss -25.3438 (-25.6228) acc 18.7500 (21.3393) lr 9.3721e-04 eta 0:03:27
epoch [28/50] batch [40/79] loss -20.5938 (-25.6215) acc 25.0000 (21.3281) lr 9.3721e-04 eta 0:03:23
epoch [28/50] batch [45/79] loss -21.2656 (-25.4406) acc 12.5000 (20.9722) lr 9.3721e-04 eta 0:03:19
epoch [28/50] batch [50/79] loss -28.0625 (-25.5244) acc 25.0000 (20.9688) lr 9.3721e-04 eta 0:03:16
epoch [28/50] batch [55/79] loss -27.9219 (-25.8767) acc 20.3125 (20.7386) lr 9.3721e-04 eta 0:03:15
epoch [28/50] batch [60/79] loss -26.9062 (-25.8432) acc 25.0000 (20.9896) lr 9.3721e-04 eta 0:03:12
epoch [28/50] batch [65/79] loss -25.2656 (-25.9471) acc 15.6250 (20.9135) lr 9.3721e-04 eta 0:03:09
epoch [28/50] batch [70/79] loss -29.2500 (-25.8462) acc 21.8750 (20.9152) lr 9.3721e-04 eta 0:03:06
epoch [28/50] batch [75/79] loss -28.5312 (-26.0808) acc 23.4375 (20.8958) lr 9.3721e-04 eta 0:03:03
epoch [29/50] batch [5/79] loss -21.5469 (-24.8406) acc 18.7500 (19.6875) lr 8.7467e-04 eta 0:07:08
epoch [29/50] batch [10/79] loss -24.2812 (-25.7937) acc 18.7500 (20.4688) lr 8.7467e-04 eta 0:05:04
epoch [29/50] batch [15/79] loss -23.8281 (-25.9219) acc 17.1875 (21.7708) lr 8.7467e-04 eta 0:04:21
epoch [29/50] batch [20/79] loss -18.7812 (-25.2391) acc 18.7500 (21.0156) lr 8.7467e-04 eta 0:03:57
epoch [29/50] batch [25/79] loss -23.5938 (-25.0781) acc 18.7500 (20.8125) lr 8.7467e-04 eta 0:03:43
epoch [29/50] batch [30/79] loss -32.3750 (-25.0859) acc 23.4375 (21.4583) lr 8.7467e-04 eta 0:03:35
epoch [29/50] batch [35/79] loss -24.9062 (-25.2022) acc 21.8750 (21.4286) lr 8.7467e-04 eta 0:03:28
epoch [29/50] batch [40/79] loss -22.2812 (-25.2551) acc 34.3750 (21.9141) lr 8.7467e-04 eta 0:03:23
epoch [29/50] batch [45/79] loss -34.2812 (-25.3948) acc 10.9375 (21.5278) lr 8.7467e-04 eta 0:03:19
epoch [29/50] batch [50/79] loss -30.6562 (-25.7288) acc 25.0000 (21.6562) lr 8.7467e-04 eta 0:03:16
epoch [29/50] batch [55/79] loss -32.1250 (-25.9875) acc 14.0625 (21.3636) lr 8.7467e-04 eta 0:03:13
epoch [29/50] batch [60/79] loss -33.6875 (-26.0289) acc 14.0625 (21.3021) lr 8.7467e-04 eta 0:03:10
epoch [29/50] batch [65/79] loss -26.5156 (-26.2582) acc 21.8750 (21.0096) lr 8.7467e-04 eta 0:03:07
epoch [29/50] batch [70/79] loss -27.2188 (-26.4888) acc 23.4375 (20.9598) lr 8.7467e-04 eta 0:03:04
epoch [29/50] batch [75/79] loss -18.3594 (-26.3379) acc 12.5000 (20.8958) lr 8.7467e-04 eta 0:03:02
epoch [30/50] batch [5/79] loss -26.4219 (-26.2063) acc 7.8125 (19.6875) lr 8.1262e-04 eta 0:06:27
epoch [30/50] batch [10/79] loss -26.2500 (-26.2063) acc 17.1875 (20.7812) lr 8.1262e-04 eta 0:04:40
epoch [30/50] batch [15/79] loss -28.0312 (-26.1146) acc 23.4375 (20.9375) lr 8.1262e-04 eta 0:04:02
epoch [30/50] batch [20/79] loss -25.9531 (-25.9320) acc 26.5625 (21.5625) lr 8.1262e-04 eta 0:03:43
epoch [30/50] batch [25/79] loss -26.5312 (-26.3356) acc 18.7500 (21.1250) lr 8.1262e-04 eta 0:03:31
epoch [30/50] batch [30/79] loss -24.1406 (-25.9812) acc 23.4375 (20.9896) lr 8.1262e-04 eta 0:03:23
epoch [30/50] batch [35/79] loss -24.0781 (-25.9509) acc 17.1875 (20.7589) lr 8.1262e-04 eta 0:03:18
epoch [30/50] batch [40/79] loss -24.5625 (-25.9500) acc 31.2500 (20.5469) lr 8.1262e-04 eta 0:03:14
epoch [30/50] batch [45/79] loss -22.3281 (-26.0059) acc 34.3750 (21.5625) lr 8.1262e-04 eta 0:03:11
epoch [30/50] batch [50/79] loss -22.1094 (-26.2756) acc 21.8750 (21.4375) lr 8.1262e-04 eta 0:03:08
epoch [30/50] batch [55/79] loss -26.9688 (-26.2043) acc 14.0625 (21.1364) lr 8.1262e-04 eta 0:03:06
epoch [30/50] batch [60/79] loss -30.1406 (-26.1625) acc 18.7500 (20.8854) lr 8.1262e-04 eta 0:03:04
epoch [30/50] batch [65/79] loss -29.9688 (-26.2490) acc 26.5625 (20.7933) lr 8.1262e-04 eta 0:03:02
epoch [30/50] batch [70/79] loss -28.9062 (-26.1013) acc 17.1875 (20.7589) lr 8.1262e-04 eta 0:02:59
epoch [30/50] batch [75/79] loss -27.8750 (-26.3879) acc 20.3125 (20.8333) lr 8.1262e-04 eta 0:02:56
epoch [31/50] batch [5/79] loss -22.6719 (-24.5094) acc 15.6250 (15.6250) lr 7.5131e-04 eta 0:05:30
epoch [31/50] batch [10/79] loss -25.8438 (-24.5750) acc 18.7500 (18.5938) lr 7.5131e-04 eta 0:03:58
epoch [31/50] batch [15/79] loss -28.7500 (-24.6135) acc 14.0625 (20.9375) lr 7.5131e-04 eta 0:03:30
epoch [31/50] batch [20/79] loss -21.3594 (-24.8859) acc 34.3750 (21.4062) lr 7.5131e-04 eta 0:03:17
epoch [31/50] batch [25/79] loss -34.1562 (-25.6450) acc 17.1875 (21.3750) lr 7.5131e-04 eta 0:03:10
epoch [31/50] batch [30/79] loss -26.5625 (-25.7911) acc 17.1875 (20.9896) lr 7.5131e-04 eta 0:03:05
epoch [31/50] batch [35/79] loss -16.2031 (-25.5112) acc 29.6875 (21.5625) lr 7.5131e-04 eta 0:03:01
epoch [31/50] batch [40/79] loss -26.1562 (-25.3395) acc 21.8750 (21.2891) lr 7.5131e-04 eta 0:02:58
epoch [31/50] batch [45/79] loss -31.6562 (-25.8802) acc 18.7500 (21.2847) lr 7.5131e-04 eta 0:02:56
epoch [31/50] batch [50/79] loss -27.8906 (-25.8778) acc 12.5000 (20.8750) lr 7.5131e-04 eta 0:02:53
epoch [31/50] batch [55/79] loss -25.9219 (-25.9625) acc 17.1875 (20.9659) lr 7.5131e-04 eta 0:02:51
epoch [31/50] batch [60/79] loss -18.8750 (-25.8268) acc 25.0000 (21.1198) lr 7.5131e-04 eta 0:02:48
epoch [31/50] batch [65/79] loss -32.2188 (-25.7880) acc 21.8750 (21.4423) lr 7.5131e-04 eta 0:02:46
epoch [31/50] batch [70/79] loss -33.1250 (-25.8310) acc 20.3125 (21.6741) lr 7.5131e-04 eta 0:02:43
epoch [31/50] batch [75/79] loss -24.5000 (-25.9615) acc 25.0000 (21.6875) lr 7.5131e-04 eta 0:02:41
epoch [32/50] batch [5/79] loss -28.1250 (-24.3813) acc 23.4375 (24.3750) lr 6.9098e-04 eta 0:05:25
epoch [32/50] batch [10/79] loss -25.8438 (-25.4375) acc 15.6250 (20.7812) lr 6.9098e-04 eta 0:04:01
epoch [32/50] batch [15/79] loss -21.7969 (-25.8469) acc 18.7500 (20.3125) lr 6.9098e-04 eta 0:03:32
epoch [32/50] batch [20/79] loss -28.7188 (-26.0781) acc 17.1875 (21.5625) lr 6.9098e-04 eta 0:03:17
epoch [32/50] batch [25/79] loss -27.2969 (-26.4294) acc 29.6875 (21.7500) lr 6.9098e-04 eta 0:03:09
epoch [32/50] batch [30/79] loss -27.3281 (-26.2177) acc 20.3125 (21.0417) lr 6.9098e-04 eta 0:03:02
epoch [32/50] batch [35/79] loss -23.2969 (-25.8219) acc 26.5625 (21.2500) lr 6.9098e-04 eta 0:02:56
epoch [32/50] batch [40/79] loss -34.8438 (-26.2219) acc 20.3125 (21.2109) lr 6.9098e-04 eta 0:02:52
epoch [32/50] batch [45/79] loss -25.2344 (-26.1073) acc 26.5625 (21.3889) lr 6.9098e-04 eta 0:02:49
epoch [32/50] batch [50/79] loss -18.2500 (-25.9697) acc 18.7500 (21.2188) lr 6.9098e-04 eta 0:02:46
epoch [32/50] batch [55/79] loss -28.8281 (-26.0406) acc 14.0625 (21.1080) lr 6.9098e-04 eta 0:02:44
epoch [32/50] batch [60/79] loss -20.3594 (-25.7852) acc 26.5625 (21.0938) lr 6.9098e-04 eta 0:02:42
epoch [32/50] batch [65/79] loss -26.2812 (-25.7486) acc 14.0625 (21.0337) lr 6.9098e-04 eta 0:02:40
epoch [32/50] batch [70/79] loss -27.5938 (-25.8685) acc 17.1875 (20.8929) lr 6.9098e-04 eta 0:02:38
epoch [32/50] batch [75/79] loss -32.8750 (-26.0060) acc 21.8750 (20.7917) lr 6.9098e-04 eta 0:02:35
epoch [33/50] batch [5/79] loss -25.6094 (-25.0750) acc 18.7500 (23.7500) lr 6.3188e-04 eta 0:05:22
epoch [33/50] batch [10/79] loss -23.1250 (-24.5547) acc 18.7500 (22.3438) lr 6.3188e-04 eta 0:03:54
epoch [33/50] batch [15/79] loss -27.3281 (-25.1594) acc 23.4375 (20.2083) lr 6.3188e-04 eta 0:03:24
epoch [33/50] batch [20/79] loss -36.6562 (-25.3891) acc 14.0625 (20.3906) lr 6.3188e-04 eta 0:03:09
epoch [33/50] batch [25/79] loss -33.4688 (-25.8994) acc 18.7500 (20.2500) lr 6.3188e-04 eta 0:03:00
epoch [33/50] batch [30/79] loss -25.7969 (-26.3250) acc 17.1875 (20.3125) lr 6.3188e-04 eta 0:02:55
epoch [33/50] batch [35/79] loss -31.2812 (-26.5629) acc 9.3750 (20.0000) lr 6.3188e-04 eta 0:02:50
epoch [33/50] batch [40/79] loss -26.6562 (-26.6113) acc 25.0000 (20.1562) lr 6.3188e-04 eta 0:02:46
epoch [33/50] batch [45/79] loss -21.7969 (-26.4385) acc 23.4375 (20.0694) lr 6.3188e-04 eta 0:02:42
epoch [33/50] batch [50/79] loss -31.0000 (-26.5891) acc 12.5000 (20.0000) lr 6.3188e-04 eta 0:02:38
epoch [33/50] batch [55/79] loss -31.1406 (-26.5304) acc 20.3125 (20.2273) lr 6.3188e-04 eta 0:02:36
epoch [33/50] batch [60/79] loss -29.1250 (-26.4547) acc 23.4375 (20.1302) lr 6.3188e-04 eta 0:02:34
epoch [33/50] batch [65/79] loss -23.6875 (-26.5228) acc 14.0625 (19.9760) lr 6.3188e-04 eta 0:02:33
epoch [33/50] batch [70/79] loss -20.4062 (-26.2558) acc 20.3125 (20.1786) lr 6.3188e-04 eta 0:02:31
epoch [33/50] batch [75/79] loss -28.1094 (-26.2994) acc 21.8750 (20.3333) lr 6.3188e-04 eta 0:02:28
epoch [34/50] batch [5/79] loss -33.4688 (-25.6031) acc 18.7500 (16.8750) lr 5.7422e-04 eta 0:04:59
epoch [34/50] batch [10/79] loss -22.0469 (-24.1594) acc 12.5000 (16.8750) lr 5.7422e-04 eta 0:03:35
epoch [34/50] batch [15/79] loss -24.4531 (-24.4479) acc 20.3125 (19.4792) lr 5.7422e-04 eta 0:03:05
epoch [34/50] batch [20/79] loss -31.8594 (-24.9414) acc 20.3125 (20.1562) lr 5.7422e-04 eta 0:02:51
epoch [34/50] batch [25/79] loss -18.2344 (-25.0356) acc 18.7500 (20.0000) lr 5.7422e-04 eta 0:02:42
epoch [34/50] batch [30/79] loss -20.7500 (-25.4214) acc 28.1250 (20.0521) lr 5.7422e-04 eta 0:02:37
epoch [34/50] batch [35/79] loss -31.2500 (-25.5893) acc 21.8750 (19.8661) lr 5.7422e-04 eta 0:02:32
epoch [34/50] batch [40/79] loss -33.2188 (-25.6309) acc 20.3125 (20.1172) lr 5.7422e-04 eta 0:02:29
epoch [34/50] batch [45/79] loss -30.7969 (-25.6444) acc 20.3125 (20.4167) lr 5.7422e-04 eta 0:02:26
epoch [34/50] batch [50/79] loss -25.0781 (-25.6591) acc 20.3125 (20.7188) lr 5.7422e-04 eta 0:02:23
epoch [34/50] batch [55/79] loss -25.2031 (-25.8307) acc 20.3125 (20.6250) lr 5.7422e-04 eta 0:02:21
epoch [34/50] batch [60/79] loss -23.1875 (-25.7901) acc 18.7500 (20.5729) lr 5.7422e-04 eta 0:02:20
epoch [34/50] batch [65/79] loss -33.2812 (-25.9940) acc 20.3125 (20.5048) lr 5.7422e-04 eta 0:02:18
epoch [34/50] batch [70/79] loss -19.5000 (-25.9330) acc 26.5625 (20.5357) lr 5.7422e-04 eta 0:02:16
epoch [34/50] batch [75/79] loss -28.1875 (-26.1456) acc 17.1875 (20.3958) lr 5.7422e-04 eta 0:02:14
epoch [35/50] batch [5/79] loss -31.4062 (-28.5406) acc 14.0625 (21.2500) lr 5.1825e-04 eta 0:04:52
epoch [35/50] batch [10/79] loss -24.2344 (-25.6187) acc 10.9375 (21.2500) lr 5.1825e-04 eta 0:03:35
epoch [35/50] batch [15/79] loss -26.6094 (-25.2719) acc 18.7500 (21.3542) lr 5.1825e-04 eta 0:03:06
epoch [35/50] batch [20/79] loss -21.2656 (-26.0633) acc 23.4375 (21.2500) lr 5.1825e-04 eta 0:02:52
epoch [35/50] batch [25/79] loss -24.7656 (-25.5622) acc 21.8750 (21.6250) lr 5.1825e-04 eta 0:02:43
epoch [35/50] batch [30/79] loss -25.7812 (-25.7852) acc 20.3125 (21.1979) lr 5.1825e-04 eta 0:02:37
epoch [35/50] batch [35/79] loss -25.5938 (-25.7083) acc 28.1250 (21.3839) lr 5.1825e-04 eta 0:02:32
epoch [35/50] batch [40/79] loss -28.6875 (-25.7908) acc 17.1875 (20.9375) lr 5.1825e-04 eta 0:02:28
epoch [35/50] batch [45/79] loss -23.2500 (-25.7495) acc 25.0000 (20.8681) lr 5.1825e-04 eta 0:02:24
epoch [35/50] batch [50/79] loss -22.3125 (-25.8370) acc 23.4375 (21.0312) lr 5.1825e-04 eta 0:02:22
epoch [35/50] batch [55/79] loss -25.3750 (-25.7189) acc 21.8750 (20.8807) lr 5.1825e-04 eta 0:02:20
epoch [35/50] batch [60/79] loss -28.2969 (-25.8431) acc 15.6250 (20.6510) lr 5.1825e-04 eta 0:02:17
epoch [35/50] batch [65/79] loss -36.8125 (-26.0218) acc 18.7500 (20.7212) lr 5.1825e-04 eta 0:02:16
epoch [35/50] batch [70/79] loss -30.4062 (-26.0271) acc 23.4375 (20.7366) lr 5.1825e-04 eta 0:02:13
epoch [35/50] batch [75/79] loss -22.6562 (-26.0353) acc 14.0625 (20.6250) lr 5.1825e-04 eta 0:02:11
epoch [36/50] batch [5/79] loss -32.9688 (-26.6625) acc 17.1875 (24.0625) lr 4.6417e-04 eta 0:04:21
epoch [36/50] batch [10/79] loss -19.4531 (-26.1938) acc 26.5625 (22.1875) lr 4.6417e-04 eta 0:03:09
epoch [36/50] batch [15/79] loss -25.1250 (-26.3083) acc 17.1875 (21.4583) lr 4.6417e-04 eta 0:02:44
epoch [36/50] batch [20/79] loss -27.8438 (-26.3539) acc 10.9375 (21.9531) lr 4.6417e-04 eta 0:02:32
epoch [36/50] batch [25/79] loss -22.6719 (-26.0650) acc 34.3750 (22.1875) lr 4.6417e-04 eta 0:02:26
epoch [36/50] batch [30/79] loss -22.8750 (-25.6755) acc 15.6250 (21.9271) lr 4.6417e-04 eta 0:02:21
epoch [36/50] batch [35/79] loss -23.5469 (-25.6589) acc 18.7500 (21.5179) lr 4.6417e-04 eta 0:02:18
epoch [36/50] batch [40/79] loss -22.7188 (-26.0102) acc 18.7500 (20.8203) lr 4.6417e-04 eta 0:02:14
epoch [36/50] batch [45/79] loss -26.5156 (-26.2757) acc 21.8750 (20.9028) lr 4.6417e-04 eta 0:02:11
epoch [36/50] batch [50/79] loss -23.8281 (-26.0978) acc 26.5625 (20.8438) lr 4.6417e-04 eta 0:02:09
epoch [36/50] batch [55/79] loss -23.1094 (-26.2491) acc 28.1250 (20.9943) lr 4.6417e-04 eta 0:02:07
epoch [36/50] batch [60/79] loss -17.6875 (-26.1721) acc 26.5625 (20.9896) lr 4.6417e-04 eta 0:02:05
epoch [36/50] batch [65/79] loss -23.4531 (-25.9704) acc 20.3125 (20.9135) lr 4.6417e-04 eta 0:02:04
epoch [36/50] batch [70/79] loss -24.0000 (-26.1422) acc 18.7500 (20.9821) lr 4.6417e-04 eta 0:02:02
epoch [36/50] batch [75/79] loss -26.8281 (-26.3504) acc 18.7500 (21.0625) lr 4.6417e-04 eta 0:02:00
epoch [37/50] batch [5/79] loss -18.7188 (-24.2750) acc 20.3125 (22.8125) lr 4.1221e-04 eta 0:03:36
epoch [37/50] batch [10/79] loss -26.6406 (-23.7297) acc 29.6875 (22.1875) lr 4.1221e-04 eta 0:02:42
epoch [37/50] batch [15/79] loss -26.3125 (-24.6740) acc 15.6250 (20.6250) lr 4.1221e-04 eta 0:02:25
epoch [37/50] batch [20/79] loss -26.5000 (-25.1211) acc 15.6250 (20.1562) lr 4.1221e-04 eta 0:02:16
epoch [37/50] batch [25/79] loss -25.7969 (-25.2275) acc 15.6250 (20.0625) lr 4.1221e-04 eta 0:02:10
epoch [37/50] batch [30/79] loss -27.3125 (-25.6646) acc 26.5625 (20.4688) lr 4.1221e-04 eta 0:02:06
epoch [37/50] batch [35/79] loss -20.5625 (-25.4281) acc 17.1875 (20.5357) lr 4.1221e-04 eta 0:02:03
epoch [37/50] batch [40/79] loss -24.2188 (-25.3855) acc 18.7500 (20.5469) lr 4.1221e-04 eta 0:02:00
epoch [37/50] batch [45/79] loss -30.8438 (-25.7010) acc 20.3125 (20.5208) lr 4.1221e-04 eta 0:01:58
epoch [37/50] batch [50/79] loss -28.5625 (-25.7937) acc 18.7500 (20.4375) lr 4.1221e-04 eta 0:01:56
epoch [37/50] batch [55/79] loss -30.2656 (-25.8827) acc 10.9375 (20.4545) lr 4.1221e-04 eta 0:01:54
epoch [37/50] batch [60/79] loss -21.8281 (-25.7589) acc 21.8750 (20.5990) lr 4.1221e-04 eta 0:01:53
epoch [37/50] batch [65/79] loss -25.9219 (-25.9596) acc 14.0625 (20.4087) lr 4.1221e-04 eta 0:01:52
epoch [37/50] batch [70/79] loss -27.0625 (-26.0556) acc 15.6250 (20.3348) lr 4.1221e-04 eta 0:01:50
epoch [37/50] batch [75/79] loss -25.5625 (-25.9958) acc 18.7500 (20.3333) lr 4.1221e-04 eta 0:01:49
epoch [38/50] batch [5/79] loss -24.6562 (-25.4062) acc 20.3125 (20.3125) lr 3.6258e-04 eta 0:03:55
epoch [38/50] batch [10/79] loss -23.2656 (-26.9047) acc 23.4375 (20.9375) lr 3.6258e-04 eta 0:02:52
epoch [38/50] batch [15/79] loss -24.2969 (-27.9240) acc 26.5625 (22.5000) lr 3.6258e-04 eta 0:02:29
epoch [38/50] batch [20/79] loss -28.8281 (-27.3500) acc 12.5000 (20.5469) lr 3.6258e-04 eta 0:02:16
epoch [38/50] batch [25/79] loss -27.4844 (-27.5606) acc 23.4375 (20.6250) lr 3.6258e-04 eta 0:02:08
epoch [38/50] batch [30/79] loss -27.7031 (-26.8490) acc 26.5625 (21.4062) lr 3.6258e-04 eta 0:02:02
epoch [38/50] batch [35/79] loss -25.2500 (-27.0058) acc 25.0000 (21.4732) lr 3.6258e-04 eta 0:01:58
epoch [38/50] batch [40/79] loss -21.0156 (-26.5719) acc 23.4375 (21.4062) lr 3.6258e-04 eta 0:01:55
epoch [38/50] batch [45/79] loss -21.7500 (-26.7191) acc 21.8750 (21.2847) lr 3.6258e-04 eta 0:01:53
epoch [38/50] batch [50/79] loss -28.2656 (-26.8478) acc 15.6250 (20.9688) lr 3.6258e-04 eta 0:01:51
epoch [38/50] batch [55/79] loss -20.7812 (-26.6142) acc 23.4375 (21.1080) lr 3.6258e-04 eta 0:01:49
epoch [38/50] batch [60/79] loss -28.3125 (-26.5055) acc 17.1875 (21.0677) lr 3.6258e-04 eta 0:01:48
epoch [38/50] batch [65/79] loss -20.2969 (-26.4743) acc 31.2500 (20.9615) lr 3.6258e-04 eta 0:01:46
epoch [38/50] batch [70/79] loss -22.5625 (-26.3353) acc 20.3125 (21.1830) lr 3.6258e-04 eta 0:01:44
epoch [38/50] batch [75/79] loss -31.0000 (-26.2419) acc 14.0625 (21.1875) lr 3.6258e-04 eta 0:01:42
epoch [39/50] batch [5/79] loss -23.8438 (-24.3750) acc 15.6250 (20.3125) lr 3.1545e-04 eta 0:03:31
epoch [39/50] batch [10/79] loss -27.7500 (-24.5891) acc 18.7500 (19.8438) lr 3.1545e-04 eta 0:02:32
epoch [39/50] batch [15/79] loss -26.3594 (-25.3844) acc 25.0000 (20.6250) lr 3.1545e-04 eta 0:02:09
epoch [39/50] batch [20/79] loss -28.1719 (-25.0023) acc 18.7500 (20.5469) lr 3.1545e-04 eta 0:01:59
epoch [39/50] batch [25/79] loss -34.5625 (-25.7906) acc 23.4375 (20.8750) lr 3.1545e-04 eta 0:01:52
epoch [39/50] batch [30/79] loss -30.3125 (-26.5286) acc 17.1875 (21.1979) lr 3.1545e-04 eta 0:01:48
epoch [39/50] batch [35/79] loss -24.5938 (-26.2634) acc 23.4375 (21.6518) lr 3.1545e-04 eta 0:01:44
epoch [39/50] batch [40/79] loss -29.9219 (-26.5625) acc 26.5625 (21.4453) lr 3.1545e-04 eta 0:01:42
epoch [39/50] batch [45/79] loss -27.6094 (-26.5389) acc 23.4375 (21.4236) lr 3.1545e-04 eta 0:01:40
epoch [39/50] batch [50/79] loss -29.4062 (-26.3034) acc 32.8125 (21.7812) lr 3.1545e-04 eta 0:01:39
epoch [39/50] batch [55/79] loss -25.0938 (-26.3188) acc 18.7500 (21.5909) lr 3.1545e-04 eta 0:01:37
epoch [39/50] batch [60/79] loss -26.2031 (-26.2870) acc 17.1875 (21.5625) lr 3.1545e-04 eta 0:01:36
epoch [39/50] batch [65/79] loss -24.5938 (-26.3096) acc 26.5625 (21.3942) lr 3.1545e-04 eta 0:01:35
epoch [39/50] batch [70/79] loss -30.6250 (-26.3790) acc 23.4375 (21.3839) lr 3.1545e-04 eta 0:01:33
epoch [39/50] batch [75/79] loss -23.4844 (-26.3177) acc 17.1875 (21.2917) lr 3.1545e-04 eta 0:01:32
epoch [40/50] batch [5/79] loss -20.6406 (-26.3562) acc 28.1250 (22.5000) lr 2.7103e-04 eta 0:03:03
epoch [40/50] batch [10/79] loss -24.5000 (-26.4203) acc 20.3125 (21.8750) lr 2.7103e-04 eta 0:02:15
epoch [40/50] batch [15/79] loss -22.7500 (-26.8062) acc 14.0625 (20.5208) lr 2.7103e-04 eta 0:01:58
epoch [40/50] batch [20/79] loss -26.5781 (-26.1984) acc 17.1875 (19.9219) lr 2.7103e-04 eta 0:01:49
epoch [40/50] batch [25/79] loss -22.6719 (-25.7763) acc 20.3125 (20.0625) lr 2.7103e-04 eta 0:01:44
epoch [40/50] batch [30/79] loss -21.5000 (-25.6854) acc 18.7500 (20.7292) lr 2.7103e-04 eta 0:01:40
epoch [40/50] batch [35/79] loss -25.9375 (-25.9571) acc 14.0625 (20.8036) lr 2.7103e-04 eta 0:01:37
epoch [40/50] batch [40/79] loss -29.8125 (-25.9676) acc 23.4375 (20.8203) lr 2.7103e-04 eta 0:01:35
epoch [40/50] batch [45/79] loss -22.7344 (-26.1295) acc 28.1250 (20.5903) lr 2.7103e-04 eta 0:01:33
epoch [40/50] batch [50/79] loss -25.2188 (-26.1447) acc 31.2500 (20.7812) lr 2.7103e-04 eta 0:01:31
epoch [40/50] batch [55/79] loss -22.5312 (-26.0398) acc 15.6250 (20.7670) lr 2.7103e-04 eta 0:01:29
epoch [40/50] batch [60/79] loss -27.9219 (-26.0453) acc 12.5000 (20.6250) lr 2.7103e-04 eta 0:01:28
epoch [40/50] batch [65/79] loss -25.4688 (-26.1760) acc 21.8750 (20.4808) lr 2.7103e-04 eta 0:01:27
epoch [40/50] batch [70/79] loss -23.5000 (-26.2491) acc 17.1875 (20.3795) lr 2.7103e-04 eta 0:01:26
epoch [40/50] batch [75/79] loss -27.0469 (-26.2808) acc 31.2500 (20.5625) lr 2.7103e-04 eta 0:01:24
epoch [41/50] batch [5/79] loss -17.1250 (-23.0344) acc 28.1250 (21.2500) lr 2.2949e-04 eta 0:03:04
epoch [41/50] batch [10/79] loss -31.2969 (-24.7578) acc 26.5625 (21.2500) lr 2.2949e-04 eta 0:02:10
epoch [41/50] batch [15/79] loss -26.7812 (-25.8979) acc 15.6250 (20.6250) lr 2.2949e-04 eta 0:01:53
epoch [41/50] batch [20/79] loss -27.5156 (-26.3922) acc 21.8750 (20.7812) lr 2.2949e-04 eta 0:01:43
epoch [41/50] batch [25/79] loss -20.1250 (-26.1431) acc 18.7500 (20.8125) lr 2.2949e-04 eta 0:01:36
epoch [41/50] batch [30/79] loss -26.8281 (-26.4031) acc 21.8750 (20.8854) lr 2.2949e-04 eta 0:01:32
epoch [41/50] batch [35/79] loss -20.3906 (-26.2607) acc 23.4375 (20.5804) lr 2.2949e-04 eta 0:01:29
epoch [41/50] batch [40/79] loss -32.4062 (-26.5266) acc 20.3125 (20.4688) lr 2.2949e-04 eta 0:01:27
epoch [41/50] batch [45/79] loss -24.5312 (-26.4875) acc 18.7500 (20.5556) lr 2.2949e-04 eta 0:01:25
epoch [41/50] batch [50/79] loss -25.8438 (-26.1681) acc 25.0000 (20.5938) lr 2.2949e-04 eta 0:01:23
epoch [41/50] batch [55/79] loss -26.5156 (-26.2466) acc 26.5625 (20.7102) lr 2.2949e-04 eta 0:01:22
epoch [41/50] batch [60/79] loss -25.1406 (-26.2854) acc 17.1875 (20.7292) lr 2.2949e-04 eta 0:01:21
epoch [41/50] batch [65/79] loss -28.6875 (-26.3894) acc 21.8750 (20.6250) lr 2.2949e-04 eta 0:01:19
epoch [41/50] batch [70/79] loss -32.9062 (-26.3065) acc 25.0000 (20.8705) lr 2.2949e-04 eta 0:01:18
epoch [41/50] batch [75/79] loss -25.6094 (-26.2800) acc 18.7500 (20.7708) lr 2.2949e-04 eta 0:01:17
epoch [42/50] batch [5/79] loss -23.1406 (-24.3844) acc 15.6250 (23.1250) lr 1.9098e-04 eta 0:02:42
epoch [42/50] batch [10/79] loss -24.0469 (-26.3391) acc 20.3125 (21.0938) lr 1.9098e-04 eta 0:01:55
epoch [42/50] batch [15/79] loss -27.2656 (-26.6552) acc 21.8750 (20.7292) lr 1.9098e-04 eta 0:01:40
epoch [42/50] batch [20/79] loss -34.2188 (-26.0813) acc 10.9375 (20.0000) lr 1.9098e-04 eta 0:01:32
epoch [42/50] batch [25/79] loss -26.1250 (-26.1106) acc 15.6250 (20.3125) lr 1.9098e-04 eta 0:01:27
epoch [42/50] batch [30/79] loss -23.5000 (-25.7047) acc 29.6875 (20.5729) lr 1.9098e-04 eta 0:01:23
epoch [42/50] batch [35/79] loss -23.7500 (-25.8219) acc 26.5625 (20.1339) lr 1.9098e-04 eta 0:01:21
epoch [42/50] batch [40/79] loss -20.9844 (-25.4871) acc 31.2500 (20.3125) lr 1.9098e-04 eta 0:01:18
epoch [42/50] batch [45/79] loss -25.7344 (-25.5521) acc 23.4375 (20.2083) lr 1.9098e-04 eta 0:01:16
epoch [42/50] batch [50/79] loss -26.2500 (-25.5856) acc 26.5625 (20.3750) lr 1.9098e-04 eta 0:01:15
epoch [42/50] batch [55/79] loss -28.2188 (-25.6105) acc 20.3125 (20.6250) lr 1.9098e-04 eta 0:01:13
epoch [42/50] batch [60/79] loss -32.1250 (-25.6076) acc 23.4375 (20.7552) lr 1.9098e-04 eta 0:01:12
epoch [42/50] batch [65/79] loss -29.2812 (-25.6519) acc 23.4375 (20.9375) lr 1.9098e-04 eta 0:01:11
epoch [42/50] batch [70/79] loss -23.3906 (-25.6036) acc 29.6875 (20.9821) lr 1.9098e-04 eta 0:01:10
epoch [42/50] batch [75/79] loss -29.3906 (-25.7854) acc 14.0625 (20.8333) lr 1.9098e-04 eta 0:01:09
epoch [43/50] batch [5/79] loss -30.3594 (-27.4281) acc 20.3125 (19.0625) lr 1.5567e-04 eta 0:02:21
epoch [43/50] batch [10/79] loss -28.3438 (-26.0078) acc 18.7500 (20.1562) lr 1.5567e-04 eta 0:01:45
epoch [43/50] batch [15/79] loss -23.9219 (-25.6958) acc 23.4375 (19.4792) lr 1.5567e-04 eta 0:01:30
epoch [43/50] batch [20/79] loss -28.2969 (-26.0086) acc 26.5625 (20.3125) lr 1.5567e-04 eta 0:01:22
epoch [43/50] batch [25/79] loss -26.5781 (-26.1694) acc 17.1875 (20.4375) lr 1.5567e-04 eta 0:01:17
epoch [43/50] batch [30/79] loss -28.6250 (-26.3219) acc 20.3125 (20.6250) lr 1.5567e-04 eta 0:01:13
epoch [43/50] batch [35/79] loss -33.6250 (-25.9156) acc 25.0000 (20.9375) lr 1.5567e-04 eta 0:01:10
epoch [43/50] batch [40/79] loss -27.9219 (-25.9918) acc 25.0000 (21.4062) lr 1.5567e-04 eta 0:01:08
epoch [43/50] batch [45/79] loss -27.2656 (-26.0809) acc 23.4375 (21.1458) lr 1.5567e-04 eta 0:01:07
epoch [43/50] batch [50/79] loss -25.5156 (-26.3194) acc 21.8750 (20.9062) lr 1.5567e-04 eta 0:01:05
epoch [43/50] batch [55/79] loss -22.4219 (-26.2236) acc 25.0000 (20.7386) lr 1.5567e-04 eta 0:01:04
epoch [43/50] batch [60/79] loss -23.6406 (-25.9208) acc 18.7500 (20.9635) lr 1.5567e-04 eta 0:01:03
epoch [43/50] batch [65/79] loss -26.2812 (-25.9812) acc 15.6250 (21.0577) lr 1.5567e-04 eta 0:01:02
epoch [43/50] batch [70/79] loss -24.0625 (-25.8464) acc 18.7500 (20.9375) lr 1.5567e-04 eta 0:01:01
epoch [43/50] batch [75/79] loss -29.0938 (-26.0796) acc 25.0000 (21.0417) lr 1.5567e-04 eta 0:00:59
epoch [44/50] batch [5/79] loss -25.4062 (-26.4719) acc 23.4375 (26.8750) lr 1.2369e-04 eta 0:02:11
epoch [44/50] batch [10/79] loss -28.5938 (-25.4422) acc 23.4375 (23.9062) lr 1.2369e-04 eta 0:01:33
epoch [44/50] batch [15/79] loss -32.3750 (-26.4917) acc 18.7500 (22.3958) lr 1.2369e-04 eta 0:01:19
epoch [44/50] batch [20/79] loss -25.0938 (-26.5141) acc 20.3125 (21.7188) lr 1.2369e-04 eta 0:01:12
epoch [44/50] batch [25/79] loss -19.5312 (-26.0450) acc 18.7500 (21.6250) lr 1.2369e-04 eta 0:01:08
epoch [44/50] batch [30/79] loss -20.7344 (-25.4542) acc 18.7500 (21.5625) lr 1.2369e-04 eta 0:01:04
epoch [44/50] batch [35/79] loss -26.1250 (-25.7893) acc 28.1250 (21.4732) lr 1.2369e-04 eta 0:01:02
epoch [44/50] batch [40/79] loss -23.6719 (-25.8156) acc 29.6875 (21.6797) lr 1.2369e-04 eta 0:01:00
epoch [44/50] batch [45/79] loss -30.0938 (-25.9931) acc 23.4375 (21.3889) lr 1.2369e-04 eta 0:00:58
epoch [44/50] batch [50/79] loss -23.5938 (-25.9387) acc 20.3125 (20.9688) lr 1.2369e-04 eta 0:00:57
epoch [44/50] batch [55/79] loss -30.0781 (-25.9531) acc 23.4375 (20.9375) lr 1.2369e-04 eta 0:00:56
epoch [44/50] batch [60/79] loss -27.3438 (-25.9716) acc 20.3125 (20.8073) lr 1.2369e-04 eta 0:00:55
epoch [44/50] batch [65/79] loss -28.0469 (-25.8502) acc 28.1250 (20.7692) lr 1.2369e-04 eta 0:00:54
epoch [44/50] batch [70/79] loss -32.6875 (-26.0942) acc 10.9375 (20.6473) lr 1.2369e-04 eta 0:00:53
epoch [44/50] batch [75/79] loss -30.3750 (-26.0640) acc 25.0000 (20.9167) lr 1.2369e-04 eta 0:00:52
epoch [45/50] batch [5/79] loss -26.0156 (-25.6844) acc 23.4375 (20.3125) lr 9.5173e-05 eta 0:01:40
epoch [45/50] batch [10/79] loss -38.5312 (-26.3797) acc 14.0625 (20.9375) lr 9.5173e-05 eta 0:01:12
epoch [45/50] batch [15/79] loss -23.0000 (-25.8104) acc 20.3125 (19.7917) lr 9.5173e-05 eta 0:01:03
epoch [45/50] batch [20/79] loss -21.5781 (-25.2695) acc 21.8750 (19.5312) lr 9.5173e-05 eta 0:00:58
epoch [45/50] batch [25/79] loss -29.3750 (-25.4419) acc 20.3125 (19.7500) lr 9.5173e-05 eta 0:00:55
epoch [45/50] batch [30/79] loss -29.8281 (-25.6667) acc 14.0625 (19.9479) lr 9.5173e-05 eta 0:00:53
epoch [45/50] batch [35/79] loss -32.8125 (-25.8969) acc 23.4375 (19.9554) lr 9.5173e-05 eta 0:00:51
epoch [45/50] batch [40/79] loss -27.0938 (-26.1297) acc 18.7500 (20.1562) lr 9.5173e-05 eta 0:00:49
epoch [45/50] batch [45/79] loss -31.8438 (-26.2632) acc 10.9375 (20.2431) lr 9.5173e-05 eta 0:00:48
epoch [45/50] batch [50/79] loss -27.5156 (-26.1869) acc 15.6250 (20.3750) lr 9.5173e-05 eta 0:00:47
epoch [45/50] batch [55/79] loss -24.1719 (-26.0261) acc 18.7500 (20.4545) lr 9.5173e-05 eta 0:00:46
epoch [45/50] batch [60/79] loss -17.8594 (-25.8964) acc 29.6875 (20.5208) lr 9.5173e-05 eta 0:00:45
epoch [45/50] batch [65/79] loss -29.8281 (-26.0346) acc 15.6250 (20.4808) lr 9.5173e-05 eta 0:00:44
epoch [45/50] batch [70/79] loss -22.2188 (-25.9987) acc 28.1250 (20.6473) lr 9.5173e-05 eta 0:00:43
epoch [45/50] batch [75/79] loss -20.6719 (-25.9608) acc 23.4375 (20.8958) lr 9.5173e-05 eta 0:00:42
epoch [46/50] batch [5/79] loss -21.5156 (-28.5188) acc 29.6875 (21.2500) lr 7.0224e-05 eta 0:01:28
epoch [46/50] batch [10/79] loss -29.9219 (-28.1938) acc 23.4375 (19.6875) lr 7.0224e-05 eta 0:01:02
epoch [46/50] batch [15/79] loss -27.1719 (-27.3208) acc 17.1875 (20.7292) lr 7.0224e-05 eta 0:00:53
epoch [46/50] batch [20/79] loss -23.0625 (-27.4469) acc 20.3125 (20.3125) lr 7.0224e-05 eta 0:00:48
epoch [46/50] batch [25/79] loss -23.5000 (-26.8319) acc 17.1875 (19.9375) lr 7.0224e-05 eta 0:00:45
epoch [46/50] batch [30/79] loss -23.6094 (-27.0443) acc 29.6875 (20.1562) lr 7.0224e-05 eta 0:00:43
epoch [46/50] batch [35/79] loss -25.6250 (-26.8621) acc 28.1250 (20.5357) lr 7.0224e-05 eta 0:00:42
epoch [46/50] batch [40/79] loss -24.0625 (-26.7016) acc 10.9375 (20.3906) lr 7.0224e-05 eta 0:00:40
epoch [46/50] batch [45/79] loss -28.8750 (-26.5677) acc 20.3125 (20.3125) lr 7.0224e-05 eta 0:00:39
epoch [46/50] batch [50/79] loss -25.9531 (-26.4587) acc 25.0000 (20.5312) lr 7.0224e-05 eta 0:00:39
epoch [46/50] batch [55/79] loss -25.7500 (-26.4906) acc 17.1875 (20.4830) lr 7.0224e-05 eta 0:00:38
epoch [46/50] batch [60/79] loss -22.8438 (-26.3724) acc 20.3125 (20.4948) lr 7.0224e-05 eta 0:00:37
epoch [46/50] batch [65/79] loss -24.9219 (-26.2832) acc 28.1250 (20.5048) lr 7.0224e-05 eta 0:00:36
epoch [46/50] batch [70/79] loss -24.1406 (-26.4480) acc 26.5625 (20.2902) lr 7.0224e-05 eta 0:00:36
epoch [46/50] batch [75/79] loss -20.7031 (-26.4692) acc 18.7500 (20.3125) lr 7.0224e-05 eta 0:00:35
epoch [47/50] batch [5/79] loss -18.6875 (-26.0156) acc 15.6250 (18.1250) lr 4.8943e-05 eta 0:01:02
epoch [47/50] batch [10/79] loss -26.1875 (-25.2609) acc 9.3750 (18.1250) lr 4.8943e-05 eta 0:00:45
epoch [47/50] batch [15/79] loss -29.6094 (-26.0312) acc 18.7500 (19.5833) lr 4.8943e-05 eta 0:00:39
epoch [47/50] batch [20/79] loss -27.2344 (-26.1398) acc 14.0625 (19.8438) lr 4.8943e-05 eta 0:00:36
epoch [47/50] batch [25/79] loss -25.4688 (-25.6519) acc 21.8750 (20.4375) lr 4.8943e-05 eta 0:00:34
epoch [47/50] batch [30/79] loss -24.2500 (-25.3302) acc 17.1875 (20.7812) lr 4.8943e-05 eta 0:00:33
epoch [47/50] batch [35/79] loss -27.2500 (-25.7000) acc 20.3125 (21.1161) lr 4.8943e-05 eta 0:00:31
epoch [47/50] batch [40/79] loss -29.9688 (-25.6324) acc 17.1875 (21.1719) lr 4.8943e-05 eta 0:00:30
epoch [47/50] batch [45/79] loss -29.2188 (-25.9743) acc 15.6250 (20.7639) lr 4.8943e-05 eta 0:00:29
epoch [47/50] batch [50/79] loss -22.6406 (-25.6231) acc 15.6250 (20.7188) lr 4.8943e-05 eta 0:00:29
epoch [47/50] batch [55/79] loss -22.0469 (-25.6557) acc 26.5625 (20.6250) lr 4.8943e-05 eta 0:00:28
epoch [47/50] batch [60/79] loss -25.0156 (-25.8076) acc 21.8750 (20.4948) lr 4.8943e-05 eta 0:00:27
epoch [47/50] batch [65/79] loss -32.8125 (-25.9320) acc 17.1875 (20.4087) lr 4.8943e-05 eta 0:00:27
epoch [47/50] batch [70/79] loss -19.9375 (-25.8228) acc 25.0000 (20.5134) lr 4.8943e-05 eta 0:00:26
epoch [47/50] batch [75/79] loss -29.6875 (-26.0417) acc 14.0625 (20.4167) lr 4.8943e-05 eta 0:00:25
epoch [48/50] batch [5/79] loss -32.8438 (-27.9406) acc 7.8125 (16.2500) lr 3.1417e-05 eta 0:00:51
epoch [48/50] batch [10/79] loss -27.7031 (-26.4875) acc 21.8750 (18.9062) lr 3.1417e-05 eta 0:00:37
epoch [48/50] batch [15/79] loss -26.1406 (-26.9042) acc 14.0625 (20.3125) lr 3.1417e-05 eta 0:00:31
epoch [48/50] batch [20/79] loss -20.7344 (-26.6789) acc 26.5625 (20.1562) lr 3.1417e-05 eta 0:00:29
epoch [48/50] batch [25/79] loss -27.2656 (-26.4556) acc 21.8750 (20.3750) lr 3.1417e-05 eta 0:00:27
epoch [48/50] batch [30/79] loss -28.5000 (-26.5505) acc 18.7500 (20.3646) lr 3.1417e-05 eta 0:00:25
epoch [48/50] batch [35/79] loss -23.9062 (-26.2893) acc 26.5625 (20.8036) lr 3.1417e-05 eta 0:00:24
epoch [48/50] batch [40/79] loss -35.0312 (-26.4348) acc 21.8750 (21.3672) lr 3.1417e-05 eta 0:00:23
epoch [48/50] batch [45/79] loss -26.7344 (-26.5962) acc 21.8750 (21.4583) lr 3.1417e-05 eta 0:00:22
epoch [48/50] batch [50/79] loss -24.3750 (-26.8116) acc 25.0000 (21.2812) lr 3.1417e-05 eta 0:00:21
epoch [48/50] batch [55/79] loss -31.0469 (-26.8026) acc 18.7500 (21.0227) lr 3.1417e-05 eta 0:00:20
epoch [48/50] batch [60/79] loss -27.7656 (-26.7932) acc 20.3125 (21.3021) lr 3.1417e-05 eta 0:00:20
epoch [48/50] batch [65/79] loss -24.1094 (-26.6591) acc 20.3125 (21.3702) lr 3.1417e-05 eta 0:00:19
epoch [48/50] batch [70/79] loss -32.2812 (-26.7013) acc 25.0000 (21.2500) lr 3.1417e-05 eta 0:00:18
epoch [48/50] batch [75/79] loss -21.6094 (-26.5825) acc 12.5000 (21.0000) lr 3.1417e-05 eta 0:00:17
epoch [49/50] batch [5/79] loss -25.0156 (-26.6281) acc 26.5625 (20.9375) lr 1.7713e-05 eta 0:00:37
epoch [49/50] batch [10/79] loss -23.0625 (-24.4312) acc 15.6250 (22.0312) lr 1.7713e-05 eta 0:00:25
epoch [49/50] batch [15/79] loss -22.9062 (-24.9750) acc 21.8750 (20.1042) lr 1.7713e-05 eta 0:00:21
epoch [49/50] batch [20/79] loss -23.5156 (-25.0094) acc 28.1250 (20.3125) lr 1.7713e-05 eta 0:00:18
epoch [49/50] batch [25/79] loss -28.0469 (-24.9494) acc 18.7500 (20.7500) lr 1.7713e-05 eta 0:00:17
epoch [49/50] batch [30/79] loss -27.5781 (-25.1370) acc 21.8750 (20.6250) lr 1.7713e-05 eta 0:00:16
epoch [49/50] batch [35/79] loss -26.0781 (-25.3853) acc 20.3125 (20.5357) lr 1.7713e-05 eta 0:00:14
epoch [49/50] batch [40/79] loss -26.7500 (-25.3051) acc 18.7500 (20.7812) lr 1.7713e-05 eta 0:00:14
epoch [49/50] batch [45/79] loss -24.0781 (-25.4135) acc 21.8750 (21.0069) lr 1.7713e-05 eta 0:00:13
epoch [49/50] batch [50/79] loss -30.8594 (-25.4784) acc 17.1875 (21.0625) lr 1.7713e-05 eta 0:00:12
epoch [49/50] batch [55/79] loss -29.3125 (-25.5418) acc 10.9375 (20.8239) lr 1.7713e-05 eta 0:00:11
epoch [49/50] batch [60/79] loss -32.1875 (-25.5971) acc 20.3125 (20.7292) lr 1.7713e-05 eta 0:00:11
epoch [49/50] batch [65/79] loss -20.6875 (-25.5207) acc 21.8750 (20.6731) lr 1.7713e-05 eta 0:00:10
epoch [49/50] batch [70/79] loss -24.1406 (-25.3795) acc 26.5625 (20.8259) lr 1.7713e-05 eta 0:00:09
epoch [49/50] batch [75/79] loss -16.7500 (-25.5419) acc 20.3125 (20.8333) lr 1.7713e-05 eta 0:00:09
epoch [50/50] batch [5/79] loss -30.0312 (-24.9344) acc 15.6250 (21.8750) lr 7.8853e-06 eta 0:00:17
epoch [50/50] batch [10/79] loss -21.7969 (-24.5750) acc 20.3125 (22.1875) lr 7.8853e-06 eta 0:00:11
epoch [50/50] batch [15/79] loss -32.6562 (-25.2167) acc 15.6250 (22.5000) lr 7.8853e-06 eta 0:00:09
epoch [50/50] batch [20/79] loss -29.2500 (-25.9383) acc 17.1875 (22.3438) lr 7.8853e-06 eta 0:00:07
epoch [50/50] batch [25/79] loss -37.8125 (-26.3863) acc 23.4375 (22.1250) lr 7.8853e-06 eta 0:00:06
epoch [50/50] batch [30/79] loss -27.0781 (-26.3380) acc 9.3750 (21.3542) lr 7.8853e-06 eta 0:00:05
epoch [50/50] batch [35/79] loss -24.8906 (-26.1826) acc 26.5625 (21.3393) lr 7.8853e-06 eta 0:00:05
epoch [50/50] batch [40/79] loss -31.9219 (-26.1465) acc 21.8750 (21.4453) lr 7.8853e-06 eta 0:00:04
epoch [50/50] batch [45/79] loss -24.0312 (-26.4889) acc 26.5625 (20.8681) lr 7.8853e-06 eta 0:00:03
epoch [50/50] batch [50/79] loss -23.0781 (-26.1728) acc 15.6250 (21.0000) lr 7.8853e-06 eta 0:00:03
epoch [50/50] batch [55/79] loss -22.4531 (-26.1148) acc 18.7500 (20.5114) lr 7.8853e-06 eta 0:00:02
epoch [50/50] batch [60/79] loss -31.7656 (-26.1297) acc 21.8750 (20.9115) lr 7.8853e-06 eta 0:00:02
epoch [50/50] batch [65/79] loss -32.2188 (-26.2654) acc 17.1875 (20.9375) lr 7.8853e-06 eta 0:00:01
epoch [50/50] batch [70/79] loss -28.5156 (-26.1118) acc 18.7500 (21.0045) lr 7.8853e-06 eta 0:00:00
epoch [50/50] batch [75/79] loss -26.8281 (-26.1146) acc 28.1250 (21.0000) lr 7.8853e-06 eta 0:00:00
Model Saved to: output/CLIPAdapter-ViTB32-VLCS-labelme/model.pth.tar-50
Finish Training
Evaluate on the Test Set
----------  ------
Total #     797
Correct #   461
Accuracy    57.84%
Error Rate  42.16%
Macro_F1    54.86%
----------  ------
