*** Config ***
***************
** Arguments **
***************
dataset: VLCS
gpu: 1
model: CLIPAdapter
model_config_file: config/clipadapter.yaml
output_dir: output/CLIPAdapter-ViTB32-VLCS-labelme
root: ./data/
seed: 134
source_domains: ['caltech', 'labelme', 'sun']
target_domains: ['pascal']
************
** Config **
************
DATALOADER:
  NUM_WORKERS: 8
  TEST:
    BATCH_SIZE: 64
    SAMPLER: SequentialSampler
  TRAIN:
    BATCH_SIZE: 9
    SAMPLER: RandomSampler
DATASET:
  NAME: VLCS
  ROOT: ./data/
  SOURCE_DOMAINS: ['caltech', 'labelme', 'sun']
  SUBSAMPLE_CLASSES: all
  TARGET_DOMAINS: ['pascal']
GPU: 1
INPUT:
  COLORJITTER_B: 0.4
  COLORJITTER_C: 0.4
  COLORJITTER_H: 0.1
  COLORJITTER_S: 0.4
  CROP_PADDING: 4
  CUTOUT_LEN: 16
  CUTOUT_N: 1
  GB_K: 21
  GB_P: 0.5
  GN_MEAN: 0.0
  GN_STD: 0.15
  INTERPOLATION: bicubic
  PIXEL_MEAN: [0.48145466, 0.4578275, 0.40821073]
  PIXEL_STD: [0.26862954, 0.26130258, 0.27577711]
  RANDAUGMENT_M: 10
  RANDAUGMENT_N: 2
  RGS_P: 0.2
  RRCROP_SCALE: (0.08, 1.0)
  SIZE: (224, 224)
  TRANSFORMS: ['random_resized_crop', 'random_flip', 'normalize']
MODEL:
  CLIPAdapter:
    BACKBONE: ViT-B/32
  NAME: CLIPAdapter
OPTIM:
  ADAM_BETA1: 0.9
  ADAM_BETA2: 0.999
  GAMMA: 0.1
  LR: 0.002
  LR_SCHEDULER: Cosine
  MAX_EPOCH: 50
  MOMENTUM: 0.9
  NAME: sgd
  SGD_DAMPENING: 0
  SGD_NESTEROV: False
  STEP_SIZE: -1
  WARMUP_CONS_LR: 1e-05
  WARMUP_EPOCH: 1
  WARMUP_MIN_LR: 1e-05
  WARMUP_TYPE: constant
  WEIGHT_DECAY: 0.0005
OUTPUT_DIR: output/CLIPAdapter-ViTB32-VLCS-labelme
SEED: 134
TEST:
  EVALUATOR: Classification
  FINAL_Model: last_step
  SPLIT: Test
TRAIN:
  PRINT_FREQ: 5
Build Trainer: CLIPAdapter
Build Dataset: VLCS
Transform for Train: Compose(
    RandomResizedCrop(size=(224, 224), scale=(0.08, 1.0), ratio=(0.75, 1.3333), interpolation=bicubic, antialias=True)
    RandomHorizontalFlip(p=0.5)
    ToTensor()
    Normalize(mean=[0.48145466, 0.4578275, 0.40821073], std=[0.26862954, 0.26130258, 0.27577711])
)
Transform for Test: Compose(
    Resize(size=224, interpolation=bicubic, max_size=None, antialias=True)
    CenterCrop(size=(224, 224))
    ToTensor()
    Normalize(mean=[0.48145466, 0.4578275, 0.40821073], std=[0.26862954, 0.26130258, 0.27577711])
)
--------------  -----------------------------
Dataset         VLCS
Source Domains  ['caltech', 'labelme', 'sun']
Target Domains  ['pascal']
# Classes       5
# Train Data    4,630
# Val Data      517
# Test Data     1,013
--------------  -----------------------------
Loading CLIP Backbone: ViT-B/32
Building Custom CLIP
{'original': ['a picture of a bird.', 'a picture of a car.', 'a picture of a chair.', 'a picture of a dog.', 'a picture of a person.'], 'caltech': ['a picture of a caltech bird.', 'a picture of a caltech car.', 'a picture of a caltech chair.', 'a picture of a caltech dog.', 'a picture of a caltech person.'], 'labelme': ['a picture of a labelme bird.', 'a picture of a labelme car.', 'a picture of a labelme chair.', 'a picture of a labelme dog.', 'a picture of a labelme person.'], 'sun': ['a picture of a sun bird.', 'a picture of a sun car.', 'a picture of a sun chair.', 'a picture of a sun dog.', 'a picture of a sun person.']}
{'original': ['a picture of a bird.', 'a picture of a car.', 'a picture of a chair.', 'a picture of a dog.', 'a picture of a person.'], 'pascal': ['a picture of a pascal bird.', 'a picture of a pascal car.', 'a picture of a pascal chair.', 'a picture of a pascal dog.', 'a picture of a pascal person.']}
key:original
v:tensor([[ 0.0261,  0.0139, -0.0079,  ..., -0.0452,  0.0063, -0.0239],
        [ 0.0127,  0.0005, -0.0155,  ..., -0.0260, -0.0305,  0.0026],
        [-0.0192, -0.0017, -0.0055,  ..., -0.0482, -0.0271,  0.0161],
        [ 0.0130,  0.0088, -0.0394,  ..., -0.0427, -0.0132,  0.0195],
        [ 0.0049,  0.0079, -0.0012,  ..., -0.0593, -0.0150, -0.0023]],
       device='cuda:1', dtype=torch.float16)
key:caltech
v:tensor([[ 0.0276,  0.0288, -0.0238,  ...,  0.0355, -0.0157, -0.0562],
        [-0.0055, -0.0110, -0.0132,  ...,  0.0552, -0.0457, -0.0298],
        [-0.0238, -0.0109, -0.0115,  ...,  0.0328, -0.0339, -0.0108],
        [ 0.0197,  0.0110, -0.0477,  ...,  0.0368, -0.0341, -0.0074],
        [ 0.0067,  0.0021, -0.0213,  ...,  0.0265, -0.0194, -0.0214]],
       device='cuda:1', dtype=torch.float16)
key:labelme
v:tensor([[ 0.0263,  0.0403,  0.0055,  ..., -0.0258,  0.0183, -0.0487],
        [ 0.0159,  0.0213,  0.0028,  ..., -0.0226, -0.0081, -0.0183],
        [-0.0204,  0.0261,  0.0291,  ..., -0.0356, -0.0020, -0.0066],
        [ 0.0111,  0.0233, -0.0202,  ..., -0.0281,  0.0006,  0.0045],
        [ 0.0067,  0.0134,  0.0117,  ..., -0.0306,  0.0113, -0.0201]],
       device='cuda:1', dtype=torch.float16)
key:sun
v:tensor([[ 0.0368,  0.0010,  0.0301,  ...,  0.0216, -0.0019, -0.0079],
        [-0.0107, -0.0012, -0.0032,  ..., -0.0395, -0.0115, -0.0178],
        [-0.0456, -0.0118,  0.0098,  ..., -0.0246, -0.0250,  0.0122],
        [-0.0116,  0.0493,  0.0151,  ...,  0.0018,  0.0143,  0.0309],
        [-0.0170,  0.0112, -0.0035,  ..., -0.0395,  0.0077, -0.0065]],
       device='cuda:1', dtype=torch.float16)
Turning Off Gradients in Image and Text Encoder
Parameters to be updated: {'adapter.fc.0.weight', 'adapters.2.fc.2.weight', 'adapter.fc.2.weight', 'adapters.1.fc.0.weight', 'adapters.2.fc.0.weight', 'adapters.1.fc.2.weight', 'adapters.0.fc.0.weight', 'adapters.0.fc.2.weight'}
Build Evaluator: Classification
tensor(-1.0723, device='cuda:1', dtype=torch.float16, grad_fn=<NegBackward0>)
tensor(1.0576, device='cuda:1', dtype=torch.float16,
       grad_fn=<NllLossBackward0>)
tensor(-1.0586, device='cuda:1', dtype=torch.float16, grad_fn=<NegBackward0>)
tensor(-1.1680, device='cuda:1', dtype=torch.float16, grad_fn=<NegBackward0>)
--------------------------------
tensor(-1.0723, device='cuda:1', dtype=torch.float16, grad_fn=<NegBackward0>)
tensor(1.0576, device='cuda:1', dtype=torch.float16,
       grad_fn=<NllLossBackward0>)
tensor(-1.0586, device='cuda:1', dtype=torch.float16, grad_fn=<NegBackward0>)
tensor(-1.1680, device='cuda:1', dtype=torch.float16, grad_fn=<NegBackward0>)
--------------------------------
tensor(-1.0723, device='cuda:1', dtype=torch.float16, grad_fn=<NegBackward0>)
tensor(1.0576, device='cuda:1', dtype=torch.float16,
       grad_fn=<NllLossBackward0>)
tensor(-1.0586, device='cuda:1', dtype=torch.float16, grad_fn=<NegBackward0>)
tensor(-1.1680, device='cuda:1', dtype=torch.float16, grad_fn=<NegBackward0>)
--------------------------------
tensor(-1.0723, device='cuda:1', dtype=torch.float16, grad_fn=<NegBackward0>)
tensor(-1.0576, device='cuda:1', dtype=torch.float16, grad_fn=<NegBackward0>)
tensor(1.0586, device='cuda:1', dtype=torch.float16,
       grad_fn=<NllLossBackward0>)
tensor(-1.1680, device='cuda:1', dtype=torch.float16, grad_fn=<NegBackward0>)
--------------------------------
tensor(-1.0723, device='cuda:1', dtype=torch.float16, grad_fn=<NegBackward0>)
tensor(-1.0576, device='cuda:1', dtype=torch.float16, grad_fn=<NegBackward0>)
tensor(1.0586, device='cuda:1', dtype=torch.float16,
       grad_fn=<NllLossBackward0>)
tensor(-1.1680, device='cuda:1', dtype=torch.float16, grad_fn=<NegBackward0>)
--------------------------------
tensor(-1.0723, device='cuda:1', dtype=torch.float16, grad_fn=<NegBackward0>)
tensor(1.0576, device='cuda:1', dtype=torch.float16,
       grad_fn=<NllLossBackward0>)
tensor(-1.0586, device='cuda:1', dtype=torch.float16, grad_fn=<NegBackward0>)
tensor(-1.1680, device='cuda:1', dtype=torch.float16, grad_fn=<NegBackward0>)
--------------------------------
tensor(-1.0723, device='cuda:1', dtype=torch.float16, grad_fn=<NegBackward0>)
tensor(-1.0576, device='cuda:1', dtype=torch.float16, grad_fn=<NegBackward0>)
tensor(1.0586, device='cuda:1', dtype=torch.float16,
       grad_fn=<NllLossBackward0>)
tensor(-1.1680, device='cuda:1', dtype=torch.float16, grad_fn=<NegBackward0>)
--------------------------------
tensor(-1.0723, device='cuda:1', dtype=torch.float16, grad_fn=<NegBackward0>)
tensor(-1.0576, device='cuda:1', dtype=torch.float16, grad_fn=<NegBackward0>)
tensor(1.0586, device='cuda:1', dtype=torch.float16,
       grad_fn=<NllLossBackward0>)
tensor(-1.1680, device='cuda:1', dtype=torch.float16, grad_fn=<NegBackward0>)
--------------------------------
tensor(1.0723, device='cuda:1', dtype=torch.float16,
       grad_fn=<NllLossBackward0>)
tensor(-1.0576, device='cuda:1', dtype=torch.float16, grad_fn=<NegBackward0>)
tensor(-1.0586, device='cuda:1', dtype=torch.float16, grad_fn=<NegBackward0>)
tensor(-1.1680, device='cuda:1', dtype=torch.float16, grad_fn=<NegBackward0>)
--------------------------------
