*** Config ***
***************
** Arguments **
***************
dataset: VLCS
gpu: 1
model: CLIPAdapter
model_config_file: config/clipadapter.yaml
output_dir: output/CLIPAdapter-ViTB32-VLCS-labelme
root: ./data/
seed: 134
source_domains: ['caltech', 'labelme', 'sun']
target_domains: ['pascal']
************
** Config **
************
DATALOADER:
  NUM_WORKERS: 8
  TEST:
    BATCH_SIZE: 64
    SAMPLER: SequentialSampler
  TRAIN:
    BATCH_SIZE: 64
    SAMPLER: RandomSampler
DATASET:
  NAME: VLCS
  ROOT: ./data/
  SOURCE_DOMAINS: ['caltech', 'labelme', 'sun']
  SUBSAMPLE_CLASSES: all
  TARGET_DOMAINS: ['pascal']
GPU: 1
INPUT:
  COLORJITTER_B: 0.4
  COLORJITTER_C: 0.4
  COLORJITTER_H: 0.1
  COLORJITTER_S: 0.4
  CROP_PADDING: 4
  CUTOUT_LEN: 16
  CUTOUT_N: 1
  GB_K: 21
  GB_P: 0.5
  GN_MEAN: 0.0
  GN_STD: 0.15
  INTERPOLATION: bicubic
  PIXEL_MEAN: [0.48145466, 0.4578275, 0.40821073]
  PIXEL_STD: [0.26862954, 0.26130258, 0.27577711]
  RANDAUGMENT_M: 10
  RANDAUGMENT_N: 2
  RGS_P: 0.2
  RRCROP_SCALE: (0.08, 1.0)
  SIZE: (224, 224)
  TRANSFORMS: ['random_resized_crop', 'random_flip', 'normalize']
MODEL:
  CLIPAdapter:
    BACKBONE: ViT-B/32
  NAME: CLIPAdapter
OPTIM:
  ADAM_BETA1: 0.9
  ADAM_BETA2: 0.999
  GAMMA: 0.1
  LR: 0.002
  LR_SCHEDULER: Cosine
  MAX_EPOCH: 50
  MOMENTUM: 0.9
  NAME: sgd
  SGD_DAMPENING: 0
  SGD_NESTEROV: False
  STEP_SIZE: -1
  WARMUP_CONS_LR: 1e-05
  WARMUP_EPOCH: 1
  WARMUP_MIN_LR: 1e-05
  WARMUP_TYPE: constant
  WEIGHT_DECAY: 0.0005
OUTPUT_DIR: output/CLIPAdapter-ViTB32-VLCS-labelme
SEED: 134
TEST:
  EVALUATOR: Classification
  FINAL_Model: last_step
  SPLIT: Test
TRAIN:
  PRINT_FREQ: 5
Build Trainer: CLIPAdapter
Build Dataset: VLCS
Transform for Train: Compose(
    RandomResizedCrop(size=(224, 224), scale=(0.08, 1.0), ratio=(0.75, 1.3333), interpolation=bicubic, antialias=True)
    RandomHorizontalFlip(p=0.5)
    ToTensor()
    Normalize(mean=[0.48145466, 0.4578275, 0.40821073], std=[0.26862954, 0.26130258, 0.27577711])
)
Transform for Test: Compose(
    Resize(size=224, interpolation=bicubic, max_size=None, antialias=True)
    CenterCrop(size=(224, 224))
    ToTensor()
    Normalize(mean=[0.48145466, 0.4578275, 0.40821073], std=[0.26862954, 0.26130258, 0.27577711])
)
--------------  -----------------------------
Dataset         VLCS
Source Domains  ['caltech', 'labelme', 'sun']
Target Domains  ['pascal']
# Classes       5
# Train Data    4,630
# Val Data      517
# Test Data     1,013
--------------  -----------------------------
Loading CLIP Backbone: ViT-B/32
Building Custom CLIP
{'original': ['a picture of a bird.', 'a picture of a car.', 'a picture of a chair.', 'a picture of a dog.', 'a picture of a person.'], 'caltech': ['a picture of a caltech bird.', 'a picture of a caltech car.', 'a picture of a caltech chair.', 'a picture of a caltech dog.', 'a picture of a caltech person.'], 'labelme': ['a picture of a labelme bird.', 'a picture of a labelme car.', 'a picture of a labelme chair.', 'a picture of a labelme dog.', 'a picture of a labelme person.'], 'sun': ['a picture of a sun bird.', 'a picture of a sun car.', 'a picture of a sun chair.', 'a picture of a sun dog.', 'a picture of a sun person.']}
{'original': ['a picture of a bird.', 'a picture of a car.', 'a picture of a chair.', 'a picture of a dog.', 'a picture of a person.'], 'pascal': ['a picture of a pascal bird.', 'a picture of a pascal car.', 'a picture of a pascal chair.', 'a picture of a pascal dog.', 'a picture of a pascal person.']}
key:original
v:tensor([[ 0.0261,  0.0139, -0.0079,  ..., -0.0452,  0.0063, -0.0239],
        [ 0.0127,  0.0005, -0.0155,  ..., -0.0260, -0.0305,  0.0026],
        [-0.0192, -0.0017, -0.0055,  ..., -0.0482, -0.0271,  0.0161],
        [ 0.0130,  0.0088, -0.0394,  ..., -0.0427, -0.0132,  0.0195],
        [ 0.0049,  0.0079, -0.0012,  ..., -0.0593, -0.0150, -0.0023]],
       device='cuda:1', dtype=torch.float16)
key:caltech
v:tensor([[ 0.0276,  0.0288, -0.0238,  ...,  0.0355, -0.0157, -0.0562],
        [-0.0055, -0.0110, -0.0132,  ...,  0.0552, -0.0457, -0.0298],
        [-0.0238, -0.0109, -0.0115,  ...,  0.0328, -0.0339, -0.0108],
        [ 0.0197,  0.0110, -0.0477,  ...,  0.0368, -0.0341, -0.0074],
        [ 0.0067,  0.0021, -0.0213,  ...,  0.0265, -0.0194, -0.0214]],
       device='cuda:1', dtype=torch.float16)
key:labelme
v:tensor([[ 0.0263,  0.0403,  0.0055,  ..., -0.0258,  0.0183, -0.0487],
        [ 0.0159,  0.0213,  0.0028,  ..., -0.0226, -0.0081, -0.0183],
        [-0.0204,  0.0261,  0.0291,  ..., -0.0356, -0.0020, -0.0066],
        [ 0.0111,  0.0233, -0.0202,  ..., -0.0281,  0.0006,  0.0045],
        [ 0.0067,  0.0134,  0.0117,  ..., -0.0306,  0.0113, -0.0201]],
       device='cuda:1', dtype=torch.float16)
key:sun
v:tensor([[ 0.0368,  0.0010,  0.0301,  ...,  0.0216, -0.0019, -0.0079],
        [-0.0107, -0.0012, -0.0032,  ..., -0.0395, -0.0115, -0.0178],
        [-0.0456, -0.0118,  0.0098,  ..., -0.0246, -0.0250,  0.0122],
        [-0.0116,  0.0493,  0.0151,  ...,  0.0018,  0.0143,  0.0309],
        [-0.0170,  0.0112, -0.0035,  ..., -0.0395,  0.0077, -0.0065]],
       device='cuda:1', dtype=torch.float16)
Turning Off Gradients in Image and Text Encoder
Parameters to be updated: {'adapters.1.fc.2.weight', 'adapter.fc.0.weight', 'adapters.2.fc.2.weight', 'adapters.2.fc.0.weight', 'adapters.0.fc.0.weight', 'adapter.fc.2.weight', 'adapters.0.fc.2.weight', 'adapters.1.fc.0.weight'}
Build Evaluator: Classification
epoch [1/50] batch [5/72] loss -30.0156 (-32.4219) acc 4.6875 (1.8750) lr 1.0000e-05 eta 0:35:24
epoch [1/50] batch [10/72] loss -29.9062 (-30.9187) acc 1.5625 (1.8750) lr 1.0000e-05 eta 0:23:02
epoch [1/50] batch [15/72] loss -35.4688 (-30.6271) acc 1.5625 (2.0833) lr 1.0000e-05 eta 0:18:56
epoch [1/50] batch [20/72] loss -24.1250 (-30.3094) acc 3.1250 (2.2656) lr 1.0000e-05 eta 0:17:00
epoch [1/50] batch [25/72] loss -33.0938 (-30.4438) acc 4.6875 (2.1250) lr 1.0000e-05 eta 0:15:19
epoch [1/50] batch [30/72] loss -24.6875 (-30.7750) acc 4.6875 (2.2396) lr 1.0000e-05 eta 0:14:34
epoch [1/50] batch [35/72] loss -35.0938 (-30.8719) acc 7.8125 (2.5446) lr 1.0000e-05 eta 0:14:07
epoch [1/50] batch [40/72] loss -34.8750 (-30.9379) acc 6.2500 (2.5000) lr 1.0000e-05 eta 0:13:26
epoch [1/50] batch [45/72] loss -33.3750 (-30.9646) acc 3.1250 (2.4653) lr 1.0000e-05 eta 0:13:04
epoch [1/50] batch [50/72] loss -27.7812 (-30.9906) acc 1.5625 (2.4688) lr 1.0000e-05 eta 0:12:37
epoch [1/50] batch [55/72] loss -36.1875 (-31.3497) acc 0.0000 (2.3864) lr 1.0000e-05 eta 0:12:24
epoch [1/50] batch [60/72] loss -30.7344 (-31.3013) acc 0.0000 (2.3438) lr 1.0000e-05 eta 0:12:14
epoch [1/50] batch [65/72] loss -30.0000 (-31.3760) acc 3.1250 (2.4279) lr 1.0000e-05 eta 0:11:56
epoch [1/50] batch [70/72] loss -40.0000 (-31.4129) acc 0.0000 (2.3661) lr 1.0000e-05 eta 0:11:36
epoch [2/50] batch [5/72] loss -28.9062 (-34.0063) acc 3.1250 (3.1250) lr 2.0000e-03 eta 0:22:46
epoch [2/50] batch [10/72] loss -41.3438 (-32.6766) acc 0.0000 (2.8125) lr 2.0000e-03 eta 0:17:07
epoch [2/50] batch [15/72] loss -25.0938 (-31.4240) acc 1.5625 (2.6042) lr 2.0000e-03 eta 0:15:31
epoch [2/50] batch [20/72] loss -29.5469 (-31.0086) acc 1.5625 (2.6562) lr 2.0000e-03 eta 0:14:30
epoch [2/50] batch [25/72] loss -35.8438 (-30.9619) acc 3.1250 (2.5625) lr 2.0000e-03 eta 0:13:59
epoch [2/50] batch [30/72] loss -34.4688 (-31.7307) acc 3.1250 (2.7083) lr 2.0000e-03 eta 0:13:35
epoch [2/50] batch [35/72] loss -27.2812 (-31.7723) acc 0.0000 (2.5893) lr 2.0000e-03 eta 0:13:09
epoch [2/50] batch [40/72] loss -32.7500 (-31.5418) acc 1.5625 (2.5391) lr 2.0000e-03 eta 0:12:44
epoch [2/50] batch [45/72] loss -32.5625 (-31.1840) acc 0.0000 (2.2917) lr 2.0000e-03 eta 0:12:24
epoch [2/50] batch [50/72] loss -25.5469 (-31.3550) acc 3.1250 (2.4062) lr 2.0000e-03 eta 0:11:58
epoch [2/50] batch [55/72] loss -28.9375 (-31.1824) acc 1.5625 (2.4148) lr 2.0000e-03 eta 0:11:43
epoch [2/50] batch [60/72] loss -29.7812 (-31.2875) acc 3.1250 (2.4479) lr 2.0000e-03 eta 0:11:34
epoch [2/50] batch [65/72] loss -33.5000 (-31.4630) acc 1.5625 (2.4279) lr 2.0000e-03 eta 0:11:20
epoch [2/50] batch [70/72] loss -29.2344 (-31.4500) acc 3.1250 (2.3661) lr 2.0000e-03 eta 0:11:06
epoch [3/50] batch [5/72] loss -29.6562 (-30.9719) acc 4.6875 (3.1250) lr 1.9980e-03 eta 0:22:06
epoch [3/50] batch [10/72] loss -38.4688 (-31.9578) acc 3.1250 (3.1250) lr 1.9980e-03 eta 0:16:38
epoch [3/50] batch [15/72] loss -24.6719 (-31.5625) acc 1.5625 (3.1250) lr 1.9980e-03 eta 0:14:55
epoch [3/50] batch [20/72] loss -32.1562 (-31.9492) acc 3.1250 (3.0469) lr 1.9980e-03 eta 0:13:41
epoch [3/50] batch [25/72] loss -32.4688 (-31.7494) acc 3.1250 (2.9375) lr 1.9980e-03 eta 0:12:57
epoch [3/50] batch [30/72] loss -32.2812 (-31.9000) acc 4.6875 (2.8125) lr 1.9980e-03 eta 0:12:28
epoch [3/50] batch [35/72] loss -39.5938 (-31.7643) acc 0.0000 (2.5446) lr 1.9980e-03 eta 0:12:22
epoch [3/50] batch [40/72] loss -30.4375 (-31.6105) acc 0.0000 (2.5781) lr 1.9980e-03 eta 0:12:11
epoch [3/50] batch [45/72] loss -27.0312 (-31.3108) acc 3.1250 (2.6042) lr 1.9980e-03 eta 0:12:06
epoch [3/50] batch [50/72] loss -23.5938 (-31.2306) acc 0.0000 (2.5312) lr 1.9980e-03 eta 0:12:02
epoch [3/50] batch [55/72] loss -27.7500 (-30.9653) acc 1.5625 (2.4716) lr 1.9980e-03 eta 0:11:42
epoch [3/50] batch [60/72] loss -34.6250 (-31.2437) acc 0.0000 (2.4740) lr 1.9980e-03 eta 0:11:40
epoch [3/50] batch [65/72] loss -34.9062 (-31.3418) acc 3.1250 (2.4519) lr 1.9980e-03 eta 0:11:34
epoch [3/50] batch [70/72] loss -33.6250 (-31.4551) acc 4.6875 (2.5000) lr 1.9980e-03 eta 0:11:21
epoch [4/50] batch [5/72] loss -30.9844 (-28.8562) acc 1.5625 (3.7500) lr 1.9921e-03 eta 0:22:47
epoch [4/50] batch [10/72] loss -30.3438 (-29.5000) acc 4.6875 (3.9062) lr 1.9921e-03 eta 0:15:37
epoch [4/50] batch [15/72] loss -28.3281 (-29.2156) acc 3.1250 (3.4375) lr 1.9921e-03 eta 0:13:44
epoch [4/50] batch [20/72] loss -27.6406 (-30.1156) acc 1.5625 (3.1250) lr 1.9921e-03 eta 0:12:23
epoch [4/50] batch [25/72] loss -33.0625 (-30.0319) acc 1.5625 (3.3125) lr 1.9921e-03 eta 0:12:00
epoch [4/50] batch [30/72] loss -33.1875 (-30.3615) acc 1.5625 (3.1250) lr 1.9921e-03 eta 0:11:16
epoch [4/50] batch [35/72] loss -30.9531 (-30.7085) acc 1.5625 (3.1696) lr 1.9921e-03 eta 0:11:11
epoch [4/50] batch [40/72] loss -26.9531 (-30.4934) acc 4.6875 (3.2422) lr 1.9921e-03 eta 0:10:56
epoch [4/50] batch [45/72] loss -31.1250 (-30.4688) acc 0.0000 (3.0208) lr 1.9921e-03 eta 0:10:59
epoch [4/50] batch [50/72] loss -40.8438 (-30.7119) acc 1.5625 (2.8438) lr 1.9921e-03 eta 0:11:02
epoch [4/50] batch [55/72] loss -29.5000 (-30.6645) acc 0.0000 (2.8977) lr 1.9921e-03 eta 0:10:55
epoch [4/50] batch [60/72] loss -38.6562 (-30.7406) acc 4.6875 (2.8646) lr 1.9921e-03 eta 0:10:39
epoch [4/50] batch [65/72] loss -34.2188 (-30.7743) acc 0.0000 (2.8125) lr 1.9921e-03 eta 0:10:26
epoch [4/50] batch [70/72] loss -35.9062 (-30.9290) acc 1.5625 (2.8348) lr 1.9921e-03 eta 0:10:17
epoch [5/50] batch [5/72] loss -29.5000 (-29.5875) acc 3.1250 (1.2500) lr 1.9823e-03 eta 0:25:19
epoch [5/50] batch [10/72] loss -36.4062 (-31.6969) acc 0.0000 (1.8750) lr 1.9823e-03 eta 0:18:13
epoch [5/50] batch [15/72] loss -32.9688 (-31.8979) acc 4.6875 (2.0833) lr 1.9823e-03 eta 0:15:38
epoch [5/50] batch [20/72] loss -36.0000 (-31.9000) acc 0.0000 (2.1875) lr 1.9823e-03 eta 0:14:36
epoch [5/50] batch [25/72] loss -36.3125 (-32.2344) acc 0.0000 (2.0625) lr 1.9823e-03 eta 0:13:43
epoch [5/50] batch [30/72] loss -33.7500 (-32.2307) acc 3.1250 (2.0833) lr 1.9823e-03 eta 0:13:12
epoch [5/50] batch [35/72] loss -28.9844 (-31.8522) acc 6.2500 (2.1875) lr 1.9823e-03 eta 0:12:53
epoch [5/50] batch [40/72] loss -34.7500 (-31.5309) acc 1.5625 (2.1094) lr 1.9823e-03 eta 0:12:30
epoch [5/50] batch [45/72] loss -31.1094 (-31.5705) acc 0.0000 (2.1528) lr 1.9823e-03 eta 0:12:17
epoch [5/50] batch [50/72] loss -38.4375 (-31.6566) acc 1.5625 (2.2188) lr 1.9823e-03 eta 0:12:21
epoch [5/50] batch [55/72] loss -35.0000 (-31.5912) acc 0.0000 (2.1023) lr 1.9823e-03 eta 0:12:08
epoch [5/50] batch [60/72] loss -32.5938 (-31.4891) acc 1.5625 (2.1094) lr 1.9823e-03 eta 0:11:49
epoch [5/50] batch [65/72] loss -31.5312 (-31.3745) acc 3.1250 (2.1154) lr 1.9823e-03 eta 0:11:28
epoch [5/50] batch [70/72] loss -30.1875 (-31.2141) acc 3.1250 (2.1875) lr 1.9823e-03 eta 0:11:12
epoch [6/50] batch [5/72] loss -36.5625 (-33.0781) acc 1.5625 (2.1875) lr 1.9686e-03 eta 0:19:29
epoch [6/50] batch [10/72] loss -33.5312 (-32.3766) acc 6.2500 (2.3438) lr 1.9686e-03 eta 0:14:09
epoch [6/50] batch [15/72] loss -29.7188 (-32.3219) acc 3.1250 (2.2917) lr 1.9686e-03 eta 0:12:46
epoch [6/50] batch [20/72] loss -26.9844 (-33.2734) acc 7.8125 (2.3438) lr 1.9686e-03 eta 0:11:34
epoch [6/50] batch [25/72] loss -34.0938 (-32.6594) acc 0.0000 (2.4375) lr 1.9686e-03 eta 0:10:44
epoch [6/50] batch [30/72] loss -27.7188 (-31.7641) acc 4.6875 (2.5521) lr 1.9686e-03 eta 0:10:19
epoch [6/50] batch [35/72] loss -27.7031 (-31.6040) acc 0.0000 (2.5446) lr 1.9686e-03 eta 0:09:58
epoch [6/50] batch [40/72] loss -31.3906 (-31.5109) acc 0.0000 (2.5391) lr 1.9686e-03 eta 0:10:09
epoch [6/50] batch [45/72] loss -24.1875 (-31.1010) acc 1.5625 (2.5000) lr 1.9686e-03 eta 0:10:10
epoch [6/50] batch [50/72] loss -26.7188 (-31.1131) acc 1.5625 (2.5938) lr 1.9686e-03 eta 0:10:03
epoch [6/50] batch [55/72] loss -36.0625 (-31.2026) acc 1.5625 (2.5568) lr 1.9686e-03 eta 0:10:03
epoch [6/50] batch [60/72] loss -32.0312 (-31.1945) acc 4.6875 (2.5000) lr 1.9686e-03 eta 0:09:54
epoch [6/50] batch [65/72] loss -33.6875 (-31.4579) acc 1.5625 (2.4279) lr 1.9686e-03 eta 0:09:39
epoch [6/50] batch [70/72] loss -31.2344 (-31.4069) acc 4.6875 (2.4777) lr 1.9686e-03 eta 0:09:27
epoch [7/50] batch [5/72] loss -25.7969 (-30.1156) acc 3.1250 (3.1250) lr 1.9511e-03 eta 0:22:05
epoch [7/50] batch [10/72] loss -36.1875 (-31.3562) acc 3.1250 (2.9688) lr 1.9511e-03 eta 0:15:56
epoch [7/50] batch [15/72] loss -34.9375 (-31.0594) acc 3.1250 (2.8125) lr 1.9511e-03 eta 0:13:53
epoch [7/50] batch [20/72] loss -30.5625 (-30.8891) acc 0.0000 (2.6562) lr 1.9511e-03 eta 0:13:08
epoch [7/50] batch [25/72] loss -35.1250 (-30.3256) acc 4.6875 (2.5625) lr 1.9511e-03 eta 0:12:28
epoch [7/50] batch [30/72] loss -28.6875 (-30.3891) acc 6.2500 (2.7083) lr 1.9511e-03 eta 0:11:57
epoch [7/50] batch [35/72] loss -33.7500 (-30.4871) acc 3.1250 (2.6339) lr 1.9511e-03 eta 0:11:36
epoch [7/50] batch [40/72] loss -27.3906 (-30.8172) acc 0.0000 (2.5000) lr 1.9511e-03 eta 0:11:16
epoch [7/50] batch [45/72] loss -38.4688 (-31.0854) acc 0.0000 (2.3958) lr 1.9511e-03 eta 0:11:05
epoch [7/50] batch [50/72] loss -25.2812 (-30.9138) acc 3.1250 (2.3125) lr 1.9511e-03 eta 0:10:44
epoch [7/50] batch [55/72] loss -33.4688 (-30.8219) acc 1.5625 (2.2159) lr 1.9511e-03 eta 0:10:35
epoch [7/50] batch [60/72] loss -31.6719 (-30.8286) acc 0.0000 (2.1615) lr 1.9511e-03 eta 0:10:21
epoch [7/50] batch [65/72] loss -34.4375 (-30.8202) acc 3.1250 (2.2115) lr 1.9511e-03 eta 0:10:26
epoch [7/50] batch [70/72] loss -23.3125 (-30.8496) acc 4.6875 (2.2768) lr 1.9511e-03 eta 0:10:18
epoch [8/50] batch [5/72] loss -28.0938 (-32.2781) acc 4.6875 (3.1250) lr 1.9298e-03 eta 0:19:47
epoch [8/50] batch [10/72] loss -36.6562 (-33.9094) acc 3.1250 (2.9688) lr 1.9298e-03 eta 0:15:17
epoch [8/50] batch [15/72] loss -32.8750 (-32.4708) acc 1.5625 (2.6042) lr 1.9298e-03 eta 0:13:30
epoch [8/50] batch [20/72] loss -25.8125 (-32.4844) acc 4.6875 (2.6562) lr 1.9298e-03 eta 0:12:15
epoch [8/50] batch [25/72] loss -33.6562 (-32.2131) acc 4.6875 (2.6250) lr 1.9298e-03 eta 0:11:32
epoch [8/50] batch [30/72] loss -30.7031 (-32.0536) acc 3.1250 (2.7604) lr 1.9298e-03 eta 0:11:01
epoch [8/50] batch [35/72] loss -28.3438 (-32.3201) acc 1.5625 (2.6339) lr 1.9298e-03 eta 0:10:53
epoch [8/50] batch [40/72] loss -28.8750 (-32.1094) acc 3.1250 (2.6562) lr 1.9298e-03 eta 0:10:42
epoch [8/50] batch [45/72] loss -35.0625 (-31.8667) acc 3.1250 (2.6736) lr 1.9298e-03 eta 0:10:35
epoch [8/50] batch [50/72] loss -29.7031 (-31.7488) acc 1.5625 (2.5938) lr 1.9298e-03 eta 0:10:29
epoch [8/50] batch [55/72] loss -29.9375 (-31.4557) acc 3.1250 (2.7557) lr 1.9298e-03 eta 0:10:32
epoch [8/50] batch [60/72] loss -35.3125 (-31.5529) acc 3.1250 (2.7604) lr 1.9298e-03 eta 0:10:19
epoch [8/50] batch [65/72] loss -29.7344 (-31.3839) acc 1.5625 (2.6442) lr 1.9298e-03 eta 0:10:05
epoch [8/50] batch [70/72] loss -29.7188 (-31.4114) acc 3.1250 (2.5670) lr 1.9298e-03 eta 0:09:49
epoch [9/50] batch [5/72] loss -31.2969 (-33.8781) acc 3.1250 (3.4375) lr 1.9048e-03 eta 0:12:02
epoch [9/50] batch [10/72] loss -34.7500 (-32.6078) acc 1.5625 (2.3438) lr 1.9048e-03 eta 0:08:25
epoch [9/50] batch [15/72] loss -35.0625 (-32.0448) acc 1.5625 (2.0833) lr 1.9048e-03 eta 0:07:24
epoch [9/50] batch [20/72] loss -37.6250 (-31.9812) acc 4.6875 (2.2656) lr 1.9048e-03 eta 0:06:49
epoch [9/50] batch [25/72] loss -26.9844 (-31.6588) acc 1.5625 (2.5625) lr 1.9048e-03 eta 0:06:32
epoch [9/50] batch [30/72] loss -28.5781 (-31.4109) acc 0.0000 (2.3958) lr 1.9048e-03 eta 0:06:20
epoch [9/50] batch [35/72] loss -25.1562 (-31.5063) acc 1.5625 (2.4107) lr 1.9048e-03 eta 0:06:11
epoch [9/50] batch [40/72] loss -31.6406 (-31.4719) acc 1.5625 (2.2656) lr 1.9048e-03 eta 0:06:02
epoch [9/50] batch [45/72] loss -37.8438 (-31.6135) acc 6.2500 (2.2569) lr 1.9048e-03 eta 0:05:55
epoch [9/50] batch [50/72] loss -39.2188 (-31.5528) acc 3.1250 (2.1875) lr 1.9048e-03 eta 0:05:50
epoch [9/50] batch [55/72] loss -24.3750 (-31.3955) acc 3.1250 (2.4432) lr 1.9048e-03 eta 0:05:44
epoch [9/50] batch [60/72] loss -30.0156 (-31.4174) acc 3.1250 (2.3958) lr 1.9048e-03 eta 0:05:55
epoch [9/50] batch [65/72] loss -31.4688 (-31.1649) acc 0.0000 (2.4038) lr 1.9048e-03 eta 0:05:57
epoch [9/50] batch [70/72] loss -36.2188 (-31.0098) acc 4.6875 (2.4777) lr 1.9048e-03 eta 0:05:57
epoch [10/50] batch [5/72] loss -43.0938 (-31.0938) acc 1.5625 (2.8125) lr 1.8763e-03 eta 0:20:00
epoch [10/50] batch [10/72] loss -34.5312 (-32.2875) acc 3.1250 (2.5000) lr 1.8763e-03 eta 0:14:33
epoch [10/50] batch [15/72] loss -29.4219 (-31.3156) acc 1.5625 (2.2917) lr 1.8763e-03 eta 0:12:04
epoch [10/50] batch [20/72] loss -25.8750 (-31.3859) acc 4.6875 (2.5000) lr 1.8763e-03 eta 0:10:54
epoch [10/50] batch [25/72] loss -36.3750 (-31.2931) acc 6.2500 (2.4375) lr 1.8763e-03 eta 0:10:34
epoch [10/50] batch [30/72] loss -29.6719 (-31.3255) acc 3.1250 (2.3438) lr 1.8763e-03 eta 0:10:17
epoch [10/50] batch [35/72] loss -28.5156 (-31.3196) acc 1.5625 (2.4554) lr 1.8763e-03 eta 0:10:07
epoch [10/50] batch [40/72] loss -32.3750 (-31.4676) acc 3.1250 (2.5000) lr 1.8763e-03 eta 0:09:59
epoch [10/50] batch [45/72] loss -32.5625 (-31.1948) acc 3.1250 (2.5694) lr 1.8763e-03 eta 0:09:52
epoch [10/50] batch [50/72] loss -27.8125 (-31.2872) acc 0.0000 (2.4375) lr 1.8763e-03 eta 0:09:44
epoch [10/50] batch [55/72] loss -38.3125 (-31.3798) acc 4.6875 (2.5852) lr 1.8763e-03 eta 0:09:42
epoch [10/50] batch [60/72] loss -33.6562 (-31.3521) acc 0.0000 (2.5521) lr 1.8763e-03 eta 0:09:32
epoch [10/50] batch [65/72] loss -36.3750 (-31.2197) acc 1.5625 (2.5000) lr 1.8763e-03 eta 0:09:17
epoch [10/50] batch [70/72] loss -36.0625 (-31.4094) acc 1.5625 (2.4777) lr 1.8763e-03 eta 0:09:04
epoch [11/50] batch [5/72] loss -25.8281 (-30.9438) acc 0.0000 (1.5625) lr 1.8443e-03 eta 0:20:01
epoch [11/50] batch [10/72] loss -27.8750 (-31.1906) acc 6.2500 (1.7188) lr 1.8443e-03 eta 0:14:35
epoch [11/50] batch [15/72] loss -29.7656 (-31.3552) acc 1.5625 (1.6667) lr 1.8443e-03 eta 0:12:52
epoch [11/50] batch [20/72] loss -36.1562 (-31.4031) acc 0.0000 (1.5625) lr 1.8443e-03 eta 0:11:57
epoch [11/50] batch [25/72] loss -33.9062 (-31.9838) acc 1.5625 (1.5000) lr 1.8443e-03 eta 0:11:24
epoch [11/50] batch [30/72] loss -30.1250 (-31.3198) acc 0.0000 (1.4062) lr 1.8443e-03 eta 0:11:04
epoch [11/50] batch [35/72] loss -33.1250 (-31.1969) acc 1.5625 (1.4732) lr 1.8443e-03 eta 0:10:43
epoch [11/50] batch [40/72] loss -23.0156 (-31.0016) acc 1.5625 (1.4453) lr 1.8443e-03 eta 0:10:31
epoch [11/50] batch [45/72] loss -28.6562 (-30.8573) acc 4.6875 (1.7361) lr 1.8443e-03 eta 0:10:14
epoch [11/50] batch [50/72] loss -33.5625 (-30.8003) acc 1.5625 (1.8125) lr 1.8443e-03 eta 0:10:00
epoch [11/50] batch [55/72] loss -28.7969 (-30.7730) acc 1.5625 (1.8182) lr 1.8443e-03 eta 0:09:57
epoch [11/50] batch [60/72] loss -30.5469 (-30.7406) acc 1.5625 (1.8229) lr 1.8443e-03 eta 0:09:42
epoch [11/50] batch [65/72] loss -29.3906 (-30.7827) acc 3.1250 (1.8990) lr 1.8443e-03 eta 0:09:24
epoch [11/50] batch [70/72] loss -29.9531 (-30.6946) acc 1.5625 (2.0089) lr 1.8443e-03 eta 0:09:08
epoch [12/50] batch [5/72] loss -26.4062 (-29.3344) acc 0.0000 (1.8750) lr 1.8090e-03 eta 0:16:08
epoch [12/50] batch [10/72] loss -23.9375 (-28.2531) acc 0.0000 (2.1875) lr 1.8090e-03 eta 0:12:17
epoch [12/50] batch [15/72] loss -27.2969 (-29.1552) acc 3.1250 (2.5000) lr 1.8090e-03 eta 0:10:26
epoch [12/50] batch [20/72] loss -27.3438 (-29.8664) acc 3.1250 (2.6562) lr 1.8090e-03 eta 0:09:35
epoch [12/50] batch [25/72] loss -35.4062 (-29.9650) acc 4.6875 (2.8125) lr 1.8090e-03 eta 0:09:02
epoch [12/50] batch [30/72] loss -33.0312 (-30.3854) acc 1.5625 (2.7083) lr 1.8090e-03 eta 0:08:52
epoch [12/50] batch [35/72] loss -38.6875 (-30.4518) acc 3.1250 (2.6339) lr 1.8090e-03 eta 0:08:37
epoch [12/50] batch [40/72] loss -25.8438 (-30.5270) acc 3.1250 (2.6562) lr 1.8090e-03 eta 0:08:44
epoch [12/50] batch [45/72] loss -25.7812 (-30.6295) acc 0.0000 (2.6042) lr 1.8090e-03 eta 0:08:50
epoch [12/50] batch [50/72] loss -30.5625 (-30.4728) acc 0.0000 (2.5312) lr 1.8090e-03 eta 0:08:45
epoch [12/50] batch [55/72] loss -39.5938 (-30.4304) acc 3.1250 (2.6989) lr 1.8090e-03 eta 0:08:46
epoch [12/50] batch [60/72] loss -33.3750 (-30.3346) acc 1.5625 (2.5781) lr 1.8090e-03 eta 0:08:37
epoch [12/50] batch [65/72] loss -27.6719 (-30.2767) acc 0.0000 (2.5000) lr 1.8090e-03 eta 0:08:23
epoch [12/50] batch [70/72] loss -27.7500 (-30.3672) acc 0.0000 (2.4330) lr 1.8090e-03 eta 0:08:15
epoch [13/50] batch [5/72] loss -23.9844 (-30.2031) acc 1.5625 (3.1250) lr 1.7705e-03 eta 0:17:50
epoch [13/50] batch [10/72] loss -28.4219 (-30.3406) acc 0.0000 (2.6562) lr 1.7705e-03 eta 0:12:17
epoch [13/50] batch [15/72] loss -33.0625 (-30.1062) acc 3.1250 (2.6042) lr 1.7705e-03 eta 0:10:44
epoch [13/50] batch [20/72] loss -36.3125 (-30.6359) acc 7.8125 (2.7344) lr 1.7705e-03 eta 0:10:05
epoch [13/50] batch [25/72] loss -35.5938 (-30.7269) acc 1.5625 (2.6250) lr 1.7705e-03 eta 0:09:45
epoch [13/50] batch [30/72] loss -30.9219 (-31.0604) acc 0.0000 (2.5000) lr 1.7705e-03 eta 0:09:39
epoch [13/50] batch [35/72] loss -37.4688 (-31.0580) acc 3.1250 (2.5000) lr 1.7705e-03 eta 0:09:34
epoch [13/50] batch [40/72] loss -33.5625 (-31.3145) acc 0.0000 (2.4609) lr 1.7705e-03 eta 0:09:32
epoch [13/50] batch [45/72] loss -28.5781 (-31.4427) acc 1.5625 (2.4306) lr 1.7705e-03 eta 0:09:32
epoch [13/50] batch [50/72] loss -30.8281 (-31.4019) acc 0.0000 (2.3750) lr 1.7705e-03 eta 0:09:33
epoch [13/50] batch [55/72] loss -30.2500 (-31.1997) acc 3.1250 (2.4432) lr 1.7705e-03 eta 0:09:25
epoch [13/50] batch [60/72] loss -29.7969 (-31.1180) acc 4.6875 (2.4219) lr 1.7705e-03 eta 0:09:15
epoch [13/50] batch [65/72] loss -33.9062 (-31.1714) acc 1.5625 (2.3798) lr 1.7705e-03 eta 0:08:59
epoch [13/50] batch [70/72] loss -32.6250 (-31.1656) acc 0.0000 (2.2768) lr 1.7705e-03 eta 0:08:46
epoch [14/50] batch [5/72] loss -27.4375 (-31.3719) acc 1.5625 (2.5000) lr 1.7290e-03 eta 0:18:29
epoch [14/50] batch [10/72] loss -30.4219 (-31.5703) acc 1.5625 (1.8750) lr 1.7290e-03 eta 0:13:43
epoch [14/50] batch [15/72] loss -27.8438 (-31.7250) acc 1.5625 (2.5000) lr 1.7290e-03 eta 0:11:32
epoch [14/50] batch [20/72] loss -34.0000 (-31.1023) acc 3.1250 (2.1875) lr 1.7290e-03 eta 0:10:11
epoch [14/50] batch [25/72] loss -28.7500 (-30.9769) acc 0.0000 (2.3750) lr 1.7290e-03 eta 0:09:29
epoch [14/50] batch [30/72] loss -34.0938 (-30.6698) acc 4.6875 (2.4479) lr 1.7290e-03 eta 0:09:12
epoch [14/50] batch [35/72] loss -27.5000 (-30.4688) acc 1.5625 (2.2768) lr 1.7290e-03 eta 0:08:57
epoch [14/50] batch [40/72] loss -36.1250 (-30.6215) acc 1.5625 (2.2266) lr 1.7290e-03 eta 0:08:49
epoch [14/50] batch [45/72] loss -33.3125 (-30.6351) acc 0.0000 (2.1875) lr 1.7290e-03 eta 0:08:51
epoch [14/50] batch [50/72] loss -38.3438 (-30.9897) acc 6.2500 (2.2812) lr 1.7290e-03 eta 0:08:57
epoch [14/50] batch [55/72] loss -35.6562 (-31.3236) acc 1.5625 (2.1875) lr 1.7290e-03 eta 0:08:44
epoch [14/50] batch [60/72] loss -30.0000 (-31.3810) acc 0.0000 (2.1875) lr 1.7290e-03 eta 0:08:38
epoch [14/50] batch [65/72] loss -33.7188 (-31.4565) acc 1.5625 (2.2596) lr 1.7290e-03 eta 0:08:32
epoch [14/50] batch [70/72] loss -26.3594 (-31.2585) acc 3.1250 (2.2768) lr 1.7290e-03 eta 0:08:19
epoch [15/50] batch [5/72] loss -33.4375 (-31.5063) acc 3.1250 (2.1875) lr 1.6845e-03 eta 0:18:21
epoch [15/50] batch [10/72] loss -27.3594 (-30.2594) acc 6.2500 (2.9688) lr 1.6845e-03 eta 0:13:13
epoch [15/50] batch [15/72] loss -34.8750 (-30.9104) acc 0.0000 (2.6042) lr 1.6845e-03 eta 0:11:48
epoch [15/50] batch [20/72] loss -32.0312 (-31.4563) acc 3.1250 (2.6562) lr 1.6845e-03 eta 0:11:02
epoch [15/50] batch [25/72] loss -34.2500 (-31.4356) acc 0.0000 (2.7500) lr 1.6845e-03 eta 0:10:25
epoch [15/50] batch [30/72] loss -29.5000 (-31.1406) acc 4.6875 (2.7083) lr 1.6845e-03 eta 0:10:11
epoch [15/50] batch [35/72] loss -34.2188 (-31.4603) acc 0.0000 (2.5000) lr 1.6845e-03 eta 0:10:03
epoch [15/50] batch [40/72] loss -30.4375 (-31.7473) acc 0.0000 (2.3438) lr 1.6845e-03 eta 0:09:51
epoch [15/50] batch [45/72] loss -29.7500 (-31.7969) acc 6.2500 (2.4653) lr 1.6845e-03 eta 0:09:40
epoch [15/50] batch [50/72] loss -30.9531 (-31.8206) acc 0.0000 (2.3438) lr 1.6845e-03 eta 0:09:30
epoch [15/50] batch [55/72] loss -35.5000 (-31.7793) acc 0.0000 (2.3580) lr 1.6845e-03 eta 0:09:22
epoch [15/50] batch [60/72] loss -26.3438 (-31.8456) acc 0.0000 (2.3177) lr 1.6845e-03 eta 0:09:08
epoch [15/50] batch [65/72] loss -24.6562 (-31.5935) acc 1.5625 (2.3077) lr 1.6845e-03 eta 0:08:51
epoch [15/50] batch [70/72] loss -41.4375 (-31.6978) acc 1.5625 (2.3438) lr 1.6845e-03 eta 0:08:36
epoch [16/50] batch [5/72] loss -30.2656 (-30.2500) acc 4.6875 (3.7500) lr 1.6374e-03 eta 0:16:18
epoch [16/50] batch [10/72] loss -31.3281 (-30.4047) acc 4.6875 (3.1250) lr 1.6374e-03 eta 0:12:19
epoch [16/50] batch [15/72] loss -29.1094 (-30.1406) acc 1.5625 (3.0208) lr 1.6374e-03 eta 0:10:39
epoch [16/50] batch [20/72] loss -28.0625 (-30.0734) acc 4.6875 (2.7344) lr 1.6374e-03 eta 0:09:27
epoch [16/50] batch [25/72] loss -27.4531 (-30.2094) acc 1.5625 (2.6250) lr 1.6374e-03 eta 0:08:57
epoch [16/50] batch [30/72] loss -35.2500 (-30.4969) acc 3.1250 (2.6562) lr 1.6374e-03 eta 0:08:22
epoch [16/50] batch [35/72] loss -35.0000 (-31.1567) acc 1.5625 (2.4554) lr 1.6374e-03 eta 0:08:03
epoch [16/50] batch [40/72] loss -30.2031 (-30.9297) acc 1.5625 (2.5000) lr 1.6374e-03 eta 0:07:46
epoch [16/50] batch [45/72] loss -31.9688 (-31.1590) acc 3.1250 (2.4306) lr 1.6374e-03 eta 0:07:49
epoch [16/50] batch [50/72] loss -31.4219 (-31.1197) acc 3.1250 (2.5625) lr 1.6374e-03 eta 0:07:55
epoch [16/50] batch [55/72] loss -30.2344 (-30.8892) acc 3.1250 (2.6136) lr 1.6374e-03 eta 0:07:57
epoch [16/50] batch [60/72] loss -30.7344 (-30.8260) acc 4.6875 (2.5781) lr 1.6374e-03 eta 0:07:52
epoch [16/50] batch [65/72] loss -29.0156 (-30.9055) acc 12.5000 (2.7885) lr 1.6374e-03 eta 0:07:38
epoch [16/50] batch [70/72] loss -30.4375 (-30.9946) acc 0.0000 (2.7902) lr 1.6374e-03 eta 0:07:27
epoch [17/50] batch [5/72] loss -34.8125 (-33.6125) acc 1.5625 (2.8125) lr 1.5878e-03 eta 0:18:41
epoch [17/50] batch [10/72] loss -28.9844 (-32.7969) acc 3.1250 (3.4375) lr 1.5878e-03 eta 0:12:56
epoch [17/50] batch [15/72] loss -29.3906 (-32.1167) acc 1.5625 (2.8125) lr 1.5878e-03 eta 0:10:47
epoch [17/50] batch [20/72] loss -31.5938 (-31.7875) acc 1.5625 (2.8906) lr 1.5878e-03 eta 0:10:03
epoch [17/50] batch [25/72] loss -31.2812 (-31.7331) acc 0.0000 (2.7500) lr 1.5878e-03 eta 0:09:41
epoch [17/50] batch [30/72] loss -32.2812 (-31.6667) acc 1.5625 (2.6562) lr 1.5878e-03 eta 0:09:16
epoch [17/50] batch [35/72] loss -31.1562 (-31.4344) acc 1.5625 (2.7679) lr 1.5878e-03 eta 0:09:04
epoch [17/50] batch [40/72] loss -32.5312 (-31.4699) acc 3.1250 (2.8906) lr 1.5878e-03 eta 0:08:56
epoch [17/50] batch [45/72] loss -28.2031 (-31.4583) acc 1.5625 (2.9514) lr 1.5878e-03 eta 0:08:42
epoch [17/50] batch [50/72] loss -30.1250 (-31.4616) acc 0.0000 (2.8125) lr 1.5878e-03 eta 0:08:36
epoch [17/50] batch [55/72] loss -32.2500 (-31.1810) acc 1.5625 (2.6705) lr 1.5878e-03 eta 0:08:36
epoch [17/50] batch [60/72] loss -37.5625 (-31.4724) acc 0.0000 (2.5000) lr 1.5878e-03 eta 0:08:25
epoch [17/50] batch [65/72] loss -29.1562 (-31.4837) acc 1.5625 (2.4279) lr 1.5878e-03 eta 0:08:13
epoch [17/50] batch [70/72] loss -32.2500 (-31.5368) acc 1.5625 (2.3661) lr 1.5878e-03 eta 0:08:02
epoch [18/50] batch [5/72] loss -30.8594 (-31.6031) acc 1.5625 (3.4375) lr 1.5358e-03 eta 0:16:31
epoch [18/50] batch [10/72] loss -27.3594 (-31.0625) acc 3.1250 (2.8125) lr 1.5358e-03 eta 0:11:52
epoch [18/50] batch [15/72] loss -31.2812 (-31.2896) acc 4.6875 (2.9167) lr 1.5358e-03 eta 0:10:43
epoch [18/50] batch [20/72] loss -39.8750 (-32.5094) acc 0.0000 (2.5781) lr 1.5358e-03 eta 0:09:50
epoch [18/50] batch [25/72] loss -29.0469 (-31.8144) acc 3.1250 (2.4375) lr 1.5358e-03 eta 0:09:02
epoch [18/50] batch [30/72] loss -28.9375 (-32.0656) acc 3.1250 (2.3958) lr 1.5358e-03 eta 0:08:41
epoch [18/50] batch [35/72] loss -30.2031 (-31.6933) acc 3.1250 (2.4107) lr 1.5358e-03 eta 0:08:37
epoch [18/50] batch [40/72] loss -24.9531 (-31.1762) acc 1.5625 (2.2266) lr 1.5358e-03 eta 0:08:26
epoch [18/50] batch [45/72] loss -28.1562 (-31.2194) acc 6.2500 (2.2569) lr 1.5358e-03 eta 0:08:19
epoch [18/50] batch [50/72] loss -31.3281 (-31.3981) acc 1.5625 (2.3125) lr 1.5358e-03 eta 0:08:18
epoch [18/50] batch [55/72] loss -44.2500 (-31.7864) acc 0.0000 (2.2159) lr 1.5358e-03 eta 0:08:07
epoch [18/50] batch [60/72] loss -33.7500 (-31.8003) acc 3.1250 (2.2396) lr 1.5358e-03 eta 0:07:59
epoch [18/50] batch [65/72] loss -34.2500 (-31.8478) acc 3.1250 (2.2596) lr 1.5358e-03 eta 0:07:45
epoch [18/50] batch [70/72] loss -30.8125 (-31.6025) acc 3.1250 (2.1875) lr 1.5358e-03 eta 0:07:31
epoch [19/50] batch [5/72] loss -32.5312 (-31.5938) acc 0.0000 (1.8750) lr 1.4818e-03 eta 0:14:31
epoch [19/50] batch [10/72] loss -28.4531 (-30.6266) acc 3.1250 (2.3438) lr 1.4818e-03 eta 0:10:52
epoch [19/50] batch [15/72] loss -31.3281 (-30.5312) acc 1.5625 (1.9792) lr 1.4818e-03 eta 0:09:30
epoch [19/50] batch [20/72] loss -25.7656 (-30.7133) acc 7.8125 (2.2656) lr 1.4818e-03 eta 0:08:57
epoch [19/50] batch [25/72] loss -29.8281 (-30.7150) acc 4.6875 (2.3750) lr 1.4818e-03 eta 0:08:27
epoch [19/50] batch [30/72] loss -28.7500 (-30.5208) acc 1.5625 (2.2917) lr 1.4818e-03 eta 0:08:07
epoch [19/50] batch [35/72] loss -26.5938 (-30.4353) acc 1.5625 (2.3661) lr 1.4818e-03 eta 0:08:00
epoch [19/50] batch [40/72] loss -37.5938 (-30.8629) acc 4.6875 (2.4609) lr 1.4818e-03 eta 0:07:51
epoch [19/50] batch [45/72] loss -25.7812 (-30.8951) acc 1.5625 (2.5694) lr 1.4818e-03 eta 0:07:51
epoch [19/50] batch [50/72] loss -29.3438 (-31.0437) acc 0.0000 (2.5312) lr 1.4818e-03 eta 0:07:55
epoch [19/50] batch [55/72] loss -30.4062 (-31.1815) acc 1.5625 (2.6136) lr 1.4818e-03 eta 0:07:55
epoch [19/50] batch [60/72] loss -32.0000 (-31.2159) acc 4.6875 (2.7083) lr 1.4818e-03 eta 0:07:43
epoch [19/50] batch [65/72] loss -22.6406 (-30.8565) acc 1.5625 (2.6683) lr 1.4818e-03 eta 0:07:31
epoch [19/50] batch [70/72] loss -35.2812 (-31.0924) acc 3.1250 (2.5893) lr 1.4818e-03 eta 0:07:18
epoch [20/50] batch [5/72] loss -33.9688 (-31.7344) acc 1.5625 (2.8125) lr 1.4258e-03 eta 0:13:42
epoch [20/50] batch [10/72] loss -32.7812 (-30.1328) acc 1.5625 (2.1875) lr 1.4258e-03 eta 0:10:54
epoch [20/50] batch [15/72] loss -23.8438 (-30.9990) acc 0.0000 (2.3958) lr 1.4258e-03 eta 0:09:30
epoch [20/50] batch [20/72] loss -35.8125 (-31.3023) acc 1.5625 (2.5781) lr 1.4258e-03 eta 0:09:04
epoch [20/50] batch [25/72] loss -27.2812 (-31.0475) acc 3.1250 (2.8750) lr 1.4258e-03 eta 0:08:39
epoch [20/50] batch [30/72] loss -29.2969 (-31.2682) acc 0.0000 (2.7083) lr 1.4258e-03 eta 0:08:11
epoch [20/50] batch [35/72] loss -42.6562 (-31.4714) acc 0.0000 (2.6786) lr 1.4258e-03 eta 0:07:50
epoch [20/50] batch [40/72] loss -32.0312 (-31.4703) acc 1.5625 (2.6562) lr 1.4258e-03 eta 0:07:29
epoch [20/50] batch [45/72] loss -30.3125 (-31.5052) acc 6.2500 (2.7083) lr 1.4258e-03 eta 0:07:15
epoch [20/50] batch [50/72] loss -25.1875 (-31.4297) acc 1.5625 (2.6250) lr 1.4258e-03 eta 0:07:02
epoch [20/50] batch [55/72] loss -31.7812 (-31.4267) acc 0.0000 (2.5000) lr 1.4258e-03 eta 0:06:54
epoch [20/50] batch [60/72] loss -26.5469 (-31.4076) acc 4.6875 (2.5521) lr 1.4258e-03 eta 0:06:51
epoch [20/50] batch [65/72] loss -37.1562 (-31.2663) acc 1.5625 (2.5000) lr 1.4258e-03 eta 0:06:40
epoch [20/50] batch [70/72] loss -28.6562 (-31.1864) acc 3.1250 (2.6562) lr 1.4258e-03 eta 0:06:38
epoch [21/50] batch [5/72] loss -34.0625 (-30.5813) acc 4.6875 (1.5625) lr 1.3681e-03 eta 0:14:03
epoch [21/50] batch [10/72] loss -29.7812 (-30.7625) acc 0.0000 (1.5625) lr 1.3681e-03 eta 0:09:47
epoch [21/50] batch [15/72] loss -28.1875 (-31.3625) acc 4.6875 (1.7708) lr 1.3681e-03 eta 0:09:07
epoch [21/50] batch [20/72] loss -30.3281 (-31.3352) acc 1.5625 (1.6406) lr 1.3681e-03 eta 0:08:17
epoch [21/50] batch [25/72] loss -31.6406 (-31.0663) acc 1.5625 (2.0625) lr 1.3681e-03 eta 0:07:52
epoch [21/50] batch [30/72] loss -36.5312 (-31.6375) acc 4.6875 (2.0833) lr 1.3681e-03 eta 0:07:28
epoch [21/50] batch [35/72] loss -38.6875 (-32.0170) acc 3.1250 (2.3661) lr 1.3681e-03 eta 0:07:25
epoch [21/50] batch [40/72] loss -30.3281 (-31.7996) acc 4.6875 (2.3438) lr 1.3681e-03 eta 0:07:14
epoch [21/50] batch [45/72] loss -32.5000 (-31.6163) acc 0.0000 (2.3958) lr 1.3681e-03 eta 0:07:10
epoch [21/50] batch [50/72] loss -25.4219 (-31.2178) acc 0.0000 (2.3750) lr 1.3681e-03 eta 0:07:07
epoch [21/50] batch [55/72] loss -30.9219 (-31.3094) acc 7.8125 (2.5284) lr 1.3681e-03 eta 0:07:05
epoch [21/50] batch [60/72] loss -26.4531 (-31.2581) acc 4.6875 (2.4740) lr 1.3681e-03 eta 0:06:56
epoch [21/50] batch [65/72] loss -32.2500 (-31.2820) acc 1.5625 (2.4038) lr 1.3681e-03 eta 0:06:43
epoch [21/50] batch [70/72] loss -29.2500 (-31.2391) acc 3.1250 (2.4107) lr 1.3681e-03 eta 0:06:32
epoch [22/50] batch [5/72] loss -30.6250 (-29.0000) acc 0.0000 (2.1875) lr 1.3090e-03 eta 0:13:44
epoch [22/50] batch [10/72] loss -25.1875 (-29.9906) acc 3.1250 (2.3438) lr 1.3090e-03 eta 0:10:44
epoch [22/50] batch [15/72] loss -30.7031 (-30.1031) acc 4.6875 (2.1875) lr 1.3090e-03 eta 0:09:14
epoch [22/50] batch [20/72] loss -29.8594 (-31.0289) acc 0.0000 (2.0312) lr 1.3090e-03 eta 0:08:18
epoch [22/50] batch [25/72] loss -34.7500 (-31.2819) acc 3.1250 (2.3125) lr 1.3090e-03 eta 0:07:53
epoch [22/50] batch [30/72] loss -33.5000 (-31.6552) acc 1.5625 (2.1875) lr 1.3090e-03 eta 0:07:36
epoch [22/50] batch [35/72] loss -39.4688 (-31.6661) acc 0.0000 (2.2321) lr 1.3090e-03 eta 0:07:39
epoch [22/50] batch [40/72] loss -30.2969 (-31.7629) acc 3.1250 (2.4219) lr 1.3090e-03 eta 0:07:40
epoch [22/50] batch [45/72] loss -27.6875 (-31.4743) acc 1.5625 (2.2917) lr 1.3090e-03 eta 0:07:38
epoch [22/50] batch [50/72] loss -31.4375 (-31.4184) acc 1.5625 (2.2500) lr 1.3090e-03 eta 0:07:33
epoch [22/50] batch [55/72] loss -27.8906 (-31.2841) acc 6.2500 (2.2727) lr 1.3090e-03 eta 0:07:27
epoch [22/50] batch [60/72] loss -28.5000 (-31.4849) acc 6.2500 (2.2396) lr 1.3090e-03 eta 0:07:18
epoch [22/50] batch [65/72] loss -25.9062 (-31.4409) acc 4.6875 (2.1635) lr 1.3090e-03 eta 0:07:07
epoch [22/50] batch [70/72] loss -30.4531 (-31.3196) acc 1.5625 (2.0536) lr 1.3090e-03 eta 0:06:56
epoch [23/50] batch [5/72] loss -29.9531 (-30.7031) acc 0.0000 (2.8125) lr 1.2487e-03 eta 0:13:32
epoch [23/50] batch [10/72] loss -23.3438 (-31.3844) acc 1.5625 (2.8125) lr 1.2487e-03 eta 0:09:50
epoch [23/50] batch [15/72] loss -30.4375 (-31.0927) acc 0.0000 (2.7083) lr 1.2487e-03 eta 0:08:28
epoch [23/50] batch [20/72] loss -31.3281 (-30.0281) acc 1.5625 (2.3438) lr 1.2487e-03 eta 0:08:01
epoch [23/50] batch [25/72] loss -31.3281 (-29.9625) acc 4.6875 (2.1875) lr 1.2487e-03 eta 0:07:30
epoch [23/50] batch [30/72] loss -37.0312 (-30.5734) acc 3.1250 (2.5521) lr 1.2487e-03 eta 0:07:19
epoch [23/50] batch [35/72] loss -33.3438 (-30.8643) acc 4.6875 (2.6339) lr 1.2487e-03 eta 0:07:12
epoch [23/50] batch [40/72] loss -29.7500 (-30.7992) acc 0.0000 (2.6953) lr 1.2487e-03 eta 0:07:06
epoch [23/50] batch [45/72] loss -31.7812 (-30.9792) acc 0.0000 (2.6736) lr 1.2487e-03 eta 0:07:00
epoch [23/50] batch [50/72] loss -34.0938 (-31.1241) acc 0.0000 (2.5938) lr 1.2487e-03 eta 0:06:56
epoch [23/50] batch [55/72] loss -27.8281 (-31.3239) acc 3.1250 (2.5568) lr 1.2487e-03 eta 0:06:51
epoch [23/50] batch [60/72] loss -28.6250 (-31.3755) acc 4.6875 (2.5260) lr 1.2487e-03 eta 0:06:45
epoch [23/50] batch [65/72] loss -40.3125 (-31.4192) acc 1.5625 (2.3798) lr 1.2487e-03 eta 0:06:37
epoch [23/50] batch [70/72] loss -34.5000 (-31.5225) acc 3.1250 (2.3214) lr 1.2487e-03 eta 0:06:26
epoch [24/50] batch [5/72] loss -31.6406 (-30.2156) acc 3.1250 (3.4375) lr 1.1874e-03 eta 0:12:07
epoch [24/50] batch [10/72] loss -31.8438 (-29.6203) acc 4.6875 (2.5000) lr 1.1874e-03 eta 0:09:02
epoch [24/50] batch [15/72] loss -40.6562 (-31.0917) acc 3.1250 (2.5000) lr 1.1874e-03 eta 0:07:56
epoch [24/50] batch [20/72] loss -39.2188 (-31.1367) acc 0.0000 (2.1875) lr 1.1874e-03 eta 0:07:09
epoch [24/50] batch [25/72] loss -26.8750 (-30.6900) acc 4.6875 (2.3125) lr 1.1874e-03 eta 0:06:54
epoch [24/50] batch [30/72] loss -38.0625 (-30.8276) acc 4.6875 (2.4479) lr 1.1874e-03 eta 0:06:33
epoch [24/50] batch [35/72] loss -31.1719 (-30.8826) acc 7.8125 (2.8125) lr 1.1874e-03 eta 0:06:12
epoch [24/50] batch [40/72] loss -27.2188 (-31.1277) acc 1.5625 (2.7344) lr 1.1874e-03 eta 0:06:04
epoch [24/50] batch [45/72] loss -36.8438 (-31.3649) acc 0.0000 (2.7431) lr 1.1874e-03 eta 0:06:02
epoch [24/50] batch [50/72] loss -23.6250 (-31.3975) acc 1.5625 (2.5625) lr 1.1874e-03 eta 0:06:06
epoch [24/50] batch [55/72] loss -30.4062 (-31.6045) acc 0.0000 (2.4432) lr 1.1874e-03 eta 0:06:05
epoch [24/50] batch [60/72] loss -37.0000 (-31.6859) acc 0.0000 (2.3177) lr 1.1874e-03 eta 0:05:56
epoch [24/50] batch [65/72] loss -26.3906 (-31.5519) acc 6.2500 (2.4038) lr 1.1874e-03 eta 0:05:47
epoch [24/50] batch [70/72] loss -34.2812 (-31.6000) acc 6.2500 (2.4330) lr 1.1874e-03 eta 0:05:39
epoch [25/50] batch [5/72] loss -28.4844 (-32.4531) acc 3.1250 (1.8750) lr 1.1253e-03 eta 0:13:22
epoch [25/50] batch [10/72] loss -31.8750 (-33.0562) acc 4.6875 (1.8750) lr 1.1253e-03 eta 0:09:51
epoch [25/50] batch [15/72] loss -35.0938 (-32.8583) acc 4.6875 (2.6042) lr 1.1253e-03 eta 0:08:36
epoch [25/50] batch [20/72] loss -37.1562 (-32.9070) acc 3.1250 (2.5000) lr 1.1253e-03 eta 0:07:59
epoch [25/50] batch [25/72] loss -27.6719 (-32.0575) acc 4.6875 (2.3750) lr 1.1253e-03 eta 0:07:22
epoch [25/50] batch [30/72] loss -35.0938 (-31.9703) acc 0.0000 (2.2917) lr 1.1253e-03 eta 0:07:08
epoch [25/50] batch [35/72] loss -35.5000 (-32.3621) acc 1.5625 (2.3214) lr 1.1253e-03 eta 0:06:53
epoch [25/50] batch [40/72] loss -27.8438 (-31.9187) acc 3.1250 (2.3047) lr 1.1253e-03 eta 0:06:42
epoch [25/50] batch [45/72] loss -22.6406 (-31.3330) acc 4.6875 (2.3264) lr 1.1253e-03 eta 0:06:35
epoch [25/50] batch [50/72] loss -28.0469 (-31.6412) acc 3.1250 (2.4375) lr 1.1253e-03 eta 0:06:34
epoch [25/50] batch [55/72] loss -27.8906 (-31.4401) acc 6.2500 (2.4716) lr 1.1253e-03 eta 0:06:34
epoch [25/50] batch [60/72] loss -32.9688 (-31.5490) acc 0.0000 (2.3958) lr 1.1253e-03 eta 0:06:27
epoch [25/50] batch [65/72] loss -37.6875 (-31.6656) acc 1.5625 (2.3798) lr 1.1253e-03 eta 0:06:18
epoch [25/50] batch [70/72] loss -25.7031 (-31.4446) acc 0.0000 (2.2991) lr 1.1253e-03 eta 0:06:05
epoch [26/50] batch [5/72] loss -32.3125 (-30.1656) acc 1.5625 (1.8750) lr 1.0628e-03 eta 0:13:06
epoch [26/50] batch [10/72] loss -32.3125 (-31.7563) acc 4.6875 (2.0312) lr 1.0628e-03 eta 0:09:46
epoch [26/50] batch [15/72] loss -41.6875 (-32.3292) acc 0.0000 (2.3958) lr 1.0628e-03 eta 0:08:42
epoch [26/50] batch [20/72] loss -31.5625 (-31.2461) acc 3.1250 (2.3438) lr 1.0628e-03 eta 0:08:09
epoch [26/50] batch [25/72] loss -31.5781 (-31.6112) acc 3.1250 (2.5000) lr 1.0628e-03 eta 0:07:25
epoch [26/50] batch [30/72] loss -27.0312 (-31.5016) acc 0.0000 (2.6562) lr 1.0628e-03 eta 0:07:05
epoch [26/50] batch [35/72] loss -22.3438 (-31.4674) acc 0.0000 (2.8125) lr 1.0628e-03 eta 0:06:55
epoch [26/50] batch [40/72] loss -25.8125 (-31.2551) acc 3.1250 (2.6953) lr 1.0628e-03 eta 0:06:51
epoch [26/50] batch [45/72] loss -37.9688 (-31.6226) acc 0.0000 (2.6736) lr 1.0628e-03 eta 0:06:43
epoch [26/50] batch [50/72] loss -37.5312 (-31.8259) acc 3.1250 (2.7500) lr 1.0628e-03 eta 0:06:38
epoch [26/50] batch [55/72] loss -35.6875 (-31.7582) acc 1.5625 (2.7841) lr 1.0628e-03 eta 0:06:33
epoch [26/50] batch [60/72] loss -26.6250 (-31.4763) acc 1.5625 (2.8125) lr 1.0628e-03 eta 0:06:24
epoch [26/50] batch [65/72] loss -29.8594 (-31.4875) acc 0.0000 (2.6923) lr 1.0628e-03 eta 0:06:13
epoch [26/50] batch [70/72] loss -30.6875 (-31.3183) acc 0.0000 (2.7455) lr 1.0628e-03 eta 0:06:01
epoch [27/50] batch [5/72] loss -27.3125 (-28.8781) acc 1.5625 (3.1250) lr 1.0000e-03 eta 0:11:46
epoch [27/50] batch [10/72] loss -34.4375 (-30.0562) acc 6.2500 (3.7500) lr 1.0000e-03 eta 0:08:24
epoch [27/50] batch [15/72] loss -23.3281 (-29.2219) acc 0.0000 (3.2292) lr 1.0000e-03 eta 0:07:31
epoch [27/50] batch [20/72] loss -28.1094 (-29.8281) acc 0.0000 (2.6562) lr 1.0000e-03 eta 0:07:02
epoch [27/50] batch [25/72] loss -38.5312 (-30.8337) acc 1.5625 (2.4375) lr 1.0000e-03 eta 0:06:47
epoch [27/50] batch [30/72] loss -30.1250 (-30.9812) acc 0.0000 (2.2917) lr 1.0000e-03 eta 0:06:28
epoch [27/50] batch [35/72] loss -34.7188 (-31.5348) acc 0.0000 (2.1875) lr 1.0000e-03 eta 0:06:13
epoch [27/50] batch [40/72] loss -29.5469 (-31.2375) acc 1.5625 (2.1094) lr 1.0000e-03 eta 0:06:12
epoch [27/50] batch [45/72] loss -32.8125 (-31.2889) acc 0.0000 (1.9444) lr 1.0000e-03 eta 0:06:07
epoch [27/50] batch [50/72] loss -29.3750 (-31.4247) acc 1.5625 (2.0312) lr 1.0000e-03 eta 0:05:58
epoch [27/50] batch [55/72] loss -29.6094 (-31.3534) acc 0.0000 (1.9602) lr 1.0000e-03 eta 0:05:57
epoch [27/50] batch [60/72] loss -23.5469 (-31.1815) acc 3.1250 (2.1094) lr 1.0000e-03 eta 0:05:50
epoch [27/50] batch [65/72] loss -27.3281 (-31.0269) acc 1.5625 (2.0433) lr 1.0000e-03 eta 0:05:38
epoch [27/50] batch [70/72] loss -32.2188 (-31.2728) acc 3.1250 (2.0982) lr 1.0000e-03 eta 0:05:29
epoch [28/50] batch [5/72] loss -35.2812 (-32.1313) acc 0.0000 (0.9375) lr 9.3721e-04 eta 0:09:15
epoch [28/50] batch [10/72] loss -21.3281 (-30.6031) acc 0.0000 (0.9375) lr 9.3721e-04 eta 0:06:47
epoch [28/50] batch [15/72] loss -32.2188 (-30.4052) acc 1.5625 (1.2500) lr 9.3721e-04 eta 0:06:26
epoch [28/50] batch [20/72] loss -28.2969 (-30.6656) acc 0.0000 (1.3281) lr 9.3721e-04 eta 0:06:17
epoch [28/50] batch [25/72] loss -29.7656 (-31.2406) acc 1.5625 (1.7500) lr 9.3721e-04 eta 0:06:05
epoch [28/50] batch [30/72] loss -33.6250 (-30.9385) acc 3.1250 (1.9271) lr 9.3721e-04 eta 0:05:54
epoch [28/50] batch [35/72] loss -38.7812 (-30.8210) acc 3.1250 (2.1429) lr 9.3721e-04 eta 0:05:46
epoch [28/50] batch [40/72] loss -29.3594 (-30.8262) acc 1.5625 (2.1094) lr 9.3721e-04 eta 0:05:45
epoch [28/50] batch [45/72] loss -30.9219 (-31.0347) acc 0.0000 (2.1181) lr 9.3721e-04 eta 0:05:44
epoch [28/50] batch [50/72] loss -32.9062 (-31.4931) acc 4.6875 (2.1875) lr 9.3721e-04 eta 0:05:35
epoch [28/50] batch [55/72] loss -33.3750 (-31.5278) acc 3.1250 (2.3295) lr 9.3721e-04 eta 0:05:33
epoch [28/50] batch [60/72] loss -27.2188 (-31.2844) acc 3.1250 (2.3698) lr 9.3721e-04 eta 0:05:25
epoch [28/50] batch [65/72] loss -28.3438 (-31.1599) acc 0.0000 (2.2596) lr 9.3721e-04 eta 0:05:14
epoch [28/50] batch [70/72] loss -26.3750 (-31.1027) acc 3.1250 (2.1875) lr 9.3721e-04 eta 0:05:05
epoch [29/50] batch [5/72] loss -28.8750 (-28.4531) acc 3.1250 (2.5000) lr 8.7467e-04 eta 0:09:42
epoch [29/50] batch [10/72] loss -31.0312 (-30.4969) acc 3.1250 (2.8125) lr 8.7467e-04 eta 0:07:18
epoch [29/50] batch [15/72] loss -34.4062 (-30.2604) acc 0.0000 (2.3958) lr 8.7467e-04 eta 0:06:33
epoch [29/50] batch [20/72] loss -34.8125 (-31.0906) acc 3.1250 (2.2656) lr 8.7467e-04 eta 0:06:10
epoch [29/50] batch [25/72] loss -24.6406 (-30.9456) acc 3.1250 (2.1875) lr 8.7467e-04 eta 0:06:02
epoch [29/50] batch [30/72] loss -30.5781 (-30.3823) acc 1.5625 (2.2917) lr 8.7467e-04 eta 0:05:49
epoch [29/50] batch [35/72] loss -32.5625 (-30.5804) acc 3.1250 (2.5446) lr 8.7467e-04 eta 0:05:41
epoch [29/50] batch [40/72] loss -33.5000 (-31.0766) acc 3.1250 (2.4609) lr 8.7467e-04 eta 0:05:30
epoch [29/50] batch [45/72] loss -32.6562 (-31.0628) acc 1.5625 (2.4306) lr 8.7467e-04 eta 0:05:19
epoch [29/50] batch [50/72] loss -31.9531 (-31.2447) acc 4.6875 (2.5000) lr 8.7467e-04 eta 0:05:12
epoch [29/50] batch [55/72] loss -29.0469 (-31.3094) acc 3.1250 (2.4432) lr 8.7467e-04 eta 0:05:11
epoch [29/50] batch [60/72] loss -31.6562 (-31.4026) acc 4.6875 (2.6562) lr 8.7467e-04 eta 0:05:10
epoch [29/50] batch [65/72] loss -31.9844 (-31.5075) acc 1.5625 (2.6923) lr 8.7467e-04 eta 0:05:05
epoch [29/50] batch [70/72] loss -25.8438 (-31.5027) acc 3.1250 (2.6786) lr 8.7467e-04 eta 0:04:55
epoch [30/50] batch [5/72] loss -32.8750 (-29.4312) acc 1.5625 (2.8125) lr 8.1262e-04 eta 0:10:18
epoch [30/50] batch [10/72] loss -24.5625 (-29.7281) acc 1.5625 (2.0312) lr 8.1262e-04 eta 0:07:25
epoch [30/50] batch [15/72] loss -29.1406 (-30.4229) acc 3.1250 (2.7083) lr 8.1262e-04 eta 0:06:37
epoch [30/50] batch [20/72] loss -22.8438 (-30.3164) acc 3.1250 (3.2031) lr 8.1262e-04 eta 0:06:04
epoch [30/50] batch [25/72] loss -28.7500 (-30.8144) acc 0.0000 (2.9375) lr 8.1262e-04 eta 0:05:55
epoch [30/50] batch [30/72] loss -32.5000 (-30.7964) acc 1.5625 (2.8646) lr 8.1262e-04 eta 0:05:42
epoch [30/50] batch [35/72] loss -38.5000 (-31.3790) acc 0.0000 (2.9018) lr 8.1262e-04 eta 0:05:37
epoch [30/50] batch [40/72] loss -29.1562 (-31.5000) acc 3.1250 (2.8516) lr 8.1262e-04 eta 0:05:35
epoch [30/50] batch [45/72] loss -31.3906 (-31.2840) acc 1.5625 (2.8472) lr 8.1262e-04 eta 0:05:29
epoch [30/50] batch [50/72] loss -30.6094 (-31.1969) acc 3.1250 (2.7500) lr 8.1262e-04 eta 0:05:25
epoch [30/50] batch [55/72] loss -28.3281 (-31.1364) acc 0.0000 (2.6420) lr 8.1262e-04 eta 0:05:24
epoch [30/50] batch [60/72] loss -28.8750 (-31.2042) acc 1.5625 (2.5000) lr 8.1262e-04 eta 0:05:16
epoch [30/50] batch [65/72] loss -31.0938 (-31.1774) acc 0.0000 (2.5000) lr 8.1262e-04 eta 0:05:05
epoch [30/50] batch [70/72] loss -36.8438 (-31.3176) acc 1.5625 (2.4777) lr 8.1262e-04 eta 0:04:56
epoch [31/50] batch [5/72] loss -30.9531 (-31.8031) acc 1.5625 (3.1250) lr 7.5131e-04 eta 0:10:05
epoch [31/50] batch [10/72] loss -36.5312 (-32.2422) acc 6.2500 (2.6562) lr 7.5131e-04 eta 0:07:05
epoch [31/50] batch [15/72] loss -27.7969 (-31.4802) acc 1.5625 (2.5000) lr 7.5131e-04 eta 0:05:53
epoch [31/50] batch [20/72] loss -33.5312 (-32.1617) acc 1.5625 (2.5781) lr 7.5131e-04 eta 0:05:44
epoch [31/50] batch [25/72] loss -27.7344 (-31.7919) acc 3.1250 (2.5000) lr 7.5131e-04 eta 0:05:28
epoch [31/50] batch [30/72] loss -35.3750 (-32.0927) acc 3.1250 (2.5521) lr 7.5131e-04 eta 0:05:20
epoch [31/50] batch [35/72] loss -31.5156 (-31.9946) acc 1.5625 (2.5446) lr 7.5131e-04 eta 0:05:17
epoch [31/50] batch [40/72] loss -33.2500 (-31.7762) acc 3.1250 (2.6172) lr 7.5131e-04 eta 0:05:09
epoch [31/50] batch [45/72] loss -28.2812 (-31.9319) acc 0.0000 (2.6389) lr 7.5131e-04 eta 0:05:04
epoch [31/50] batch [50/72] loss -27.7656 (-31.4647) acc 4.6875 (2.5938) lr 7.5131e-04 eta 0:05:02
epoch [31/50] batch [55/72] loss -29.4375 (-31.5241) acc 0.0000 (2.4716) lr 7.5131e-04 eta 0:04:58
epoch [31/50] batch [60/72] loss -32.1250 (-31.4661) acc 0.0000 (2.3698) lr 7.5131e-04 eta 0:04:52
epoch [31/50] batch [65/72] loss -30.5156 (-31.4531) acc 3.1250 (2.4519) lr 7.5131e-04 eta 0:04:42
epoch [31/50] batch [70/72] loss -27.5312 (-31.4471) acc 1.5625 (2.3884) lr 7.5131e-04 eta 0:04:34
epoch [32/50] batch [5/72] loss -37.0312 (-31.7625) acc 3.1250 (1.2500) lr 6.9098e-04 eta 0:09:10
epoch [32/50] batch [10/72] loss -21.0156 (-30.4875) acc 0.0000 (1.7188) lr 6.9098e-04 eta 0:06:47
epoch [32/50] batch [15/72] loss -25.2656 (-30.7198) acc 4.6875 (2.1875) lr 6.9098e-04 eta 0:05:56
epoch [32/50] batch [20/72] loss -29.7812 (-30.9516) acc 1.5625 (1.8750) lr 6.9098e-04 eta 0:05:26
epoch [32/50] batch [25/72] loss -27.9062 (-31.1494) acc 4.6875 (2.1250) lr 6.9098e-04 eta 0:05:05
epoch [32/50] batch [30/72] loss -27.5156 (-31.6042) acc 3.1250 (2.0833) lr 6.9098e-04 eta 0:04:55
epoch [32/50] batch [35/72] loss -28.0781 (-31.4277) acc 6.2500 (2.3661) lr 6.9098e-04 eta 0:04:51
epoch [32/50] batch [40/72] loss -23.8281 (-31.1820) acc 1.5625 (2.3438) lr 6.9098e-04 eta 0:04:47
epoch [32/50] batch [45/72] loss -33.7812 (-31.1427) acc 3.1250 (2.4306) lr 6.9098e-04 eta 0:04:47
epoch [32/50] batch [50/72] loss -26.9375 (-31.1553) acc 3.1250 (2.4688) lr 6.9098e-04 eta 0:04:46
epoch [32/50] batch [55/72] loss -25.6719 (-30.9767) acc 0.0000 (2.3580) lr 6.9098e-04 eta 0:04:49
epoch [32/50] batch [60/72] loss -39.4062 (-30.9836) acc 3.1250 (2.3438) lr 6.9098e-04 eta 0:04:41
epoch [32/50] batch [65/72] loss -26.7188 (-31.0188) acc 1.5625 (2.2356) lr 6.9098e-04 eta 0:04:33
epoch [32/50] batch [70/72] loss -28.9062 (-31.0214) acc 1.5625 (2.2098) lr 6.9098e-04 eta 0:04:24
epoch [33/50] batch [5/72] loss -25.3438 (-28.9625) acc 4.6875 (2.1875) lr 6.3188e-04 eta 0:08:05
epoch [33/50] batch [10/72] loss -28.9219 (-30.0719) acc 0.0000 (2.3438) lr 6.3188e-04 eta 0:06:05
epoch [33/50] batch [15/72] loss -33.4688 (-30.1792) acc 1.5625 (2.1875) lr 6.3188e-04 eta 0:05:21
epoch [33/50] batch [20/72] loss -33.2500 (-30.7711) acc 4.6875 (2.3438) lr 6.3188e-04 eta 0:04:57
epoch [33/50] batch [25/72] loss -33.7188 (-31.0900) acc 0.0000 (2.3750) lr 6.3188e-04 eta 0:04:46
epoch [33/50] batch [30/72] loss -33.6562 (-31.5490) acc 3.1250 (2.2917) lr 6.3188e-04 eta 0:04:36
epoch [33/50] batch [35/72] loss -33.5625 (-31.9312) acc 3.1250 (2.2768) lr 6.3188e-04 eta 0:04:29
epoch [33/50] batch [40/72] loss -31.8438 (-31.7254) acc 0.0000 (2.2266) lr 6.3188e-04 eta 0:04:29
epoch [33/50] batch [45/72] loss -40.5000 (-31.8674) acc 4.6875 (2.3611) lr 6.3188e-04 eta 0:04:24
epoch [33/50] batch [50/72] loss -28.5312 (-31.8278) acc 0.0000 (2.2188) lr 6.3188e-04 eta 0:04:18
epoch [33/50] batch [55/72] loss -26.1406 (-31.5131) acc 0.0000 (2.1307) lr 6.3188e-04 eta 0:04:10
epoch [33/50] batch [60/72] loss -28.3281 (-31.4633) acc 3.1250 (2.1615) lr 6.3188e-04 eta 0:04:07
epoch [33/50] batch [65/72] loss -29.9531 (-31.1680) acc 1.5625 (2.2356) lr 6.3188e-04 eta 0:04:08
epoch [33/50] batch [70/72] loss -32.5000 (-31.1339) acc 4.6875 (2.4554) lr 6.3188e-04 eta 0:04:04
epoch [34/50] batch [5/72] loss -29.8438 (-31.1375) acc 3.1250 (3.4375) lr 5.7422e-04 eta 0:07:36
epoch [34/50] batch [10/72] loss -29.1719 (-32.0750) acc 1.5625 (3.7500) lr 5.7422e-04 eta 0:05:46
epoch [34/50] batch [15/72] loss -32.2500 (-30.5677) acc 0.0000 (3.5417) lr 5.7422e-04 eta 0:05:08
epoch [34/50] batch [20/72] loss -37.1562 (-31.1438) acc 1.5625 (2.9688) lr 5.7422e-04 eta 0:04:35
epoch [34/50] batch [25/72] loss -26.7812 (-30.9981) acc 3.1250 (2.7500) lr 5.7422e-04 eta 0:04:30
epoch [34/50] batch [30/72] loss -35.2500 (-31.5167) acc 0.0000 (2.6562) lr 5.7422e-04 eta 0:04:19
epoch [34/50] batch [35/72] loss -33.3125 (-31.2955) acc 1.5625 (2.6786) lr 5.7422e-04 eta 0:04:12
epoch [34/50] batch [40/72] loss -31.0156 (-31.0082) acc 6.2500 (2.7344) lr 5.7422e-04 eta 0:04:10
epoch [34/50] batch [45/72] loss -25.1719 (-30.6299) acc 1.5625 (2.7083) lr 5.7422e-04 eta 0:04:10
epoch [34/50] batch [50/72] loss -36.1875 (-30.7731) acc 3.1250 (2.7500) lr 5.7422e-04 eta 0:04:07
epoch [34/50] batch [55/72] loss -39.5938 (-30.9591) acc 0.0000 (2.6420) lr 5.7422e-04 eta 0:03:58
epoch [34/50] batch [60/72] loss -29.5625 (-31.0674) acc 0.0000 (2.5260) lr 5.7422e-04 eta 0:03:53
epoch [34/50] batch [65/72] loss -32.0312 (-31.2452) acc 1.5625 (2.4038) lr 5.7422e-04 eta 0:03:42
epoch [34/50] batch [70/72] loss -28.8906 (-31.4511) acc 3.1250 (2.4107) lr 5.7422e-04 eta 0:03:33
epoch [35/50] batch [5/72] loss -33.0000 (-30.3500) acc 3.1250 (2.8125) lr 5.1825e-04 eta 0:04:16
epoch [35/50] batch [10/72] loss -26.1719 (-30.0016) acc 4.6875 (3.1250) lr 5.1825e-04 eta 0:03:07
epoch [35/50] batch [15/72] loss -26.9375 (-30.4344) acc 0.0000 (2.9167) lr 5.1825e-04 eta 0:02:46
epoch [35/50] batch [20/72] loss -30.6562 (-31.5875) acc 3.1250 (2.8906) lr 5.1825e-04 eta 0:02:55
epoch [35/50] batch [25/72] loss -30.1094 (-31.6294) acc 3.1250 (2.9375) lr 5.1825e-04 eta 0:03:05
epoch [35/50] batch [30/72] loss -30.2031 (-31.4120) acc 1.5625 (2.8125) lr 5.1825e-04 eta 0:03:11
epoch [35/50] batch [35/72] loss -31.4844 (-31.3603) acc 0.0000 (2.7679) lr 5.1825e-04 eta 0:03:12
epoch [35/50] batch [40/72] loss -29.8750 (-31.1687) acc 6.2500 (2.9297) lr 5.1825e-04 eta 0:03:13
epoch [35/50] batch [45/72] loss -28.5312 (-30.9611) acc 3.1250 (2.9167) lr 5.1825e-04 eta 0:03:14
epoch [35/50] batch [50/72] loss -25.7344 (-30.7425) acc 6.2500 (2.9375) lr 5.1825e-04 eta 0:03:13
epoch [35/50] batch [55/72] loss -30.5781 (-30.9364) acc 0.0000 (2.7841) lr 5.1825e-04 eta 0:03:11
epoch [35/50] batch [60/72] loss -30.5625 (-30.9299) acc 3.1250 (2.7865) lr 5.1825e-04 eta 0:03:06
epoch [35/50] batch [65/72] loss -35.4688 (-30.9005) acc 3.1250 (2.6683) lr 5.1825e-04 eta 0:03:02
epoch [35/50] batch [70/72] loss -28.2188 (-30.9194) acc 3.1250 (2.5670) lr 5.1825e-04 eta 0:02:57
epoch [36/50] batch [5/72] loss -26.4531 (-31.5844) acc 6.2500 (4.3750) lr 4.6417e-04 eta 0:06:33
epoch [36/50] batch [10/72] loss -27.6094 (-31.1438) acc 3.1250 (3.1250) lr 4.6417e-04 eta 0:04:58
epoch [36/50] batch [15/72] loss -28.5156 (-30.2146) acc 7.8125 (3.4375) lr 4.6417e-04 eta 0:04:25
epoch [36/50] batch [20/72] loss -27.8438 (-30.0898) acc 3.1250 (3.3594) lr 4.6417e-04 eta 0:04:08
epoch [36/50] batch [25/72] loss -32.8125 (-30.3531) acc 1.5625 (3.3125) lr 4.6417e-04 eta 0:03:50
epoch [36/50] batch [30/72] loss -31.9062 (-30.3531) acc 3.1250 (3.1250) lr 4.6417e-04 eta 0:03:40
epoch [36/50] batch [35/72] loss -27.3750 (-30.3214) acc 1.5625 (3.1250) lr 4.6417e-04 eta 0:03:35
epoch [36/50] batch [40/72] loss -24.4219 (-30.0996) acc 1.5625 (2.9297) lr 4.6417e-04 eta 0:03:27
epoch [36/50] batch [45/72] loss -23.4531 (-30.0903) acc 1.5625 (2.7431) lr 4.6417e-04 eta 0:03:20
epoch [36/50] batch [50/72] loss -33.3438 (-30.6566) acc 0.0000 (2.6250) lr 4.6417e-04 eta 0:03:16
epoch [36/50] batch [55/72] loss -35.2500 (-30.5355) acc 0.0000 (2.5000) lr 4.6417e-04 eta 0:03:14
epoch [36/50] batch [60/72] loss -31.0000 (-30.5167) acc 3.1250 (2.4740) lr 4.6417e-04 eta 0:03:09
epoch [36/50] batch [65/72] loss -26.6875 (-30.5531) acc 3.1250 (2.5000) lr 4.6417e-04 eta 0:03:04
epoch [36/50] batch [70/72] loss -25.6719 (-30.7158) acc 1.5625 (2.5223) lr 4.6417e-04 eta 0:02:59
epoch [37/50] batch [5/72] loss -30.5781 (-29.1875) acc 1.5625 (3.1250) lr 4.1221e-04 eta 0:06:17
epoch [37/50] batch [10/72] loss -30.5000 (-29.9141) acc 1.5625 (2.5000) lr 4.1221e-04 eta 0:04:48
epoch [37/50] batch [15/72] loss -38.9688 (-31.0385) acc 1.5625 (2.1875) lr 4.1221e-04 eta 0:04:19
epoch [37/50] batch [20/72] loss -37.0312 (-31.9102) acc 6.2500 (2.5781) lr 4.1221e-04 eta 0:03:59
epoch [37/50] batch [25/72] loss -32.0312 (-31.2769) acc 1.5625 (2.6875) lr 4.1221e-04 eta 0:03:45
epoch [37/50] batch [30/72] loss -37.0938 (-31.9229) acc 1.5625 (2.6562) lr 4.1221e-04 eta 0:03:37
epoch [37/50] batch [35/72] loss -31.2344 (-31.5518) acc 3.1250 (2.6339) lr 4.1221e-04 eta 0:03:30
epoch [37/50] batch [40/72] loss -32.7500 (-31.5957) acc 6.2500 (2.6172) lr 4.1221e-04 eta 0:03:20
epoch [37/50] batch [45/72] loss -30.3906 (-31.6719) acc 3.1250 (2.6736) lr 4.1221e-04 eta 0:03:19
epoch [37/50] batch [50/72] loss -31.1094 (-31.5872) acc 1.5625 (2.7500) lr 4.1221e-04 eta 0:03:17
epoch [37/50] batch [55/72] loss -30.0000 (-31.7804) acc 1.5625 (2.7273) lr 4.1221e-04 eta 0:03:14
epoch [37/50] batch [60/72] loss -23.7344 (-31.5164) acc 6.2500 (2.7344) lr 4.1221e-04 eta 0:03:10
epoch [37/50] batch [65/72] loss -29.6562 (-31.6300) acc 0.0000 (2.6683) lr 4.1221e-04 eta 0:03:03
epoch [37/50] batch [70/72] loss -29.4688 (-31.5719) acc 3.1250 (2.6562) lr 4.1221e-04 eta 0:02:58
epoch [38/50] batch [5/72] loss -27.2812 (-30.1156) acc 1.5625 (4.0625) lr 3.6258e-04 eta 0:05:03
epoch [38/50] batch [10/72] loss -27.2344 (-30.2516) acc 3.1250 (3.2812) lr 3.6258e-04 eta 0:03:55
epoch [38/50] batch [15/72] loss -34.7500 (-31.7312) acc 1.5625 (3.1250) lr 3.6258e-04 eta 0:03:33
epoch [38/50] batch [20/72] loss -30.8438 (-31.5883) acc 0.0000 (2.7344) lr 3.6258e-04 eta 0:03:24
epoch [38/50] batch [25/72] loss -33.5625 (-31.6056) acc 1.5625 (2.8125) lr 3.6258e-04 eta 0:03:12
epoch [38/50] batch [30/72] loss -30.7031 (-31.3875) acc 0.0000 (2.6042) lr 3.6258e-04 eta 0:03:09
epoch [38/50] batch [35/72] loss -31.1094 (-31.0446) acc 6.2500 (2.7232) lr 3.6258e-04 eta 0:03:04
epoch [38/50] batch [40/72] loss -31.5625 (-30.9750) acc 1.5625 (2.6172) lr 3.6258e-04 eta 0:02:59
epoch [38/50] batch [45/72] loss -34.2188 (-31.4444) acc 0.0000 (2.5000) lr 3.6258e-04 eta 0:02:57
epoch [38/50] batch [50/72] loss -31.6094 (-31.3772) acc 3.1250 (2.4688) lr 3.6258e-04 eta 0:02:56
epoch [38/50] batch [55/72] loss -31.7031 (-31.5506) acc 3.1250 (2.4716) lr 3.6258e-04 eta 0:02:55
epoch [38/50] batch [60/72] loss -36.1875 (-31.5693) acc 0.0000 (2.3698) lr 3.6258e-04 eta 0:02:51
epoch [38/50] batch [65/72] loss -29.4688 (-31.2906) acc 1.5625 (2.3317) lr 3.6258e-04 eta 0:02:45
epoch [38/50] batch [70/72] loss -33.9688 (-31.2810) acc 1.5625 (2.3214) lr 3.6258e-04 eta 0:02:40
epoch [39/50] batch [5/72] loss -38.3125 (-31.0594) acc 1.5625 (1.5625) lr 3.1545e-04 eta 0:05:20
epoch [39/50] batch [10/72] loss -32.7500 (-31.0344) acc 6.2500 (2.5000) lr 3.1545e-04 eta 0:04:08
epoch [39/50] batch [15/72] loss -29.8438 (-30.6240) acc 3.1250 (2.2917) lr 3.1545e-04 eta 0:03:30
epoch [39/50] batch [20/72] loss -27.6562 (-30.3547) acc 1.5625 (2.1875) lr 3.1545e-04 eta 0:03:12
epoch [39/50] batch [25/72] loss -32.7500 (-30.0587) acc 1.5625 (2.0625) lr 3.1545e-04 eta 0:03:01
epoch [39/50] batch [30/72] loss -36.2812 (-30.2755) acc 3.1250 (2.1354) lr 3.1545e-04 eta 0:02:54
epoch [39/50] batch [35/72] loss -35.1562 (-30.7478) acc 3.1250 (2.1875) lr 3.1545e-04 eta 0:02:49
epoch [39/50] batch [40/72] loss -29.2969 (-30.5895) acc 3.1250 (2.2266) lr 3.1545e-04 eta 0:02:45
epoch [39/50] batch [45/72] loss -38.1562 (-31.1587) acc 1.5625 (2.3958) lr 3.1545e-04 eta 0:02:41
epoch [39/50] batch [50/72] loss -22.8906 (-30.8966) acc 3.1250 (2.3438) lr 3.1545e-04 eta 0:02:40
epoch [39/50] batch [55/72] loss -25.7344 (-30.7250) acc 6.2500 (2.3864) lr 3.1545e-04 eta 0:02:36
epoch [39/50] batch [60/72] loss -27.8281 (-30.8346) acc 3.1250 (2.3958) lr 3.1545e-04 eta 0:02:31
epoch [39/50] batch [65/72] loss -27.2656 (-31.1409) acc 0.0000 (2.3798) lr 3.1545e-04 eta 0:02:27
epoch [39/50] batch [70/72] loss -26.4844 (-30.9355) acc 3.1250 (2.3661) lr 3.1545e-04 eta 0:02:23
epoch [40/50] batch [5/72] loss -28.4062 (-32.1250) acc 1.5625 (1.5625) lr 2.7103e-04 eta 0:04:58
epoch [40/50] batch [10/72] loss -30.7031 (-30.7078) acc 0.0000 (1.5625) lr 2.7103e-04 eta 0:03:29
epoch [40/50] batch [15/72] loss -30.5469 (-31.1687) acc 3.1250 (1.6667) lr 2.7103e-04 eta 0:02:58
epoch [40/50] batch [20/72] loss -23.9219 (-30.4578) acc 1.5625 (1.7188) lr 2.7103e-04 eta 0:02:46
epoch [40/50] batch [25/72] loss -27.2031 (-30.8300) acc 4.6875 (1.8750) lr 2.7103e-04 eta 0:02:33
epoch [40/50] batch [30/72] loss -30.3750 (-31.1870) acc 4.6875 (2.0312) lr 2.7103e-04 eta 0:02:26
epoch [40/50] batch [35/72] loss -29.1406 (-30.9946) acc 4.6875 (2.0536) lr 2.7103e-04 eta 0:02:24
epoch [40/50] batch [40/72] loss -25.8750 (-30.7211) acc 1.5625 (1.9922) lr 2.7103e-04 eta 0:02:22
epoch [40/50] batch [45/72] loss -32.1875 (-30.8260) acc 6.2500 (2.2569) lr 2.7103e-04 eta 0:02:18
epoch [40/50] batch [50/72] loss -34.6875 (-30.9941) acc 4.6875 (2.3125) lr 2.7103e-04 eta 0:02:15
epoch [40/50] batch [55/72] loss -32.4062 (-30.8906) acc 1.5625 (2.3011) lr 2.7103e-04 eta 0:02:15
epoch [40/50] batch [60/72] loss -32.7188 (-31.0385) acc 0.0000 (2.2135) lr 2.7103e-04 eta 0:02:11
epoch [40/50] batch [65/72] loss -31.2188 (-31.0151) acc 1.5625 (2.1635) lr 2.7103e-04 eta 0:02:08
epoch [40/50] batch [70/72] loss -37.6250 (-31.1946) acc 3.1250 (2.1429) lr 2.7103e-04 eta 0:02:05
epoch [41/50] batch [5/72] loss -28.7656 (-32.7281) acc 0.0000 (1.2500) lr 2.2949e-04 eta 0:04:59
epoch [41/50] batch [10/72] loss -35.4375 (-32.1625) acc 4.6875 (2.0312) lr 2.2949e-04 eta 0:03:32
epoch [41/50] batch [15/72] loss -30.9062 (-31.9104) acc 4.6875 (2.1875) lr 2.2949e-04 eta 0:03:01
epoch [41/50] batch [20/72] loss -38.0625 (-31.9180) acc 4.6875 (2.2656) lr 2.2949e-04 eta 0:02:45
epoch [41/50] batch [25/72] loss -30.9844 (-32.0150) acc 1.5625 (2.3750) lr 2.2949e-04 eta 0:02:36
epoch [41/50] batch [30/72] loss -31.7344 (-32.1927) acc 3.1250 (2.2917) lr 2.2949e-04 eta 0:02:27
epoch [41/50] batch [35/72] loss -26.3906 (-31.9228) acc 0.0000 (2.2321) lr 2.2949e-04 eta 0:02:17
epoch [41/50] batch [40/72] loss -31.5156 (-31.7883) acc 1.5625 (2.2266) lr 2.2949e-04 eta 0:02:15
epoch [41/50] batch [45/72] loss -22.7656 (-31.3785) acc 0.0000 (2.2222) lr 2.2949e-04 eta 0:02:15
epoch [41/50] batch [50/72] loss -36.7500 (-31.2875) acc 3.1250 (2.2812) lr 2.2949e-04 eta 0:02:12
epoch [41/50] batch [55/72] loss -38.4062 (-31.4821) acc 1.5625 (2.2727) lr 2.2949e-04 eta 0:02:10
epoch [41/50] batch [60/72] loss -34.8750 (-31.4815) acc 3.1250 (2.4219) lr 2.2949e-04 eta 0:02:06
epoch [41/50] batch [65/72] loss -32.2500 (-31.4438) acc 1.5625 (2.4038) lr 2.2949e-04 eta 0:02:02
epoch [41/50] batch [70/72] loss -26.2969 (-31.4522) acc 4.6875 (2.3884) lr 2.2949e-04 eta 0:01:59
epoch [42/50] batch [5/72] loss -30.1719 (-30.4875) acc 0.0000 (2.5000) lr 1.9098e-04 eta 0:04:14
epoch [42/50] batch [10/72] loss -25.9375 (-30.0297) acc 4.6875 (2.3438) lr 1.9098e-04 eta 0:03:08
epoch [42/50] batch [15/72] loss -29.3438 (-30.1021) acc 1.5625 (2.0833) lr 1.9098e-04 eta 0:02:52
epoch [42/50] batch [20/72] loss -32.5000 (-30.0703) acc 4.6875 (2.3438) lr 1.9098e-04 eta 0:02:35
epoch [42/50] batch [25/72] loss -35.0312 (-30.7237) acc 0.0000 (2.0625) lr 1.9098e-04 eta 0:02:24
epoch [42/50] batch [30/72] loss -27.7344 (-30.3448) acc 0.0000 (1.9271) lr 1.9098e-04 eta 0:02:16
epoch [42/50] batch [35/72] loss -31.0781 (-30.3451) acc 0.0000 (1.8750) lr 1.9098e-04 eta 0:02:12
epoch [42/50] batch [40/72] loss -31.2656 (-30.5207) acc 6.2500 (2.1484) lr 1.9098e-04 eta 0:02:10
epoch [42/50] batch [45/72] loss -31.7188 (-30.3233) acc 0.0000 (2.1875) lr 1.9098e-04 eta 0:02:06
epoch [42/50] batch [50/72] loss -26.3438 (-30.4600) acc 1.5625 (2.1250) lr 1.9098e-04 eta 0:02:02
epoch [42/50] batch [55/72] loss -30.4062 (-30.9937) acc 3.1250 (2.1023) lr 1.9098e-04 eta 0:02:00
epoch [42/50] batch [60/72] loss -28.5469 (-30.8805) acc 4.6875 (2.0833) lr 1.9098e-04 eta 0:01:56
epoch [42/50] batch [65/72] loss -32.3750 (-30.9132) acc 1.5625 (2.1154) lr 1.9098e-04 eta 0:01:52
epoch [42/50] batch [70/72] loss -27.6406 (-30.8071) acc 1.5625 (2.0759) lr 1.9098e-04 eta 0:01:48
epoch [43/50] batch [5/72] loss -25.2969 (-28.9375) acc 1.5625 (0.6250) lr 1.5567e-04 eta 0:03:41
epoch [43/50] batch [10/72] loss -31.3125 (-29.0922) acc 6.2500 (2.0312) lr 1.5567e-04 eta 0:02:34
epoch [43/50] batch [15/72] loss -41.3750 (-30.9375) acc 1.5625 (2.1875) lr 1.5567e-04 eta 0:02:12
epoch [43/50] batch [20/72] loss -29.4688 (-30.9461) acc 1.5625 (2.0312) lr 1.5567e-04 eta 0:02:03
epoch [43/50] batch [25/72] loss -32.0000 (-30.6031) acc 3.1250 (2.0625) lr 1.5567e-04 eta 0:01:56
epoch [43/50] batch [30/72] loss -34.8750 (-30.5995) acc 1.5625 (2.1875) lr 1.5567e-04 eta 0:01:52
epoch [43/50] batch [35/72] loss -29.5781 (-30.2937) acc 6.2500 (2.4107) lr 1.5567e-04 eta 0:01:49
epoch [43/50] batch [40/72] loss -37.3125 (-30.4672) acc 1.5625 (2.4609) lr 1.5567e-04 eta 0:01:46
epoch [43/50] batch [45/72] loss -28.8594 (-30.3229) acc 3.1250 (2.4306) lr 1.5567e-04 eta 0:01:42
epoch [43/50] batch [50/72] loss -36.1875 (-30.8222) acc 1.5625 (2.3438) lr 1.5567e-04 eta 0:01:39
epoch [43/50] batch [55/72] loss -41.7188 (-31.0972) acc 0.0000 (2.2443) lr 1.5567e-04 eta 0:01:36
epoch [43/50] batch [60/72] loss -31.3438 (-31.0154) acc 3.1250 (2.2396) lr 1.5567e-04 eta 0:01:34
epoch [43/50] batch [65/72] loss -32.7500 (-31.0892) acc 1.5625 (2.3077) lr 1.5567e-04 eta 0:01:32
epoch [43/50] batch [70/72] loss -33.0000 (-31.0942) acc 1.5625 (2.3438) lr 1.5567e-04 eta 0:01:29
epoch [44/50] batch [5/72] loss -27.9375 (-31.1094) acc 3.1250 (2.8125) lr 1.2369e-04 eta 0:03:22
epoch [44/50] batch [10/72] loss -32.7188 (-32.1781) acc 3.1250 (2.5000) lr 1.2369e-04 eta 0:02:22
epoch [44/50] batch [15/72] loss -28.5938 (-31.4135) acc 0.0000 (2.5000) lr 1.2369e-04 eta 0:02:02
epoch [44/50] batch [20/72] loss -26.8438 (-30.9312) acc 0.0000 (2.2656) lr 1.2369e-04 eta 0:01:50
epoch [44/50] batch [25/72] loss -28.4062 (-31.4600) acc 4.6875 (2.3750) lr 1.2369e-04 eta 0:01:44
epoch [44/50] batch [30/72] loss -43.7500 (-31.5859) acc 0.0000 (2.3438) lr 1.2369e-04 eta 0:01:38
epoch [44/50] batch [35/72] loss -22.9062 (-31.2808) acc 3.1250 (2.5000) lr 1.2369e-04 eta 0:01:33
epoch [44/50] batch [40/72] loss -33.4375 (-31.1340) acc 7.8125 (2.8516) lr 1.2369e-04 eta 0:01:29
epoch [44/50] batch [45/72] loss -27.4688 (-30.9559) acc 0.0000 (3.0903) lr 1.2369e-04 eta 0:01:27
epoch [44/50] batch [50/72] loss -35.2812 (-31.0619) acc 9.3750 (2.9688) lr 1.2369e-04 eta 0:01:25
epoch [44/50] batch [55/72] loss -26.4375 (-31.1031) acc 1.5625 (2.9545) lr 1.2369e-04 eta 0:01:23
epoch [44/50] batch [60/72] loss -29.7031 (-31.1857) acc 4.6875 (2.8906) lr 1.2369e-04 eta 0:01:21
epoch [44/50] batch [65/72] loss -40.8438 (-31.2618) acc 3.1250 (2.8365) lr 1.2369e-04 eta 0:01:18
epoch [44/50] batch [70/72] loss -34.9062 (-31.4054) acc 1.5625 (2.8125) lr 1.2369e-04 eta 0:01:16
epoch [45/50] batch [5/72] loss -37.5000 (-32.5344) acc 0.0000 (2.1875) lr 9.5173e-05 eta 0:02:35
epoch [45/50] batch [10/72] loss -32.3750 (-30.4750) acc 0.0000 (2.1875) lr 9.5173e-05 eta 0:01:53
epoch [45/50] batch [15/72] loss -25.7188 (-30.3458) acc 3.1250 (2.3958) lr 9.5173e-05 eta 0:01:37
epoch [45/50] batch [20/72] loss -34.8438 (-30.1906) acc 4.6875 (2.8125) lr 9.5173e-05 eta 0:01:29
epoch [45/50] batch [25/72] loss -34.4375 (-30.8706) acc 1.5625 (2.6875) lr 9.5173e-05 eta 0:01:23
epoch [45/50] batch [30/72] loss -28.1562 (-30.4161) acc 1.5625 (2.7604) lr 9.5173e-05 eta 0:01:20
epoch [45/50] batch [35/72] loss -34.5938 (-30.9071) acc 1.5625 (2.7679) lr 9.5173e-05 eta 0:01:18
epoch [45/50] batch [40/72] loss -22.6406 (-31.1848) acc 3.1250 (2.6953) lr 9.5173e-05 eta 0:01:14
epoch [45/50] batch [45/72] loss -37.8438 (-31.3406) acc 1.5625 (2.7083) lr 9.5173e-05 eta 0:01:12
epoch [45/50] batch [50/72] loss -31.2656 (-31.2147) acc 1.5625 (2.7500) lr 9.5173e-05 eta 0:01:11
epoch [45/50] batch [55/72] loss -29.6562 (-31.3048) acc 0.0000 (2.6989) lr 9.5173e-05 eta 0:01:09
epoch [45/50] batch [60/72] loss -30.0000 (-31.1888) acc 3.1250 (2.7344) lr 9.5173e-05 eta 0:01:07
epoch [45/50] batch [65/72] loss -37.1562 (-31.1755) acc 1.5625 (2.7163) lr 9.5173e-05 eta 0:01:04
epoch [45/50] batch [70/72] loss -28.1719 (-30.9871) acc 3.1250 (2.7679) lr 9.5173e-05 eta 0:01:02
epoch [46/50] batch [5/72] loss -26.4531 (-29.1469) acc 0.0000 (1.5625) lr 7.0224e-05 eta 0:02:36
epoch [46/50] batch [10/72] loss -30.9062 (-29.6594) acc 4.6875 (2.5000) lr 7.0224e-05 eta 0:01:49
epoch [46/50] batch [15/72] loss -25.2969 (-28.6990) acc 3.1250 (2.7083) lr 7.0224e-05 eta 0:01:30
epoch [46/50] batch [20/72] loss -29.3281 (-29.2391) acc 3.1250 (2.8125) lr 7.0224e-05 eta 0:01:25
epoch [46/50] batch [25/72] loss -29.3750 (-30.0106) acc 1.5625 (2.7500) lr 7.0224e-05 eta 0:01:21
epoch [46/50] batch [30/72] loss -31.0000 (-30.2344) acc 1.5625 (2.4479) lr 7.0224e-05 eta 0:01:18
epoch [46/50] batch [35/72] loss -36.5000 (-30.5893) acc 0.0000 (2.5000) lr 7.0224e-05 eta 0:01:14
epoch [46/50] batch [40/72] loss -32.0938 (-31.1035) acc 1.5625 (2.3438) lr 7.0224e-05 eta 0:01:12
epoch [46/50] batch [45/72] loss -29.5156 (-31.2066) acc 1.5625 (2.2569) lr 7.0224e-05 eta 0:01:10
epoch [46/50] batch [50/72] loss -37.2812 (-31.0525) acc 0.0000 (2.3750) lr 7.0224e-05 eta 0:01:08
epoch [46/50] batch [55/72] loss -28.3594 (-31.0432) acc 3.1250 (2.3580) lr 7.0224e-05 eta 0:01:06
epoch [46/50] batch [60/72] loss -24.8438 (-30.7789) acc 3.1250 (2.3438) lr 7.0224e-05 eta 0:01:04
epoch [46/50] batch [65/72] loss -35.7812 (-30.9067) acc 1.5625 (2.3077) lr 7.0224e-05 eta 0:01:01
epoch [46/50] batch [70/72] loss -33.0938 (-31.0585) acc 1.5625 (2.3884) lr 7.0224e-05 eta 0:00:58
epoch [47/50] batch [5/72] loss -30.7344 (-31.4031) acc 0.0000 (2.1875) lr 4.8943e-05 eta 0:01:51
epoch [47/50] batch [10/72] loss -31.5469 (-31.0531) acc 3.1250 (2.0312) lr 4.8943e-05 eta 0:01:20
epoch [47/50] batch [15/72] loss -38.4688 (-30.7458) acc 6.2500 (2.3958) lr 4.8943e-05 eta 0:01:08
epoch [47/50] batch [20/72] loss -34.8750 (-30.7352) acc 1.5625 (2.2656) lr 4.8943e-05 eta 0:01:03
epoch [47/50] batch [25/72] loss -31.6875 (-30.9713) acc 0.0000 (2.1875) lr 4.8943e-05 eta 0:00:59
epoch [47/50] batch [30/72] loss -32.0938 (-30.4901) acc 1.5625 (2.1354) lr 4.8943e-05 eta 0:00:57
epoch [47/50] batch [35/72] loss -31.4062 (-30.7326) acc 1.5625 (2.1429) lr 4.8943e-05 eta 0:00:55
epoch [47/50] batch [40/72] loss -31.6094 (-31.0746) acc 1.5625 (2.0703) lr 4.8943e-05 eta 0:00:52
epoch [47/50] batch [45/72] loss -33.5312 (-31.2622) acc 0.0000 (2.0486) lr 4.8943e-05 eta 0:00:50
epoch [47/50] batch [50/72] loss -36.5625 (-31.6303) acc 3.1250 (2.2188) lr 4.8943e-05 eta 0:00:48
epoch [47/50] batch [55/72] loss -31.5781 (-31.4503) acc 3.1250 (2.3295) lr 4.8943e-05 eta 0:00:46
epoch [47/50] batch [60/72] loss -29.5000 (-31.4979) acc 3.1250 (2.4219) lr 4.8943e-05 eta 0:00:45
epoch [47/50] batch [65/72] loss -32.4062 (-31.5923) acc 4.6875 (2.4760) lr 4.8943e-05 eta 0:00:43
epoch [47/50] batch [70/72] loss -23.9375 (-31.3864) acc 4.6875 (2.5446) lr 4.8943e-05 eta 0:00:41
epoch [48/50] batch [5/72] loss -28.4844 (-31.1125) acc 6.2500 (5.3125) lr 3.1417e-05 eta 0:01:25
epoch [48/50] batch [10/72] loss -33.0625 (-31.5953) acc 1.5625 (3.5938) lr 3.1417e-05 eta 0:01:02
epoch [48/50] batch [15/72] loss -24.4531 (-31.5573) acc 1.5625 (3.2292) lr 3.1417e-05 eta 0:00:53
epoch [48/50] batch [20/72] loss -28.9062 (-31.4203) acc 1.5625 (2.8906) lr 3.1417e-05 eta 0:00:49
epoch [48/50] batch [25/72] loss -34.1250 (-31.5619) acc 7.8125 (2.8750) lr 3.1417e-05 eta 0:00:45
epoch [48/50] batch [30/72] loss -31.4531 (-31.4880) acc 4.6875 (2.8125) lr 3.1417e-05 eta 0:00:42
epoch [48/50] batch [35/72] loss -33.2812 (-31.5688) acc 3.1250 (2.9018) lr 3.1417e-05 eta 0:00:40
epoch [48/50] batch [40/72] loss -32.6562 (-31.4668) acc 1.5625 (2.8516) lr 3.1417e-05 eta 0:00:38
epoch [48/50] batch [45/72] loss -33.7812 (-31.5083) acc 1.5625 (2.7083) lr 3.1417e-05 eta 0:00:36
epoch [48/50] batch [50/72] loss -26.9375 (-31.6628) acc 6.2500 (2.7812) lr 3.1417e-05 eta 0:00:35
epoch [48/50] batch [55/72] loss -30.9531 (-31.4088) acc 1.5625 (2.6136) lr 3.1417e-05 eta 0:00:34
epoch [48/50] batch [60/72] loss -38.2812 (-31.5104) acc 1.5625 (2.6042) lr 3.1417e-05 eta 0:00:32
epoch [48/50] batch [65/72] loss -33.1875 (-31.4565) acc 1.5625 (2.4760) lr 3.1417e-05 eta 0:00:30
epoch [48/50] batch [70/72] loss -25.7031 (-31.3850) acc 3.1250 (2.4777) lr 3.1417e-05 eta 0:00:28
epoch [49/50] batch [5/72] loss -32.0938 (-30.5906) acc 1.5625 (2.5000) lr 1.7713e-05 eta 0:00:53
epoch [49/50] batch [10/72] loss -20.8750 (-30.7812) acc 3.1250 (2.0312) lr 1.7713e-05 eta 0:00:37
epoch [49/50] batch [15/72] loss -26.6562 (-30.6031) acc 1.5625 (2.0833) lr 1.7713e-05 eta 0:00:34
epoch [49/50] batch [20/72] loss -32.5312 (-30.3977) acc 3.1250 (2.0312) lr 1.7713e-05 eta 0:00:31
epoch [49/50] batch [25/72] loss -29.1562 (-30.3675) acc 4.6875 (2.1875) lr 1.7713e-05 eta 0:00:27
epoch [49/50] batch [30/72] loss -34.7188 (-31.0948) acc 4.6875 (2.1354) lr 1.7713e-05 eta 0:00:25
epoch [49/50] batch [35/72] loss -36.8750 (-31.0973) acc 6.2500 (2.3214) lr 1.7713e-05 eta 0:00:24
epoch [49/50] batch [40/72] loss -22.7500 (-31.2906) acc 3.1250 (2.3438) lr 1.7713e-05 eta 0:00:23
epoch [49/50] batch [45/72] loss -30.4219 (-31.0500) acc 3.1250 (2.4306) lr 1.7713e-05 eta 0:00:21
epoch [49/50] batch [50/72] loss -33.3125 (-31.3372) acc 1.5625 (2.3750) lr 1.7713e-05 eta 0:00:20
epoch [49/50] batch [55/72] loss -26.7344 (-31.1122) acc 4.6875 (2.4432) lr 1.7713e-05 eta 0:00:19
epoch [49/50] batch [60/72] loss -40.9375 (-31.3380) acc 4.6875 (2.5521) lr 1.7713e-05 eta 0:00:17
epoch [49/50] batch [65/72] loss -34.4062 (-31.5745) acc 1.5625 (2.5240) lr 1.7713e-05 eta 0:00:16
epoch [49/50] batch [70/72] loss -24.1562 (-31.2259) acc 1.5625 (2.5223) lr 1.7713e-05 eta 0:00:14
epoch [50/50] batch [5/72] loss -33.5000 (-33.1688) acc 3.1250 (2.8125) lr 7.8853e-06 eta 0:00:26
epoch [50/50] batch [10/72] loss -35.1875 (-33.1516) acc 0.0000 (2.1875) lr 7.8853e-06 eta 0:00:17
epoch [50/50] batch [15/72] loss -33.6250 (-32.6313) acc 4.6875 (2.3958) lr 7.8853e-06 eta 0:00:14
epoch [50/50] batch [20/72] loss -26.3281 (-31.1922) acc 4.6875 (2.7344) lr 7.8853e-06 eta 0:00:12
epoch [50/50] batch [25/72] loss -31.4531 (-31.1369) acc 3.1250 (2.4375) lr 7.8853e-06 eta 0:00:10
epoch [50/50] batch [30/72] loss -28.8750 (-31.5839) acc 1.5625 (2.4479) lr 7.8853e-06 eta 0:00:08
epoch [50/50] batch [35/72] loss -26.2031 (-31.2121) acc 4.6875 (2.4107) lr 7.8853e-06 eta 0:00:07
epoch [50/50] batch [40/72] loss -30.5000 (-30.9563) acc 4.6875 (2.5391) lr 7.8853e-06 eta 0:00:06
epoch [50/50] batch [45/72] loss -29.5781 (-31.0392) acc 0.0000 (2.3611) lr 7.8853e-06 eta 0:00:05
epoch [50/50] batch [50/72] loss -30.2031 (-30.7678) acc 4.6875 (2.3750) lr 7.8853e-06 eta 0:00:04
epoch [50/50] batch [55/72] loss -33.6250 (-30.9256) acc 0.0000 (2.4432) lr 7.8853e-06 eta 0:00:03
epoch [50/50] batch [60/72] loss -28.4062 (-30.8938) acc 7.8125 (2.6042) lr 7.8853e-06 eta 0:00:02
epoch [50/50] batch [65/72] loss -26.1250 (-30.7550) acc 3.1250 (2.5962) lr 7.8853e-06 eta 0:00:01
epoch [50/50] batch [70/72] loss -26.9531 (-30.7025) acc 1.5625 (2.5000) lr 7.8853e-06 eta 0:00:00
Model Saved to: output/CLIPAdapter-ViTB32-VLCS-labelme/model.pth.tar-50
Finish Training
Evaluate on the Test Set
----------  ------
Total #     1,013
Correct #   834
Accuracy    82.33%
Error Rate  17.67%
Macro_F1    84.34%
----------  ------
