*** Config ***
***************
** Arguments **
***************
dataset: VLCS
gpu: 1
model: CLIPAdapter
model_config_file: config/clipadapter.yaml
output_dir: output/CLIPAdapter-ViTB32-VLCS-labelme
root: ./data/
seed: 134
source_domains: ['caltech', 'labelme', 'sun']
target_domains: ['pascal']
************
** Config **
************
DATALOADER:
  NUM_WORKERS: 8
  TEST:
    BATCH_SIZE: 64
    SAMPLER: SequentialSampler
  TRAIN:
    BATCH_SIZE: 64
    SAMPLER: RandomSampler
DATASET:
  NAME: VLCS
  ROOT: ./data/
  SOURCE_DOMAINS: ['caltech', 'labelme', 'sun']
  SUBSAMPLE_CLASSES: all
  TARGET_DOMAINS: ['pascal']
GPU: 1
INPUT:
  COLORJITTER_B: 0.4
  COLORJITTER_C: 0.4
  COLORJITTER_H: 0.1
  COLORJITTER_S: 0.4
  CROP_PADDING: 4
  CUTOUT_LEN: 16
  CUTOUT_N: 1
  GB_K: 21
  GB_P: 0.5
  GN_MEAN: 0.0
  GN_STD: 0.15
  INTERPOLATION: bicubic
  PIXEL_MEAN: [0.48145466, 0.4578275, 0.40821073]
  PIXEL_STD: [0.26862954, 0.26130258, 0.27577711]
  RANDAUGMENT_M: 10
  RANDAUGMENT_N: 2
  RGS_P: 0.2
  RRCROP_SCALE: (0.08, 1.0)
  SIZE: (224, 224)
  TRANSFORMS: ['random_resized_crop', 'random_flip', 'normalize']
MODEL:
  CLIPAdapter:
    BACKBONE: ViT-B/32
  NAME: CLIPAdapter
OPTIM:
  ADAM_BETA1: 0.9
  ADAM_BETA2: 0.999
  GAMMA: 0.1
  LR: 0.002
  LR_SCHEDULER: Cosine
  MAX_EPOCH: 50
  MOMENTUM: 0.9
  NAME: sgd
  SGD_DAMPENING: 0
  SGD_NESTEROV: False
  STEP_SIZE: -1
  WARMUP_CONS_LR: 1e-05
  WARMUP_EPOCH: 1
  WARMUP_MIN_LR: 1e-05
  WARMUP_TYPE: constant
  WEIGHT_DECAY: 0.0005
OUTPUT_DIR: output/CLIPAdapter-ViTB32-VLCS-labelme
SEED: 134
TEST:
  EVALUATOR: Classification
  FINAL_Model: last_step
  SPLIT: Test
TRAIN:
  PRINT_FREQ: 5
Build Trainer: CLIPAdapter
Build Dataset: VLCS
Transform for Train: Compose(
    RandomResizedCrop(size=(224, 224), scale=(0.08, 1.0), ratio=(0.75, 1.3333), interpolation=bicubic, antialias=True)
    RandomHorizontalFlip(p=0.5)
    ToTensor()
    Normalize(mean=[0.48145466, 0.4578275, 0.40821073], std=[0.26862954, 0.26130258, 0.27577711])
)
Transform for Test: Compose(
    Resize(size=224, interpolation=bicubic, max_size=None, antialias=True)
    CenterCrop(size=(224, 224))
    ToTensor()
    Normalize(mean=[0.48145466, 0.4578275, 0.40821073], std=[0.26862954, 0.26130258, 0.27577711])
)
--------------  -----------------------------
Dataset         VLCS
Source Domains  ['caltech', 'labelme', 'sun']
Target Domains  ['pascal']
# Classes       5
# Train Data    4,630
# Val Data      517
# Test Data     1,013
--------------  -----------------------------
Loading CLIP Backbone: ViT-B/32
Building Custom CLIP
{'original': ['a picture of a bird.', 'a picture of a car.', 'a picture of a chair.', 'a picture of a dog.', 'a picture of a person.'], 'caltech': ['a picture of a caltech bird.', 'a picture of a caltech car.', 'a picture of a caltech chair.', 'a picture of a caltech dog.', 'a picture of a caltech person.'], 'labelme': ['a picture of a labelme bird.', 'a picture of a labelme car.', 'a picture of a labelme chair.', 'a picture of a labelme dog.', 'a picture of a labelme person.'], 'sun': ['a picture of a sun bird.', 'a picture of a sun car.', 'a picture of a sun chair.', 'a picture of a sun dog.', 'a picture of a sun person.']}
{'original': ['a picture of a bird.', 'a picture of a car.', 'a picture of a chair.', 'a picture of a dog.', 'a picture of a person.'], 'pascal': ['a picture of a pascal bird.', 'a picture of a pascal car.', 'a picture of a pascal chair.', 'a picture of a pascal dog.', 'a picture of a pascal person.']}
key:original
v:tensor([[ 0.0261,  0.0139, -0.0079,  ..., -0.0452,  0.0063, -0.0239],
        [ 0.0127,  0.0005, -0.0155,  ..., -0.0260, -0.0305,  0.0026],
        [-0.0192, -0.0017, -0.0055,  ..., -0.0482, -0.0271,  0.0161],
        [ 0.0130,  0.0088, -0.0394,  ..., -0.0427, -0.0132,  0.0195],
        [ 0.0049,  0.0079, -0.0012,  ..., -0.0593, -0.0150, -0.0023]],
       device='cuda:1', dtype=torch.float16)
key:caltech
v:tensor([[ 0.0276,  0.0288, -0.0238,  ...,  0.0355, -0.0157, -0.0562],
        [-0.0055, -0.0110, -0.0132,  ...,  0.0552, -0.0457, -0.0298],
        [-0.0238, -0.0109, -0.0115,  ...,  0.0328, -0.0339, -0.0108],
        [ 0.0197,  0.0110, -0.0477,  ...,  0.0368, -0.0341, -0.0074],
        [ 0.0067,  0.0021, -0.0213,  ...,  0.0265, -0.0194, -0.0214]],
       device='cuda:1', dtype=torch.float16)
key:labelme
v:tensor([[ 0.0263,  0.0403,  0.0055,  ..., -0.0258,  0.0183, -0.0487],
        [ 0.0159,  0.0213,  0.0028,  ..., -0.0226, -0.0081, -0.0183],
        [-0.0204,  0.0261,  0.0291,  ..., -0.0356, -0.0020, -0.0066],
        [ 0.0111,  0.0233, -0.0202,  ..., -0.0281,  0.0006,  0.0045],
        [ 0.0067,  0.0134,  0.0117,  ..., -0.0306,  0.0113, -0.0201]],
       device='cuda:1', dtype=torch.float16)
key:sun
v:tensor([[ 0.0368,  0.0010,  0.0301,  ...,  0.0216, -0.0019, -0.0079],
        [-0.0107, -0.0012, -0.0032,  ..., -0.0395, -0.0115, -0.0178],
        [-0.0456, -0.0118,  0.0098,  ..., -0.0246, -0.0250,  0.0122],
        [-0.0116,  0.0493,  0.0151,  ...,  0.0018,  0.0143,  0.0309],
        [-0.0170,  0.0112, -0.0035,  ..., -0.0395,  0.0077, -0.0065]],
       device='cuda:1', dtype=torch.float16)
Turning Off Gradients in Image and Text Encoder
Parameters to be updated: {'adapters.1.fc.2.weight', 'adapters.0.fc.0.weight', 'adapters.1.fc.0.weight', 'adapters.0.fc.2.weight', 'adapter.fc.0.weight', 'adapters.2.fc.2.weight', 'adapter.fc.2.weight', 'adapters.2.fc.0.weight'}
Build Evaluator: Classification
Domains outputs: (tensor([[20.5312, 19.5000, 21.0000, 19.9688, 21.9375],
        [20.6094, 21.8594, 19.8750, 20.3281, 22.2344],
        [20.7500, 19.9688, 21.0312, 19.6094, 21.9688],
        [17.2969, 15.4766, 18.1406, 15.7812, 17.9844],
        [20.0469, 19.3906, 20.3281, 19.4219, 23.5781],
        [20.5000, 22.8906, 20.4531, 20.0000, 21.9844],
        [17.4688, 18.1250, 19.5312, 17.4844, 18.8281],
        [17.8438, 21.5312, 16.4844, 17.3906, 19.5781],
        [17.8906, 16.7969, 16.6250, 17.6406, 23.9688],
        [23.6875, 21.5625, 22.4688, 26.5625, 23.4531],
        [16.5000, 16.9062, 18.6719, 15.2969, 20.0781],
        [18.7500, 18.5469, 18.8281, 19.0625, 20.8750],
        [23.9219, 22.0469, 23.1094, 22.9531, 23.7344],
        [20.4219, 25.9219, 20.4844, 20.8594, 22.0312],
        [18.5625, 17.9219, 17.8125, 17.3125, 21.4219],
        [19.0938, 20.4688, 18.6875, 18.9531, 20.7969],
        [19.6250, 18.0000, 17.6406, 18.4531, 20.7812],
        [18.6406, 16.7188, 16.0000, 18.5781, 20.2188],
        [18.6562, 22.4219, 18.0469, 18.2500, 19.1719],
        [18.8594, 16.3125, 18.1094, 17.3750, 17.8438],
        [17.5000, 16.5625, 18.2969, 16.0469, 19.0156],
        [21.1250, 22.6875, 22.3125, 18.8125, 20.4531],
        [19.3438, 25.1406, 18.6562, 19.2031, 21.0000],
        [19.5938, 17.6719, 18.2344, 18.8750, 20.5469],
        [18.0625, 23.8125, 16.8594, 18.5781, 21.0312],
        [17.3906, 21.3438, 17.3750, 17.1250, 19.4062],
        [16.8906, 17.0469, 15.7969, 15.0391, 19.1250],
        [18.8438, 17.5938, 23.1719, 19.1562, 19.1250],
        [21.7500, 18.2500, 19.9219, 20.1719, 21.2031],
        [18.5469, 22.0625, 19.6719, 20.3125, 20.3281],
        [16.0938, 17.6719, 18.7500, 15.9453, 20.1562],
        [18.9219, 19.1562, 18.8281, 18.0469, 20.1406],
        [18.7031, 18.8125, 16.9844, 17.6562, 19.4844],
        [19.9531, 25.2969, 23.5938, 19.2812, 20.1406],
        [14.9297, 23.3125, 18.1250, 16.1094, 17.6719],
        [20.2969, 18.5781, 19.5000, 20.3125, 25.5938],
        [21.5625, 25.3281, 20.3438, 19.9219, 22.9219],
        [18.1562, 19.5781, 21.8906, 17.0469, 19.5625],
        [18.0312, 17.9531, 18.6406, 17.2812, 20.3125],
        [23.3438, 21.4219, 22.5938, 22.7031, 22.3750],
        [18.0156, 18.8125, 16.5156, 17.1250, 19.9375],
        [19.7656, 19.9844, 18.2812, 19.1406, 20.4062],
        [18.6094, 20.0156, 17.2344, 17.6094, 19.2344],
        [19.5000, 23.5312, 16.9531, 17.6875, 19.8594],
        [17.1875, 16.3906, 20.3906, 17.7969, 18.9688],
        [20.6719, 20.9062, 18.1250, 17.8750, 20.0625],
        [19.3906, 17.4688, 22.0000, 17.5938, 20.3281],
        [18.7656, 19.6094, 19.9688, 19.1094, 19.9688],
        [21.1094, 25.5312, 21.7969, 20.3438, 22.2031],
        [21.0938, 27.2812, 19.8594, 21.0312, 21.8281],
        [18.6875, 17.0000, 18.2812, 16.8125, 20.7812],
        [17.8438, 18.6094, 18.3438, 18.9375, 24.0156],
        [19.3125, 19.7031, 18.5469, 18.0781, 19.8125],
        [19.5469, 17.7812, 18.6562, 19.3906, 23.7812],
        [19.0156, 18.6250, 18.5938, 18.7812, 22.0000],
        [16.7344, 19.2812, 18.9219, 17.2969, 18.8281],
        [18.7031, 19.8594, 21.1406, 20.4219, 21.6406],
        [19.3281, 19.5625, 19.0156, 18.4844, 20.8750],
        [16.3281, 14.4375, 20.4844, 14.9219, 18.9688],
        [18.2031, 22.3281, 15.8281, 17.0312, 18.9688],
        [21.7344, 21.0469, 32.6250, 21.7812, 24.0000],
        [16.4062, 16.8750, 17.6094, 16.8281, 21.9219],
        [19.3750, 22.0469, 23.7656, 20.2812, 21.3281],
        [18.2188, 19.2812, 18.9062, 20.4375, 20.0156]], device='cuda:1',
       dtype=torch.float16, grad_fn=<SplitBackward0>), tensor([[19.5625, 18.7969, 20.0938, 19.8906, 20.7969],
        [19.0312, 19.7500, 19.5469, 19.3906, 20.4688],
        [20.7969, 20.0312, 22.1719, 21.2969, 22.5781],
        [18.4531, 17.0469, 20.2812, 18.3906, 20.0938],
        [21.9688, 21.5938, 23.1562, 20.9062, 25.2969],
        [17.9219, 21.0938, 19.7031, 17.3594, 20.5781],
        [17.3125, 18.0938, 20.2344, 17.6875, 19.7188],
        [14.3438, 16.7344, 14.3203, 13.8281, 16.4062],
        [19.0781, 15.9844, 19.0000, 18.6719, 23.5000],
        [23.7500, 20.1875, 22.0312, 26.4531, 22.6406],
        [16.8750, 15.6484, 17.5781, 16.4219, 20.3125],
        [17.9688, 18.0156, 18.1406, 18.9375, 20.3125],
        [24.4844, 21.5312, 23.5000, 23.2344, 23.9844],
        [19.0625, 25.9531, 21.8438, 20.7344, 22.2344],
        [15.5156, 14.5312, 15.1484, 13.3359, 17.1406],
        [17.1562, 17.5625, 17.2812, 17.3906, 18.1562],
        [24.3281, 23.2969, 24.0938, 25.0000, 25.8750],
        [20.7500, 17.8906, 20.5625, 21.2344, 23.0781],
        [17.0625, 20.4219, 18.0000, 17.3125, 19.0312],
        [19.1875, 16.4688, 20.2031, 18.2031, 19.7344],
        [17.7656, 15.3125, 20.1562, 17.1250, 21.1250],
        [21.8594, 22.4375, 23.3750, 18.5625, 21.1406],
        [15.7500, 19.5000, 16.3906, 15.8672, 18.4531],
        [14.9844, 12.8516, 15.1562, 14.8125, 16.4688],
        [16.7344, 22.7656, 17.1719, 17.7188, 20.4219],
        [17.5000, 20.5625, 18.4062, 17.6719, 19.5000],
        [17.1094, 19.5312, 17.8438, 15.9922, 20.5938],
        [20.2500, 18.0000, 24.2656, 20.6250, 20.4688],
        [24.3125, 18.3594, 22.3125, 22.8281, 24.5312],
        [15.6406, 18.9062, 18.0156, 17.2656, 18.6719],
        [19.4062, 21.2656, 22.2969, 19.0312, 23.1875],
        [17.6094, 16.7969, 18.9219, 17.3125, 18.8906],
        [20.6562, 19.9375, 20.4062, 20.8438, 21.8750],
        [19.4375, 23.9375, 23.3750, 19.5938, 19.9375],
        [14.4375, 21.1875, 18.0312, 15.8984, 17.4688],
        [21.5469, 16.9844, 22.2812, 21.3125, 26.5781],
        [21.0312, 26.0312, 21.3438, 20.9688, 23.0000],
        [16.9844, 18.5000, 21.3594, 16.6875, 18.9844],
        [19.6406, 19.3438, 20.2969, 19.0625, 21.7656],
        [22.4375, 20.1094, 21.1562, 22.4375, 20.9844],
        [15.8594, 16.6094, 15.3750, 15.0469, 17.6562],
        [22.1250, 21.8438, 21.5312, 22.4219, 23.4219],
        [16.7344, 19.5000, 16.1250, 15.3828, 18.1875],
        [18.4688, 22.0312, 16.4219, 16.4844, 18.9531],
        [20.1250, 18.5000, 24.4062, 21.1875, 22.7344],
        [19.5469, 19.5625, 18.9375, 17.6719, 20.2656],
        [18.5469, 16.9688, 21.0781, 17.2500, 19.7969],
        [20.2812, 20.3281, 22.9062, 21.6094, 22.5156],
        [21.0625, 26.1094, 22.4375, 21.7656, 23.2656],
        [19.7188, 25.2188, 19.2812, 20.8750, 21.6875],
        [16.7812, 15.3672, 17.5312, 14.9219, 19.1406],
        [18.1875, 17.0000, 20.3906, 19.1562, 24.1094],
        [18.0625, 18.8281, 19.0781, 18.3750, 20.0469],
        [21.1406, 17.4844, 21.4219, 21.0938, 25.2656],
        [19.0000, 17.5469, 20.1562, 18.8750, 21.6719],
        [17.5156, 19.0625, 18.8438, 18.8438, 21.6406],
        [17.5469, 19.2500, 21.3125, 19.3438, 20.2969],
        [20.0938, 20.8750, 21.1250, 20.8594, 22.0625],
        [18.6562, 16.7500, 23.9844, 17.5938, 21.4062],
        [16.3750, 21.9844, 15.8047, 15.7500, 18.5469],
        [23.7656, 20.6094, 33.9375, 23.5625, 25.3281],
        [19.0469, 17.2031, 21.7188, 19.0625, 24.1562],
        [18.8125, 21.4844, 23.0625, 19.9688, 21.7031],
        [21.5469, 22.0625, 23.4219, 25.1250, 24.3906]], device='cuda:1',
       dtype=torch.float16, grad_fn=<SplitBackward0>), tensor([[22.1250, 22.2656, 22.9219, 22.1406, 22.6719],
        [21.8594, 23.9375, 21.9219, 21.8750, 22.8281],
        [23.0000, 23.4531, 24.3594, 22.5000, 23.6719],
        [18.9844, 18.2188, 20.9375, 17.9531, 19.6406],
        [21.4688, 20.9531, 21.4375, 20.1875, 24.5781],
        [22.0938, 25.0156, 21.7812, 21.8594, 23.0156],
        [19.6719, 19.9844, 22.2812, 20.0156, 20.3906],
        [19.2812, 23.5469, 17.9531, 19.0938, 20.4688],
        [20.7656, 18.5781, 18.7969, 19.9531, 24.9688],
        [24.3750, 22.5000, 22.4844, 26.6562, 23.6250],
        [18.9219, 19.5625, 20.3906, 18.9062, 22.2188],
        [20.3750, 21.3750, 21.4219, 21.5156, 21.9688],
        [24.8125, 22.8750, 24.2500, 23.3906, 24.0781],
        [21.9844, 28.1250, 22.8594, 22.6250, 22.9062],
        [20.3906, 19.6250, 18.7969, 18.6719, 21.7500],
        [20.2656, 22.3750, 20.0469, 20.5781, 21.6875],
        [21.0312, 20.4844, 20.6250, 20.4375, 21.9062],
        [21.2500, 19.5938, 18.9375, 21.0938, 22.1406],
        [19.8125, 23.8906, 19.5781, 19.7656, 20.5000],
        [20.4062, 18.7344, 20.8750, 19.0156, 19.0312],
        [19.2500, 18.4375, 21.3594, 17.3438, 20.5000],
        [23.7188, 24.8750, 24.4219, 20.6250, 22.0000],
        [20.4844, 26.7812, 20.1406, 20.4219, 21.8125],
        [20.1719, 19.7344, 20.3438, 20.2344, 21.2031],
        [19.5000, 25.6562, 18.9531, 20.0312, 21.9219],
        [18.4531, 22.2500, 18.2812, 18.3906, 19.9062],
        [19.3906, 21.2656, 19.5469, 17.6562, 21.5781],
        [19.5625, 19.0156, 24.2969, 20.3125, 19.5938],
        [22.7188, 18.8750, 19.7812, 20.5156, 21.9062],
        [21.7969, 25.7500, 22.7969, 23.4531, 22.9375],
        [19.8125, 20.5781, 21.5312, 19.0781, 22.2969],
        [20.7500, 21.2500, 21.6719, 19.7656, 21.2500],
        [19.7969, 20.1406, 18.5312, 19.1406, 20.3125],
        [21.3438, 26.7500, 25.7500, 20.1406, 20.7188],
        [17.5469, 25.2500, 20.6875, 19.0000, 19.9531],
        [23.3281, 20.5000, 21.0000, 23.0312, 27.3594],
        [22.7969, 27.8125, 23.2188, 21.6875, 23.5625],
        [21.1406, 21.9844, 25.6094, 19.7500, 21.3281],
        [21.2656, 20.9531, 22.0000, 20.4062, 22.7969],
        [22.7344, 21.4844, 22.0625, 22.8906, 22.2031],
        [19.6719, 20.4219, 17.6406, 18.4375, 20.2188],
        [20.5625, 20.4531, 18.0781, 19.6406, 20.6562],
        [22.8906, 24.7812, 22.0625, 22.0781, 22.8750],
        [21.7031, 25.3906, 19.5625, 20.3281, 21.6719],
        [19.2969, 18.7656, 24.0312, 19.9062, 21.0312],
        [22.0469, 23.3906, 20.4375, 19.7656, 21.3281],
        [22.8281, 20.5000, 26.2812, 20.8281, 23.1406],
        [20.9531, 20.9375, 21.6562, 21.0312, 22.0469],
        [22.6562, 28.1094, 24.4531, 22.4844, 23.6562],
        [22.1250, 29.0781, 20.3906, 21.9062, 22.5938],
        [21.7656, 20.1562, 20.3906, 20.1406, 22.2031],
        [19.8750, 18.9531, 18.3281, 19.8750, 24.0781],
        [20.8281, 21.9219, 21.3281, 20.0469, 21.4375],
        [21.0938, 18.5000, 18.8750, 20.6562, 23.9844],
        [20.5625, 20.0312, 18.9375, 19.8750, 22.2812],
        [18.8125, 21.8750, 19.6875, 19.5000, 20.2031],
        [20.7344, 21.8594, 22.3125, 21.3281, 21.8750],
        [21.1719, 22.6406, 21.7344, 20.6250, 21.9219],
        [18.9219, 17.9219, 25.1406, 17.3125, 20.5625],
        [18.5156, 23.3594, 16.2656, 17.3281, 19.0156],
        [23.2656, 21.7656, 32.0625, 22.1875, 23.5312],
        [19.1250, 18.7812, 19.3594, 19.1719, 23.8125],
        [21.1875, 23.4688, 24.2344, 21.3438, 22.2188],
        [19.8594, 21.4375, 21.0469, 22.5000, 21.2344]], device='cuda:1',
       dtype=torch.float16, grad_fn=<SplitBackward0>), tensor([[18.9688, 23.0781, 21.5469, 19.7031, 22.8281],
        [17.2188, 21.7188, 18.2188, 14.6797, 19.9219],
        [19.7969, 22.1562, 20.8750, 18.7500, 21.7188],
        [17.3906, 18.5156, 18.0938, 15.9375, 16.8281],
        [19.0469, 21.5156, 20.3438, 17.3750, 22.9062],
        [17.3281, 24.3281, 20.8906, 17.0625, 21.1562],
        [18.3438, 20.2812, 18.9688, 17.7031, 18.1094],
        [15.5938, 22.7656, 16.1562, 15.4844, 20.0312],
        [15.9141, 17.3906, 16.2969, 15.5781, 21.6094],
        [20.5000, 20.7031, 20.0469, 19.1250, 21.9375],
        [17.7031, 20.0625, 18.2656, 14.3828, 19.6406],
        [17.6250, 22.2031, 19.0938, 17.5625, 20.4375],
        [23.2969, 22.4688, 22.1406, 20.5469, 23.7188],
        [17.4375, 27.2812, 19.7812, 16.4375, 21.0000],
        [18.3281, 19.1250, 17.8125, 13.8125, 22.4062],
        [15.6719, 20.2812, 17.1094, 15.1406, 19.3906],
        [19.2969, 20.6406, 19.2031, 19.1562, 20.5156],
        [17.6406, 16.8750, 14.2656, 17.6875, 18.6875],
        [17.8750, 22.5469, 18.5938, 16.1719, 18.3125],
        [19.8281, 20.0312, 19.8906, 17.2188, 18.2188],
        [18.5000, 16.9375, 17.2969, 13.1875, 16.4688],
        [21.2812, 24.6562, 23.2656, 16.5625, 20.5469],
        [16.0312, 25.0156, 16.6719, 15.7344, 19.6406],
        [17.0781, 20.3906, 19.5000, 18.3906, 20.3281],
        [16.7656, 23.6094, 16.4062, 17.9062, 18.3281],
        [16.4062, 21.0000, 16.6875, 15.8359, 17.4688],
        [15.7188, 20.7969, 15.3906, 12.1484, 19.0469],
        [18.5625, 19.1406, 19.2500, 14.8281, 17.8281],
        [20.0156, 18.5781, 17.0156, 16.4219, 20.2656],
        [17.3750, 22.1719, 19.4062, 18.3438, 19.3438],
        [16.7344, 22.2656, 18.5312, 14.8906, 20.6094],
        [16.9531, 20.7812, 18.3438, 14.6641, 20.0312],
        [17.8125, 20.5156, 17.6875, 17.7969, 18.7656],
        [21.7969, 26.9062, 23.6406, 18.9688, 20.4688],
        [13.8828, 22.6094, 17.2812, 14.8594, 15.8203],
        [17.0000, 19.7031, 18.4375, 16.6094, 24.9375],
        [21.1094, 26.8750, 21.1250, 19.5625, 21.3906],
        [20.4219, 21.4375, 24.2500, 16.0312, 19.2969],
        [17.9375, 20.6250, 17.5469, 16.2656, 19.5625],
        [22.9219, 21.2812, 22.8438, 20.7812, 21.2031],
        [17.4062, 20.6562, 18.2500, 16.9844, 19.7344],
        [18.6562, 20.4531, 17.6562, 14.6953, 18.4531],
        [17.5312, 21.3906, 18.9688, 19.1562, 20.5312],
        [17.7812, 24.7188, 18.9062, 20.2344, 19.7344],
        [17.8906, 19.0625, 18.1406, 17.7344, 18.7969],
        [18.1719, 21.7500, 17.8438, 15.7969, 19.4375],
        [20.5312, 20.5938, 20.7188, 17.3281, 20.2031],
        [19.0000, 19.9219, 19.8281, 18.0156, 19.1875],
        [19.5469, 26.7031, 21.4844, 17.4688, 21.4688],
        [18.5156, 26.2969, 18.6562, 17.5312, 18.9219],
        [18.6562, 22.7500, 20.8281, 15.4062, 22.6250],
        [15.2812, 17.9375, 17.1875, 14.0547, 21.4062],
        [19.6562, 22.4062, 19.9688, 16.7188, 20.5156],
        [18.7188, 18.3281, 18.2656, 17.1562, 22.9219],
        [16.3594, 20.1094, 17.1250, 18.0938, 23.1094],
        [14.5234, 21.2188, 18.4375, 12.4922, 16.8281],
        [17.6406, 21.9062, 18.9688, 15.6797, 19.6406],
        [19.0938, 22.6094, 18.8281, 17.2344, 20.6719],
        [16.0469, 17.8594, 17.8438, 13.8047, 18.3906],
        [19.0625, 23.6875, 16.2188, 19.6562, 18.3594],
        [21.0000, 22.7500, 30.1250, 17.2500, 22.2656],
        [15.7500, 18.3281, 17.1875, 14.5234, 20.0781],
        [18.9688, 24.0938, 22.5781, 16.9062, 20.0156],
        [16.0625, 21.5000, 19.2656, 18.5938, 19.1094]], device='cuda:1',
       dtype=torch.float16, grad_fn=<SplitBackward0>))
