*** Config ***
***************
** Arguments **
***************
dataset: VLCS
gpu: 1
model: CLIPAdapter
model_config_file: config/clipadapter.yaml
output_dir: output/CLIPAdapter-ViTB32-VLCS-labelme
root: ./data/
seed: 134
source_domains: ['caltech', 'labelme', 'sun']
target_domains: ['pascal']
************
** Config **
************
DATALOADER:
  NUM_WORKERS: 8
  TEST:
    BATCH_SIZE: 64
    SAMPLER: SequentialSampler
  TRAIN:
    BATCH_SIZE: 9
    SAMPLER: RandomSampler
DATASET:
  NAME: VLCS
  ROOT: ./data/
  SOURCE_DOMAINS: ['caltech', 'labelme', 'sun']
  SUBSAMPLE_CLASSES: all
  TARGET_DOMAINS: ['pascal']
GPU: 1
INPUT:
  COLORJITTER_B: 0.4
  COLORJITTER_C: 0.4
  COLORJITTER_H: 0.1
  COLORJITTER_S: 0.4
  CROP_PADDING: 4
  CUTOUT_LEN: 16
  CUTOUT_N: 1
  GB_K: 21
  GB_P: 0.5
  GN_MEAN: 0.0
  GN_STD: 0.15
  INTERPOLATION: bicubic
  PIXEL_MEAN: [0.48145466, 0.4578275, 0.40821073]
  PIXEL_STD: [0.26862954, 0.26130258, 0.27577711]
  RANDAUGMENT_M: 10
  RANDAUGMENT_N: 2
  RGS_P: 0.2
  RRCROP_SCALE: (0.08, 1.0)
  SIZE: (224, 224)
  TRANSFORMS: ['random_resized_crop', 'random_flip', 'normalize']
MODEL:
  CLIPAdapter:
    BACKBONE: ViT-B/32
  NAME: CLIPAdapter
OPTIM:
  ADAM_BETA1: 0.9
  ADAM_BETA2: 0.999
  GAMMA: 0.1
  LR: 0.002
  LR_SCHEDULER: Cosine
  MAX_EPOCH: 50
  MOMENTUM: 0.9
  NAME: sgd
  SGD_DAMPENING: 0
  SGD_NESTEROV: False
  STEP_SIZE: -1
  WARMUP_CONS_LR: 1e-05
  WARMUP_EPOCH: 1
  WARMUP_MIN_LR: 1e-05
  WARMUP_TYPE: constant
  WEIGHT_DECAY: 0.0005
OUTPUT_DIR: output/CLIPAdapter-ViTB32-VLCS-labelme
SEED: 134
TEST:
  EVALUATOR: Classification
  FINAL_Model: last_step
  SPLIT: Test
TRAIN:
  PRINT_FREQ: 5
Build Trainer: CLIPAdapter
Build Dataset: VLCS
Transform for Train: Compose(
    RandomResizedCrop(size=(224, 224), scale=(0.08, 1.0), ratio=(0.75, 1.3333), interpolation=bicubic, antialias=True)
    RandomHorizontalFlip(p=0.5)
    ToTensor()
    Normalize(mean=[0.48145466, 0.4578275, 0.40821073], std=[0.26862954, 0.26130258, 0.27577711])
)
Transform for Test: Compose(
    Resize(size=224, interpolation=bicubic, max_size=None, antialias=True)
    CenterCrop(size=(224, 224))
    ToTensor()
    Normalize(mean=[0.48145466, 0.4578275, 0.40821073], std=[0.26862954, 0.26130258, 0.27577711])
)
--------------  -----------------------------
Dataset         VLCS
Source Domains  ['caltech', 'labelme', 'sun']
Target Domains  ['pascal']
# Classes       5
# Train Data    4,630
# Val Data      517
# Test Data     1,013
--------------  -----------------------------
Loading CLIP Backbone: ViT-B/32
Building Custom CLIP
{'original': ['a picture of a bird.', 'a picture of a car.', 'a picture of a chair.', 'a picture of a dog.', 'a picture of a person.'], 'caltech': ['a picture of a caltech bird.', 'a picture of a caltech car.', 'a picture of a caltech chair.', 'a picture of a caltech dog.', 'a picture of a caltech person.'], 'labelme': ['a picture of a labelme bird.', 'a picture of a labelme car.', 'a picture of a labelme chair.', 'a picture of a labelme dog.', 'a picture of a labelme person.'], 'sun': ['a picture of a sun bird.', 'a picture of a sun car.', 'a picture of a sun chair.', 'a picture of a sun dog.', 'a picture of a sun person.']}
{'original': ['a picture of a bird.', 'a picture of a car.', 'a picture of a chair.', 'a picture of a dog.', 'a picture of a person.'], 'pascal': ['a picture of a pascal bird.', 'a picture of a pascal car.', 'a picture of a pascal chair.', 'a picture of a pascal dog.', 'a picture of a pascal person.']}
key:original
v:tensor([[ 0.0261,  0.0139, -0.0079,  ..., -0.0452,  0.0063, -0.0239],
        [ 0.0127,  0.0005, -0.0155,  ..., -0.0260, -0.0305,  0.0026],
        [-0.0192, -0.0017, -0.0055,  ..., -0.0482, -0.0271,  0.0161],
        [ 0.0130,  0.0088, -0.0394,  ..., -0.0427, -0.0132,  0.0195],
        [ 0.0049,  0.0079, -0.0012,  ..., -0.0593, -0.0150, -0.0023]],
       device='cuda:1', dtype=torch.float16)
key:caltech
v:tensor([[ 0.0276,  0.0288, -0.0238,  ...,  0.0355, -0.0157, -0.0562],
        [-0.0055, -0.0110, -0.0132,  ...,  0.0552, -0.0457, -0.0298],
        [-0.0238, -0.0109, -0.0115,  ...,  0.0328, -0.0339, -0.0108],
        [ 0.0197,  0.0110, -0.0477,  ...,  0.0368, -0.0341, -0.0074],
        [ 0.0067,  0.0021, -0.0213,  ...,  0.0265, -0.0194, -0.0214]],
       device='cuda:1', dtype=torch.float16)
key:labelme
v:tensor([[ 0.0263,  0.0403,  0.0055,  ..., -0.0258,  0.0183, -0.0487],
        [ 0.0159,  0.0213,  0.0028,  ..., -0.0226, -0.0081, -0.0183],
        [-0.0204,  0.0261,  0.0291,  ..., -0.0356, -0.0020, -0.0066],
        [ 0.0111,  0.0233, -0.0202,  ..., -0.0281,  0.0006,  0.0045],
        [ 0.0067,  0.0134,  0.0117,  ..., -0.0306,  0.0113, -0.0201]],
       device='cuda:1', dtype=torch.float16)
key:sun
v:tensor([[ 0.0368,  0.0010,  0.0301,  ...,  0.0216, -0.0019, -0.0079],
        [-0.0107, -0.0012, -0.0032,  ..., -0.0395, -0.0115, -0.0178],
        [-0.0456, -0.0118,  0.0098,  ..., -0.0246, -0.0250,  0.0122],
        [-0.0116,  0.0493,  0.0151,  ...,  0.0018,  0.0143,  0.0309],
        [-0.0170,  0.0112, -0.0035,  ..., -0.0395,  0.0077, -0.0065]],
       device='cuda:1', dtype=torch.float16)
Turning Off Gradients in Image and Text Encoder
Parameters to be updated: {'adapters.1.fc.2.weight', 'adapters.0.fc.2.weight', 'adapter.fc.2.weight', 'adapters.2.fc.0.weight', 'adapters.2.fc.2.weight', 'adapters.1.fc.0.weight', 'adapter.fc.0.weight', 'adapters.0.fc.0.weight'}
Build Evaluator: Classification
itj:0
d:1
image features:tensor([[ 1.3538e-01,  9.3567e-02,  2.6587e-01,  8.8562e-02,  1.9043e-01,
         -3.9868e-01,  1.2610e-01, -4.5776e-03,  2.5513e-01,  6.7822e-01,
         -1.8726e-01,  3.2544e-01,  6.4307e-01,  4.3304e-02, -3.5913e-01,
         -1.1774e-01,  2.5537e-01,  4.9988e-02,  2.4487e-01, -4.7290e-01,
          2.3157e-01,  8.3862e-02, -1.9214e-01, -1.1633e-01, -2.4207e-01,
          1.6956e-01,  2.4756e-01, -1.4575e-01, -1.9812e-01,  2.8540e-01,
         -4.5508e-01,  3.0542e-01,  4.4336e-01, -4.0161e-02, -3.0396e-01,
         -1.9006e-01, -3.5767e-01, -1.0297e-01,  1.1511e-01,  4.2334e-01,
          3.3740e-01,  2.4927e-01, -4.3311e-01,  2.7124e-01,  1.3977e-01,
          1.1487e-01,  3.6279e-01,  1.2952e-01, -4.3579e-01, -7.6294e-02,
          3.9575e-01, -2.3486e-01, -1.6833e-01, -4.2798e-01, -4.3872e-01,
          8.1848e-02,  3.0426e-02, -2.7100e-01,  5.0977e-01,  2.2937e-01,
         -5.3613e-01,  3.3911e-01,  4.7192e-01, -3.5522e-02,  2.4316e-01,
         -3.6353e-01, -4.1455e-01,  7.7637e-01, -6.2598e-01,  3.8025e-02,
          2.2998e-01,  2.3669e-01, -4.3726e-01, -3.4302e-01,  7.5928e-02,
         -6.9946e-02, -2.6416e-01,  7.0435e-02, -6.5918e-02, -2.4487e-01,
          2.7271e-01,  1.6650e-01,  1.3635e-01, -3.0103e-01,  1.4746e-01,
          2.5244e-01, -3.9893e-01,  7.8064e-02, -1.1285e-01,  1.5479e-01,
          2.0752e-03, -2.8857e-01, -6.1406e+00,  1.2012e+00,  1.2128e-01,
         -4.6356e-02,  9.2163e-02, -3.8110e-01,  6.3818e-01,  1.4307e-01,
         -9.6497e-02, -1.6663e-01, -2.3962e-01, -6.3354e-02,  1.3489e-01,
         -3.7817e-01, -1.0283e+00,  3.0664e-01,  2.2986e-01, -3.8269e-02,
          2.3083e-01, -6.6943e-01, -5.1239e-02, -4.9133e-02,  2.7405e-02,
          5.7129e-01, -7.8223e-01,  3.1342e-02, -4.3762e-02,  3.1311e-02,
          1.3721e-01, -7.3828e-01,  4.0967e-01, -2.1683e-02,  1.8262e-01,
          1.5662e-01,  4.7150e-02, -1.3647e-01, -2.1326e-01,  3.3862e-01,
         -1.9946e-01, -7.0374e-02,  7.5928e-02,  8.8428e-01, -2.8662e-01,
          8.6426e-02, -1.0242e-01, -4.8755e-01, -1.7749e-01,  6.3965e-01,
          1.1536e-01, -6.6772e-02, -7.1289e-01,  3.1104e-01, -1.2170e-01,
          5.1514e-01,  1.3879e-01,  3.4546e-01, -1.7603e-01, -2.0020e-01,
         -5.1514e-02, -3.7903e-02,  9.2285e-01, -1.6113e-01,  2.9150e-01,
         -1.8115e-01, -3.3521e-01, -4.6631e-01,  3.1274e-01,  1.2299e-01,
         -5.7800e-02, -1.1108e-01,  8.1116e-02,  2.5391e-01,  1.8738e-01,
         -3.4790e-01,  9.5947e-01,  5.4199e-02,  4.7949e-01, -8.9844e-02,
         -4.8389e-01, -1.9745e-02, -1.6895e-01,  7.1106e-03,  3.3417e-02,
          4.3970e-01,  1.1787e+00,  7.4707e-02,  7.5098e-01,  1.3046e-02,
         -1.1456e-01,  8.0933e-02, -1.5259e-01,  4.9591e-03, -2.4719e-02,
         -8.5449e-03,  2.0728e-01, -1.9116e-01, -3.0420e-01,  1.2842e-01,
          1.1182e-01, -4.5258e-02, -3.9111e-01, -4.6265e-02,  2.6343e-01,
         -2.3315e-01, -2.2290e-01, -1.7468e-01, -6.5283e-01,  2.3389e-01,
          2.5482e-02, -2.9492e-01,  2.8467e-01,  7.7197e-01,  2.1838e-01,
          3.2739e-01, -1.5015e-01,  7.6843e-02,  4.7974e-02, -1.5881e-01,
         -1.7139e-01,  1.8933e-01,  1.7044e-02,  8.6548e-02,  1.1334e-01,
          2.9150e-01,  1.3843e-01, -4.4849e-01,  8.6670e-01, -1.3086e-01,
          2.3621e-01, -4.6234e-02, -4.3945e-01, -1.0852e-01, -3.2812e-01,
         -1.3110e-01, -2.8687e-02, -2.5293e-01,  5.1465e-01,  1.3135e-01,
          6.1707e-02,  6.3477e-02, -3.3032e-01, -3.3740e-01,  1.7517e-02,
          1.1871e-01, -5.0293e-01, -2.4414e-01,  4.4464e-02, -2.9053e-01,
          3.9771e-01, -2.6062e-02,  3.3600e-02,  2.9663e-01, -5.3760e-01,
          6.4111e-01,  2.2119e-01,  3.2690e-01, -1.1780e-02, -3.1201e-01,
          1.9629e-01,  1.4612e-01,  4.1260e-01,  2.6440e-01,  2.2937e-01,
          5.7861e-02, -2.2021e-01,  1.3635e-01,  2.3535e+00, -8.1238e-02,
         -1.4160e-01,  1.4014e-01, -3.1006e-02,  1.3057e+00, -3.9478e-01,
          1.0114e-01, -1.0718e-01, -3.1152e-01,  2.0850e-01, -5.8301e-01,
         -6.5308e-02, -4.2633e-02, -6.5479e-01, -9.9976e-02,  3.4082e-01,
         -5.3467e-02, -2.6733e-01,  4.1626e-02, -6.8726e-02, -8.3618e-03,
          5.6982e-01,  5.1788e-02, -6.9629e-01,  1.6345e-01, -1.5039e-01,
          2.9370e-01, -1.9482e-01,  1.4282e-02, -1.1914e-01,  1.8115e-01,
          3.1616e-02,  1.6724e-01, -2.1423e-01,  3.1055e-01, -2.1887e-01,
         -9.2834e-02,  1.9531e-01,  4.4238e-01,  1.5308e-01,  3.5840e-01,
         -4.2700e-01,  7.9407e-02, -5.4932e-01,  1.0828e-01,  2.0300e-01,
         -1.4441e-01,  1.2903e-01, -1.0931e-01,  3.7915e-01,  5.7959e-01,
         -1.6284e-01, -2.2095e-01,  8.8330e-01,  7.1484e-01,  4.1895e-01,
          1.7981e-01,  4.8022e-01,  8.3923e-02,  6.7871e-02,  1.0614e-01,
          1.2830e-01,  9.6338e-01, -7.4890e-02, -3.2812e-01,  3.8770e-01,
          2.7197e-01, -6.4990e-01, -9.5459e-02, -2.8711e-01,  9.0881e-02,
         -1.1035e-01,  3.6621e-01,  3.9600e-01, -1.5735e-01,  3.0664e-01,
         -1.6211e-01, -3.4326e-01,  2.1130e-01,  2.7979e-01, -2.2778e-01,
          1.6101e-01, -1.4038e-01, -2.0215e-01,  7.5623e-02, -2.4609e-01,
          3.7280e-01, -1.1719e-01,  7.4097e-02,  3.0176e-01,  3.7427e-01,
          7.7832e-01,  1.4075e-01,  1.0077e-01, -2.3340e-01, -1.9592e-01,
         -3.2520e-01, -1.1139e-01,  1.3867e+00,  2.3651e-02, -5.5389e-02,
         -5.4199e-01, -5.5664e-02,  9.5459e-02, -5.3027e-01, -4.2896e-01,
         -5.1208e-02,  2.0862e-01,  5.2002e-01, -9.4788e-02,  4.2139e-01,
          1.0114e-01,  5.9540e-02, -7.1960e-02,  5.1880e-03,  2.3401e-01,
         -7.7393e-02,  4.8706e-02,  2.0996e-01,  7.1582e-01,  9.6130e-02,
         -1.1475e-01, -1.7468e-01,  2.0142e-02, -2.0508e-01, -5.7983e-02,
         -6.0364e-02, -2.8900e-02,  7.0923e-02, -1.6260e-01,  1.3047e+00,
         -2.2217e-01, -1.0498e-01,  9.4360e-02,  1.9897e-01,  1.9318e-02,
          7.1564e-03,  4.6606e-01,  3.0518e-01,  2.4536e-01, -3.2520e-01,
         -3.4814e-01, -4.0869e-01,  1.0918e+00,  2.6147e-01,  4.8462e-01,
         -3.0200e-01,  1.6647e-02, -3.9258e-01,  3.7842e-01, -2.9102e-01,
         -6.2842e-01,  1.0266e-01, -3.8452e-02, -1.2122e-01, -3.6401e-01,
          4.8022e-01,  2.5488e-01, -3.9209e-01,  5.1660e-01, -1.7798e-01,
          2.7954e-01, -2.3206e-01, -3.6011e-03,  2.7954e-01, -3.9459e-02,
         -3.8330e-02, -5.4297e-01,  1.8433e-02,  1.5889e+00,  3.2520e-01,
          1.6553e-01,  2.3926e-01,  7.5830e-01, -2.9102e-01, -2.9077e-01,
         -1.0919e-01, -3.6572e-01,  2.4182e-01, -1.0571e-01,  3.4253e-01,
          2.7222e-02,  1.5869e-01,  2.1057e-03, -4.6851e-01, -1.7834e-01,
          1.3550e-01,  1.2225e-01, -9.4238e-02,  4.7876e-01,  5.3894e-02,
         -5.0928e-01, -6.0852e-02, -6.5674e-01,  8.9453e-01, -1.0156e-01,
          4.1797e-01, -5.8319e-02, -1.7041e-01,  2.4323e-02, -1.9531e-02,
         -1.6479e-01, -4.9805e-02,  1.3428e-01, -3.4204e-01,  5.3955e-01,
         -1.9299e-01,  1.4966e-01,  2.7637e-01, -2.2888e-01,  1.0938e-01,
          9.5581e-02, -7.0752e-01, -1.7578e-01,  2.6367e-01,  1.3831e-01,
         -1.9971e-01,  3.2422e-01, -2.1069e-01, -8.0338e-03, -1.2250e-01,
         -1.1963e-01, -5.5127e-01,  9.9243e-02,  2.0752e-01,  5.9619e-01,
          7.5073e-03, -3.7537e-02,  4.1504e-01, -1.4328e-02, -2.0593e-01,
         -3.8501e-01,  6.5674e-02,  6.7261e-02, -4.8926e-01,  1.5344e-01,
          3.8605e-02, -2.2314e-01,  2.3218e-01, -1.0870e-01,  1.6663e-01,
         -2.0905e-03, -3.5913e-01, -3.2227e-01,  2.7026e-01, -3.1543e-01,
         -3.9062e-01,  9.7473e-02, -1.9073e-02, -6.5918e-03,  6.1621e-01,
          1.1292e-01,  2.3145e-01]], device='cuda:1', dtype=torch.float16)
itj:1
d:1
image features:tensor([[-2.8076e-03,  2.6416e-01,  2.8247e-01, -3.7524e-01,  2.2278e-01,
         -4.2236e-01, -1.2311e-01, -3.5547e-01,  4.9536e-01,  1.5356e-01,
          7.8506e-03, -1.5247e-01,  8.4326e-01,  1.0803e-01, -4.0234e-01,
         -4.7437e-01,  6.8018e-01,  2.3315e-01, -1.3550e-01, -4.6118e-01,
          1.9922e-01,  6.2866e-02, -2.0459e-01, -1.0449e-01, -1.0913e-01,
          3.4448e-01,  3.1128e-01, -1.2573e-02,  5.2490e-02, -1.1072e-01,
          4.8309e-02,  3.2324e-01,  3.1958e-01, -3.1799e-02, -1.6553e-01,
          1.0626e-01, -9.8206e-02, -5.0781e-02, -8.5815e-02,  1.2817e-03,
          3.3862e-01, -2.3499e-01, -2.6636e-01,  1.1646e-01,  1.6479e-03,
          7.1875e-01,  4.6240e-01,  4.3701e-01, -1.4014e-01,  2.3608e-01,
          4.5874e-01, -1.6113e-01, -3.1982e-01, -5.3271e-01, -6.4453e-02,
         -4.8877e-01,  2.0532e-01, -6.4941e-01,  2.2595e-01, -2.8442e-01,
         -1.9458e-01,  6.7822e-01,  2.3059e-01, -3.7781e-02, -3.5400e-02,
         -2.0654e-01,  4.0503e-01,  3.7524e-01, -1.5259e-01, -1.8030e-01,
          3.1079e-01,  2.9053e-01,  9.1400e-03,  1.2189e-01,  4.2261e-01,
         -3.0444e-01, -4.3188e-01, -9.4116e-02, -1.0522e-01, -1.0339e-01,
          1.4795e-01,  9.6252e-02,  2.0374e-01,  5.3174e-01,  4.5215e-01,
          1.5564e-03,  4.4043e-01,  2.8906e-01,  4.1718e-02, -4.2877e-02,
          9.8877e-02, -6.7188e-01, -6.2109e+00,  3.0200e-01,  1.0767e-01,
         -3.0347e-01,  1.6870e-01, -4.1357e-01,  3.3081e-01, -1.1787e+00,
          5.4138e-02, -1.3965e-01, -2.3788e-02, -3.6285e-02,  6.6602e-01,
         -4.5703e-01, -4.7607e-02,  3.8672e-01,  6.7749e-02,  3.9337e-02,
          7.5073e-02, -9.8926e-01, -4.2664e-02,  8.7891e-02, -8.9294e-02,
          4.5239e-01, -5.2832e-01, -2.1802e-01, -3.7292e-02, -1.5662e-01,
          1.8689e-01, -4.5996e-01, -2.7069e-02, -1.0767e-01,  3.3691e-01,
         -2.5171e-01, -2.1118e-01, -9.4360e-02,  2.7417e-01,  3.2788e-01,
          2.5098e-01,  1.8201e-01, -2.4255e-01,  8.6523e-01, -1.5063e-01,
         -4.6387e-03, -1.3245e-02, -4.4946e-01,  1.9495e-01,  5.8447e-01,
          2.7344e-02, -9.5764e-02, -4.8389e-01, -1.2769e-01, -1.0596e-01,
          3.6157e-01, -1.7578e-02,  9.0698e-02, -6.6211e-01, -1.9092e-01,
          1.9775e-01, -7.2998e-02,  7.0410e-01, -2.4512e-01,  1.9287e-01,
          1.2311e-01, -4.7461e-01,  7.8552e-02,  5.2148e-01, -1.5967e-01,
         -3.2690e-01, -4.7437e-01,  3.2837e-01,  2.4719e-02,  4.8096e-01,
          1.2744e-01,  8.5840e-01,  1.1002e-02,  1.8652e-01,  3.8989e-01,
         -2.6538e-01,  1.1121e-01,  5.0262e-02, -1.4807e-01, -1.1963e-01,
          2.2253e-01,  3.6304e-01,  3.1787e-01,  9.3262e-01,  1.2390e-01,
         -8.4412e-02,  6.0913e-02,  1.0980e-01, -3.0249e-01, -1.2842e-01,
          2.1362e-01, -1.4258e-01,  6.8164e-01, -6.0938e-01,  9.4360e-02,
          1.9913e-02, -2.5684e-01,  2.1622e-02, -5.6152e-01,  6.9531e-01,
          7.5806e-02, -4.9805e-02, -3.4912e-02, -5.8398e-01, -3.6646e-01,
         -3.0469e-01, -3.6157e-01, -2.6855e-02,  3.2056e-01, -3.4766e-01,
          1.6211e-01, -1.4722e-01, -1.6895e-01,  5.2307e-02, -4.9377e-02,
         -7.0020e-01,  3.6523e-01,  5.7190e-02,  3.9160e-01, -7.2937e-02,
         -1.0974e-01, -3.9307e-02,  5.9418e-02,  1.0010e+00, -1.0815e-01,
          2.2815e-01,  4.6289e-01, -5.4883e-01, -1.2238e-01, -5.5908e-01,
          1.5088e-01, -3.1250e-01, -1.2085e-01,  2.1484e-01,  2.7393e-01,
          3.2959e-01, -1.1072e-01, -1.9897e-01, -8.1177e-02, -9.7290e-02,
          1.7700e-01, -3.4473e-01, -4.0552e-01, -4.5850e-01, -2.3596e-01,
          7.0801e-03,  1.1316e-01, -5.0293e-01,  6.3629e-03,  1.0486e-01,
          3.6865e-01, -1.9043e-01,  2.7881e-01,  3.2910e-01, -1.6614e-01,
          2.3755e-01,  5.7617e-01,  3.1494e-01,  1.6504e-01,  5.0049e-01,
          6.6406e-02, -1.6650e-01,  4.5264e-01,  2.6992e+00, -2.3242e-01,
          2.2534e-01, -1.6357e-01,  1.7151e-01,  1.6504e+00, -3.3032e-01,
         -1.9470e-01,  3.4729e-02,  4.5807e-02,  2.5586e-01, -3.4741e-01,
         -4.3848e-01,  1.3745e-01,  1.9226e-01,  9.3994e-02,  6.8237e-02,
         -1.9226e-01, -3.0106e-02, -2.6782e-01,  9.2773e-02, -2.7197e-01,
          1.5710e-01, -1.6797e-01, -8.5986e-01,  2.1332e-02, -1.2720e-01,
         -1.2695e-01,  1.0400e+00,  2.1606e-02, -7.9163e-02,  4.3701e-02,
         -7.2998e-02,  5.2441e-01, -5.5908e-02, -6.6833e-02,  1.5662e-01,
          1.9775e-01, -6.3379e-01,  2.5488e-01, -5.2368e-02,  1.2878e-01,
         -6.8848e-01,  9.5093e-02, -3.5352e-01,  1.6098e-03, -1.4771e-01,
         -1.9312e-01, -1.1810e-01, -3.5461e-02,  2.9114e-02,  1.3257e-01,
          3.0469e-01, -3.1445e-01,  8.6426e-01,  4.2188e-01,  4.4971e-01,
         -6.0791e-02,  4.9780e-01,  2.6709e-01,  2.4243e-01, -1.6724e-01,
          1.8860e-01,  1.8525e+00,  1.2891e-01, -4.7900e-01,  6.8359e-01,
          3.0078e-01, -8.7280e-02,  2.3169e-01, -2.2583e-02, -1.3062e-01,
          2.5879e-01,  1.1060e-01,  5.0488e-01,  2.1637e-02,  2.6221e-01,
         -2.8149e-01, -9.1003e-02,  3.9502e-01,  7.8003e-02,  5.0195e-01,
          2.1765e-01, -7.0312e-02,  5.7526e-02,  1.4465e-01, -1.5796e-01,
          1.3770e-01, -9.0759e-02,  1.9495e-01,  1.8518e-01,  1.2817e-01,
          5.1855e-01, -1.4709e-01,  4.1260e-01, -1.9287e-02, -4.0869e-01,
         -4.9756e-01, -6.9385e-01,  8.8916e-01, -3.7964e-01, -4.0576e-01,
         -3.3447e-01, -1.5649e-01,  2.6535e-02, -6.6309e-01, -3.9526e-01,
         -2.0325e-01, -2.1362e-02,  5.9961e-01, -1.6748e-01,  2.1606e-01,
         -7.4951e-02, -1.5393e-01, -3.2104e-01, -1.2413e-02,  2.4756e-01,
         -8.5266e-02, -2.4377e-01,  2.8760e-01,  3.3496e-01,  5.9961e-01,
          8.3069e-02,  7.2815e-02,  1.5295e-01, -3.3472e-01, -9.2773e-02,
         -4.0356e-01,  1.8494e-02, -1.2439e-01,  1.2311e-01,  1.2852e+00,
         -1.1829e-01,  4.4830e-02,  1.1798e-01,  5.8350e-01, -2.6270e-01,
          1.9714e-01,  3.4497e-01, -4.8096e-01,  9.3652e-01,  1.6492e-01,
         -5.6702e-02, -2.3816e-01,  1.5955e-01,  2.8412e-02,  3.7012e-01,
         -4.5020e-01, -2.7563e-01, -5.7764e-01, -4.2383e-01,  1.7334e-02,
         -5.0195e-01,  1.6037e-02, -1.7517e-01,  1.0016e-01, -2.8516e-01,
         -5.2521e-02,  1.2558e-02, -1.2378e-01, -2.6172e-01,  4.7302e-02,
          1.4734e-01, -4.9683e-01, -5.4736e-01,  2.3914e-01, -1.2299e-01,
         -9.9304e-02,  1.5027e-01, -1.2988e-01,  1.4121e+00,  8.3923e-02,
          2.4756e-01,  8.1299e-02, -6.6016e-01,  5.8228e-02, -3.7781e-02,
          3.0615e-01, -4.4507e-01,  1.3672e-01, -1.7822e-01,  5.4004e-01,
         -5.2979e-02,  2.3425e-01, -2.6123e-01, -3.8257e-01, -2.6855e-03,
          1.5894e-01,  3.9062e-01, -2.6807e-01, -9.8877e-02,  1.9287e-02,
          6.6467e-02, -1.1743e-01, -5.9424e-01,  1.2500e+00, -1.8005e-01,
         -2.4316e-01,  6.0645e-01,  3.2257e-02, -3.5156e-02, -3.9453e-01,
         -1.8188e-02,  4.0344e-02,  8.2520e-02, -1.8689e-01,  5.9863e-01,
         -1.9324e-01,  8.0872e-02,  1.3879e-01, -3.6206e-01, -2.9572e-02,
         -3.3447e-01, -4.4824e-01, -1.8707e-02, -2.3877e-01,  2.2119e-01,
         -1.1975e-01,  3.4082e-01, -1.0065e-01,  3.2031e-01, -2.7759e-01,
          1.9684e-02, -9.2920e-01,  3.9355e-01,  7.9346e-02,  3.5474e-01,
          9.7656e-03, -5.8380e-02,  1.9775e-01,  3.6890e-01,  3.1909e-01,
         -1.1926e-01,  5.5359e-02,  2.6465e-01, -5.6299e-01, -4.1504e-01,
         -1.0803e-01, -1.3721e-01, -7.9956e-02, -2.0129e-01,  4.9072e-01,
         -3.0493e-01, -2.0776e-01, -3.7939e-01,  2.7637e-01,  2.3315e-01,
         -3.3203e-01,  4.0894e-02, -2.2974e-01, -1.7163e-01,  9.8828e-01,
         -1.3159e-01,  1.1462e-01]], device='cuda:1', dtype=torch.float16)
itj:2
d:1
image features:tensor([[ 1.7517e-01,  2.1057e-01,  4.4800e-01,  4.9225e-02,  2.1326e-01,
         -3.4326e-01, -2.0630e-02, -1.4465e-01,  2.1936e-01,  1.7517e-01,
          3.9771e-01, -6.3293e-02,  1.5039e-01, -3.6316e-02, -1.4429e-01,
          1.9684e-02,  1.0193e-01, -1.3367e-01,  3.1958e-01, -3.0322e-01,
          4.6802e-01, -1.8909e-01, -1.3306e-01,  1.5259e-01, -4.9390e-01,
          3.5205e-01,  4.1382e-01,  3.6507e-03, -2.9175e-01, -2.4487e-01,
         -1.0034e-01,  3.1030e-01,  8.7341e-02, -2.8271e-01, -6.7383e-02,
         -1.6907e-01, -3.6163e-02,  1.5430e-01, -8.0505e-02,  8.5156e-01,
          4.6143e-01, -1.4282e-01, -3.3838e-01, -2.1313e-01, -4.9408e-02,
         -3.2690e-01,  4.0869e-01,  3.5205e-01, -3.0835e-01,  1.0767e-01,
          2.8540e-01, -4.7668e-02,  1.4099e-01, -2.0068e-01,  1.1951e-01,
         -1.9135e-02, -1.4307e-01, -9.0881e-02,  4.0137e-01,  1.3000e-01,
         -4.4189e-01,  2.5952e-01,  1.9910e-01, -1.7139e-01,  9.9976e-02,
         -4.8730e-01,  1.0547e-01,  1.3184e-02, -6.7285e-01, -2.9510e-02,
          7.6965e-02,  2.2412e-01, -4.8535e-01, -9.4116e-02, -2.0813e-02,
         -1.8213e-01, -3.9453e-01, -1.4441e-01, -1.5662e-01,  1.1725e-01,
          5.2197e-01,  2.7710e-01, -2.1301e-02, -1.9177e-01,  1.2000e-01,
          1.6504e-01,  5.2539e-01,  3.8916e-01, -7.1094e-01, -1.2695e-01,
         -1.0565e-01, -6.9824e-01, -6.5898e+00,  1.2979e+00,  7.2021e-02,
         -3.4790e-02, -1.1609e-01, -1.1011e-01,  6.6772e-02, -3.2642e-01,
          2.1985e-01, -2.2583e-01,  8.1360e-02, -2.8296e-01,  1.0391e+00,
          2.2607e-01, -1.2363e+00,  1.1127e-01, -7.7286e-03,  9.7656e-02,
          2.0447e-01, -1.1016e+00,  2.2156e-02, -5.7922e-02,  1.2280e-01,
          1.0199e-01, -3.6572e-01,  6.1066e-02,  5.8533e-02,  4.0894e-01,
         -2.7817e-02, -2.2144e-01,  5.7617e-01,  1.8933e-01, -4.8035e-02,
          4.0356e-01, -1.8933e-01, -1.5894e-01,  1.5369e-01,  4.6167e-01,
          1.2769e-01, -4.1687e-02,  1.4807e-01,  8.8770e-01, -1.4600e-01,
         -9.4116e-02,  2.1408e-02, -4.4617e-02,  6.3110e-02,  5.8441e-03,
          4.4702e-01, -2.2595e-01, -4.3823e-01,  1.7603e-01, -1.3770e-01,
          5.6885e-01, -7.0801e-02,  2.4597e-01, -5.8154e-01, -4.3262e-01,
          4.9377e-02, -2.3621e-02,  1.4756e+00,  1.2231e-01,  8.1543e-02,
         -1.8140e-01, -2.0288e-01,  2.6465e-01,  3.3765e-01, -4.2786e-02,
         -1.2781e-01, -2.4341e-01, -1.8921e-01,  1.5778e-02,  2.4500e-01,
         -1.0986e-03,  9.7656e-01, -2.7252e-02, -2.8931e-02, -3.3740e-01,
          2.4887e-02, -9.3994e-02, -1.0059e-01, -1.0913e-01, -5.1270e-01,
          2.3730e-01,  5.8154e-01,  1.2354e-01,  8.1250e-01,  1.3354e-01,
         -5.2881e-01, -2.2058e-01, -2.1790e-02, -4.6045e-01,  9.7046e-02,
         -1.2854e-01, -3.4717e-01, -6.5674e-02, -4.2871e-01, -1.1890e-01,
          3.1396e-01, -2.4829e-01, -7.6318e-01, -2.5928e-01,  3.6768e-01,
          2.2900e-01,  2.4524e-01,  9.1400e-03, -6.6846e-01,  7.1411e-02,
         -3.1177e-01, -9.9182e-03, -1.6895e-01,  4.9365e-01,  4.1943e-01,
          1.8945e-01, -1.3464e-01, -4.6851e-01,  1.7395e-02, -1.9629e-01,
         -4.8315e-01, -1.6284e-01,  1.2109e-01, -2.2125e-02,  3.8794e-01,
          2.4585e-01,  3.8867e-01, -4.7632e-01,  6.1035e-01, -8.0505e-02,
          6.7920e-01, -1.8372e-01, -3.3301e-01, -2.3666e-02, -1.2067e-01,
          2.7783e-01, -3.0615e-01, -2.2095e-01, -6.2103e-02,  3.3154e-01,
          2.2876e-01,  2.1326e-01, -4.8389e-01,  3.3960e-01, -3.3356e-02,
          4.3970e-01, -3.5547e-01, -8.4290e-02, -4.4775e-01, -2.4609e-01,
          1.2610e-01,  4.5776e-03, -3.5596e-01, -1.0425e-01, -5.4248e-01,
          9.1504e-01, -7.3547e-02,  5.5273e-01,  3.5278e-02, -1.3977e-01,
          5.2197e-01,  4.8608e-01,  4.5825e-01,  1.8262e-01,  5.6183e-02,
         -1.7102e-01, -4.7827e-01, -8.1787e-02,  1.1318e+00,  3.3911e-01,
         -7.0068e-02,  1.3904e-01,  3.2617e-01,  1.1152e+00, -1.3965e-01,
         -1.7993e-01,  5.5127e-01,  1.3130e-02,  1.6675e-01, -4.9316e-01,
         -1.4575e-01,  1.0315e-01, -8.6792e-02, -2.2827e-01, -3.4375e-01,
         -3.4204e-01, -2.6031e-02, -2.6318e-01, -1.0614e-01, -1.6504e-01,
          5.5908e-01,  1.0327e-01, -7.0264e-01,  3.4277e-01, -1.4587e-01,
         -2.1582e-01,  3.9795e-02, -1.1673e-02, -5.4541e-01,  1.3623e-01,
          2.2534e-01,  3.7891e-01,  1.1208e-02,  3.6401e-01,  1.9397e-01,
          2.5610e-01, -2.7563e-01,  2.5488e-01, -3.3789e-01,  2.4414e-01,
         -2.2412e-01, -9.1614e-02, -1.7700e-01,  3.7384e-02, -2.1960e-01,
         -6.7969e-01,  2.4939e-01,  8.3679e-02,  1.9250e-01,  8.5205e-01,
          8.3984e-02, -7.4524e-02,  8.8818e-01,  5.0488e-01,  1.0559e-01,
          5.3497e-02,  3.5889e-01, -6.3904e-02,  9.6191e-02,  6.9199e-03,
          1.2817e-01,  8.1592e-01, -3.0811e-01, -3.2788e-01,  4.8438e-01,
          3.3765e-01, -3.2520e-01, -2.6538e-01,  1.4633e-02,  2.0050e-02,
         -3.2300e-01,  7.4005e-03,  4.7461e-01,  1.9592e-01, -2.5098e-01,
         -5.7129e-01, -3.1274e-01,  1.1658e-01,  4.7095e-01,  5.7861e-02,
          1.5149e-01, -1.2659e-01, -4.1455e-01,  1.0156e-01, -9.7656e-02,
          2.3389e-01, -1.1365e-01,  2.2095e-01, -8.7128e-03,  3.0420e-01,
          7.1826e-01,  2.4200e-02, -2.7441e-01, -3.7994e-02, -2.4390e-01,
         -2.4438e-01, -3.2471e-01,  9.3555e-01, -1.3574e-01,  1.6345e-01,
         -3.9185e-02, -2.7368e-01,  3.4082e-01, -9.5215e-01, -4.7412e-01,
         -2.3340e-01, -1.1658e-02,  4.9121e-01,  1.1932e-01,  1.4990e-01,
         -2.1338e-01,  1.4001e-01, -5.4883e-01, -3.5181e-01,  7.8308e-02,
         -1.0376e-01, -1.4343e-01,  2.0679e-01,  1.7737e-01,  7.7490e-01,
         -1.4893e-01, -4.3604e-01,  1.0291e-01, -1.0254e-01, -2.0728e-01,
         -2.0276e-01, -2.3779e-01, -4.5868e-02,  2.7808e-01,  1.0293e+00,
          8.5373e-03, -4.0820e-01,  6.9458e-02, -8.5907e-03, -8.4778e-02,
         -1.2042e-01,  2.5195e-01, -2.5757e-01,  7.1045e-01, -2.8107e-02,
         -1.2488e-01, -3.7378e-01,  1.0303e+00,  2.8003e-01,  1.8628e-01,
         -4.2773e-01, -2.6904e-01, -1.3940e-01, -3.3960e-01, -1.9360e-01,
         -4.5068e-01,  4.5837e-02, -3.1494e-01,  2.5482e-03, -6.0303e-01,
          4.1260e-01, -2.8613e-01, -3.8770e-01,  2.6929e-01, -1.4137e-02,
          1.2152e-01, -5.3711e-01,  9.7351e-02, -3.9062e-03, -4.0771e-01,
          1.7944e-01, -3.8940e-01,  2.2351e-01, -2.5977e-01,  2.6611e-01,
         -1.4099e-02,  4.0588e-03,  7.6807e-01,  5.7526e-02,  1.9043e-01,
          7.2327e-03, -4.8999e-01,  1.9971e-01, -5.6030e-02,  5.3223e-01,
         -2.0312e-01,  9.9365e-01, -2.2278e-01, -2.7661e-01, -4.7754e-01,
          3.8452e-01,  2.1997e-01, -1.6663e-01,  1.6064e-01, -1.0065e-01,
         -3.7305e-01, -3.5083e-01, -6.8994e-01,  1.4805e+00,  1.0864e-01,
          2.3950e-01,  1.5161e-01,  1.1230e-01, -7.5623e-02, -3.3325e-02,
         -1.1353e-02, -1.4099e-01,  3.5083e-01, -2.2247e-02,  1.8457e-01,
          1.0461e-01,  2.0337e-01,  2.7130e-02, -2.2217e-01, -3.7292e-02,
          8.1024e-03, -3.7207e-01,  3.9624e-01, -1.9897e-02,  6.3525e-01,
         -6.3354e-02,  1.4343e-01, -1.2915e-01,  1.2097e-01, -5.0928e-01,
         -2.0654e-01, -4.5654e-01,  3.0106e-02,  1.6663e-01,  7.4854e-01,
          1.7590e-01, -2.0142e-02,  3.7769e-01,  1.4258e-01, -1.6687e-01,
         -3.3447e-01, -1.7737e-01,  3.2471e-01, -6.6943e-01,  2.1057e-01,
         -1.1340e-01, -1.2708e-01, -9.9243e-02,  1.9238e-01, -3.3130e-01,
         -2.8366e-02, -4.3848e-01, -3.8159e-01,  5.1074e-01,  8.1738e-01,
          1.4404e-01,  1.3245e-01,  1.5088e-01, -1.2524e-01,  7.1338e-01,
          9.3384e-02,  1.0565e-01]], device='cuda:1', dtype=torch.float16)
itj:3
d:2
image features:tensor([[ 1.6187e-01,  1.4526e-01, -1.2131e-02,  1.4014e-01,  3.9453e-01,
         -3.4229e-01, -8.4351e-02, -4.1260e-01, -1.6101e-01,  1.3770e-01,
          3.5010e-01, -9.8694e-02, -3.7061e-01,  1.9867e-02, -1.4209e-01,
         -4.5776e-02, -1.2598e-01, -2.1948e-01, -2.1515e-02, -1.5405e-01,
          8.4961e-02,  5.2368e-02, -2.1924e-01, -2.0844e-02, -1.8274e-01,
          4.4653e-01,  1.4062e-01,  1.0034e-01, -2.0706e-02,  2.3926e-01,
          6.7688e-02,  3.7378e-01, -3.0933e-01, -3.3569e-03, -1.2207e+00,
         -2.0776e-01, -8.2703e-03,  2.6001e-01,  1.0748e-01,  1.2217e+00,
         -4.3994e-01, -3.7451e-01, -1.3086e-01, -2.5879e-01,  8.7305e-01,
         -3.2578e+00,  1.2671e-01,  3.5205e-01, -2.6062e-02,  7.6416e-02,
          2.6611e-02,  3.4692e-01,  2.1484e-02, -2.1545e-01, -1.1353e-01,
         -9.7046e-03,  7.0618e-02,  1.2732e-01, -2.1533e-01, -3.7109e-01,
         -4.3506e-01, -4.8004e-02,  7.1338e-01, -3.1097e-02, -2.5940e-02,
          2.6855e-03,  1.9727e-01,  4.1919e-01, -5.0293e-01,  2.6672e-02,
          3.8013e-01, -2.1777e-01,  4.8401e-02, -2.6196e-01, -1.5698e-01,
          3.8721e-01, -3.9453e-01, -1.7859e-01, -5.9906e-02, -5.9204e-03,
          1.3672e-02,  1.3586e-01,  7.8003e-02,  4.5410e-02,  9.3872e-02,
          3.2886e-01, -1.8530e-01,  2.5342e-01, -6.2988e-01,  1.4603e-02,
         -1.9873e-01, -2.4341e-01, -6.4844e+00,  1.0638e-01, -6.8359e-02,
          3.7280e-01,  7.2632e-02,  5.4840e-02,  3.6768e-01, -3.1250e-01,
         -1.0876e-01, -1.3647e-01,  1.2103e-01, -3.0688e-01,  7.9883e-01,
          9.4604e-02,  3.9941e-01, -4.2206e-02, -4.7852e-01,  4.0039e-01,
         -2.8516e-01, -1.1658e-01,  3.6530e-02,  5.2795e-02,  1.0309e-01,
          1.3135e-01, -3.4424e-02, -5.2734e-02, -3.9978e-03,  3.6694e-01,
         -1.8665e-01, -1.5205e-02,  4.5630e-01,  1.1780e-01,  2.4048e-01,
          5.6519e-02,  1.3501e-01, -2.4988e-01, -1.9727e-01,  4.1895e-01,
         -2.6978e-01, -3.1763e-01, -2.6904e-01,  8.2324e-01, -3.7140e-02,
          1.9507e-01,  3.7061e-01, -9.4238e-02, -1.6772e-01,  1.0211e-01,
          2.0911e-01,  5.9204e-02, -4.2725e-04,  5.4834e-01,  2.5406e-03,
          3.4497e-01, -1.6711e-01, -2.4414e-01, -2.4707e-01,  1.4673e-01,
          1.3977e-01, -6.5430e-02,  1.7793e+00, -1.5906e-01,  3.5400e-01,
         -8.3936e-01, -5.8105e-01,  5.3516e-01,  1.5405e-01, -4.5825e-01,
          4.7516e-02,  2.4060e-01, -1.7981e-01, -4.3311e-01, -1.0309e-01,
          2.2607e-01,  3.7183e-01, -3.5400e-03,  2.7637e-01, -7.9834e-02,
         -2.9248e-01, -3.0365e-02, -6.0211e-02, -1.4624e-01, -4.8755e-01,
          1.3405e-02,  9.8682e-01,  3.0103e-01,  1.2939e-02, -7.2083e-02,
         -1.3110e-01, -7.3242e-02, -2.4500e-01, -2.2400e-01,  1.9531e-01,
         -4.0894e-02, -4.0210e-01, -2.2437e-01, -1.7969e-01, -1.4478e-01,
         -1.2164e-01, -2.6978e-01, -3.6035e-01, -2.7515e-01,  2.1924e-01,
          1.5601e-01,  2.9761e-01,  2.4719e-01, -8.0664e-01,  2.8979e-01,
         -5.4535e-02, -1.7310e-01,  2.5220e-01,  3.9868e-01,  2.6514e-01,
         -1.0358e-01,  1.8945e-01, -1.2573e-01,  1.7200e-01,  9.0332e-03,
         -3.2544e-01, -6.3623e-01, -2.3633e-01,  7.4280e-02,  1.5701e-02,
         -1.5210e-01,  2.2095e-01,  2.4121e-01,  1.3330e+00, -6.0974e-02,
          2.7441e-01,  2.4146e-01, -1.5906e-01,  1.2512e-01, -1.2012e-01,
          8.3618e-02, -1.1700e-01,  3.8647e-01, -4.7021e-01,  3.3374e-01,
          5.2393e-01, -1.0718e-01, -6.9214e-02, -8.6914e-02, -3.5791e-01,
          1.7554e-01, -2.3962e-01, -8.8440e-02, -3.5498e-01, -4.3774e-01,
          2.1204e-01,  5.7983e-03, -3.6938e-01, -5.4230e-02, -1.7688e-01,
          8.4814e-01,  2.7979e-01,  1.0022e-01, -3.8501e-01,  5.2881e-01,
          3.7671e-01,  7.2021e-01,  1.2292e-01,  1.7426e-02,  2.6709e-01,
         -8.4595e-02, -1.9397e-01,  8.2092e-02,  1.7021e+00,  1.6846e-01,
         -3.5718e-01,  6.6528e-03,  2.9199e-01,  3.2593e-01,  3.0762e-02,
          1.9507e-01,  1.7090e-03, -2.0279e-02,  1.3257e-01, -1.4062e-01,
         -1.9760e-02, -1.2610e-01, -4.1046e-02,  1.1093e-02, -5.9631e-02,
         -3.3472e-01,  1.6418e-01, -2.1399e-01, -2.0044e-01, -2.1265e-01,
          2.0288e-01,  1.4307e-01, -1.3208e-01,  2.4170e-01,  3.5083e-01,
         -7.2266e-02,  1.3184e-01, -3.5449e-01, -7.5977e-01, -7.5195e-02,
          1.9702e-01, -1.1218e-01,  1.3660e-01, -2.3483e-02, -1.6479e-01,
         -1.8628e-01, -6.5479e-01,  8.6060e-02, -1.4572e-02,  3.8013e-01,
         -2.8076e-02,  3.8055e-02, -2.9663e-01,  4.1797e-01, -1.4941e-01,
         -1.3611e-01,  2.1631e-01, -2.2974e-01,  7.8711e-01,  2.6294e-01,
         -4.1895e-01,  2.5562e-01,  8.2080e-01,  2.6611e-01,  7.6294e-03,
         -1.3550e-01,  6.4258e-01,  3.4595e-01,  2.2778e-01, -1.4990e-01,
          3.5095e-02,  8.4131e-01, -1.4795e-01, -2.7441e-01, -4.1992e-02,
          1.4734e-01,  7.4524e-02,  1.1890e-01,  1.6333e-01,  1.5007e-02,
         -1.8640e-01,  9.5093e-02,  2.5537e-01,  4.8608e-01, -6.5063e-02,
         -3.1348e-01, -3.0518e-01, -5.1416e-01, -6.4270e-02,  3.4131e-01,
          1.6821e-01,  8.5754e-02, -4.3970e-01,  2.4878e-01,  3.2471e-01,
         -1.7065e-01, -2.0905e-02,  4.4531e-01,  2.9688e-01,  2.9956e-01,
          6.3867e-01,  3.7769e-01,  1.6113e-01,  4.0283e-03,  1.2170e-01,
         -4.2065e-01, -2.5732e-01,  1.4746e-01, -2.3584e-01,  3.7256e-01,
         -8.0176e-01,  6.2500e-02,  2.9199e-01,  3.3740e-01, -1.7754e+00,
          3.8940e-02,  1.6980e-01, -4.5630e-01,  4.3872e-01,  1.0437e-01,
         -7.8979e-02,  6.3904e-02, -3.7134e-01, -1.8652e-01,  1.0260e-01,
          3.5132e-01,  4.3335e-01,  5.2063e-02,  2.0349e-01,  9.1162e-01,
         -5.4321e-02,  9.4727e-02, -5.6836e-01,  4.0991e-01, -2.2998e-01,
         -4.0088e-01, -7.2510e-02,  7.4730e-03,  2.6831e-01,  4.8950e-01,
          1.0809e-01,  2.6392e-01,  2.4365e-01,  1.3580e-02, -1.6711e-01,
          2.1570e-01,  3.5767e-02, -2.1960e-01, -9.6924e-02,  2.0703e-01,
         -6.9189e-01,  2.4872e-02,  2.8638e-01,  1.8494e-01,  5.6055e-01,
         -2.1191e-01, -5.5145e-02, -2.8931e-01, -1.1902e-01, -3.7207e-01,
         -4.5508e-01, -4.5190e-01, -5.8517e-03,  1.5247e-01, -2.1777e-01,
          1.7993e-01, -6.1377e-01, -4.1626e-02, -9.2676e-01, -1.2476e-01,
          2.9932e-01, -3.3203e-01, -3.9917e-01, -3.8867e-01, -2.5610e-01,
          3.4863e-01,  2.0850e-01,  1.0858e-01, -5.4688e-01, -2.7417e-01,
          8.9050e-02,  5.9692e-02,  1.4453e+00, -2.8271e-01,  3.9575e-01,
          2.3486e-01, -1.0742e-02, -3.5278e-01,  3.3150e-03,  3.5278e-01,
         -1.2561e-01,  5.5762e-01, -1.3684e-01,  1.7395e-01, -1.4099e-01,
          1.0095e-01,  3.1543e-01, -1.2030e-01, -1.8091e-01, -5.1971e-02,
         -1.9836e-01, -4.9634e-01, -2.5977e-01,  8.3105e-01,  7.1899e-02,
         -4.5117e-01,  2.2363e-01,  3.1543e-01,  1.2024e-02,  2.2595e-01,
         -4.9219e-01,  6.0638e-02,  2.7954e-01,  6.5369e-02, -1.2024e-01,
          1.1084e-01,  3.0811e-01, -5.7434e-02, -3.1689e-01, -1.9189e-01,
          1.7285e-01, -1.5125e-01,  2.7393e-01, -1.1255e-01,  4.2822e-01,
         -2.3511e-01,  7.9285e-02,  2.0569e-01,  7.2144e-02, -3.2446e-01,
         -1.2903e-01,  1.9556e-01,  2.6440e-01,  7.6477e-02,  6.6211e-01,
          3.7549e-01, -3.5352e-01,  3.3447e-01,  3.3569e-01,  4.7485e-02,
         -1.5381e-01,  1.3159e-01,  4.2969e-01, -7.9590e-01,  2.5952e-01,
          1.0931e-01,  2.0215e-01,  1.5808e-02, -6.1722e-03, -1.2817e-01,
          7.8247e-02, -5.1172e-01, -3.3374e-01,  5.3760e-01,  1.1963e+00,
          3.8232e-01,  3.6963e-01,  7.8125e-02, -2.3315e-01,  1.1240e+00,
          7.8064e-02, -7.2998e-02]], device='cuda:1', dtype=torch.float16)
itj:4
d:2
image features:tensor([[ 4.3115e-01,  9.4910e-02,  2.7026e-01,  1.2720e-01, -2.5342e-01,
          3.4790e-01, -6.0156e-01, -4.2065e-01, -2.6392e-01, -4.1895e-01,
          1.2817e-01, -3.1641e-01, -1.9836e-03, -5.9692e-02, -5.7275e-01,
         -1.4465e-02,  5.2979e-01,  4.9023e-01,  1.0980e-01, -3.9282e-01,
          2.0737e-02,  4.9438e-02, -8.2397e-02, -3.3179e-01, -3.7689e-02,
          1.7236e-01,  1.4197e-01, -2.7979e-01,  3.2886e-01, -1.7358e-01,
          4.3994e-01, -8.3618e-03,  4.4629e-01,  1.6022e-02, -7.8809e-01,
          2.9266e-02,  1.2793e-01,  1.7590e-01, -1.7627e-01,  3.8989e-01,
          2.1423e-01,  7.8430e-03, -2.6831e-01,  5.6854e-02,  1.3496e-02,
          7.7148e-01,  1.0828e-01,  5.0732e-01, -1.1523e-01,  5.2197e-01,
         -2.2766e-01,  6.0791e-01, -3.1885e-01, -3.0563e-02, -5.0232e-02,
         -2.6001e-01, -4.3164e-01, -1.8945e-01,  4.7144e-01,  4.8389e-01,
         -7.4609e-01,  4.2407e-01,  2.8394e-01, -1.0239e-02,  3.6438e-02,
         -1.7615e-01, -2.0508e-01,  1.7129e+00, -3.2812e-01, -3.7061e-01,
         -1.1395e-01,  5.6519e-02, -1.9470e-01, -3.0371e-01, -1.9257e-02,
         -2.1582e-01, -5.2930e-01,  4.4983e-02, -5.4053e-01,  8.3496e-02,
          7.3364e-02,  6.1572e-01,  1.6675e-01, -5.2051e-01,  4.0967e-01,
          1.0889e-01,  3.2812e-01, -3.1921e-02,  7.4402e-02,  5.5225e-01,
          8.7769e-02, -4.1382e-02, -6.4375e+00, -5.3369e-01, -1.0291e-01,
         -9.7656e-02,  2.5977e-01,  1.8896e-01,  5.1562e-01,  3.4863e-01,
          8.7402e-02,  8.9966e-02, -3.5461e-02, -3.0078e-01,  4.3872e-01,
         -1.9043e-02, -1.1113e+00, -2.0886e-01, -9.3140e-02,  2.1533e-01,
          4.0552e-01, -2.6929e-01,  8.6731e-02, -4.0015e-01,  1.4429e-01,
          3.4619e-01,  2.0105e-01,  3.5181e-01, -2.6196e-01, -8.7158e-02,
         -2.8137e-02, -7.7930e-01,  2.8198e-01, -7.2632e-03, -3.0469e-01,
          8.9661e-02, -2.0886e-01, -3.5596e-01,  1.4832e-01,  5.0391e-01,
          1.7798e-01,  1.8982e-01,  1.2952e-01,  9.2676e-01,  7.0410e-01,
          9.2834e-02,  2.2925e-01, -3.5913e-01, -3.1909e-01,  1.9348e-01,
          2.4707e-01, -4.3164e-01, -8.6816e-01, -1.8201e-01,  1.2561e-01,
          4.6069e-01,  1.0352e-01,  1.2122e-01, -2.6596e-02, -1.7102e-01,
          9.1980e-02, -1.5283e-01,  4.7217e-01,  4.7632e-01, -2.8125e-01,
          2.5317e-01, -2.4561e-01, -4.2847e-02,  1.2305e-01, -3.0566e-01,
         -1.3989e-01, -3.9233e-01,  7.3303e-02, -8.9722e-02,  3.9795e-01,
          1.5295e-01, -5.8008e-01,  8.6304e-02,  3.6279e-01, -1.9080e-01,
         -5.1953e-01, -8.8806e-02,  3.4363e-02, -3.1201e-01, -3.1421e-01,
         -9.8999e-02,  1.0645e+00,  2.0679e-01,  1.1633e-01, -5.3955e-01,
         -5.4260e-02, -9.4147e-03, -7.8613e-02,  2.0361e-01, -7.8613e-02,
         -1.6870e-01,  2.3682e-02,  4.6356e-02,  2.4536e-01, -3.9404e-01,
         -3.1250e-01, -5.4688e-01,  3.2080e-01, -3.3325e-01,  2.0239e-01,
          4.9097e-01, -1.1121e-01,  3.2935e-01, -1.0811e+00, -7.6294e-03,
          2.3071e-01, -4.9316e-01, -7.1472e-02,  5.6738e-01, -1.3947e-02,
         -1.7065e-01, -4.5093e-01, -1.8945e-01,  2.9266e-02, -1.7175e-01,
         -4.7900e-01, -5.3174e-01,  2.2241e-01,  2.5024e-03, -2.0996e-01,
          4.0112e-01,  9.5291e-03, -3.3051e-02,  8.1250e-01, -9.1431e-02,
          5.0000e-01, -2.2229e-01, -3.3228e-01, -3.1958e-01,  3.4937e-01,
          1.6602e-01,  9.1614e-02, -3.2080e-01,  9.8755e-02,  4.4116e-01,
         -1.3214e-02,  1.3647e-01, -2.3181e-01,  7.3975e-01, -3.7842e-01,
          2.2424e-01, -2.8687e-01,  5.7159e-02, -3.2080e-01, -4.3530e-01,
          6.5308e-02,  2.7051e-01, -2.1393e-02, -7.2266e-02, -8.7952e-02,
          4.6240e-01, -6.8481e-02,  3.3228e-01,  9.4116e-02,  7.7515e-03,
          1.8140e-01,  4.5288e-02,  4.2212e-01,  3.2715e-01,  4.2383e-01,
         -1.2573e-01,  9.2163e-02, -1.2817e-02,  8.9893e-01, -2.4805e-01,
         -4.0601e-01, -9.6802e-02,  1.2970e-04, -1.5088e+00,  2.3712e-02,
         -6.9458e-02,  5.4395e-01,  2.3950e-01,  5.9375e-01, -3.2275e-01,
         -1.2317e-01, -5.4749e-02,  2.6562e-01,  2.6562e-01, -2.4524e-01,
          2.7924e-03,  4.5557e-01, -2.7417e-01, -1.7126e-01, -6.7200e-02,
         -1.1511e-01, -2.7197e-01, -2.2461e-02,  1.4258e-01, -9.5520e-03,
         -1.3831e-01, -5.1465e-01, -4.4678e-01, -2.7466e-03,  2.0068e-01,
         -2.1350e-01,  4.6387e-01,  3.1299e-01, -8.2275e-02,  4.7974e-02,
          1.9324e-01,  8.8501e-02,  2.6489e-01,  1.1475e-02,  1.6956e-01,
         -4.6484e-01, -2.3218e-01,  3.6224e-02,  6.4355e-01,  2.1252e-01,
         -6.3379e-01,  6.2402e-01, -2.4927e-01,  2.6904e-01,  3.8574e-01,
         -2.1338e-01,  1.7871e-01,  9.2578e-01, -5.3040e-02,  2.1375e-01,
         -3.5718e-01,  4.0161e-02, -1.1334e-01, -1.4209e-01,  1.9421e-01,
         -8.9905e-02, -8.3252e-01,  1.9141e-01, -3.1079e-01,  1.8542e-01,
         -1.7371e-01, -1.5527e-01, -3.6670e-01,  3.5645e-01, -2.0599e-02,
          8.8684e-02, -2.3975e-01,  4.8767e-02, -1.0162e-01,  8.8196e-02,
         -4.2480e-01, -6.6211e-01,  3.5229e-01,  5.3131e-02,  2.0667e-01,
          2.7368e-01, -3.8513e-02, -4.3237e-01,  5.7983e-03,  6.0181e-02,
         -1.3489e-01, -9.1980e-02, -9.8145e-02, -1.7883e-01,  3.0322e-01,
          6.7139e-01, -2.4658e-01,  3.4814e-01, -2.6367e-01, -1.7822e-01,
          6.2378e-02, -3.0591e-01, -2.7466e-01, -4.4116e-01, -1.0944e-01,
         -1.7236e-01,  8.7769e-02,  1.9617e-01,  2.6831e-01, -4.7485e-01,
          7.8979e-02,  3.5620e-01, -3.4692e-01,  7.0251e-02,  5.8258e-02,
         -9.3140e-02,  5.8105e-02,  5.6122e-02, -1.0535e-01,  2.2290e-01,
          5.4785e-01,  7.7490e-01,  1.5405e-01,  1.6125e-01,  2.0618e-01,
          1.9653e-02,  3.7262e-02,  3.3813e-02, -5.6702e-02,  1.5759e-01,
          1.4209e-01,  7.6782e-02, -2.3865e-01, -4.4482e-01, -5.0830e-01,
         -4.1382e-01, -3.0420e-01,  2.7359e-02, -4.1016e-02,  6.9763e-02,
         -1.0681e-01, -9.4727e-02, -1.3623e-01, -4.9561e-01, -2.0593e-01,
          2.2217e-02, -2.6465e-01,  2.8174e-01, -1.6663e-01, -5.2582e-02,
         -1.3196e-01, -3.3521e-01, -1.9312e-01, -9.1675e-02,  1.9727e-01,
         -2.2852e-01, -1.3672e-01, -4.3488e-02,  4.4580e-01, -1.0498e-01,
         -2.4536e-01,  1.6333e-01, -2.3901e-01, -5.8899e-02,  3.9209e-01,
          8.4106e-02,  3.0396e-02, -1.6772e-01,  8.9746e-01, -7.3975e-02,
          2.6611e-01,  5.0244e-01,  1.8677e-01,  8.4619e-01, -1.9312e-01,
          1.9116e-01,  7.4609e-01, -7.3608e-02,  1.7792e-02,  4.4678e-01,
          8.9722e-03,  1.2354e-01, -1.3782e-01, -1.1267e-01,  4.0771e-02,
          2.1576e-02,  8.5791e-01, -3.6865e-01, -1.8335e-01, -1.5671e-02,
          8.9905e-02, -4.0833e-02, -7.8613e-02, -5.3528e-02,  8.3252e-02,
          2.5244e-01, -4.3726e-01, -3.3228e-01, -6.8408e-01, -3.4106e-01,
          1.6382e-01,  2.0325e-01, -6.5857e-02,  1.5967e-01, -2.9858e-01,
          2.3230e-01,  1.1322e-01,  3.0737e-01,  4.3945e-02,  1.4600e-01,
          2.5244e-01,  4.8389e-01, -2.2473e-01, -1.4673e-01, -1.4124e-01,
          4.2163e-01, -3.6646e-01,  2.5537e-01, -1.0388e-01,  3.7231e-01,
         -4.2822e-01,  9.1125e-02,  2.1582e-01, -2.1240e-01, -2.0837e-01,
          3.3447e-02,  4.5013e-02,  3.2379e-02,  3.9014e-01,  4.7949e-01,
          1.5381e-01, -2.0264e-01,  7.0618e-02,  1.2561e-01,  4.4556e-01,
         -7.5000e-01, -4.2419e-02,  2.5366e-01, -5.8984e-01,  2.0837e-01,
         -4.7424e-02, -3.7537e-03, -9.3933e-02,  3.3447e-01, -2.1021e-01,
          4.7119e-02, -3.9453e-01, -2.7637e-01,  3.7695e-01,  1.1631e+00,
         -6.3818e-01,  1.0754e-01, -1.1279e-01, -5.2148e-01,  1.9082e+00,
          2.3657e-01,  2.6398e-02]], device='cuda:1', dtype=torch.float16)
itj:5
d:1
image features:tensor([[-8.2275e-02,  4.1211e-01,  5.7617e-01,  1.1816e-01,  2.8833e-01,
         -2.0251e-01,  5.9424e-01, -8.1299e-01,  3.6938e-01, -4.3518e-02,
          1.7249e-01, -2.2400e-01,  7.5293e-01,  1.8079e-01, -5.1465e-01,
         -1.6541e-01,  9.3848e-01,  8.8989e-02, -2.7124e-01, -3.5620e-01,
          2.0825e-01, -3.6475e-01, -1.7676e-01, -1.0168e-01, -2.2559e-01,
          2.5708e-01,  7.2900e-01, -2.8076e-03, -2.9736e-01, -8.6060e-02,
         -4.9268e-01,  3.3301e-01, -3.6072e-02,  1.6321e-01, -5.8789e-01,
         -2.1460e-01, -4.1455e-01,  7.2021e-02,  3.7537e-02,  2.2424e-01,
          4.7632e-01, -1.7688e-01, -6.4014e-01, -9.6924e-02,  1.4636e-01,
          8.1787e-02,  3.6475e-01,  8.1940e-03, -4.2383e-01,  5.0720e-02,
          4.6570e-02, -4.9902e-01,  5.0751e-02, -1.4221e-01,  2.0676e-02,
         -8.1494e-01, -3.5400e-01,  2.1118e-01, -2.5879e-01, -3.2227e-01,
         -3.4033e-01,  3.4131e-01,  1.6333e-01, -2.8198e-01,  3.4521e-01,
         -2.3621e-01, -1.1548e-01,  1.1426e+00, -4.6094e-01, -8.5205e-02,
         -8.3923e-02,  2.2119e-01, -1.4380e-01,  1.2566e-02, -1.7114e-01,
         -1.3647e-01, -2.9297e-01, -4.0625e-01, -5.2539e-01, -2.9770e-02,
         -1.3647e-01,  2.3181e-01, -1.6138e-01, -3.4619e-01,  2.1667e-01,
          3.1128e-01,  1.3745e-01,  1.5112e-01, -1.4404e-01, -8.5022e-02,
          6.1279e-01,  3.8208e-01, -5.1289e+00, -1.9495e-01,  1.5015e-01,
         -1.9507e-01,  1.5710e-01, -5.2637e-01, -1.5759e-01,  1.4282e-02,
         -1.6064e-01, -1.9760e-02, -1.1633e-01, -4.4189e-01,  1.9104e-01,
         -2.2021e-01, -5.3613e-01,  3.0078e-01,  1.9135e-02, -1.0022e-01,
          3.4790e-01, -6.8359e-01, -2.3474e-01,  1.7456e-01,  4.3115e-01,
          2.0923e-01,  2.0361e-01, -1.9714e-01,  3.4253e-01, -2.6514e-01,
         -3.9648e-01, -8.5889e-01,  2.2412e-01, -4.8145e-01,  1.5503e-01,
         -1.1304e-01, -5.0354e-03,  2.9297e-02,  3.3984e-01,  3.7891e-01,
          5.5859e-01,  9.6558e-02, -1.6431e-01,  8.1836e-01,  3.3203e-01,
         -3.3960e-01,  3.2690e-01,  1.0284e-01, -1.3208e-01,  8.6304e-02,
          2.7490e-01, -6.9031e-02, -3.9917e-01,  2.5708e-01, -1.6650e-01,
          4.6875e-01,  2.1033e-01,  8.2568e-01, -3.9478e-01, -1.3489e-01,
          2.8613e-01, -1.2036e-01, -1.1798e-01,  6.1328e-01, -6.7749e-02,
          3.9795e-02, -3.5645e-01,  1.5686e-01,  1.8726e-01, -2.4719e-01,
         -3.3228e-01, -2.1936e-01,  1.5271e-01, -1.1066e-01,  2.4146e-01,
         -2.2827e-02,  5.4102e-01,  6.8787e-02,  5.1123e-01,  3.7109e-01,
         -1.5137e-01, -1.6309e-01,  1.2183e-01,  4.8157e-02, -5.9479e-02,
          2.7246e-01,  1.5273e+00,  1.8860e-02,  1.0947e+00, -3.3081e-01,
          1.0785e-01, -6.3843e-02,  9.3262e-02, -1.8945e-01, -4.4019e-01,
         -3.4851e-02,  2.2632e-01, -1.0364e-01, -3.5767e-01, -7.2754e-02,
          1.5955e-01, -4.7754e-01, -1.7749e-01, -2.2131e-01, -5.1953e-01,
          2.1558e-01, -2.4976e-01,  9.0271e-02, -1.2589e-02,  2.5000e-01,
          1.3867e-01, -3.4692e-01,  2.6538e-01,  3.5083e-01, -7.9803e-03,
         -6.0699e-02, -3.0786e-01, -1.6394e-01,  5.6671e-02,  7.1411e-03,
         -4.0308e-01, -3.7231e-01, -1.3588e-02,  3.8403e-01,  3.6011e-01,
         -2.8992e-02,  3.6353e-01,  1.9629e-01,  1.3066e+00, -2.5040e-02,
          3.4912e-01,  4.4971e-01,  2.4414e-04, -5.9998e-02, -4.2944e-01,
          2.3633e-01,  8.8043e-03,  1.0669e-01, -2.7441e-01,  1.7319e-02,
         -5.8167e-02,  1.0138e-01, -1.0645e-01,  5.5957e-01, -9.3765e-03,
         -1.7859e-01, -2.5781e-01, -5.3589e-02, -7.4268e-01, -8.8074e-02,
          5.5566e-01,  1.4111e-01, -4.6478e-02,  4.7021e-01, -3.8147e-02,
          6.8311e-01,  1.5234e-01,  2.2595e-01,  1.1243e-01,  1.9910e-01,
          3.7158e-01,  4.3677e-01,  3.1342e-02,  1.2067e-01,  4.2908e-02,
         -1.0272e-01,  1.8457e-01,  1.0101e-01,  2.6055e+00, -1.9263e-01,
         -9.6069e-02, -3.2898e-02,  3.2715e-01,  1.9102e+00,  1.7090e-01,
         -3.8635e-02,  1.9275e-01, -3.0859e-01, -5.1666e-02, -6.2500e-01,
         -5.4150e-01, -2.5073e-01, -2.7637e-01,  3.0591e-01, -3.7598e-01,
          9.9182e-05, -9.5581e-02,  6.4819e-02, -1.4160e-02, -4.2969e-01,
          2.6657e-02,  3.7036e-01, -6.6406e-01,  4.6484e-01,  5.2795e-03,
          2.8198e-01,  6.2354e-01,  7.5073e-02, -2.6025e-01,  2.3340e-01,
          4.2920e-01,  4.1113e-01,  2.9022e-02,  4.0015e-01,  1.6345e-01,
         -4.5624e-02, -5.1367e-01, -2.9834e-01, -4.5386e-01,  1.5320e-01,
         -1.2000e-01,  1.1292e-01, -4.5630e-01,  8.7402e-02, -8.9294e-02,
         -9.9854e-02, -2.3792e-01, -8.5571e-02,  4.4946e-01,  2.6367e-01,
          2.7417e-01, -7.7393e-02,  8.1787e-01,  3.3447e-01, -5.0439e-01,
         -2.5244e-01,  3.3057e-01,  2.7637e-01,  3.9429e-01, -4.7095e-01,
          3.6987e-01,  1.5625e+00,  4.2725e-01, -1.9312e-01,  1.2402e-01,
          1.6992e-01, -2.4524e-01, -8.1238e-02, -1.6492e-01, -4.6826e-01,
         -1.4600e-01, -2.0776e-01, -1.6016e-01,  2.0105e-01, -1.8994e-01,
         -3.2129e-01, -4.1455e-01, -6.6589e-02,  2.9907e-01,  3.2788e-01,
          1.5369e-01, -3.1006e-01,  1.9821e-02,  3.0670e-02, -1.7151e-02,
         -5.3192e-02, -1.7957e-01,  9.4360e-02, -1.9922e-01,  1.4099e-01,
          8.2666e-01, -6.4941e-02,  2.0764e-01, -1.5747e-01,  4.1113e-01,
         -1.1743e-01, -1.2070e+00,  9.3115e-01, -2.1606e-01,  8.9417e-02,
         -7.3914e-02, -3.5840e-01,  1.9739e-01, -1.8018e-01, -1.0089e-01,
          2.0312e-01,  2.5073e-01,  5.2783e-01,  2.3218e-01,  1.6040e-01,
          4.5868e-02,  9.9426e-02, -2.5562e-01,  2.8369e-01, -3.7695e-01,
          1.2659e-01, -9.4116e-02,  4.8889e-02,  1.4087e-01, -1.6504e-01,
         -3.2886e-01,  3.8110e-01, -3.1763e-01,  2.3340e-01, -1.5833e-01,
          1.2016e-02, -5.3558e-03, -3.0273e-01,  2.9980e-01, -1.5161e-01,
         -7.0361e-01, -4.7046e-01,  2.7417e-01,  8.7158e-02,  1.3525e-01,
         -5.4626e-03,  2.4445e-02, -2.2546e-01,  3.4741e-01,  2.9175e-02,
         -1.9263e-01, -1.8738e-01,  4.9988e-02,  1.2500e-01,  3.8940e-01,
         -2.1313e-01,  3.7598e-01, -5.1193e-03, -3.9087e-01,  3.3600e-02,
         -3.4863e-01,  3.0200e-01,  2.9517e-01, -1.6064e-01, -2.1069e-01,
          1.1548e-01,  2.1460e-01, -4.7632e-01, -1.4209e-01, -1.2122e-01,
          2.2778e-01, -5.2887e-02, -1.0980e-01,  5.3418e-01, -4.5557e-01,
         -2.4207e-01,  3.3740e-01, -5.3223e-02,  2.3071e-01,  1.3831e-01,
          3.3081e-02,  4.7095e-01, -2.4768e-01, -5.2881e-01, -1.1365e-01,
          3.1421e-01, -7.8857e-02,  1.5894e-01,  1.6220e-02,  5.8398e-01,
         -4.3433e-01,  2.1106e-01,  5.8289e-02, -9.1934e-03,  2.6123e-02,
          4.1113e-01,  2.0776e-01, -4.9683e-02,  5.1697e-02, -1.6943e-01,
          5.3558e-02,  1.7383e-01, -1.6846e-01,  1.3760e+00,  6.3782e-03,
          8.9539e-02,  6.8408e-01, -4.9133e-02,  2.7069e-02, -2.7295e-01,
         -7.2754e-02, -1.3672e-01,  3.4106e-01, -1.3635e-01,  6.6455e-01,
          3.9941e-01,  4.1748e-01,  1.1096e-01, -3.6572e-01,  4.8682e-01,
          1.5173e-01, -6.0693e-01,  2.1301e-01, -6.4941e-02, -8.3496e-02,
         -3.3203e-01, -1.2817e-01, -7.9590e-02,  2.1997e-01, -6.0364e-02,
          3.3911e-01, -6.1914e-01, -6.9946e-02, -3.0151e-01,  1.9568e-01,
          4.8926e-01, -2.5537e-01,  8.4961e-01,  8.1177e-02,  3.1250e-02,
         -5.5566e-01,  4.7424e-02,  4.5624e-03, -6.1719e-01, -1.6650e-01,
         -2.1118e-02,  8.2520e-02,  2.0462e-02, -8.5571e-02, -9.2346e-02,
         -1.5381e-01, -2.3560e-01, -5.6229e-03,  3.1104e-01, -2.5192e-02,
          4.8981e-03,  5.3650e-02, -2.6703e-02,  1.6150e-01,  1.0332e+00,
          2.2253e-01,  2.6465e-01]], device='cuda:1', dtype=torch.float16)
itj:6
d:2
image features:tensor([[-3.3716e-01, -1.5552e-01, -7.5378e-03, -1.2201e-01, -3.6597e-01,
         -6.0596e-01, -1.8237e-01, -4.2041e-01,  3.9575e-01,  1.3940e-01,
         -2.5098e-01, -1.1658e-01,  1.2373e+00, -2.2900e-01, -6.8066e-01,
          9.9304e-02,  8.6035e-01, -3.1152e-01,  3.0469e-01,  4.8676e-02,
         -6.3867e-01,  2.8979e-01,  3.2349e-01, -3.6011e-01, -6.1426e-01,
         -2.6627e-02, -2.6782e-01, -2.2058e-01,  1.7993e-01, -1.6260e-01,
          1.9958e-02, -2.1820e-02,  3.8379e-01, -1.0321e-01, -8.2373e-01,
         -8.0322e-02, -4.5715e-02,  1.7529e-01, -4.7314e-01,  1.2305e+00,
         -1.6663e-01, -6.4111e-01, -4.9341e-01,  1.3452e-01,  8.6670e-01,
         -3.4082e-01,  3.8672e-01,  3.2056e-01, -3.9087e-01,  4.0796e-01,
         -2.2400e-01,  5.2637e-01, -4.8828e-03, -1.1975e-01, -2.1960e-01,
         -1.7700e-01, -6.5735e-02, -5.5237e-02, -1.5869e-01, -2.3816e-01,
         -1.2666e+00,  1.5434e-02,  3.4546e-01,  3.3264e-02,  1.4307e-01,
         -5.2368e-02, -4.5947e-01,  8.3789e-01, -2.1338e-01, -3.7109e-01,
         -5.1453e-02,  9.7229e-02,  3.1836e-01, -7.0190e-04, -4.7705e-01,
          8.8379e-02, -4.6265e-01,  8.6792e-02,  1.2756e-02, -2.6001e-01,
         -1.1346e-01,  7.1106e-02, -7.0215e-01, -1.4478e-01,  3.2715e-01,
          2.0859e-02, -3.1421e-01, -1.1243e-01, -2.1667e-01, -2.5757e-01,
         -6.1859e-02, -3.4668e-01, -7.0117e+00, -4.3896e-01,  2.3315e-01,
         -1.0608e-01, -1.2488e-01, -5.1221e-01,  3.6230e-01, -1.2861e+00,
          4.4312e-01, -1.3489e-01, -3.1470e-01, -3.8989e-01,  9.8633e-01,
         -1.5434e-02, -1.0371e+00, -3.1055e-01, -4.2236e-01, -2.6416e-01,
          2.7344e-01, -2.2534e-01,  3.6035e-01,  2.3425e-01, -3.5986e-01,
          1.5479e-01, -4.0967e-01,  5.6824e-02,  8.8562e-02,  7.6111e-02,
         -3.0884e-02, -4.6606e-01,  4.7485e-01,  1.8457e-01, -2.8369e-01,
         -4.3335e-02,  5.1514e-01,  9.9182e-02, -3.4326e-01,  7.7979e-01,
         -8.2947e-02,  5.2881e-01,  4.0552e-01,  9.1064e-01, -3.8159e-01,
         -1.3489e-01, -1.6357e-01,  6.2061e-01, -1.0089e-01, -1.8164e-01,
         -5.6152e-02,  1.1462e-01, -5.7373e-01,  1.6040e-01,  8.2581e-02,
          2.5757e-01,  3.0609e-02, -4.0527e-02, -2.3792e-01,  2.8613e-01,
          2.3499e-01, -4.2212e-01,  1.7197e+00, -1.9873e-01,  1.0925e-01,
          2.5220e-01, -5.0000e-01, -6.5283e-01,  1.1572e-01,  1.9958e-02,
          1.2305e-01, -4.6533e-01,  3.4241e-02, -1.4008e-02, -3.5986e-01,
          3.6499e-01, -9.3652e-01,  4.2847e-01, -7.9834e-02, -1.3580e-02,
         -2.9541e-01,  1.1218e-01,  3.8843e-01,  5.2551e-02,  3.0298e-01,
          7.6660e-02,  3.3130e-01,  6.2939e-01,  7.1338e-01,  1.7236e-01,
          1.8604e-01, -1.4603e-02,  3.0615e-01, -1.2103e-01, -6.5308e-03,
          9.9731e-02, -2.9755e-02,  2.3853e-01,  5.0342e-01,  1.2549e-01,
         -3.8086e-01,  2.0117e-01,  1.3525e-01,  4.6906e-02,  9.0430e-01,
         -1.4563e-01, -3.7689e-02,  1.7017e-01, -7.1045e-01, -5.5084e-03,
          1.8970e-01,  1.5686e-01, -3.8281e-01,  2.5098e-01,  2.1973e-01,
         -5.2637e-01, -2.2595e-01, -8.9160e-01,  6.7078e-02, -8.5693e-02,
          1.3599e-01, -2.4316e-01, -1.0803e-02,  8.6328e-01,  1.5881e-01,
          3.5718e-01,  1.5344e-01,  1.9897e-01, -7.2803e-01, -1.2184e-02,
          3.3984e-01,  1.7346e-01,  2.0544e-01, -2.6709e-01,  5.9668e-01,
          1.5356e-01,  3.8110e-01,  2.0996e-02, -1.2146e-01, -5.5237e-02,
          5.9473e-01,  2.0349e-01, -1.0944e-01, -2.5293e-01, -1.9189e-01,
          5.4871e-02, -1.1957e-01,  3.3740e-01,  1.5759e-01, -9.8389e-02,
         -1.8604e-01, -2.1582e-01, -1.2329e-02,  1.6418e-01, -6.3599e-02,
          8.2568e-01, -4.1235e-01,  4.0381e-01,  1.7993e-01,  8.0029e-01,
          4.8071e-01,  2.2241e-01, -2.2125e-02,  9.1431e-02,  1.2402e-01,
         -4.1992e-01, -3.5205e-01,  1.3391e-01,  1.6919e-01,  8.3130e-02,
         -9.4727e-02,  3.3203e-02, -4.1138e-01, -1.2549e-01, -4.2578e-01,
          3.7720e-02, -2.8271e-01, -8.1885e-01,  1.4844e-01, -1.0992e-01,
          5.9280e-03,  2.9517e-01,  2.6074e-01,  3.6401e-01, -3.2080e-01,
          1.5393e-01,  2.9224e-01, -5.9448e-02, -2.0898e-01,  2.2644e-01,
          2.2791e-01,  7.7148e-02, -7.0654e-01, -2.9877e-02, -1.3908e-02,
          7.6599e-02,  1.6387e+00, -1.5027e-01, -5.7520e-01, -1.4233e-01,
         -3.6926e-02, -2.1210e-02, -3.9490e-02,  1.5051e-01, -1.9946e-01,
          3.3667e-01, -1.1469e-01,  1.1157e-01, -1.0071e-01,  2.5317e-01,
         -4.3652e-01, -3.2886e-01, -1.5601e-01,  5.0195e-01,  3.1860e-01,
         -2.3889e-01,  1.2360e-01, -1.6711e-01,  3.0371e-01,  2.9395e-01,
          3.1403e-02, -1.9861e-01,  9.0918e-01,  3.4332e-02, -1.1743e-01,
          8.0994e-02,  7.3877e-01,  3.8525e-01, -4.9255e-02,  4.9805e-01,
          3.2642e-01, -6.6260e-01,  9.3567e-02, -4.7266e-01,  1.8750e-01,
          5.2856e-02, -2.5293e-01, -4.8157e-02,  2.8003e-01,  6.2744e-02,
         -2.3413e-01, -9.7412e-02,  4.5239e-01, -3.5205e-01,  3.3252e-01,
         -9.1858e-02,  1.1055e-02,  5.2393e-01,  2.9590e-01, -1.2524e-01,
          2.9980e-01,  2.3486e-01, -5.3223e-02,  3.7012e-01,  3.8428e-01,
          5.8203e-01,  1.4648e-01,  6.8311e-01, -4.2786e-02,  1.6931e-01,
          3.7817e-01,  3.7036e-01,  5.6445e-01, -9.4971e-02,  2.6416e-01,
         -4.5288e-01,  1.7700e-01,  9.1504e-01, -4.8120e-01,  1.9623e-02,
         -5.9277e-01, -7.6843e-02, -5.9082e-02, -8.2153e-02, -1.1240e+00,
         -1.2830e-01,  5.5298e-02,  4.2236e-01,  2.6172e-01,  1.9629e-01,
          5.3894e-02, -1.5625e-02, -2.4414e-02,  1.0638e-01,  3.8013e-01,
          2.3987e-01,  1.4148e-01,  1.9055e-01,  5.9619e-01,  1.6577e-01,
          5.7031e-01, -1.0315e-01, -3.4521e-01,  1.9226e-01, -2.2131e-01,
         -9.8511e-02, -2.8491e-01, -1.5869e-01,  1.3208e-01, -1.0020e+00,
         -7.4756e-01, -7.6294e-03,  1.3733e-01,  1.2396e-01,  3.7842e-01,
         -3.5352e-01, -2.2180e-01,  4.2053e-02,  2.7490e-01, -1.5759e-01,
         -1.8481e-01, -1.2695e-01,  5.6738e-01, -4.5459e-01,  3.7207e-01,
         -3.4351e-01, -1.7786e-01, -2.3792e-01, -1.0615e+00, -2.5391e-02,
         -1.5112e-01, -2.1338e-01, -1.7041e-01, -7.7393e-02, -1.3745e-01,
         -1.3062e-01, -2.5391e-01, -1.2646e-01, -2.9565e-01, -4.1040e-01,
         -1.5472e-02, -4.2773e-01, -1.0547e-01,  4.4897e-01, -4.9023e-01,
          2.2058e-01,  6.3770e-01,  1.4795e-01,  1.1438e-01, -1.4795e-01,
          7.3914e-02,  7.4829e-02,  1.4673e-01,  2.4414e-01, -2.2827e-02,
         -1.3904e-01, -2.9639e-01, -2.7075e-01, -4.2261e-01, -2.2079e-02,
          6.9092e-02,  4.0649e-02, -3.6890e-01,  1.3940e-01,  1.7029e-01,
         -4.1504e-01,  5.2686e-01,  3.2983e-01,  8.1848e-02,  7.4341e-02,
         -3.6835e-02, -3.6475e-01, -1.0437e-01,  7.8613e-01, -3.0322e-01,
         -8.2581e-02,  4.5776e-01,  3.2910e-01, -7.4219e-02,  7.3914e-02,
         -1.1200e-02, -8.0750e-02,  6.0577e-03, -1.2494e-01, -4.8804e-01,
          1.9629e-01, -2.3889e-01, -2.2559e-01,  2.4490e-02, -2.8369e-01,
          1.0144e-01, -4.5288e-01,  4.6338e-01,  2.1265e-01,  4.0796e-01,
          7.9041e-02,  4.0112e-01, -1.0736e-01,  4.6265e-01,  1.3635e-01,
         -9.8022e-02, -2.9419e-01,  2.1912e-01,  3.6597e-01, -4.3188e-01,
          3.6353e-01, -1.2622e-01, -1.5088e-01, -9.9792e-02, -1.5088e-01,
         -4.0619e-02,  1.0687e-01,  3.0664e-01, -1.9263e-01,  3.8672e-01,
          2.6074e-01,  3.1348e-01,  1.2756e-01, -2.4927e-01,  2.0996e-02,
          8.9172e-02,  1.0095e-01, -2.6611e-01,  3.1006e-01,  3.4766e-01,
          8.9844e-02,  2.5684e-01,  1.5356e-01, -2.1973e-02,  9.7412e-01,
          1.5479e-01,  4.7925e-01]], device='cuda:1', dtype=torch.float16)
itj:7
d:2
image features:tensor([[ 1.6553e-01,  1.3000e-01,  3.2520e-01, -3.3521e-01,  2.1875e-01,
         -1.2903e-01,  7.5806e-02, -5.8301e-01,  5.1465e-01,  9.2926e-03,
          3.2520e-01, -7.0740e-02,  7.4072e-01,  2.7069e-02, -2.0129e-01,
         -2.2339e-02,  1.8701e-01,  3.5693e-01,  2.1460e-01, -3.0981e-01,
          2.7832e-01,  1.6284e-01, -9.7046e-02,  2.2266e-01, -1.9507e-01,
          4.3604e-01,  3.4863e-01, -8.0750e-02,  1.4624e-01, -3.4302e-02,
         -3.1030e-01,  9.0454e-02,  1.1450e-01, -5.8563e-02,  3.0792e-02,
         -1.7786e-01, -2.3132e-01,  5.4150e-01,  1.1145e-01,  9.5654e-01,
          4.5117e-01,  1.2793e-01, -4.7412e-01,  2.1439e-02, -3.2031e-01,
          1.5996e+00,  3.4473e-01,  2.8955e-01, -1.3330e-01, -1.7554e-01,
          7.3047e-01, -4.7705e-01, -4.2627e-01, -2.7881e-01,  8.3740e-02,
         -5.3760e-01, -3.0029e-02, -3.5254e-01,  4.6313e-01, -7.3547e-02,
         -6.2354e-01,  5.6885e-01, -3.2684e-02,  1.0742e-01, -3.2501e-03,
         -2.5293e-01,  1.9287e-01,  2.6367e-01, -4.0503e-01,  2.8101e-01,
          3.2806e-03,  2.7130e-02, -3.6475e-01, -3.9478e-01,  4.3506e-01,
          5.2881e-01, -3.7671e-01,  1.0028e-01,  8.8379e-02, -2.2253e-01,
          3.1104e-01, -1.5002e-01,  2.7051e-01,  1.0596e-01,  2.4060e-01,
         -6.4697e-02,  3.6499e-01,  3.5864e-01, -6.5796e-02,  2.0691e-01,
          6.0730e-03,  6.4087e-02, -4.3750e+00,  4.7974e-01,  4.1443e-02,
         -1.0449e-01,  6.7627e-02, -7.3975e-01,  2.2803e-01, -2.7783e-01,
          1.8994e-01, -5.9912e-01, -2.3914e-01,  9.5398e-02, -3.0127e-01,
         -2.5977e-01, -1.9785e+00,  1.4832e-01,  6.5063e-02,  1.6040e-01,
          4.6484e-01, -1.2188e+00, -6.5125e-02,  2.0837e-01,  2.9858e-01,
          5.0684e-01, -3.1555e-02,  3.7018e-02,  1.2421e-01, -6.8115e-01,
          3.4106e-01, -6.0107e-01,  1.9012e-02,  5.5206e-02,  2.0386e-01,
          2.9541e-01,  1.1023e-01,  3.4180e-02,  1.1597e-02,  1.3196e-01,
          7.3730e-02,  1.5308e-01, -4.3915e-02,  7.4414e-01, -2.1313e-01,
         -3.0078e-01,  9.9609e-02, -5.2277e-02, -5.4626e-02,  2.5049e-01,
          1.7310e-01, -3.1104e-01, -2.0020e-01,  3.3936e-01, -1.2469e-01,
          7.2949e-01, -1.0559e-01,  5.8643e-01, -2.3608e-01,  6.0211e-02,
          3.8672e-01, -2.3865e-01, -3.0670e-02,  3.2910e-01,  7.3853e-02,
          1.4819e-01, -3.4814e-01,  1.4441e-01, -8.0322e-02, -1.2042e-01,
         -4.2090e-01, -1.5747e-01,  1.2939e-01, -2.6489e-02,  1.9080e-01,
         -1.2805e-01,  1.1846e+00, -5.7983e-03,  4.4116e-01,  1.6626e-01,
         -1.1920e-01,  4.2847e-02, -1.6068e-02,  2.5171e-01, -4.6826e-01,
          1.9373e-01,  1.2686e+00,  1.8237e-01,  1.0361e+00, -5.0354e-02,
         -3.1860e-01, -2.9297e-02, -2.4194e-01, -1.1139e-01, -2.5781e-01,
         -1.7505e-01, -6.1670e-01,  1.4246e-01,  6.0486e-02, -1.0315e-01,
         -2.2049e-02, -3.3789e-01, -1.3330e-01, -3.7256e-01,  3.6011e-02,
         -4.7729e-01,  2.1423e-01, -2.8955e-01, -4.2993e-01,  1.8347e-01,
         -5.5957e-01, -5.3516e-01,  1.3647e-01,  7.0801e-01, -1.6113e-02,
         -6.0547e-02, -1.3281e-01, -1.5820e-01, -1.1517e-01, -3.2373e-01,
         -2.3193e-01,  5.8691e-01, -2.4887e-02,  4.5215e-01, -8.6548e-02,
          2.0593e-01,  1.8103e-01,  5.6299e-01,  7.3633e-01, -2.2583e-01,
          1.0400e-01, -1.4392e-01, -6.2256e-01, -1.7578e-01, -3.1323e-01,
          9.6191e-02, -4.0466e-02, -2.7148e-01,  7.7576e-02, -1.0620e-02,
          2.3889e-01,  4.0967e-01, -4.1968e-01,  3.1201e-01,  1.2970e-02,
          4.7925e-01, -4.9097e-01,  1.1670e-01, -5.1514e-01, -4.0454e-01,
          2.8760e-01,  7.3547e-02,  5.0079e-02,  2.6074e-01,  1.0999e-01,
          2.1606e-01,  1.3710e-02,  7.0996e-01,  2.9102e-01, -2.0032e-01,
          2.0300e-01,  4.3896e-01,  3.6133e-01,  3.0762e-01,  3.2910e-01,
         -1.3538e-01, -1.5417e-01, -1.0596e-01,  3.0234e+00,  1.3135e-01,
         -3.9722e-01, -1.8875e-02,  9.0485e-03,  1.4561e+00, -7.0496e-02,
         -1.9580e-01, -5.4474e-02, -2.7466e-03,  1.6846e-01, -7.6782e-02,
         -5.8691e-01,  1.0028e-01, -8.2373e-01, -2.0947e-01,  2.8625e-02,
          3.3350e-01,  2.6904e-01, -3.4888e-01,  4.3640e-02, -3.6426e-01,
          3.8647e-01, -9.7656e-03, -4.7192e-01,  2.4231e-01, -2.3694e-01,
         -1.4380e-01, -4.3799e-01, -7.3242e-02, -9.6924e-02, -2.1655e-01,
          2.8662e-01,  1.8799e-01,  5.5420e-02,  2.8442e-01, -2.2864e-01,
         -2.2964e-02, -3.6841e-01,  4.8730e-01,  7.6660e-02,  4.1199e-02,
         -2.0972e-01,  2.0337e-01, -5.0684e-01,  3.4180e-01,  1.1035e-01,
         -3.0933e-01,  1.9958e-01,  4.8492e-02,  3.6157e-01,  2.7026e-01,
          3.2178e-01, -3.1372e-01,  7.4268e-01,  5.1270e-01,  2.2247e-02,
         -3.8257e-01,  6.6016e-01,  1.2964e-01, -1.6309e-01, -5.8154e-01,
          4.4727e-01,  2.6025e-01,  3.9868e-01, -2.7319e-01,  4.1382e-01,
          4.5312e-01, -7.3242e-04, -1.2146e-01, -1.5186e-01, -6.7871e-01,
         -9.9060e-02, -4.6082e-02,  2.1790e-01, -1.2634e-01, -1.5173e-01,
         -1.9849e-01, -5.0049e-01,  1.4941e-01,  2.3779e-01,  1.3342e-01,
          3.2080e-01, -1.9055e-01, -3.0273e-01, -2.2125e-03, -2.6489e-01,
          3.6182e-01, -3.6670e-01, -3.3325e-02, -8.7280e-02,  1.1768e-01,
          5.0439e-01, -1.3696e-01,  1.1127e-01,  7.9041e-02, -2.3267e-01,
         -1.6113e-01, -8.3594e-01,  6.9580e-01, -1.0699e-01, -2.3389e-01,
         -6.7090e-01,  1.3953e-01,  1.9177e-01, -7.6660e-01, -1.3965e-01,
         -2.9199e-01, -2.9297e-01, -1.5137e-01,  1.1871e-02,  3.3105e-01,
         -3.0273e-01, -6.2988e-02, -4.1626e-01, -8.5144e-03, -8.1665e-02,
         -2.1851e-01,  4.7754e-01,  2.1387e-01,  4.7070e-01,  4.0503e-01,
         -1.3074e-01,  1.4221e-01,  2.8516e-01, -5.2832e-01,  1.0706e-01,
          2.8906e-01,  2.1313e-01, -1.2244e-01,  5.2002e-02, -9.5581e-02,
         -3.4521e-01, -3.5547e-01,  3.6890e-01,  2.0520e-01, -1.4465e-01,
          2.3206e-01,  3.5181e-01, -4.8187e-02,  1.2715e+00,  2.0459e-01,
         -7.5195e-02,  1.2140e-01,  3.6401e-01,  8.3496e-02,  3.0957e-01,
         -2.2754e-01,  2.4500e-01, -3.8086e-01, -3.6719e-01, -5.8594e-03,
         -9.9304e-02,  3.1372e-01, -1.0162e-01,  4.3762e-02, -3.1396e-01,
         -4.6082e-02,  8.2275e-02, -5.0830e-01, -3.1616e-01, -1.6235e-01,
          4.8218e-02, -1.5320e-01,  1.4734e-01,  7.5439e-01, -5.8350e-01,
         -2.0813e-01,  1.3123e-01, -1.7529e-01,  1.5215e+00,  2.9321e-01,
          3.4912e-02,  3.2983e-01, -6.4258e-01, -1.1169e-01, -2.0068e-01,
         -8.6060e-03, -5.4590e-01,  7.8369e-02, -2.4695e-01,  5.9717e-01,
         -2.2290e-01,  2.2107e-01, -3.3875e-02, -2.9004e-01, -4.0222e-02,
          1.6492e-01,  1.8689e-01,  4.3579e-01, -1.6614e-01, -1.9434e-01,
         -8.4595e-02, -3.1787e-01, -5.8643e-01,  1.1221e+00,  1.2439e-01,
          3.7256e-01,  1.1169e-01,  1.8970e-01,  8.5815e-02, -1.5369e-01,
         -4.5685e-02,  6.2927e-02,  1.7432e-01, -1.3684e-01, -7.0190e-04,
          9.0515e-02,  4.9878e-01,  3.6426e-01, -6.2891e-01,  9.0454e-02,
         -1.2787e-02, -3.6682e-02, -2.7295e-01, -1.0376e-01,  1.6983e-02,
         -5.2393e-01,  1.2140e-01, -2.2205e-01,  2.3389e-01, -3.0054e-01,
         -2.5732e-01, -8.5791e-01,  1.1194e-01,  3.0411e-02,  1.1816e-01,
          2.7368e-01, -1.4917e-01,  3.1885e-01,  1.9043e-01, -3.2654e-03,
         -1.2122e-01, -1.1169e-02,  2.4316e-01, -4.6924e-01, -2.7905e-01,
         -1.5234e-01, -9.1064e-02,  1.1359e-01, -9.1919e-02,  5.6982e-01,
         -2.4121e-01, -1.7285e-01, -2.4521e-02, -1.3428e-03, -7.3486e-01,
          1.2231e-01, -1.9458e-01, -4.0344e-02,  4.2175e-02,  6.8115e-01,
         -2.4268e-01,  3.3008e-01]], device='cuda:1', dtype=torch.float16)
itj:8
d:0
image features:tensor([[ 1.3940e-01,  1.0803e-01, -4.7046e-01,  1.8176e-01,  1.7236e-01,
         -5.4395e-01,  4.6338e-01, -4.0430e-01,  8.6963e-01,  2.2644e-01,
          2.2705e-01,  3.3508e-02,  4.2773e-01, -3.9990e-01, -1.5137e-01,
          2.1509e-01,  1.5137e+00,  3.3960e-01,  1.0645e-01,  7.8247e-02,
          3.7628e-02,  1.7090e-03, -2.7197e-01,  1.8445e-01,  1.2695e-01,
          2.3877e-01,  4.8438e-01, -2.6172e-01,  3.9001e-02, -3.5461e-02,
          4.4409e-01,  1.4294e-01,  4.4220e-02,  2.3291e-01,  3.4839e-01,
         -1.4858e-03,  2.7176e-02, -7.8247e-02, -2.7490e-01,  1.0361e+00,
         -2.6636e-01, -2.6807e-01,  1.6309e-01,  8.0261e-02,  5.3027e-01,
          2.0195e+00,  4.3262e-01,  1.9775e-01,  2.5928e-01,  4.7461e-01,
          2.5635e-01,  3.1470e-01, -1.3086e-01,  2.9736e-01, -2.4036e-01,
         -2.6880e-01,  1.7212e-01, -2.5195e-01,  4.1626e-02,  5.5420e-02,
          1.4453e-01,  3.2251e-01,  5.0049e-01, -1.4465e-02,  4.2383e-01,
          1.4624e-01, -3.4277e-01, -1.1841e-01,  4.3555e-01,  1.1505e-02,
          6.5186e-02, -8.7769e-02, -3.2471e-02,  2.2656e-01, -1.1536e-01,
         -2.0142e-03, -4.9438e-01, -2.6685e-01,  6.6650e-02, -2.6733e-01,
          3.3911e-01,  3.7256e-01,  2.7344e-01,  5.2124e-02, -1.6333e-01,
         -5.6274e-02,  1.5039e+00, -2.2314e-01, -5.3040e-02, -2.4255e-01,
         -2.8906e-01, -2.6172e-01, -5.1133e+00, -1.9727e-01, -2.5342e-01,
         -3.1982e-01, -2.0520e-01,  4.7876e-01,  3.4912e-01,  8.9990e-01,
          3.5889e-02,  2.8809e-01,  4.6606e-01, -2.3718e-01,  6.3916e-01,
          6.0059e-01,  1.3428e-02,  2.9565e-01, -5.5811e-01,  2.1216e-01,
          4.2773e-01, -7.7979e-01,  2.8052e-01, -1.7627e-01,  1.4197e-01,
          2.9810e-01,  1.4893e-01,  2.4072e-01, -2.4512e-01, -2.5049e-01,
         -1.2360e-02, -4.4971e-01, -2.7148e-01, -5.2155e-02,  3.4863e-01,
          1.5894e-01,  9.5825e-03,  1.3232e-01,  1.4465e-01,  1.4307e-01,
          4.7211e-02,  3.6108e-01, -1.8555e-01,  8.0371e-01,  8.2520e-02,
         -2.1448e-01,  7.2388e-02, -3.2446e-01, -6.6699e-01, -1.3708e-01,
          6.9153e-02,  6.4545e-03, -2.5620e-02, -2.8369e-01, -4.2480e-02,
          1.2189e-01,  3.2166e-02,  6.0205e-01, -8.0200e-02,  8.4473e-02,
         -9.2773e-02, -2.8149e-01,  2.5317e-01,  4.5972e-01, -1.4673e-01,
         -3.0853e-02, -4.3945e-01,  3.8574e-01,  2.6172e-01,  3.2446e-01,
         -8.6328e-01,  8.8623e-02,  2.2070e-01, -1.1926e-01,  1.4172e-01,
          3.2886e-01, -5.9998e-02,  4.2529e-01, -1.6870e-01, -7.6782e-02,
         -6.1951e-02,  2.2852e-01,  2.7588e-01, -2.8345e-01, -2.7148e-01,
          2.9956e-01,  1.3281e+00,  4.6899e-01,  1.2461e+00, -2.8662e-01,
          5.2734e-01, -5.6055e-01, -2.6758e-01, -1.4305e-02, -1.1743e-01,
          3.7476e-01,  3.4485e-02, -4.2480e-02,  1.3359e-02, -2.7002e-01,
         -3.5132e-01,  3.9038e-01, -8.8562e-02,  7.5500e-02,  8.8379e-01,
          2.2278e-01, -6.5735e-02,  2.1191e-01, -5.6885e-01, -2.1826e-01,
          2.6245e-02,  5.7098e-02,  2.3267e-01,  8.4045e-02,  6.6528e-02,
         -2.2266e-01,  5.5420e-01, -2.4255e-01,  3.4277e-01,  1.3025e-01,
          3.1616e-01,  6.2207e-01, -8.4595e-02, -2.1027e-02, -1.9458e-01,
          3.9978e-02,  9.7107e-02, -8.4717e-02,  6.8604e-01,  4.6082e-02,
          1.0767e-01,  5.9766e-01,  2.2803e-01, -3.6597e-01, -1.8738e-02,
          1.3257e-01, -2.1997e-01, -1.2512e-01, -1.7236e-01, -2.3303e-01,
         -1.0730e-01,  6.4355e-01, -2.4451e-01, -1.2439e-01, -3.5352e-01,
         -1.6528e-01, -1.4990e-01,  7.8491e-02, -8.2031e-02,  4.0796e-01,
          2.1313e-01,  8.5876e-02, -2.2791e-01, -2.0410e-01, -3.1299e-01,
         -6.9482e-01,  2.5220e-01, -1.9922e-01,  2.4805e-01, -4.3396e-02,
         -3.9551e-02,  5.5811e-01,  6.8555e-01, -7.7197e-01,  3.1714e-01,
         -1.4966e-01, -2.0996e-02, -3.5474e-01,  1.3262e+00, -1.0797e-01,
         -1.9989e-02, -8.6670e-02, -3.6328e-01, -1.2949e+00, -2.3706e-01,
         -3.2257e-02, -1.6052e-01, -1.3672e-01,  1.8213e-01, -5.8594e-01,
          4.5239e-01,  6.1646e-03,  2.0752e-01, -3.3783e-02,  1.4136e-01,
          4.5020e-01,  2.4048e-01, -1.4124e-01,  1.4148e-01, -1.8042e-01,
         -5.4352e-02, -1.7737e-01, -9.9902e-01, -2.2034e-02,  1.0101e-01,
         -5.4980e-01, -5.9375e-01, -4.6692e-02, -1.5320e-01, -1.3342e-01,
          3.6987e-02, -4.3066e-01, -1.9397e-01,  4.5471e-02, -3.0127e-01,
          2.7100e-01, -1.5784e-01, -1.2158e-01,  4.4220e-02, -9.0637e-02,
         -5.5811e-01,  1.3428e-02, -2.8320e-01,  1.9116e-01, -1.4478e-01,
          5.6543e-01,  3.2959e-01,  1.2671e-01,  1.0361e+00, -1.7786e-01,
          9.9060e-02,  1.3879e-01,  8.0371e-01, -2.4548e-01,  3.2080e-01,
          2.3096e-01,  7.6233e-02, -5.3467e-02,  8.6426e-02, -2.1021e-01,
         -1.0168e-01, -5.1270e-01,  4.9243e-01,  2.2705e-01, -3.2928e-02,
         -4.5923e-01, -2.7319e-01, -5.4443e-01,  1.1688e-01, -2.8247e-01,
         -2.7115e-02, -2.8467e-01,  5.9619e-01, -4.3799e-01,  1.9458e-01,
          1.9617e-01,  1.5430e-01,  2.8784e-01,  3.8184e-01, -2.5220e-01,
          8.4717e-01,  8.2458e-02, -7.3425e-02,  3.1128e-01,  1.6980e-01,
         -5.8960e-02, -1.3721e-01, -3.5205e-01,  2.6172e-01,  5.8252e-01,
          4.0918e-01, -1.0156e-01,  9.9072e-01, -3.3960e-01,  2.4536e-01,
         -4.9316e-01, -3.6182e-01,  9.4775e-01, -6.0516e-02,  1.9153e-01,
         -7.2815e-02,  1.4795e-01, -8.1360e-02, -1.8213e-01, -1.6953e+00,
         -1.4038e-02,  1.2323e-01, -1.1035e+00, -1.8555e-01, -8.8965e-01,
          2.7588e-01,  1.5332e-01, -2.7051e-01, -1.8872e-01, -6.0486e-02,
          4.7095e-01,  1.0068e+00,  3.5107e-01, -3.3862e-01,  2.6367e-01,
          1.8408e-01,  5.9668e-01, -3.2776e-02, -7.4707e-02, -2.6807e-01,
          2.0898e-01,  2.2095e-02, -2.2180e-01, -3.7915e-01, -1.3291e+00,
         -5.0879e-01, -2.7979e-01, -1.1047e-01,  3.4619e-01,  5.2441e-01,
          2.2009e-01, -1.2524e-01, -3.4619e-01,  4.0894e-01, -2.6123e-01,
         -4.8218e-02,  1.7444e-01,  1.7578e-02, -4.9756e-01,  4.7241e-01,
         -1.0248e-01,  3.4692e-01,  1.5930e-02, -5.6494e-01, -1.7200e-01,
          1.1536e-01, -2.1423e-01, -4.7852e-02,  1.2000e-01, -2.0947e-01,
         -1.9971e-01, -1.1224e-01, -1.9714e-01, -1.7444e-01, -3.9307e-01,
         -2.3438e-01,  1.3428e-02, -3.9917e-01,  9.7314e-01, -5.1270e-01,
          2.7026e-01,  2.2974e-01,  2.2766e-01, -2.3767e-01, -2.6929e-01,
          1.3635e-01,  4.4629e-01,  1.1221e+00, -2.8638e-01, -4.8462e-02,
         -3.9062e-01, -7.8125e-02,  4.1229e-02, -1.9501e-02,  1.0297e-01,
          1.4124e-01,  7.8552e-02, -2.5854e-01,  1.8140e-01,  1.1707e-01,
          5.0659e-02,  3.7183e-01,  2.6514e-01, -2.8906e-01,  2.4719e-02,
          7.6270e-01, -2.1439e-02, -2.2656e-01,  1.1487e-01,  4.5288e-01,
          8.0322e-02,  4.0649e-01,  3.1323e-01,  4.0845e-01, -6.3354e-02,
         -4.0259e-01, -1.8555e-01,  2.2131e-01, -2.2424e-01,  9.5398e-02,
         -1.8311e-02,  1.3953e-01, -4.0332e-01, -3.9185e-02, -7.9932e-01,
         -5.2429e-02, -2.7197e-01,  2.4402e-01, -5.5322e-01,  2.7173e-01,
          9.3140e-02, -2.9659e-03,  1.1194e-01, -6.4600e-01,  4.9707e-01,
         -5.3271e-01, -3.7085e-01,  2.1777e-01,  3.8770e-01, -3.3789e-01,
          5.6580e-02, -1.7542e-01,  1.2524e-01,  8.1238e-02,  1.2903e-01,
         -4.2188e-01, -6.2744e-02, -7.4585e-02, -2.5806e-01, -1.6406e-01,
          9.2651e-02,  2.8809e-01,  1.8262e-01,  3.5132e-01, -4.9438e-02,
         -3.0792e-02,  3.1567e-01, -2.4500e-01,  1.1682e-01,  8.4668e-01,
          2.6709e-01,  5.5084e-02, -2.1423e-01, -2.6929e-01,  9.2920e-01,
          1.0693e-01,  1.0199e-01]], device='cuda:1', dtype=torch.float16)
tensor(-1.0723, device='cuda:1', dtype=torch.float16, grad_fn=<NegBackward0>)
tensor(1.0576, device='cuda:1', dtype=torch.float16,
       grad_fn=<NllLossBackward0>)
tensor(-1.0586, device='cuda:1', dtype=torch.float16, grad_fn=<NegBackward0>)
tensor(-1.1680, device='cuda:1', dtype=torch.float16, grad_fn=<NegBackward0>)
--------------------------------
tensor(-1.0723, device='cuda:1', dtype=torch.float16, grad_fn=<NegBackward0>)
tensor(1.0576, device='cuda:1', dtype=torch.float16,
       grad_fn=<NllLossBackward0>)
tensor(-1.0586, device='cuda:1', dtype=torch.float16, grad_fn=<NegBackward0>)
tensor(-1.1680, device='cuda:1', dtype=torch.float16, grad_fn=<NegBackward0>)
--------------------------------
tensor(-1.0723, device='cuda:1', dtype=torch.float16, grad_fn=<NegBackward0>)
tensor(1.0576, device='cuda:1', dtype=torch.float16,
       grad_fn=<NllLossBackward0>)
tensor(-1.0586, device='cuda:1', dtype=torch.float16, grad_fn=<NegBackward0>)
tensor(-1.1680, device='cuda:1', dtype=torch.float16, grad_fn=<NegBackward0>)
--------------------------------
tensor(-1.0723, device='cuda:1', dtype=torch.float16, grad_fn=<NegBackward0>)
tensor(-1.0576, device='cuda:1', dtype=torch.float16, grad_fn=<NegBackward0>)
tensor(1.0586, device='cuda:1', dtype=torch.float16,
       grad_fn=<NllLossBackward0>)
tensor(-1.1680, device='cuda:1', dtype=torch.float16, grad_fn=<NegBackward0>)
--------------------------------
tensor(-1.0723, device='cuda:1', dtype=torch.float16, grad_fn=<NegBackward0>)
tensor(-1.0576, device='cuda:1', dtype=torch.float16, grad_fn=<NegBackward0>)
tensor(1.0586, device='cuda:1', dtype=torch.float16,
       grad_fn=<NllLossBackward0>)
tensor(-1.1680, device='cuda:1', dtype=torch.float16, grad_fn=<NegBackward0>)
--------------------------------
tensor(-1.0723, device='cuda:1', dtype=torch.float16, grad_fn=<NegBackward0>)
tensor(1.0576, device='cuda:1', dtype=torch.float16,
       grad_fn=<NllLossBackward0>)
tensor(-1.0586, device='cuda:1', dtype=torch.float16, grad_fn=<NegBackward0>)
tensor(-1.1680, device='cuda:1', dtype=torch.float16, grad_fn=<NegBackward0>)
--------------------------------
tensor(-1.0723, device='cuda:1', dtype=torch.float16, grad_fn=<NegBackward0>)
tensor(-1.0576, device='cuda:1', dtype=torch.float16, grad_fn=<NegBackward0>)
tensor(1.0586, device='cuda:1', dtype=torch.float16,
       grad_fn=<NllLossBackward0>)
tensor(-1.1680, device='cuda:1', dtype=torch.float16, grad_fn=<NegBackward0>)
--------------------------------
tensor(-1.0723, device='cuda:1', dtype=torch.float16, grad_fn=<NegBackward0>)
tensor(-1.0576, device='cuda:1', dtype=torch.float16, grad_fn=<NegBackward0>)
tensor(1.0586, device='cuda:1', dtype=torch.float16,
       grad_fn=<NllLossBackward0>)
tensor(-1.1680, device='cuda:1', dtype=torch.float16, grad_fn=<NegBackward0>)
--------------------------------
tensor(1.0723, device='cuda:1', dtype=torch.float16,
       grad_fn=<NllLossBackward0>)
tensor(-1.0576, device='cuda:1', dtype=torch.float16, grad_fn=<NegBackward0>)
tensor(-1.0586, device='cuda:1', dtype=torch.float16, grad_fn=<NegBackward0>)
tensor(-1.1680, device='cuda:1', dtype=torch.float16, grad_fn=<NegBackward0>)
--------------------------------
