*** Config ***
***************
** Arguments **
***************
dataset: OfficeHome
gpu: 0
model: CLIPAdapter
model_config_file: config/clipadapter.yaml
output_dir: output/CLIPAdapter-ViTB32-OfficeHome-art
root: ./data/
seed: 232
source_domains: ['clipart', 'product', 'real_world']
target_domains: ['art']
************
** Config **
************
DATALOADER:
  NUM_WORKERS: 8
  TEST:
    BATCH_SIZE: 64
    SAMPLER: SequentialSampler
  TRAIN:
    BATCH_SIZE: 64
    SAMPLER: RandomSampler
DATASET:
  NAME: OfficeHome
  ROOT: ./data/
  SOURCE_DOMAINS: ['clipart', 'product', 'real_world']
  SUBSAMPLE_CLASSES: all
  TARGET_DOMAINS: ['art']
GPU: 0
INPUT:
  COLORJITTER_B: 0.4
  COLORJITTER_C: 0.4
  COLORJITTER_H: 0.1
  COLORJITTER_S: 0.4
  CROP_PADDING: 4
  CUTOUT_LEN: 16
  CUTOUT_N: 1
  GB_K: 21
  GB_P: 0.5
  GN_MEAN: 0.0
  GN_STD: 0.15
  INTERPOLATION: bicubic
  PIXEL_MEAN: [0.48145466, 0.4578275, 0.40821073]
  PIXEL_STD: [0.26862954, 0.26130258, 0.27577711]
  RANDAUGMENT_M: 10
  RANDAUGMENT_N: 2
  RGS_P: 0.2
  RRCROP_SCALE: (0.08, 1.0)
  SIZE: (224, 224)
  TRANSFORMS: ['random_resized_crop', 'random_flip', 'normalize']
MODEL:
  CLIPAdapter:
    BACKBONE: ViT-B/32
  NAME: CLIPAdapter
OPTIM:
  ADAM_BETA1: 0.9
  ADAM_BETA2: 0.999
  GAMMA: 0.1
  LR: 0.002
  LR_SCHEDULER: Cosine
  MAX_EPOCH: 5
  MOMENTUM: 0.9
  NAME: sgd
  SGD_DAMPENING: 0
  SGD_NESTEROV: False
  STEP_SIZE: -1
  WARMUP_CONS_LR: 1e-05
  WARMUP_EPOCH: 1
  WARMUP_MIN_LR: 1e-05
  WARMUP_TYPE: constant
  WEIGHT_DECAY: 0.0005
OUTPUT_DIR: output/CLIPAdapter-ViTB32-OfficeHome-art
SEED: 232
TEST:
  EVALUATOR: Classification
  FINAL_Model: last_step
  SPLIT: Test
TRAIN:
  PRINT_FREQ: 5
Build Trainer: CLIPAdapter
Build Dataset: OfficeHome
Transform for Train: Compose(
    RandomResizedCrop(size=(224, 224), scale=(0.08, 1.0), ratio=(0.75, 1.3333), interpolation=bicubic, antialias=True)
    RandomHorizontalFlip(p=0.5)
    ToTensor()
    Normalize(mean=[0.48145466, 0.4578275, 0.40821073], std=[0.26862954, 0.26130258, 0.27577711])
)
Transform for Test: Compose(
    Resize(size=224, interpolation=bicubic, max_size=None, antialias=True)
    CenterCrop(size=(224, 224))
    ToTensor()
    Normalize(mean=[0.48145466, 0.4578275, 0.40821073], std=[0.26862954, 0.26130258, 0.27577711])
)
--------------  ------------------------------------
Dataset         OfficeHome
Source Domains  ['clipart', 'product', 'real_world']
Target Domains  ['art']
# Classes       65
# Train Data    11,770
# Val Data      1,391
# Test Data     2,427
--------------  ------------------------------------
Loading CLIP Backbone: ViT-B/32
Building Custom CLIP
Domains:  ['art', 'clipart', 'product', 'real_world']
Prompts: ['a picture of a art alarm clock.', 'a picture of a art backpack.', 'a picture of a art batteries.', 'a picture of a art bed.', 'a picture of a art bike.', 'a picture of a art bottle.', 'a picture of a art bucket.', 'a picture of a art calculator.', 'a picture of a art calendar.', 'a picture of a art candles.', 'a picture of a art chair.', 'a picture of a art clipboards.', 'a picture of a art computer.', 'a picture of a art couch.', 'a picture of a art curtains.', 'a picture of a art desk lamp.', 'a picture of a art drill.', 'a picture of a art eraser.', 'a picture of a art exit sign.', 'a picture of a art fan.', 'a picture of a art file cabinet.', 'a picture of a art flipflops.', 'a picture of a art flowers.', 'a picture of a art folder.', 'a picture of a art fork.', 'a picture of a art glasses.', 'a picture of a art hammer.', 'a picture of a art helmet.', 'a picture of a art kettle.', 'a picture of a art keyboard.', 'a picture of a art knives.', 'a picture of a art lamp shade.', 'a picture of a art laptop.', 'a picture of a art marker.', 'a picture of a art monitor.', 'a picture of a art mop.', 'a picture of a art mouse.', 'a picture of a art mug.', 'a picture of a art notebook.', 'a picture of a art oven.', 'a picture of a art pan.', 'a picture of a art paper clip.', 'a picture of a art pen.', 'a picture of a art pencil.', 'a picture of a art postit notes.', 'a picture of a art printer.', 'a picture of a art push pin.', 'a picture of a art radio.', 'a picture of a art refrigerator.', 'a picture of a art ruler.', 'a picture of a art scissors.', 'a picture of a art screwdriver.', 'a picture of a art shelf.', 'a picture of a art sink.', 'a picture of a art sneakers.', 'a picture of a art soda.', 'a picture of a art speaker.', 'a picture of a art spoon.', 'a picture of a art tv.', 'a picture of a art table.', 'a picture of a art telephone.', 'a picture of a art toothbrush.', 'a picture of a art toys.', 'a picture of a art trash can.', 'a picture of a art webcam.', 'a picture of a clipart alarm clock.', 'a picture of a clipart backpack.', 'a picture of a clipart batteries.', 'a picture of a clipart bed.', 'a picture of a clipart bike.', 'a picture of a clipart bottle.', 'a picture of a clipart bucket.', 'a picture of a clipart calculator.', 'a picture of a clipart calendar.', 'a picture of a clipart candles.', 'a picture of a clipart chair.', 'a picture of a clipart clipboards.', 'a picture of a clipart computer.', 'a picture of a clipart couch.', 'a picture of a clipart curtains.', 'a picture of a clipart desk lamp.', 'a picture of a clipart drill.', 'a picture of a clipart eraser.', 'a picture of a clipart exit sign.', 'a picture of a clipart fan.', 'a picture of a clipart file cabinet.', 'a picture of a clipart flipflops.', 'a picture of a clipart flowers.', 'a picture of a clipart folder.', 'a picture of a clipart fork.', 'a picture of a clipart glasses.', 'a picture of a clipart hammer.', 'a picture of a clipart helmet.', 'a picture of a clipart kettle.', 'a picture of a clipart keyboard.', 'a picture of a clipart knives.', 'a picture of a clipart lamp shade.', 'a picture of a clipart laptop.', 'a picture of a clipart marker.', 'a picture of a clipart monitor.', 'a picture of a clipart mop.', 'a picture of a clipart mouse.', 'a picture of a clipart mug.', 'a picture of a clipart notebook.', 'a picture of a clipart oven.', 'a picture of a clipart pan.', 'a picture of a clipart paper clip.', 'a picture of a clipart pen.', 'a picture of a clipart pencil.', 'a picture of a clipart postit notes.', 'a picture of a clipart printer.', 'a picture of a clipart push pin.', 'a picture of a clipart radio.', 'a picture of a clipart refrigerator.', 'a picture of a clipart ruler.', 'a picture of a clipart scissors.', 'a picture of a clipart screwdriver.', 'a picture of a clipart shelf.', 'a picture of a clipart sink.', 'a picture of a clipart sneakers.', 'a picture of a clipart soda.', 'a picture of a clipart speaker.', 'a picture of a clipart spoon.', 'a picture of a clipart tv.', 'a picture of a clipart table.', 'a picture of a clipart telephone.', 'a picture of a clipart toothbrush.', 'a picture of a clipart toys.', 'a picture of a clipart trash can.', 'a picture of a clipart webcam.', 'a picture of a product alarm clock.', 'a picture of a product backpack.', 'a picture of a product batteries.', 'a picture of a product bed.', 'a picture of a product bike.', 'a picture of a product bottle.', 'a picture of a product bucket.', 'a picture of a product calculator.', 'a picture of a product calendar.', 'a picture of a product candles.', 'a picture of a product chair.', 'a picture of a product clipboards.', 'a picture of a product computer.', 'a picture of a product couch.', 'a picture of a product curtains.', 'a picture of a product desk lamp.', 'a picture of a product drill.', 'a picture of a product eraser.', 'a picture of a product exit sign.', 'a picture of a product fan.', 'a picture of a product file cabinet.', 'a picture of a product flipflops.', 'a picture of a product flowers.', 'a picture of a product folder.', 'a picture of a product fork.', 'a picture of a product glasses.', 'a picture of a product hammer.', 'a picture of a product helmet.', 'a picture of a product kettle.', 'a picture of a product keyboard.', 'a picture of a product knives.', 'a picture of a product lamp shade.', 'a picture of a product laptop.', 'a picture of a product marker.', 'a picture of a product monitor.', 'a picture of a product mop.', 'a picture of a product mouse.', 'a picture of a product mug.', 'a picture of a product notebook.', 'a picture of a product oven.', 'a picture of a product pan.', 'a picture of a product paper clip.', 'a picture of a product pen.', 'a picture of a product pencil.', 'a picture of a product postit notes.', 'a picture of a product printer.', 'a picture of a product push pin.', 'a picture of a product radio.', 'a picture of a product refrigerator.', 'a picture of a product ruler.', 'a picture of a product scissors.', 'a picture of a product screwdriver.', 'a picture of a product shelf.', 'a picture of a product sink.', 'a picture of a product sneakers.', 'a picture of a product soda.', 'a picture of a product speaker.', 'a picture of a product spoon.', 'a picture of a product tv.', 'a picture of a product table.', 'a picture of a product telephone.', 'a picture of a product toothbrush.', 'a picture of a product toys.', 'a picture of a product trash can.', 'a picture of a product webcam.', 'a picture of a real_world alarm clock.', 'a picture of a real_world backpack.', 'a picture of a real_world batteries.', 'a picture of a real_world bed.', 'a picture of a real_world bike.', 'a picture of a real_world bottle.', 'a picture of a real_world bucket.', 'a picture of a real_world calculator.', 'a picture of a real_world calendar.', 'a picture of a real_world candles.', 'a picture of a real_world chair.', 'a picture of a real_world clipboards.', 'a picture of a real_world computer.', 'a picture of a real_world couch.', 'a picture of a real_world curtains.', 'a picture of a real_world desk lamp.', 'a picture of a real_world drill.', 'a picture of a real_world eraser.', 'a picture of a real_world exit sign.', 'a picture of a real_world fan.', 'a picture of a real_world file cabinet.', 'a picture of a real_world flipflops.', 'a picture of a real_world flowers.', 'a picture of a real_world folder.', 'a picture of a real_world fork.', 'a picture of a real_world glasses.', 'a picture of a real_world hammer.', 'a picture of a real_world helmet.', 'a picture of a real_world kettle.', 'a picture of a real_world keyboard.', 'a picture of a real_world knives.', 'a picture of a real_world lamp shade.', 'a picture of a real_world laptop.', 'a picture of a real_world marker.', 'a picture of a real_world monitor.', 'a picture of a real_world mop.', 'a picture of a real_world mouse.', 'a picture of a real_world mug.', 'a picture of a real_world notebook.', 'a picture of a real_world oven.', 'a picture of a real_world pan.', 'a picture of a real_world paper clip.', 'a picture of a real_world pen.', 'a picture of a real_world pencil.', 'a picture of a real_world postit notes.', 'a picture of a real_world printer.', 'a picture of a real_world push pin.', 'a picture of a real_world radio.', 'a picture of a real_world refrigerator.', 'a picture of a real_world ruler.', 'a picture of a real_world scissors.', 'a picture of a real_world screwdriver.', 'a picture of a real_world shelf.', 'a picture of a real_world sink.', 'a picture of a real_world sneakers.', 'a picture of a real_world soda.', 'a picture of a real_world speaker.', 'a picture of a real_world spoon.', 'a picture of a real_world tv.', 'a picture of a real_world table.', 'a picture of a real_world telephone.', 'a picture of a real_world toothbrush.', 'a picture of a real_world toys.', 'a picture of a real_world trash can.', 'a picture of a real_world webcam.']
Turning Off Gradients in Image and Text Encoder
Parameters to be updated: {'adapter.fc.0.weight', 'adapter.fc.2.weight'}
Build Evaluator: Classification
epoch [1/5] batch [5/183] loss 4.0195 (3.8840) acc 1.5625 (4.0625) lr 1.0000e-05 eta 0:06:07
epoch [1/5] batch [10/183] loss 4.0781 (3.8186) acc 3.1250 (6.0938) lr 1.0000e-05 eta 0:03:13
epoch [1/5] batch [15/183] loss 3.7402 (3.8449) acc 6.2500 (5.8333) lr 1.0000e-05 eta 0:02:14
epoch [1/5] batch [20/183] loss 3.8086 (3.8829) acc 6.2500 (6.0938) lr 1.0000e-05 eta 0:01:45
epoch [1/5] batch [25/183] loss 4.4336 (3.9388) acc 4.6875 (6.0625) lr 1.0000e-05 eta 0:01:27
epoch [1/5] batch [30/183] loss 3.7402 (3.9550) acc 4.6875 (5.6771) lr 1.0000e-05 eta 0:01:15
epoch [1/5] batch [35/183] loss 3.3418 (3.9416) acc 10.9375 (5.7589) lr 1.0000e-05 eta 0:01:08
epoch [1/5] batch [40/183] loss 3.6406 (3.9312) acc 7.8125 (5.7422) lr 1.0000e-05 eta 0:01:02
epoch [1/5] batch [45/183] loss 4.4492 (3.9317) acc 3.1250 (5.9375) lr 1.0000e-05 eta 0:00:58
epoch [1/5] batch [50/183] loss 4.1016 (3.9289) acc 3.1250 (5.7812) lr 1.0000e-05 eta 0:00:54
epoch [1/5] batch [55/183] loss 3.5703 (3.9204) acc 10.9375 (5.9375) lr 1.0000e-05 eta 0:00:51
epoch [1/5] batch [60/183] loss 4.1953 (3.9184) acc 6.2500 (5.7552) lr 1.0000e-05 eta 0:00:49
epoch [1/5] batch [65/183] loss 4.0625 (3.9222) acc 3.1250 (5.7452) lr 1.0000e-05 eta 0:00:46
epoch [1/5] batch [70/183] loss 3.5391 (3.9174) acc 9.3750 (5.7366) lr 1.0000e-05 eta 0:00:44
epoch [1/5] batch [75/183] loss 4.0742 (3.9052) acc 7.8125 (5.9375) lr 1.0000e-05 eta 0:00:43
epoch [1/5] batch [80/183] loss 4.0977 (3.9080) acc 4.6875 (5.8594) lr 1.0000e-05 eta 0:00:41
epoch [1/5] batch [85/183] loss 4.2656 (3.9009) acc 7.8125 (5.9926) lr 1.0000e-05 eta 0:00:40
epoch [1/5] batch [90/183] loss 3.8379 (3.8969) acc 10.9375 (6.0938) lr 1.0000e-05 eta 0:00:39
epoch [1/5] batch [95/183] loss 4.0312 (3.9005) acc 1.5625 (6.0033) lr 1.0000e-05 eta 0:00:38
epoch [1/5] batch [100/183] loss 4.2070 (3.9111) acc 4.6875 (5.9688) lr 1.0000e-05 eta 0:00:37
epoch [1/5] batch [105/183] loss 4.1445 (3.9154) acc 4.6875 (5.8929) lr 1.0000e-05 eta 0:00:36
epoch [1/5] batch [110/183] loss 4.0938 (3.9115) acc 6.2500 (5.8665) lr 1.0000e-05 eta 0:00:35
epoch [1/5] batch [115/183] loss 3.8438 (3.9048) acc 3.1250 (5.9239) lr 1.0000e-05 eta 0:00:35
epoch [1/5] batch [120/183] loss 3.5332 (3.8970) acc 9.3750 (6.0417) lr 1.0000e-05 eta 0:00:34
epoch [1/5] batch [125/183] loss 4.2891 (3.9037) acc 3.1250 (5.9875) lr 1.0000e-05 eta 0:00:33
epoch [1/5] batch [130/183] loss 4.1289 (3.9111) acc 3.1250 (5.9495) lr 1.0000e-05 eta 0:00:33
epoch [1/5] batch [135/183] loss 3.9434 (3.9053) acc 7.8125 (5.9606) lr 1.0000e-05 eta 0:00:32
epoch [1/5] batch [140/183] loss 3.7598 (3.9144) acc 9.3750 (5.9375) lr 1.0000e-05 eta 0:00:32
epoch [1/5] batch [145/183] loss 3.9551 (3.9162) acc 7.8125 (5.9806) lr 1.0000e-05 eta 0:00:31
epoch [1/5] batch [150/183] loss 3.9355 (3.9155) acc 7.8125 (5.9688) lr 1.0000e-05 eta 0:00:31
epoch [1/5] batch [155/183] loss 3.7383 (3.9129) acc 4.6875 (6.0685) lr 1.0000e-05 eta 0:00:30
epoch [1/5] batch [160/183] loss 3.6387 (3.9099) acc 9.3750 (6.1035) lr 1.0000e-05 eta 0:00:30
epoch [1/5] batch [165/183] loss 3.8320 (3.9117) acc 1.5625 (6.0322) lr 1.0000e-05 eta 0:00:29
epoch [1/5] batch [170/183] loss 4.0039 (3.9111) acc 4.6875 (5.9926) lr 1.0000e-05 eta 0:00:29
epoch [1/5] batch [175/183] loss 3.8730 (3.9083) acc 6.2500 (5.9821) lr 1.0000e-05 eta 0:00:28
epoch [1/5] batch [180/183] loss 4.0781 (3.9106) acc 3.1250 (5.9809) lr 1.0000e-05 eta 0:00:28
epoch [2/5] batch [5/183] loss 4.1484 (4.0359) acc 3.1250 (4.6875) lr 2.0000e-03 eta 0:01:49
epoch [2/5] batch [10/183] loss 3.8047 (3.9229) acc 3.1250 (5.6250) lr 2.0000e-03 eta 0:01:05
epoch [2/5] batch [15/183] loss 3.3164 (3.8553) acc 15.6250 (6.8750) lr 2.0000e-03 eta 0:00:48
epoch [2/5] batch [20/183] loss 3.6621 (3.7391) acc 12.5000 (8.5156) lr 2.0000e-03 eta 0:00:41
epoch [2/5] batch [25/183] loss 3.0039 (3.5995) acc 20.3125 (10.0000) lr 2.0000e-03 eta 0:00:37
epoch [2/5] batch [30/183] loss 2.9570 (3.4626) acc 18.7500 (11.8750) lr 2.0000e-03 eta 0:00:33
epoch [2/5] batch [35/183] loss 1.9795 (3.2895) acc 43.7500 (15.0893) lr 2.0000e-03 eta 0:00:32
epoch [2/5] batch [40/183] loss 2.0586 (3.1610) acc 53.1250 (18.3594) lr 2.0000e-03 eta 0:00:30
epoch [2/5] batch [45/183] loss 2.0527 (3.0357) acc 46.8750 (21.9097) lr 2.0000e-03 eta 0:00:29
epoch [2/5] batch [50/183] loss 1.6104 (2.9234) acc 64.0625 (25.1562) lr 2.0000e-03 eta 0:00:28
epoch [2/5] batch [55/183] loss 2.0391 (2.7995) acc 51.5625 (28.6364) lr 2.0000e-03 eta 0:00:26
epoch [2/5] batch [60/183] loss 1.5781 (2.7060) acc 59.3750 (31.1458) lr 2.0000e-03 eta 0:00:26
epoch [2/5] batch [65/183] loss 1.4053 (2.6092) acc 67.1875 (33.7500) lr 2.0000e-03 eta 0:00:25
epoch [2/5] batch [70/183] loss 1.5049 (2.5390) acc 65.6250 (35.6696) lr 2.0000e-03 eta 0:00:24
epoch [2/5] batch [75/183] loss 1.8770 (2.4842) acc 59.3750 (37.3750) lr 2.0000e-03 eta 0:00:24
epoch [2/5] batch [80/183] loss 1.4717 (2.4248) acc 60.9375 (38.9453) lr 2.0000e-03 eta 0:00:23
epoch [2/5] batch [85/183] loss 1.0957 (2.3716) acc 75.0000 (40.2757) lr 2.0000e-03 eta 0:00:23
epoch [2/5] batch [90/183] loss 1.7119 (2.3280) acc 56.2500 (41.3715) lr 2.0000e-03 eta 0:00:23
epoch [2/5] batch [95/183] loss 1.8223 (2.2922) acc 57.8125 (42.3849) lr 2.0000e-03 eta 0:00:22
epoch [2/5] batch [100/183] loss 1.7656 (2.2562) acc 54.6875 (43.3594) lr 2.0000e-03 eta 0:00:22
epoch [2/5] batch [105/183] loss 1.0977 (2.2125) acc 73.4375 (44.5387) lr 2.0000e-03 eta 0:00:22
epoch [2/5] batch [110/183] loss 1.4023 (2.1818) acc 65.6250 (45.3977) lr 2.0000e-03 eta 0:00:21
epoch [2/5] batch [115/183] loss 1.3105 (2.1433) acc 71.8750 (46.3995) lr 2.0000e-03 eta 0:00:21
epoch [2/5] batch [120/183] loss 1.7295 (2.1171) acc 62.5000 (47.0833) lr 2.0000e-03 eta 0:00:20
epoch [2/5] batch [125/183] loss 1.5312 (2.0940) acc 59.3750 (47.6375) lr 2.0000e-03 eta 0:00:20
epoch [2/5] batch [130/183] loss 1.2842 (2.0733) acc 70.3125 (48.1611) lr 2.0000e-03 eta 0:00:20
epoch [2/5] batch [135/183] loss 1.3115 (2.0508) acc 67.1875 (48.7731) lr 2.0000e-03 eta 0:00:20
epoch [2/5] batch [140/183] loss 1.6982 (2.0356) acc 57.8125 (49.1741) lr 2.0000e-03 eta 0:00:19
epoch [2/5] batch [145/183] loss 1.3896 (2.0150) acc 62.5000 (49.6983) lr 2.0000e-03 eta 0:00:19
epoch [2/5] batch [150/183] loss 1.2764 (1.9964) acc 71.8750 (50.1354) lr 2.0000e-03 eta 0:00:19
epoch [2/5] batch [155/183] loss 1.7617 (1.9798) acc 59.3750 (50.5847) lr 2.0000e-03 eta 0:00:19
epoch [2/5] batch [160/183] loss 1.5918 (1.9693) acc 57.8125 (50.8398) lr 2.0000e-03 eta 0:00:18
epoch [2/5] batch [165/183] loss 1.6748 (1.9565) acc 56.2500 (51.1648) lr 2.0000e-03 eta 0:00:18
epoch [2/5] batch [170/183] loss 1.4062 (1.9384) acc 64.0625 (51.5809) lr 2.0000e-03 eta 0:00:18
epoch [2/5] batch [175/183] loss 1.8047 (1.9294) acc 57.8125 (51.7857) lr 2.0000e-03 eta 0:00:18
epoch [2/5] batch [180/183] loss 1.5625 (1.9153) acc 64.0625 (52.1701) lr 2.0000e-03 eta 0:00:18
epoch [3/5] batch [5/183] loss 1.6533 (1.5545) acc 65.6250 (62.1875) lr 1.8090e-03 eta 0:01:22
epoch [3/5] batch [10/183] loss 1.6914 (1.4805) acc 59.3750 (63.1250) lr 1.8090e-03 eta 0:00:49
epoch [3/5] batch [15/183] loss 1.6396 (1.5058) acc 59.3750 (62.0833) lr 1.8090e-03 eta 0:00:36
epoch [3/5] batch [20/183] loss 1.3945 (1.4620) acc 67.1875 (63.5156) lr 1.8090e-03 eta 0:00:31
epoch [3/5] batch [25/183] loss 1.6260 (1.4502) acc 60.9375 (64.0000) lr 1.8090e-03 eta 0:00:28
epoch [3/5] batch [30/183] loss 1.6904 (1.4467) acc 62.5000 (64.1667) lr 1.8090e-03 eta 0:00:25
epoch [3/5] batch [35/183] loss 1.3447 (1.4490) acc 70.3125 (64.3304) lr 1.8090e-03 eta 0:00:23
epoch [3/5] batch [40/183] loss 0.9932 (1.4425) acc 78.1250 (64.2188) lr 1.8090e-03 eta 0:00:22
epoch [3/5] batch [45/183] loss 1.3975 (1.4246) acc 64.0625 (64.7569) lr 1.8090e-03 eta 0:00:21
epoch [3/5] batch [50/183] loss 1.6855 (1.4411) acc 60.9375 (64.4375) lr 1.8090e-03 eta 0:00:20
epoch [3/5] batch [55/183] loss 1.6240 (1.4493) acc 62.5000 (64.0909) lr 1.8090e-03 eta 0:00:19
epoch [3/5] batch [60/183] loss 1.3086 (1.4431) acc 64.0625 (64.1927) lr 1.8090e-03 eta 0:00:19
epoch [3/5] batch [65/183] loss 1.2861 (1.4430) acc 70.3125 (64.2788) lr 1.8090e-03 eta 0:00:18
epoch [3/5] batch [70/183] loss 1.2871 (1.4365) acc 68.7500 (64.5089) lr 1.8090e-03 eta 0:00:18
epoch [3/5] batch [75/183] loss 1.2432 (1.4256) acc 67.1875 (64.6875) lr 1.8090e-03 eta 0:00:17
epoch [3/5] batch [80/183] loss 1.1250 (1.4290) acc 71.8750 (64.6484) lr 1.8090e-03 eta 0:00:17
epoch [3/5] batch [85/183] loss 2.0469 (1.4532) acc 50.0000 (64.0074) lr 1.8090e-03 eta 0:00:16
epoch [3/5] batch [90/183] loss 1.7090 (1.4564) acc 54.6875 (63.9062) lr 1.8090e-03 eta 0:00:16
epoch [3/5] batch [95/183] loss 1.5664 (1.4577) acc 62.5000 (63.9309) lr 1.8090e-03 eta 0:00:16
epoch [3/5] batch [100/183] loss 1.3682 (1.4597) acc 70.3125 (63.8594) lr 1.8090e-03 eta 0:00:15
epoch [3/5] batch [105/183] loss 1.7393 (1.4609) acc 56.2500 (63.8542) lr 1.8090e-03 eta 0:00:15
epoch [3/5] batch [110/183] loss 1.3984 (1.4653) acc 62.5000 (63.7074) lr 1.8090e-03 eta 0:00:15
epoch [3/5] batch [115/183] loss 1.4434 (1.4616) acc 59.3750 (63.7908) lr 1.8090e-03 eta 0:00:14
epoch [3/5] batch [120/183] loss 1.0234 (1.4618) acc 75.0000 (63.7109) lr 1.8090e-03 eta 0:00:14
epoch [3/5] batch [125/183] loss 1.3477 (1.4585) acc 65.6250 (63.7375) lr 1.8090e-03 eta 0:00:14
epoch [3/5] batch [130/183] loss 1.5439 (1.4599) acc 64.0625 (63.6659) lr 1.8090e-03 eta 0:00:14
epoch [3/5] batch [135/183] loss 1.3213 (1.4558) acc 64.0625 (63.7731) lr 1.8090e-03 eta 0:00:13
epoch [3/5] batch [140/183] loss 1.3428 (1.4499) acc 62.5000 (63.8281) lr 1.8090e-03 eta 0:00:13
epoch [3/5] batch [145/183] loss 1.0938 (1.4467) acc 73.4375 (63.9871) lr 1.8090e-03 eta 0:00:13
epoch [3/5] batch [150/183] loss 1.6016 (1.4482) acc 60.9375 (63.9375) lr 1.8090e-03 eta 0:00:13
epoch [3/5] batch [155/183] loss 1.6816 (1.4498) acc 59.3750 (63.9415) lr 1.8090e-03 eta 0:00:12
epoch [3/5] batch [160/183] loss 1.4961 (1.4480) acc 62.5000 (63.9062) lr 1.8090e-03 eta 0:00:12
epoch [3/5] batch [165/183] loss 1.2441 (1.4484) acc 65.6250 (63.9205) lr 1.8090e-03 eta 0:00:12
epoch [3/5] batch [170/183] loss 1.3760 (1.4486) acc 62.5000 (63.8051) lr 1.8090e-03 eta 0:00:12
epoch [3/5] batch [175/183] loss 1.3311 (1.4509) acc 67.1875 (63.6875) lr 1.8090e-03 eta 0:00:12
epoch [3/5] batch [180/183] loss 1.1514 (1.4479) acc 70.3125 (63.7587) lr 1.8090e-03 eta 0:00:11
epoch [4/5] batch [5/183] loss 1.6025 (1.3359) acc 56.2500 (66.2500) lr 1.3090e-03 eta 0:00:51
epoch [4/5] batch [10/183] loss 1.6592 (1.3769) acc 57.8125 (65.1562) lr 1.3090e-03 eta 0:00:32
epoch [4/5] batch [15/183] loss 1.4053 (1.4090) acc 62.5000 (64.2708) lr 1.3090e-03 eta 0:00:23
epoch [4/5] batch [20/183] loss 1.4443 (1.3801) acc 59.3750 (65.0781) lr 1.3090e-03 eta 0:00:20
epoch [4/5] batch [25/183] loss 1.5332 (1.4070) acc 60.9375 (64.7500) lr 1.3090e-03 eta 0:00:17
epoch [4/5] batch [30/183] loss 1.3594 (1.4153) acc 64.0625 (65.0000) lr 1.3090e-03 eta 0:00:16
epoch [4/5] batch [35/183] loss 1.8877 (1.4333) acc 53.1250 (64.5982) lr 1.3090e-03 eta 0:00:15
epoch [4/5] batch [40/183] loss 1.4424 (1.4234) acc 64.0625 (65.0000) lr 1.3090e-03 eta 0:00:14
epoch [4/5] batch [45/183] loss 1.3877 (1.4209) acc 67.1875 (64.8264) lr 1.3090e-03 eta 0:00:13
epoch [4/5] batch [50/183] loss 1.4824 (1.4133) acc 57.8125 (64.8438) lr 1.3090e-03 eta 0:00:12
epoch [4/5] batch [55/183] loss 1.2480 (1.4095) acc 65.6250 (64.9148) lr 1.3090e-03 eta 0:00:12
epoch [4/5] batch [60/183] loss 1.7715 (1.4083) acc 56.2500 (65.0000) lr 1.3090e-03 eta 0:00:11
epoch [4/5] batch [65/183] loss 1.3760 (1.4035) acc 59.3750 (64.9279) lr 1.3090e-03 eta 0:00:11
epoch [4/5] batch [70/183] loss 1.3242 (1.4063) acc 67.1875 (64.8661) lr 1.3090e-03 eta 0:00:11
epoch [4/5] batch [75/183] loss 1.2383 (1.4033) acc 68.7500 (65.0208) lr 1.3090e-03 eta 0:00:10
epoch [4/5] batch [80/183] loss 1.5039 (1.4094) acc 56.2500 (64.8242) lr 1.3090e-03 eta 0:00:10
epoch [4/5] batch [85/183] loss 1.5938 (1.4178) acc 56.2500 (64.5404) lr 1.3090e-03 eta 0:00:10
epoch [4/5] batch [90/183] loss 1.2334 (1.4127) acc 68.7500 (64.6875) lr 1.3090e-03 eta 0:00:09
epoch [4/5] batch [95/183] loss 1.5723 (1.4173) acc 64.0625 (64.6546) lr 1.3090e-03 eta 0:00:09
epoch [4/5] batch [100/183] loss 1.5820 (1.4131) acc 57.8125 (64.7344) lr 1.3090e-03 eta 0:00:09
epoch [4/5] batch [105/183] loss 1.5098 (1.4116) acc 67.1875 (64.7619) lr 1.3090e-03 eta 0:00:09
epoch [4/5] batch [110/183] loss 1.3652 (1.4148) acc 65.6250 (64.6023) lr 1.3090e-03 eta 0:00:08
epoch [4/5] batch [115/183] loss 1.4600 (1.4184) acc 59.3750 (64.5245) lr 1.3090e-03 eta 0:00:08
epoch [4/5] batch [120/183] loss 1.5361 (1.4201) acc 65.6250 (64.5182) lr 1.3090e-03 eta 0:00:08
epoch [4/5] batch [125/183] loss 1.7178 (1.4277) acc 62.5000 (64.3750) lr 1.3090e-03 eta 0:00:08
epoch [4/5] batch [130/183] loss 1.6299 (1.4246) acc 56.2500 (64.3630) lr 1.3090e-03 eta 0:00:07
epoch [4/5] batch [135/183] loss 1.5762 (1.4236) acc 62.5000 (64.3866) lr 1.3090e-03 eta 0:00:07
epoch [4/5] batch [140/183] loss 1.1738 (1.4189) acc 71.8750 (64.5424) lr 1.3090e-03 eta 0:00:07
epoch [4/5] batch [145/183] loss 1.6133 (1.4203) acc 59.3750 (64.4935) lr 1.3090e-03 eta 0:00:07
epoch [4/5] batch [150/183] loss 1.6201 (1.4235) acc 59.3750 (64.4688) lr 1.3090e-03 eta 0:00:07
epoch [4/5] batch [155/183] loss 1.4443 (1.4265) acc 67.1875 (64.3952) lr 1.3090e-03 eta 0:00:06
epoch [4/5] batch [160/183] loss 1.2285 (1.4227) acc 67.1875 (64.4434) lr 1.3090e-03 eta 0:00:06
epoch [4/5] batch [165/183] loss 1.2969 (1.4194) acc 71.8750 (64.5360) lr 1.3090e-03 eta 0:00:06
epoch [4/5] batch [170/183] loss 1.5537 (1.4217) acc 64.0625 (64.4945) lr 1.3090e-03 eta 0:00:06
epoch [4/5] batch [175/183] loss 1.2939 (1.4224) acc 60.9375 (64.5000) lr 1.3090e-03 eta 0:00:06
epoch [4/5] batch [180/183] loss 1.2217 (1.4231) acc 70.3125 (64.5226) lr 1.3090e-03 eta 0:00:05
epoch [5/5] batch [5/183] loss 1.4170 (1.4160) acc 68.7500 (64.6875) lr 6.9098e-04 eta 0:00:23
epoch [5/5] batch [10/183] loss 1.5215 (1.4053) acc 62.5000 (65.4688) lr 6.9098e-04 eta 0:00:14
epoch [5/5] batch [15/183] loss 1.3662 (1.4235) acc 68.7500 (65.3125) lr 6.9098e-04 eta 0:00:10
epoch [5/5] batch [20/183] loss 1.4492 (1.3972) acc 56.2500 (65.6250) lr 6.9098e-04 eta 0:00:09
epoch [5/5] batch [25/183] loss 1.5605 (1.4183) acc 62.5000 (65.1250) lr 6.9098e-04 eta 0:00:07
epoch [5/5] batch [30/183] loss 1.2432 (1.4100) acc 71.8750 (65.4167) lr 6.9098e-04 eta 0:00:07
epoch [5/5] batch [35/183] loss 1.5488 (1.4126) acc 57.8125 (64.9554) lr 6.9098e-04 eta 0:00:06
epoch [5/5] batch [40/183] loss 1.2812 (1.4163) acc 65.6250 (64.9219) lr 6.9098e-04 eta 0:00:06
epoch [5/5] batch [45/183] loss 1.3398 (1.3974) acc 68.7500 (65.3125) lr 6.9098e-04 eta 0:00:05
epoch [5/5] batch [50/183] loss 1.5264 (1.3853) acc 64.0625 (65.4688) lr 6.9098e-04 eta 0:00:05
epoch [5/5] batch [55/183] loss 1.1191 (1.3759) acc 73.4375 (65.7102) lr 6.9098e-04 eta 0:00:04
epoch [5/5] batch [60/183] loss 0.9282 (1.3621) acc 78.1250 (66.1719) lr 6.9098e-04 eta 0:00:04
epoch [5/5] batch [65/183] loss 1.3125 (1.3513) acc 70.3125 (66.5625) lr 6.9098e-04 eta 0:00:04
epoch [5/5] batch [70/183] loss 1.4609 (1.3565) acc 57.8125 (66.4509) lr 6.9098e-04 eta 0:00:04
epoch [5/5] batch [75/183] loss 1.2793 (1.3559) acc 67.1875 (66.5000) lr 6.9098e-04 eta 0:00:03
epoch [5/5] batch [80/183] loss 1.4023 (1.3607) acc 65.6250 (66.3281) lr 6.9098e-04 eta 0:00:03
epoch [5/5] batch [85/183] loss 1.4590 (1.3643) acc 62.5000 (66.1029) lr 6.9098e-04 eta 0:00:03
epoch [5/5] batch [90/183] loss 1.4297 (1.3714) acc 65.6250 (65.9375) lr 6.9098e-04 eta 0:00:03
epoch [5/5] batch [95/183] loss 0.9243 (1.3658) acc 82.8125 (66.1184) lr 6.9098e-04 eta 0:00:03
epoch [5/5] batch [100/183] loss 1.4727 (1.3631) acc 68.7500 (66.2188) lr 6.9098e-04 eta 0:00:02
epoch [5/5] batch [105/183] loss 1.3496 (1.3677) acc 68.7500 (66.2649) lr 6.9098e-04 eta 0:00:02
epoch [5/5] batch [110/183] loss 1.3789 (1.3679) acc 68.7500 (66.2358) lr 6.9098e-04 eta 0:00:02
epoch [5/5] batch [115/183] loss 1.3291 (1.3763) acc 67.1875 (65.9918) lr 6.9098e-04 eta 0:00:02
epoch [5/5] batch [120/183] loss 1.1260 (1.3834) acc 68.7500 (65.7292) lr 6.9098e-04 eta 0:00:02
epoch [5/5] batch [125/183] loss 1.3330 (1.3897) acc 68.7500 (65.5250) lr 6.9098e-04 eta 0:00:01
epoch [5/5] batch [130/183] loss 1.7217 (1.3937) acc 57.8125 (65.4327) lr 6.9098e-04 eta 0:00:01
epoch [5/5] batch [135/183] loss 1.5479 (1.3966) acc 62.5000 (65.4167) lr 6.9098e-04 eta 0:00:01
epoch [5/5] batch [140/183] loss 1.6064 (1.4019) acc 53.1250 (65.2344) lr 6.9098e-04 eta 0:00:01
epoch [5/5] batch [145/183] loss 1.5586 (1.4026) acc 59.3750 (65.2155) lr 6.9098e-04 eta 0:00:01
epoch [5/5] batch [150/183] loss 1.2334 (1.4015) acc 71.8750 (65.2396) lr 6.9098e-04 eta 0:00:01
epoch [5/5] batch [155/183] loss 1.3604 (1.4012) acc 70.3125 (65.2722) lr 6.9098e-04 eta 0:00:00
epoch [5/5] batch [160/183] loss 1.3994 (1.4016) acc 60.9375 (65.2344) lr 6.9098e-04 eta 0:00:00
epoch [5/5] batch [165/183] loss 1.1172 (1.4033) acc 73.4375 (65.1420) lr 6.9098e-04 eta 0:00:00
epoch [5/5] batch [170/183] loss 1.4609 (1.4058) acc 57.8125 (65.0184) lr 6.9098e-04 eta 0:00:00
epoch [5/5] batch [175/183] loss 1.0889 (1.4061) acc 71.8750 (65.0089) lr 6.9098e-04 eta 0:00:00
epoch [5/5] batch [180/183] loss 1.6514 (1.4061) acc 56.2500 (64.9826) lr 6.9098e-04 eta 0:00:00
Model Saved to: output/CLIPAdapter-ViTB32-OfficeHome-art/model.pth.tar-5
Finish Training
Evaluate on the Test Set
----------  ------
Total #     2,427
Correct #   1,779
Accuracy    73.30%
Error Rate  26.70%
Macro_F1    67.46%
----------  ------
