*** Config ***
***************
** Arguments **
***************
dataset: OfficeHome
gpu: 0
model: CLIPAdapter
model_config_file: config/clipadapter.yaml
output_dir: output/CLIPAdapter-ViTB32-OfficeHome-art
root: ./data/
seed: 134
source_domains: ['clipart', 'product', 'real_world']
target_domains: ['art']
************
** Config **
************
DATALOADER:
  NUM_WORKERS: 8
  TEST:
    BATCH_SIZE: 64
    SAMPLER: SequentialSampler
  TRAIN:
    BATCH_SIZE: 64
    SAMPLER: RandomSampler
DATASET:
  NAME: OfficeHome
  ROOT: ./data/
  SOURCE_DOMAINS: ['clipart', 'product', 'real_world']
  SUBSAMPLE_CLASSES: all
  TARGET_DOMAINS: ['art']
GPU: 0
INPUT:
  COLORJITTER_B: 0.4
  COLORJITTER_C: 0.4
  COLORJITTER_H: 0.1
  COLORJITTER_S: 0.4
  CROP_PADDING: 4
  CUTOUT_LEN: 16
  CUTOUT_N: 1
  GB_K: 21
  GB_P: 0.5
  GN_MEAN: 0.0
  GN_STD: 0.15
  INTERPOLATION: bicubic
  PIXEL_MEAN: [0.48145466, 0.4578275, 0.40821073]
  PIXEL_STD: [0.26862954, 0.26130258, 0.27577711]
  RANDAUGMENT_M: 10
  RANDAUGMENT_N: 2
  RGS_P: 0.2
  RRCROP_SCALE: (0.08, 1.0)
  SIZE: (224, 224)
  TRANSFORMS: ['random_resized_crop', 'random_flip', 'normalize']
MODEL:
  CLIPAdapter:
    BACKBONE: ViT-B/32
  NAME: CLIPAdapter
OPTIM:
  ADAM_BETA1: 0.9
  ADAM_BETA2: 0.999
  GAMMA: 0.1
  LR: 0.002
  LR_SCHEDULER: Cosine
  MAX_EPOCH: 50
  MOMENTUM: 0.9
  NAME: sgd
  SGD_DAMPENING: 0
  SGD_NESTEROV: False
  STEP_SIZE: -1
  WARMUP_CONS_LR: 1e-05
  WARMUP_EPOCH: 1
  WARMUP_MIN_LR: 1e-05
  WARMUP_TYPE: constant
  WEIGHT_DECAY: 0.0005
OUTPUT_DIR: output/CLIPAdapter-ViTB32-OfficeHome-art
SEED: 134
TEST:
  EVALUATOR: Classification
  FINAL_Model: last_step
  SPLIT: Test
TRAIN:
  PRINT_FREQ: 5
Build Trainer: CLIPAdapter
Build Dataset: OfficeHome
Transform for Train: Compose(
    RandomResizedCrop(size=(224, 224), scale=(0.08, 1.0), ratio=(0.75, 1.3333), interpolation=bicubic, antialias=True)
    RandomHorizontalFlip(p=0.5)
    ToTensor()
    Normalize(mean=[0.48145466, 0.4578275, 0.40821073], std=[0.26862954, 0.26130258, 0.27577711])
)
Transform for Test: Compose(
    Resize(size=224, interpolation=bicubic, max_size=None, antialias=True)
    CenterCrop(size=(224, 224))
    ToTensor()
    Normalize(mean=[0.48145466, 0.4578275, 0.40821073], std=[0.26862954, 0.26130258, 0.27577711])
)
--------------  ------------------------------------
Dataset         OfficeHome
Source Domains  ['clipart', 'product', 'real_world']
Target Domains  ['art']
# Classes       65
# Train Data    11,770
# Val Data      1,391
# Test Data     2,427
--------------  ------------------------------------
Loading CLIP Backbone: ViT-B/32
Building Custom CLIP
Class: ['alarm_clock', 'backpack', 'batteries', 'bed', 'bike', 'bottle', 'bucket', 'calculator', 'calendar', 'candles', 'chair', 'clipboards', 'computer', 'couch', 'curtains', 'desk_lamp', 'drill', 'eraser', 'exit_sign', 'fan', 'file_cabinet', 'flipflops', 'flowers', 'folder', 'fork', 'glasses', 'hammer', 'helmet', 'kettle', 'keyboard', 'knives', 'lamp_shade', 'laptop', 'marker', 'monitor', 'mop', 'mouse', 'mug', 'notebook', 'oven', 'pan', 'paper_clip', 'pen', 'pencil', 'postit_notes', 'printer', 'push_pin', 'radio', 'refrigerator', 'ruler', 'scissors', 'screwdriver', 'shelf', 'sink', 'sneakers', 'soda', 'speaker', 'spoon', 'tv', 'table', 'telephone', 'toothbrush', 'toys', 'trash_can', 'webcam']
Domains: ['clipart', 'product', 'real_world']
{'clipart': ['a picture of a clipart alarm clock.', 'a picture of a clipart backpack.', 'a picture of a clipart batteries.', 'a picture of a clipart bed.', 'a picture of a clipart bike.', 'a picture of a clipart bottle.', 'a picture of a clipart bucket.', 'a picture of a clipart calculator.', 'a picture of a clipart calendar.', 'a picture of a clipart candles.', 'a picture of a clipart chair.', 'a picture of a clipart clipboards.', 'a picture of a clipart computer.', 'a picture of a clipart couch.', 'a picture of a clipart curtains.', 'a picture of a clipart desk lamp.', 'a picture of a clipart drill.', 'a picture of a clipart eraser.', 'a picture of a clipart exit sign.', 'a picture of a clipart fan.', 'a picture of a clipart file cabinet.', 'a picture of a clipart flipflops.', 'a picture of a clipart flowers.', 'a picture of a clipart folder.', 'a picture of a clipart fork.', 'a picture of a clipart glasses.', 'a picture of a clipart hammer.', 'a picture of a clipart helmet.', 'a picture of a clipart kettle.', 'a picture of a clipart keyboard.', 'a picture of a clipart knives.', 'a picture of a clipart lamp shade.', 'a picture of a clipart laptop.', 'a picture of a clipart marker.', 'a picture of a clipart monitor.', 'a picture of a clipart mop.', 'a picture of a clipart mouse.', 'a picture of a clipart mug.', 'a picture of a clipart notebook.', 'a picture of a clipart oven.', 'a picture of a clipart pan.', 'a picture of a clipart paper clip.', 'a picture of a clipart pen.', 'a picture of a clipart pencil.', 'a picture of a clipart postit notes.', 'a picture of a clipart printer.', 'a picture of a clipart push pin.', 'a picture of a clipart radio.', 'a picture of a clipart refrigerator.', 'a picture of a clipart ruler.', 'a picture of a clipart scissors.', 'a picture of a clipart screwdriver.', 'a picture of a clipart shelf.', 'a picture of a clipart sink.', 'a picture of a clipart sneakers.', 'a picture of a clipart soda.', 'a picture of a clipart speaker.', 'a picture of a clipart spoon.', 'a picture of a clipart tv.', 'a picture of a clipart table.', 'a picture of a clipart telephone.', 'a picture of a clipart toothbrush.', 'a picture of a clipart toys.', 'a picture of a clipart trash can.', 'a picture of a clipart webcam.'], 'product': ['a picture of a product alarm clock.', 'a picture of a product backpack.', 'a picture of a product batteries.', 'a picture of a product bed.', 'a picture of a product bike.', 'a picture of a product bottle.', 'a picture of a product bucket.', 'a picture of a product calculator.', 'a picture of a product calendar.', 'a picture of a product candles.', 'a picture of a product chair.', 'a picture of a product clipboards.', 'a picture of a product computer.', 'a picture of a product couch.', 'a picture of a product curtains.', 'a picture of a product desk lamp.', 'a picture of a product drill.', 'a picture of a product eraser.', 'a picture of a product exit sign.', 'a picture of a product fan.', 'a picture of a product file cabinet.', 'a picture of a product flipflops.', 'a picture of a product flowers.', 'a picture of a product folder.', 'a picture of a product fork.', 'a picture of a product glasses.', 'a picture of a product hammer.', 'a picture of a product helmet.', 'a picture of a product kettle.', 'a picture of a product keyboard.', 'a picture of a product knives.', 'a picture of a product lamp shade.', 'a picture of a product laptop.', 'a picture of a product marker.', 'a picture of a product monitor.', 'a picture of a product mop.', 'a picture of a product mouse.', 'a picture of a product mug.', 'a picture of a product notebook.', 'a picture of a product oven.', 'a picture of a product pan.', 'a picture of a product paper clip.', 'a picture of a product pen.', 'a picture of a product pencil.', 'a picture of a product postit notes.', 'a picture of a product printer.', 'a picture of a product push pin.', 'a picture of a product radio.', 'a picture of a product refrigerator.', 'a picture of a product ruler.', 'a picture of a product scissors.', 'a picture of a product screwdriver.', 'a picture of a product shelf.', 'a picture of a product sink.', 'a picture of a product sneakers.', 'a picture of a product soda.', 'a picture of a product speaker.', 'a picture of a product spoon.', 'a picture of a product tv.', 'a picture of a product table.', 'a picture of a product telephone.', 'a picture of a product toothbrush.', 'a picture of a product toys.', 'a picture of a product trash can.', 'a picture of a product webcam.'], 'real_world': ['a picture of a real world alarm clock.', 'a picture of a real world backpack.', 'a picture of a real world batteries.', 'a picture of a real world bed.', 'a picture of a real world bike.', 'a picture of a real world bottle.', 'a picture of a real world bucket.', 'a picture of a real world calculator.', 'a picture of a real world calendar.', 'a picture of a real world candles.', 'a picture of a real world chair.', 'a picture of a real world clipboards.', 'a picture of a real world computer.', 'a picture of a real world couch.', 'a picture of a real world curtains.', 'a picture of a real world desk lamp.', 'a picture of a real world drill.', 'a picture of a real world eraser.', 'a picture of a real world exit sign.', 'a picture of a real world fan.', 'a picture of a real world file cabinet.', 'a picture of a real world flipflops.', 'a picture of a real world flowers.', 'a picture of a real world folder.', 'a picture of a real world fork.', 'a picture of a real world glasses.', 'a picture of a real world hammer.', 'a picture of a real world helmet.', 'a picture of a real world kettle.', 'a picture of a real world keyboard.', 'a picture of a real world knives.', 'a picture of a real world lamp shade.', 'a picture of a real world laptop.', 'a picture of a real world marker.', 'a picture of a real world monitor.', 'a picture of a real world mop.', 'a picture of a real world mouse.', 'a picture of a real world mug.', 'a picture of a real world notebook.', 'a picture of a real world oven.', 'a picture of a real world pan.', 'a picture of a real world paper clip.', 'a picture of a real world pen.', 'a picture of a real world pencil.', 'a picture of a real world postit notes.', 'a picture of a real world printer.', 'a picture of a real world push pin.', 'a picture of a real world radio.', 'a picture of a real world refrigerator.', 'a picture of a real world ruler.', 'a picture of a real world scissors.', 'a picture of a real world screwdriver.', 'a picture of a real world shelf.', 'a picture of a real world sink.', 'a picture of a real world sneakers.', 'a picture of a real world soda.', 'a picture of a real world speaker.', 'a picture of a real world spoon.', 'a picture of a real world tv.', 'a picture of a real world table.', 'a picture of a real world telephone.', 'a picture of a real world toothbrush.', 'a picture of a real world toys.', 'a picture of a real world trash can.', 'a picture of a real world webcam.']}
