*** Config ***
***************
** Arguments **
***************
dataset: PACS
gpu: 0
model: CLIPAdapter
model_config_file: config/clipadapter.yaml
output_dir: output/CLIPAdapter-ViTB32-PACS-art_painting
root: ./data/
seed: 134
source_domains: ['cartoon', 'photo', 'sketch']
target_domains: ['art_painting']
************
** Config **
************
DATALOADER:
  NUM_WORKERS: 8
  TEST:
    BATCH_SIZE: 64
    SAMPLER: SequentialSampler
  TRAIN:
    BATCH_SIZE: 64
    SAMPLER: RandomSampler
DATASET:
  NAME: PACS
  ROOT: ./data/
  SOURCE_DOMAINS: ['cartoon', 'photo', 'sketch']
  SUBSAMPLE_CLASSES: all
  TARGET_DOMAINS: ['art_painting']
GPU: 0
INPUT:
  COLORJITTER_B: 0.4
  COLORJITTER_C: 0.4
  COLORJITTER_H: 0.1
  COLORJITTER_S: 0.4
  CROP_PADDING: 4
  CUTOUT_LEN: 16
  CUTOUT_N: 1
  GB_K: 21
  GB_P: 0.5
  GN_MEAN: 0.0
  GN_STD: 0.15
  INTERPOLATION: bicubic
  PIXEL_MEAN: [0.48145466, 0.4578275, 0.40821073]
  PIXEL_STD: [0.26862954, 0.26130258, 0.27577711]
  RANDAUGMENT_M: 10
  RANDAUGMENT_N: 2
  RGS_P: 0.2
  RRCROP_SCALE: (0.08, 1.0)
  SIZE: (224, 224)
  TRANSFORMS: ['random_resized_crop', 'random_flip', 'normalize']
MODEL:
  CLIPAdapter:
    BACKBONE: ViT-B/32
  NAME: CLIPAdapter
OPTIM:
  ADAM_BETA1: 0.9
  ADAM_BETA2: 0.999
  GAMMA: 0.1
  LR: 0.002
  LR_SCHEDULER: Cosine
  MAX_EPOCH: 1
  MOMENTUM: 0.9
  NAME: sgd
  SGD_DAMPENING: 0
  SGD_NESTEROV: False
  STEP_SIZE: -1
  WARMUP_CONS_LR: 1e-05
  WARMUP_EPOCH: 1
  WARMUP_MIN_LR: 1e-05
  WARMUP_TYPE: constant
  WEIGHT_DECAY: 0.0005
OUTPUT_DIR: output/CLIPAdapter-ViTB32-PACS-art_painting
SEED: 134
TEST:
  EVALUATOR: Classification
  FINAL_Model: last_step
  SPLIT: Test
TRAIN:
  PRINT_FREQ: 5
Build Trainer: CLIPAdapter
Build Dataset: PACS
Transform for Train: Compose(
    RandomResizedCrop(size=(224, 224), scale=(0.08, 1.0), ratio=(0.75, 1.3333), interpolation=bicubic, antialias=True)
    RandomHorizontalFlip(p=0.5)
    ToTensor()
    Normalize(mean=[0.48145466, 0.4578275, 0.40821073], std=[0.26862954, 0.26130258, 0.27577711])
)
Transform for Test: Compose(
    Resize(size=224, interpolation=bicubic, max_size=None, antialias=True)
    CenterCrop(size=(224, 224))
    ToTensor()
    Normalize(mean=[0.48145466, 0.4578275, 0.40821073], std=[0.26862954, 0.26130258, 0.27577711])
)
--------------  ------------------------------
Dataset         PACS
Source Domains  ['cartoon', 'photo', 'sketch']
Target Domains  ['art_painting']
# Classes       7
# Train Data    7,942
# Val Data      806
# Test Data     2,048
--------------  ------------------------------
Loading CLIP Backbone: ViT-B/32
Building Custom CLIP
{'original': ['a picture of a dog.', 'a picture of a elephant.', 'a picture of a giraffe.', 'a picture of a guitar.', 'a picture of a horse.', 'a picture of a house.', 'a picture of a person.'], 'cartoon': ['a picture of a cartoon dog.', 'a picture of a cartoon elephant.', 'a picture of a cartoon giraffe.', 'a picture of a cartoon guitar.', 'a picture of a cartoon horse.', 'a picture of a cartoon house.', 'a picture of a cartoon person.'], 'photo': ['a picture of a photo dog.', 'a picture of a photo elephant.', 'a picture of a photo giraffe.', 'a picture of a photo guitar.', 'a picture of a photo horse.', 'a picture of a photo house.', 'a picture of a photo person.'], 'sketch': ['a picture of a sketch dog.', 'a picture of a sketch elephant.', 'a picture of a sketch giraffe.', 'a picture of a sketch guitar.', 'a picture of a sketch horse.', 'a picture of a sketch house.', 'a picture of a sketch person.']}
{'original': ['a picture of a dog.', 'a picture of a elephant.', 'a picture of a giraffe.', 'a picture of a guitar.', 'a picture of a horse.', 'a picture of a house.', 'a picture of a person.'], 'art_painting': ['a picture of a art painting dog.', 'a picture of a art painting elephant.', 'a picture of a art painting giraffe.', 'a picture of a art painting guitar.', 'a picture of a art painting horse.', 'a picture of a art painting house.', 'a picture of a art painting person.']}
Turning Off Gradients in Image and Text Encoder
Parameters to be updated: {'adapters.2.fc.2.weight', 'adapters.2.fc.0.weight', 'adapter.fc.0.weight', 'adapters.1.fc.2.weight', 'adapters.0.fc.2.weight', 'adapter.fc.2.weight', 'adapters.1.fc.0.weight', 'adapters.0.fc.0.weight'}
Build Evaluator: Classification
epoch [1/1] batch [5/124] loss -16.4062 (-17.6344) acc 15.6250 (15.6250) lr 1.0000e-05 eta 0:00:40
epoch [1/1] batch [10/124] loss -19.8281 (-16.9070) acc 18.7500 (16.0938) lr 1.0000e-05 eta 0:00:24
epoch [1/1] batch [15/124] loss -21.2188 (-17.3365) acc 14.0625 (16.0417) lr 1.0000e-05 eta 0:00:19
epoch [1/1] batch [20/124] loss -24.1250 (-17.3547) acc 14.0625 (15.4688) lr 1.0000e-05 eta 0:00:16
epoch [1/1] batch [25/124] loss -14.2109 (-17.1403) acc 14.0625 (15.7500) lr 1.0000e-05 eta 0:00:14
epoch [1/1] batch [30/124] loss -13.8594 (-16.8219) acc 15.6250 (16.0938) lr 1.0000e-05 eta 0:00:13
epoch [1/1] batch [35/124] loss -12.8438 (-16.7089) acc 21.8750 (16.5179) lr 1.0000e-05 eta 0:00:12
epoch [1/1] batch [40/124] loss -15.5781 (-16.4404) acc 15.6250 (16.2109) lr 1.0000e-05 eta 0:00:11
epoch [1/1] batch [45/124] loss -16.4375 (-16.4080) acc 21.8750 (16.5278) lr 1.0000e-05 eta 0:00:10
epoch [1/1] batch [50/124] loss -10.5625 (-16.2691) acc 17.1875 (16.6875) lr 1.0000e-05 eta 0:00:09
epoch [1/1] batch [55/124] loss -13.5469 (-16.2108) acc 14.0625 (16.7614) lr 1.0000e-05 eta 0:00:08
epoch [1/1] batch [60/124] loss -14.4688 (-16.1658) acc 23.4375 (16.8490) lr 1.0000e-05 eta 0:00:07
epoch [1/1] batch [65/124] loss -10.4219 (-15.9254) acc 29.6875 (16.9471) lr 1.0000e-05 eta 0:00:07
epoch [1/1] batch [70/124] loss -15.0469 (-16.0075) acc 21.8750 (16.8973) lr 1.0000e-05 eta 0:00:06
epoch [1/1] batch [75/124] loss -15.5234 (-16.0521) acc 21.8750 (16.8542) lr 1.0000e-05 eta 0:00:05
epoch [1/1] batch [80/124] loss -20.3594 (-16.0159) acc 10.9375 (16.8164) lr 1.0000e-05 eta 0:00:05
epoch [1/1] batch [85/124] loss -12.6719 (-15.9784) acc 12.5000 (16.8015) lr 1.0000e-05 eta 0:00:04
epoch [1/1] batch [90/124] loss -12.9922 (-15.8853) acc 20.3125 (16.8924) lr 1.0000e-05 eta 0:00:04
epoch [1/1] batch [95/124] loss -16.4688 (-15.9095) acc 12.5000 (16.7928) lr 1.0000e-05 eta 0:00:03
epoch [1/1] batch [100/124] loss -20.5156 (-15.9102) acc 20.3125 (17.0000) lr 1.0000e-05 eta 0:00:02
epoch [1/1] batch [105/124] loss -13.1172 (-15.9502) acc 12.5000 (17.1131) lr 1.0000e-05 eta 0:00:02
epoch [1/1] batch [110/124] loss -17.0469 (-15.9560) acc 20.3125 (17.1733) lr 1.0000e-05 eta 0:00:01
epoch [1/1] batch [115/124] loss -14.0625 (-15.9993) acc 14.0625 (17.0788) lr 1.0000e-05 eta 0:00:01
epoch [1/1] batch [120/124] loss -17.4375 (-16.1332) acc 10.9375 (17.0312) lr 1.0000e-05 eta 0:00:00
Model Saved to: output/CLIPAdapter-ViTB32-PACS-art_painting/model.pth.tar-1
Finish Training
Evaluate on the Test Set
----------  ------
Total #     2,048
Correct #   1,965
Accuracy    95.95%
Error Rate  4.05%
Macro_F1    95.81%
----------  ------
