*** Config ***
***************
** Arguments **
***************
dataset: PACS
gpu: 0
model: CLIPAdapter
model_config_file: config/clipadapter.yaml
output_dir: output/CLIPAdapter-ViTB32-PACS-art_painting
root: ./data/
seed: 134
source_domains: ['cartoon', 'photo', 'sketch']
target_domains: ['art_painting']
************
** Config **
************
DATALOADER:
  NUM_WORKERS: 8
  TEST:
    BATCH_SIZE: 64
    SAMPLER: SequentialSampler
  TRAIN:
    BATCH_SIZE: 64
    SAMPLER: RandomSampler
DATASET:
  NAME: PACS
  ROOT: ./data/
  SOURCE_DOMAINS: ['cartoon', 'photo', 'sketch']
  SUBSAMPLE_CLASSES: all
  TARGET_DOMAINS: ['art_painting']
GPU: 0
INPUT:
  COLORJITTER_B: 0.4
  COLORJITTER_C: 0.4
  COLORJITTER_H: 0.1
  COLORJITTER_S: 0.4
  CROP_PADDING: 4
  CUTOUT_LEN: 16
  CUTOUT_N: 1
  GB_K: 21
  GB_P: 0.5
  GN_MEAN: 0.0
  GN_STD: 0.15
  INTERPOLATION: bicubic
  PIXEL_MEAN: [0.48145466, 0.4578275, 0.40821073]
  PIXEL_STD: [0.26862954, 0.26130258, 0.27577711]
  RANDAUGMENT_M: 10
  RANDAUGMENT_N: 2
  RGS_P: 0.2
  RRCROP_SCALE: (0.08, 1.0)
  SIZE: (224, 224)
  TRANSFORMS: ['random_resized_crop', 'random_flip', 'normalize']
MODEL:
  CLIPAdapter:
    BACKBONE: ViT-B/32
  NAME: CLIPAdapter
OPTIM:
  ADAM_BETA1: 0.9
  ADAM_BETA2: 0.999
  GAMMA: 0.1
  LR: 0.002
  LR_SCHEDULER: Cosine
  MAX_EPOCH: 2
  MOMENTUM: 0.9
  NAME: sgd
  SGD_DAMPENING: 0
  SGD_NESTEROV: False
  STEP_SIZE: -1
  WARMUP_CONS_LR: 1e-05
  WARMUP_EPOCH: 1
  WARMUP_MIN_LR: 1e-05
  WARMUP_TYPE: constant
  WEIGHT_DECAY: 0.0005
OUTPUT_DIR: output/CLIPAdapter-ViTB32-PACS-art_painting
SEED: 134
TEST:
  EVALUATOR: Classification
  FINAL_Model: last_step
  SPLIT: Test
TRAIN:
  PRINT_FREQ: 5
Build Trainer: CLIPAdapter
Build Dataset: PACS
Transform for Train: Compose(
    RandomResizedCrop(size=(224, 224), scale=(0.08, 1.0), ratio=(0.75, 1.3333), interpolation=bicubic, antialias=True)
    RandomHorizontalFlip(p=0.5)
    ToTensor()
    Normalize(mean=[0.48145466, 0.4578275, 0.40821073], std=[0.26862954, 0.26130258, 0.27577711])
)
Transform for Test: Compose(
    Resize(size=224, interpolation=bicubic, max_size=None, antialias=True)
    CenterCrop(size=(224, 224))
    ToTensor()
    Normalize(mean=[0.48145466, 0.4578275, 0.40821073], std=[0.26862954, 0.26130258, 0.27577711])
)
--------------  ------------------------------
Dataset         PACS
Source Domains  ['cartoon', 'photo', 'sketch']
Target Domains  ['art_painting']
# Classes       7
# Train Data    7,942
# Val Data      806
# Test Data     2,048
--------------  ------------------------------
Loading CLIP Backbone: ViT-B/32
Building Custom CLIP
Class: ['dog', 'elephant', 'giraffe', 'guitar', 'horse', 'house', 'person']
Domains: ['cartoon', 'photo', 'sketch']
{'original': ['a picture of a dog.', 'a picture of a elephant.', 'a picture of a giraffe.', 'a picture of a guitar.', 'a picture of a horse.', 'a picture of a house.', 'a picture of a person.'], 'cartoon': ['a picture of a cartoon dog.', 'a picture of a cartoon elephant.', 'a picture of a cartoon giraffe.', 'a picture of a cartoon guitar.', 'a picture of a cartoon horse.', 'a picture of a cartoon house.', 'a picture of a cartoon person.'], 'photo': ['a picture of a photo dog.', 'a picture of a photo elephant.', 'a picture of a photo giraffe.', 'a picture of a photo guitar.', 'a picture of a photo horse.', 'a picture of a photo house.', 'a picture of a photo person.'], 'sketch': ['a picture of a sketch dog.', 'a picture of a sketch elephant.', 'a picture of a sketch giraffe.', 'a picture of a sketch guitar.', 'a picture of a sketch horse.', 'a picture of a sketch house.', 'a picture of a sketch person.']}
Encoded prompts (cartoon): torch.Size([7, 512])
Turning Off Gradients in Image and Text Encoder
Parameters to be updated: {'adapter.fc.0.weight', 'adapter.fc.2.weight'}
Build Evaluator: Classification
{'original': tensor([[18.4688, 19.3594, 17.9844, 19.3594, 20.3125, 24.7500, 21.1406],
        [28.7812, 28.5469, 27.7656, 23.2812, 30.6562, 21.4844, 26.3906],
        [20.7188, 19.5938, 20.7812, 20.6250, 19.9688, 22.0312, 24.1875],
        [26.8750, 22.4688, 22.7188, 21.3906, 23.6719, 20.7188, 23.8281],
        [20.4688, 27.5156, 21.3438, 17.6250, 20.5312, 18.2031, 22.9219],
        [24.3125, 24.6562, 24.1406, 30.5000, 25.3594, 21.6719, 26.7188],
        [18.4375, 17.2812, 20.1094, 17.8281, 18.6406, 17.5469, 22.8906],
        [26.3438, 20.3750, 20.0938, 17.3125, 21.8281, 18.9375, 22.6719],
        [27.1562, 27.6562, 24.5781, 22.5312, 25.8750, 21.8438, 25.8125],
        [21.9844, 20.5781, 20.9531, 21.8906, 21.2188, 19.7500, 23.9844],
        [24.9219, 24.2031, 23.9688, 23.6875, 25.7656, 21.3125, 25.0000],
        [24.1719, 23.2812, 23.8906, 23.0156, 24.3281, 21.5469, 24.4531],
        [24.4844, 22.0625, 21.9062, 22.6094, 23.8438, 32.1562, 24.9375],
        [26.5781, 25.7656, 25.1875, 23.4688, 25.3750, 21.7812, 27.1719],
        [22.3594, 20.0312, 23.3906, 21.6719, 21.9375, 19.0781, 25.1250],
        [25.2031, 25.9531, 32.1562, 23.3906, 29.6250, 22.3438, 25.6250],
        [18.4844, 17.4062, 19.4375, 18.7969, 18.2344, 19.0312, 22.0781],
        [23.5156, 24.6250, 28.6406, 22.1094, 24.9375, 21.4219, 22.6250],
        [20.4219, 20.3125, 21.3438, 19.1719, 20.1250, 18.4219, 24.1562],
        [28.7188, 30.4219, 30.2812, 24.5625, 30.1875, 22.6250, 27.2969],
        [24.6562, 22.1875, 24.3594, 18.5469, 29.0625, 18.9062, 23.1094],
        [22.5938, 22.5938, 20.2188, 18.1562, 21.4375, 19.4844, 25.9688],
        [24.0938, 25.1250, 28.3594, 23.2969, 26.9688, 20.7969, 25.3281],
        [25.2812, 23.7031, 25.9062, 23.3594, 24.3906, 22.8750, 29.5000],
        [30.2031, 28.4062, 24.3594, 20.3438, 28.2188, 21.5156, 25.7344],
        [24.0312, 23.3906, 25.8906, 29.6875, 24.7344, 21.9688, 26.6875],
        [26.8125, 25.2656, 30.6875, 22.9844, 28.2344, 21.6406, 24.4531],
        [26.8125, 33.7188, 25.8125, 21.5312, 28.0938, 23.2656, 24.7656],
        [19.5625, 19.1406, 19.5312, 18.1250, 19.8594, 18.7812, 22.9688],
        [24.7344, 25.4062, 26.7500, 29.2812, 25.9062, 22.5156, 27.8906],
        [22.2656, 31.7656, 25.4531, 19.2969, 23.9844, 20.5469, 22.7344],
        [24.5781, 25.6562, 25.7188, 32.6250, 25.5000, 23.0312, 25.7969],
        [19.8125, 25.6562, 21.7031, 17.0156, 22.3906, 16.7188, 20.3750],
        [27.1406, 20.1875, 17.7031, 19.6094, 20.8281, 19.0312, 22.1719],
        [20.4531, 19.5312, 21.6250, 20.9062, 21.3281, 18.3750, 23.9062],
        [23.0156, 24.0469, 24.7188, 21.6250, 24.5469, 19.5781, 24.9375],
        [27.0000, 26.7656, 27.8438, 22.8750, 31.2344, 21.0469, 26.1094],
        [28.7812, 26.8125, 25.5000, 21.3750, 32.2812, 22.7812, 26.2031],
        [25.1719, 25.7500, 25.7188, 24.7812, 25.9375, 21.7344, 26.5000],
        [28.0781, 26.2812, 28.7344, 24.5156, 30.2656, 22.0781, 26.7812],
        [18.9219, 16.8594, 17.3438, 17.8125, 18.6562, 25.6250, 19.1406],
        [18.5000, 19.8906, 20.6250, 20.6250, 20.6719, 28.4062, 20.8750],
        [27.2656, 26.1406, 26.3125, 21.6719, 32.0000, 21.2188, 25.3750],
        [26.4688, 33.4375, 27.0000, 22.2500, 27.1875, 22.2188, 26.4531],
        [29.6250, 30.3594, 30.7344, 24.9531, 30.6719, 24.1562, 28.5938],
        [19.0312, 18.3281, 17.8750, 20.0156, 18.5938, 26.3438, 19.2031],
        [19.7500, 19.2812, 22.0469, 27.9688, 21.5781, 19.8125, 21.2188],
        [24.3281, 23.0312, 23.7344, 32.0312, 24.9375, 21.7969, 26.3750],
        [24.0312, 24.4375, 24.1875, 23.5312, 24.6250, 21.0938, 26.4375],
        [21.3438, 20.5625, 25.7500, 19.7031, 28.8125, 18.4844, 22.8750],
        [25.3750, 18.9688, 18.2812, 16.1562, 20.4375, 16.9219, 22.0469],
        [23.9062, 22.6406, 22.0938, 22.0781, 22.4219, 20.6094, 25.3125],
        [29.5781, 25.9219, 26.5469, 23.5156, 29.2656, 21.9219, 25.8125],
        [20.2812, 18.2500, 21.0312, 29.1719, 20.0938, 17.6250, 21.7344],
        [29.9688, 30.4219, 26.9375, 22.4062, 28.2031, 22.4375, 25.7031],
        [18.4531, 18.6875, 18.5312, 17.2812, 17.7344, 17.0156, 24.2031],
        [19.9062, 20.4375, 21.5625, 18.5781, 26.2969, 20.0312, 19.6094],
        [21.8125, 20.8750, 22.0156, 20.5781, 21.5156, 19.9062, 25.3594],
        [25.1562, 22.1094, 23.0000, 17.6250, 27.5312, 19.0781, 21.2188],
        [26.9375, 27.9688, 29.5469, 24.2656, 30.9375, 22.5156, 26.7344],
        [26.3594, 28.0000, 26.3281, 24.4688, 29.3750, 22.4531, 25.8438],
        [25.2188, 24.9688, 26.2188, 24.9375, 25.1094, 23.3438, 26.2344],
        [26.6562, 19.7656, 22.4375, 18.8750, 22.2344, 18.1250, 22.7969],
        [18.5625, 16.8750, 18.0625, 17.7969, 18.3125, 26.7188, 19.8750]],
       device='cuda:0', dtype=torch.float16, grad_fn=<MmBackward0>), 'cartoon': tensor([[19.1250, 19.8906, 18.8281, 18.3281, 20.0938, 28.1406, 22.7500],
        [30.0938, 30.9219, 30.4375, 24.7031, 32.2500, 24.6094, 27.6250],
        [21.7969, 22.5156, 23.7812, 23.6094, 21.7812, 24.9531, 25.2188],
        [27.3125, 24.2812, 24.2500, 21.3594, 24.8281, 22.3125, 24.3906],
        [22.5938, 30.8750, 24.7500, 21.3750, 23.5156, 24.3125, 26.9531],
        [24.1250, 25.4531, 25.1406, 30.2656, 25.6562, 21.1719, 26.1875],
        [18.1719, 18.1094, 20.6875, 18.5625, 19.7031, 19.5781, 23.3594],
        [28.0938, 22.9844, 23.0469, 19.4219, 23.8906, 21.1094, 23.5781],
        [27.4531, 29.3125, 25.9062, 22.7344, 26.6719, 23.5781, 26.4062],
        [23.0312, 22.6719, 23.0312, 22.4531, 23.0469, 21.6094, 24.4219],
        [25.2812, 25.2188, 25.3594, 23.5781, 26.1250, 21.9688, 25.1562],
        [24.1719, 24.3438, 24.9688, 22.5625, 24.7500, 22.1094, 24.7812],
        [25.0781, 24.1719, 24.1719, 21.8281, 24.9844, 32.1562, 25.2188],
        [27.6250, 28.1875, 27.6719, 24.4219, 27.3750, 23.4375, 27.4219],
        [24.9375, 23.8594, 26.3906, 23.6719, 25.1406, 22.6562, 27.2656],
        [24.9844, 27.0156, 32.9688, 23.6094, 29.8125, 23.6562, 26.2656],
        [19.9531, 19.3750, 20.7500, 21.0781, 20.1094, 21.5469, 22.1094],
        [27.2344, 27.5781, 31.9219, 25.2031, 28.3750, 26.2344, 24.9844],
        [20.4219, 20.8281, 21.4375, 19.2969, 21.1875, 19.7812, 23.9375],
        [28.3750, 31.2500, 30.9375, 23.9375, 30.3438, 23.4375, 27.2188],
        [25.5156, 24.2656, 26.9062, 19.8750, 30.7188, 22.2812, 25.5000],
        [24.3281, 25.8125, 23.2812, 19.6562, 24.0781, 22.3906, 27.5781],
        [24.4531, 26.8281, 30.0312, 24.3594, 27.7188, 23.0469, 25.9062],
        [25.4062, 25.0312, 27.5000, 23.4062, 25.5781, 23.7344, 29.2812],
        [29.9531, 29.6719, 26.0156, 20.5469, 28.5625, 22.8594, 25.3906],
        [24.4375, 24.6406, 27.5312, 30.5000, 25.7031, 22.7188, 26.5000],
        [26.3750, 25.6250, 30.8906, 23.0625, 27.7344, 21.6562, 24.2969],
        [26.2969, 34.5938, 27.0312, 21.1719, 27.9219, 24.5000, 24.7344],
        [23.0469, 23.3438, 23.0312, 21.5625, 23.8594, 23.1406, 24.8281],
        [24.5781, 26.2812, 27.7656, 29.4062, 26.4844, 23.1562, 27.4375],
        [19.5781, 30.4219, 24.0938, 17.9375, 22.4375, 21.0938, 20.7969],
        [24.8281, 26.5781, 26.7656, 32.6875, 26.0625, 23.7500, 26.0938],
        [21.0000, 28.0156, 23.6719, 19.5781, 24.2969, 20.8438, 22.8906],
        [26.0781, 19.9375, 18.0938, 18.1562, 21.1562, 19.2969, 20.1250],
        [20.1406, 20.7812, 22.0469, 21.4844, 21.8750, 18.1094, 23.2656],
        [23.5781, 25.0312, 26.4219, 22.3125, 25.3125, 20.6250, 25.4219],
        [26.4531, 27.9375, 29.3281, 22.7656, 31.4688, 22.2812, 26.1875],
        [28.4219, 28.3438, 27.1719, 21.0000, 32.8125, 23.8125, 25.8438],
        [25.1094, 26.6250, 26.6562, 24.0625, 26.4062, 22.1562, 25.9844],
        [28.2812, 27.4688, 30.3594, 25.0469, 30.9375, 23.2188, 26.9688],
        [20.1406, 18.1719, 18.5000, 17.0156, 19.7969, 25.5156, 19.7500],
        [17.2656, 19.2188, 18.8125, 16.7812, 19.5312, 27.0938, 19.5469],
        [27.2812, 27.8281, 28.5312, 22.0312, 33.0000, 22.9219, 26.0000],
        [26.4219, 34.9375, 28.9219, 22.6875, 27.9219, 24.2812, 27.2969],
        [28.8594, 30.8438, 31.2031, 24.3594, 30.4062, 24.1250, 27.7188],
        [20.7031, 20.8750, 20.3750, 20.5469, 20.3438, 27.0156, 19.9062],
        [18.2031, 18.6875, 21.1562, 29.0938, 21.2344, 18.9062, 19.8750],
        [23.7969, 23.7656, 24.7031, 31.6406, 25.0000, 21.2812, 25.9062],
        [24.1875, 25.5469, 25.0938, 22.9844, 24.9375, 22.0469, 26.0000],
        [22.5000, 23.1875, 27.7656, 20.9062, 30.6719, 21.7344, 25.6406],
        [25.1719, 19.7344, 18.7188, 15.3594, 21.9219, 16.3281, 19.7500],
        [24.5625, 24.5938, 23.9688, 22.4688, 24.1875, 21.7812, 25.9062],
        [29.2188, 26.7969, 27.6562, 23.0781, 29.1406, 23.0781, 25.1719],
        [18.2969, 17.5156, 20.1250, 28.0781, 19.9219, 17.1094, 19.2344],
        [29.9688, 31.5625, 28.4844, 23.0000, 28.5781, 24.0469, 25.8750],
        [18.1406, 19.1719, 18.6562, 17.3125, 18.4531, 17.4219, 22.6562],
        [21.2188, 23.2500, 23.9531, 19.4219, 27.4375, 22.7812, 21.8125],
        [24.9531, 24.7344, 26.2344, 24.4844, 25.5469, 24.9062, 28.0312],
        [23.0469, 21.4844, 21.7969, 14.6797, 26.1719, 18.4531, 18.4844],
        [25.3125, 27.7344, 29.4688, 22.2969, 29.3906, 21.7812, 24.9375],
        [26.3906, 29.2969, 28.0156, 24.4688, 29.6406, 23.7344, 26.1719],
        [25.0469, 25.8281, 26.6719, 24.3438, 25.5469, 23.8594, 26.3906],
        [30.9062, 24.3750, 26.4844, 22.9531, 26.3750, 24.3906, 26.8906],
        [19.8125, 19.3281, 19.9219, 18.3125, 19.8438, 28.0156, 20.0781]],
       device='cuda:0', dtype=torch.float16, grad_fn=<MmBackward0>), 'photo': tensor([[16.3906, 17.9531, 16.2812, 15.7656, 18.2969, 22.6406, 20.7656],
        [21.5781, 23.0625, 22.7812, 17.4219, 25.4219, 18.8281, 21.2969],
        [18.2344, 18.9219, 19.8281, 18.8438, 18.5000, 22.5000, 22.6562],
        [21.9688, 17.9062, 18.2969, 17.4375, 19.5000, 18.9375, 20.9219],
        [16.1719, 26.0312, 19.2500, 14.5391, 17.9844, 18.3594, 20.3438],
        [17.9062, 19.3438, 18.5469, 26.1406, 20.4688, 19.1719, 21.6094],
        [18.0781, 17.1094, 19.0938, 18.1250, 18.8125, 19.7344, 21.5938],
        [23.7031, 17.9375, 18.0312, 15.1875, 19.7031, 18.4844, 20.8594],
        [21.2969, 23.2031, 19.9844, 18.1875, 21.2500, 19.3438, 21.6094],
        [17.6719, 18.2031, 18.2812, 17.8594, 18.4375, 19.1562, 20.7656],
        [18.5625, 18.6719, 18.7500, 17.2969, 20.3125, 18.1562, 20.3906],
        [18.0312, 18.0312, 18.7500, 17.0156, 19.1719, 18.7188, 20.2188],
        [19.1094, 17.8750, 17.5156, 17.8438, 20.1406, 26.4375, 21.8281],
        [19.8906, 20.6719, 20.1875, 17.8438, 20.4531, 19.7812, 21.8594],
        [17.5000, 17.5781, 19.8750, 17.7344, 18.8750, 19.1875, 22.3281],
        [17.4844, 20.4062, 27.6875, 17.5312, 24.1875, 19.2500, 20.8750],
        [17.1406, 17.0312, 17.8594, 16.7500, 18.4375, 20.7031, 20.6562],
        [19.1875, 21.8750, 26.9062, 18.5469, 22.8438, 21.1875, 21.0469],
        [19.2969, 19.4219, 19.7188, 17.6094, 19.3438, 19.5000, 22.8125],
        [21.4688, 24.9844, 24.9688, 18.8594, 24.9844, 20.0469, 22.4219],
        [19.1562, 17.9688, 20.5781, 14.9375, 25.6719, 18.0469, 19.1719],
        [16.9219, 19.2812, 16.0469, 14.1406, 17.3750, 18.5000, 21.7812],
        [16.5000, 19.4062, 22.8594, 17.7969, 21.2969, 18.2656, 20.3281],
        [19.9531, 19.3906, 20.9062, 19.2812, 20.2188, 21.0781, 24.9531],
        [22.3750, 21.9688, 18.1250, 13.5000, 21.7031, 17.7031, 19.7344],
        [16.2500, 16.6719, 19.2656, 23.9219, 18.6562, 19.0312, 20.7500],
        [19.6562, 19.5156, 25.3438, 16.9375, 22.5781, 18.9062, 19.7500],
        [20.0781, 29.6875, 22.8281, 15.7031, 23.4062, 19.9219, 20.7344],
        [15.2812, 16.7188, 16.1562, 14.6484, 18.1875, 18.8906, 19.6875],
        [17.1875, 18.7812, 20.0156, 23.0000, 19.7656, 19.4531, 21.8125],
        [18.1719, 29.9531, 24.3438, 15.7656, 21.3125, 19.6406, 20.4062],
        [16.3906, 19.3125, 18.8281, 26.6562, 19.3125, 18.8906, 20.2500],
        [15.1484, 23.1719, 18.9219, 13.7969, 19.2969, 17.0000, 17.5000],
        [24.8125, 18.0312, 15.9297, 17.7188, 19.0000, 19.4844, 20.5156],
        [17.7500, 17.9688, 19.0625, 18.3906, 20.0156, 18.7969, 21.6875],
        [16.7188, 18.5469, 19.0938, 16.1250, 19.7656, 17.5781, 19.8906],
        [19.8281, 20.8438, 22.2500, 17.5000, 26.1719, 18.6719, 20.8281],
        [19.6719, 19.6562, 18.5625, 14.2188, 25.7031, 18.4062, 19.7969],
        [17.8906, 19.6094, 19.6094, 18.2188, 19.9531, 18.7344, 20.7500],
        [20.8125, 20.5312, 23.3594, 18.9375, 24.7969, 19.2656, 21.7188],
        [13.3984, 12.1094, 12.2344, 12.2500, 14.0234, 19.9375, 15.4141],
        [13.8438, 15.9688, 16.3906, 14.8203, 17.2656, 22.1875, 18.1719],
        [19.5469, 20.5000, 21.2031, 16.2812, 27.0312, 18.8281, 20.4375],
        [19.9531, 29.2500, 23.5312, 17.1562, 22.2344, 19.5000, 21.8438],
        [22.9062, 25.0938, 25.7812, 19.7188, 25.5000, 20.4375, 23.6562],
        [12.1719, 13.1094, 13.3438, 13.0781, 13.8516, 19.3281, 14.8672],
        [15.4609, 15.5938, 17.9219, 26.5938, 18.2969, 18.6094, 18.4062],
        [16.5625, 16.6875, 16.7812, 26.5312, 18.8750, 18.3750, 20.7812],
        [18.1875, 19.5312, 19.3281, 17.6562, 19.7344, 19.0000, 21.4062],
        [15.6406, 16.9531, 21.6562, 16.3438, 26.2812, 18.9688, 19.4062],
        [24.4219, 17.5469, 16.8438, 14.7812, 19.5625, 18.9062, 19.9531],
        [18.8438, 18.3125, 17.2969, 17.5625, 18.9219, 18.9219, 21.0781],
        [22.2188, 19.8594, 20.7031, 16.8906, 23.4375, 18.7656, 20.5781],
        [14.2109, 12.8828, 15.6406, 25.8594, 15.5547, 17.0938, 16.9844],
        [23.3750, 25.0469, 22.3438, 16.8281, 22.7812, 19.0781, 21.0625],
        [18.1250, 18.7500, 17.6250, 17.2500, 18.4062, 19.6875, 22.0156],
        [16.2969, 18.0938, 19.5000, 15.5312, 24.6406, 19.4219, 18.4062],
        [16.8750, 16.7500, 17.4375, 16.6250, 18.2812, 20.0469, 21.8750],
        [23.1875, 20.6875, 21.2344, 15.6094, 26.2969, 19.7188, 20.4844],
        [19.4688, 21.8750, 24.3125, 17.4844, 25.0156, 19.1250, 21.0938],
        [20.1719, 23.1875, 22.0625, 18.8594, 24.7344, 19.9688, 21.2031],
        [18.7969, 19.7344, 20.7344, 18.6562, 19.6250, 19.9688, 22.0781],
        [21.9062, 16.3281, 18.4531, 15.6250, 18.7812, 17.5000, 20.0625],
        [14.6250, 14.2344, 15.1328, 12.8906, 16.0469, 23.4688, 17.4531]],
       device='cuda:0', dtype=torch.float16, grad_fn=<MmBackward0>), 'sketch': tensor([[20.2188, 18.6094, 17.8750, 18.0469, 18.8906, 23.5312, 19.5938],
        [31.1406, 30.6562, 30.4219, 25.4688, 32.1562, 22.1094, 27.7969],
        [19.7031, 18.1719, 19.7500, 19.6562, 18.3281, 22.0312, 22.6094],
        [27.5938, 23.2031, 23.7031, 22.2031, 24.0625, 20.9062, 24.6094],
        [20.9688, 26.7812, 21.0625, 17.5781, 19.3594, 17.7344, 21.0312],
        [26.2812, 26.5625, 26.1562, 32.5625, 26.8906, 22.9531, 28.2656],
        [19.9688, 17.2969, 20.2969, 17.5156, 18.5469, 17.8125, 20.4844],
        [26.1406, 19.9062, 20.2500, 17.2500, 21.3281, 18.5469, 22.0000],
        [27.8750, 29.0625, 26.0781, 23.9219, 26.7344, 22.2188, 26.5625],
        [20.9844, 18.9062, 19.8750, 20.0000, 19.8125, 18.9844, 22.0938],
        [26.2344, 25.8438, 25.8281, 25.0938, 26.6250, 21.6562, 25.7969],
        [24.8438, 24.1562, 24.8594, 23.2188, 24.7344, 21.5000, 24.6250],
        [26.7188, 25.1250, 25.5781, 25.5938, 25.9219, 33.7188, 27.2969],
        [28.1406, 27.2656, 27.1094, 24.8438, 26.5469, 22.8906, 27.8906],
        [22.6250, 19.1719, 22.7188, 20.4062, 20.8281, 19.2812, 23.6719],
        [26.4219, 26.9062, 34.4062, 24.5469, 30.4062, 22.9062, 26.5156],
        [16.6250, 14.0469, 15.6328, 15.5469, 16.1250, 17.8125, 18.8281],
        [23.9062, 23.0312, 28.3438, 21.5625, 24.4688, 21.9844, 21.6406],
        [20.5625, 19.0312, 19.9219, 17.8594, 18.8125, 17.3125, 21.5000],
        [29.8750, 31.9375, 32.0938, 26.0469, 30.4844, 23.4531, 28.3750],
        [24.9375, 21.2031, 24.4688, 18.1875, 28.8594, 19.1250, 22.2188],
        [23.0312, 21.9531, 20.1250, 17.6875, 20.7188, 19.4844, 25.2031],
        [25.8750, 26.2969, 30.6875, 24.9688, 27.5469, 21.5156, 25.9375],
        [27.7188, 25.3750, 28.0312, 24.7344, 25.7812, 24.0312, 31.3438],
        [32.5312, 30.9062, 27.1250, 23.0938, 29.7344, 22.0938, 27.3281],
        [26.2812, 24.8750, 27.9062, 32.1562, 26.4531, 23.4531, 28.1250],
        [29.2344, 27.1406, 33.1875, 25.0156, 30.0312, 22.5000, 26.0938],
        [26.8281, 35.3750, 27.6719, 23.1250, 27.8281, 23.4531, 25.3594],
        [18.6250, 17.3438, 17.9219, 16.6875, 18.5469, 18.9688, 20.8281],
        [26.8281, 27.2969, 28.9062, 32.0938, 27.3281, 24.0000, 29.1875],
        [20.8438, 30.1250, 23.6875, 18.2031, 21.5469, 19.9219, 19.8594],
        [25.8750, 27.9688, 28.3125, 35.4688, 26.8281, 24.3281, 27.3125],
        [19.6406, 25.3594, 21.5312, 16.4531, 22.1094, 17.0312, 19.1562],
        [26.8438, 18.1094, 16.0781, 19.2500, 19.6875, 18.7812, 18.6875],
        [19.6562, 17.1562, 19.1406, 19.1719, 20.0938, 17.8594, 21.0312],
        [26.0469, 25.9688, 27.0938, 23.8125, 27.0469, 20.9375, 26.6562],
        [29.3125, 28.5469, 30.5156, 24.9062, 32.7500, 21.9375, 27.3594],
        [30.6094, 28.0469, 27.4844, 23.4062, 33.5312, 22.9688, 26.7812],
        [26.1719, 26.9219, 27.0938, 26.0156, 26.7500, 21.8594, 26.7969],
        [30.0312, 27.6562, 30.9688, 26.3750, 31.8750, 22.4375, 27.9688],
        [18.8594, 16.7031, 17.1094, 16.7500, 18.5156, 24.8750, 18.8438],
        [17.4844, 18.5000, 18.6562, 17.4844, 19.0312, 26.3594, 17.9688],
        [29.3750, 27.8906, 29.1719, 24.2344, 34.1562, 22.3594, 26.7188],
        [27.2969, 35.0938, 28.9062, 23.9062, 27.4062, 22.8438, 27.0469],
        [31.0938, 32.1562, 32.6562, 26.7812, 31.7656, 24.8125, 30.2969],
        [17.0625, 16.6562, 16.7344, 18.4844, 16.8438, 24.9062, 16.9688],
        [18.8750, 17.1719, 20.1719, 27.5000, 20.2188, 19.1875, 19.0156],
        [26.0312, 24.5000, 25.6719, 34.0000, 25.9688, 22.7500, 27.7188],
        [25.3125, 25.9219, 25.6719, 24.2812, 25.1875, 21.8438, 26.9531],
        [21.4062, 19.8438, 25.4219, 18.3594, 28.0938, 18.6875, 21.9844],
        [24.2500, 16.5781, 16.1250, 13.9219, 19.4531, 16.0625, 18.2500],
        [26.0469, 24.7031, 24.1406, 23.4062, 24.2656, 21.6719, 26.5938],
        [31.6562, 27.8281, 29.0625, 25.5938, 30.5469, 22.6562, 27.2188],
        [19.8125, 16.9531, 19.4062, 29.4375, 19.2500, 18.3906, 19.2969],
        [31.5000, 32.5000, 29.1406, 24.6875, 28.9375, 22.7188, 26.8906],
        [17.8906, 17.4531, 16.8906, 15.4531, 16.2344, 16.3750, 20.7656],
        [19.2031, 19.2500, 20.8438, 17.3438, 24.9062, 19.9531, 18.3594],
        [22.0312, 18.8281, 20.5312, 20.1719, 20.4688, 20.3125, 23.3594],
        [23.5625, 19.5781, 20.5781, 15.0781, 25.3750, 18.2969, 17.8750],
        [28.2500, 29.4062, 31.7188, 25.5781, 31.9375, 22.4062, 27.7188],
        [27.7969, 29.7031, 28.2188, 26.0156, 30.6094, 23.4531, 26.7969],
        [25.8594, 26.0156, 27.1875, 25.6406, 25.4531, 23.7969, 26.6875],
        [25.9062, 17.7969, 20.7344, 17.8125, 19.8438, 17.7500, 20.3750],
        [17.9375, 16.1406, 17.9844, 17.2344, 17.5156, 27.0156, 18.4688]],
       device='cuda:0', dtype=torch.float16, grad_fn=<MmBackward0>)}
