*** Config ***
***************
** Arguments **
***************
dataset: PACS
gpu: 0
model: CLIPAdapter
model_config_file: config/clipadapter.yaml
output_dir: output/CLIPAdapter-ViTB32-PACS-art_painting
root: ./data/
seed: 134
source_domains: ['cartoon', 'photo', 'sketch']
target_domains: ['art_painting']
************
** Config **
************
DATALOADER:
  NUM_WORKERS: 8
  TEST:
    BATCH_SIZE: 64
    SAMPLER: SequentialSampler
  TRAIN:
    BATCH_SIZE: 64
    SAMPLER: RandomSampler
DATASET:
  NAME: PACS
  ROOT: ./data/
  SOURCE_DOMAINS: ['cartoon', 'photo', 'sketch']
  SUBSAMPLE_CLASSES: all
  TARGET_DOMAINS: ['art_painting']
GPU: 0
INPUT:
  COLORJITTER_B: 0.4
  COLORJITTER_C: 0.4
  COLORJITTER_H: 0.1
  COLORJITTER_S: 0.4
  CROP_PADDING: 4
  CUTOUT_LEN: 16
  CUTOUT_N: 1
  GB_K: 21
  GB_P: 0.5
  GN_MEAN: 0.0
  GN_STD: 0.15
  INTERPOLATION: bicubic
  PIXEL_MEAN: [0.48145466, 0.4578275, 0.40821073]
  PIXEL_STD: [0.26862954, 0.26130258, 0.27577711]
  RANDAUGMENT_M: 10
  RANDAUGMENT_N: 2
  RGS_P: 0.2
  RRCROP_SCALE: (0.08, 1.0)
  SIZE: (224, 224)
  TRANSFORMS: ['random_resized_crop', 'random_flip', 'normalize']
MODEL:
  CLIPAdapter:
    BACKBONE: ViT-B/32
  NAME: CLIPAdapter
OPTIM:
  ADAM_BETA1: 0.9
  ADAM_BETA2: 0.999
  GAMMA: 0.1
  LR: 0.002
  LR_SCHEDULER: Cosine
  MAX_EPOCH: 5
  MOMENTUM: 0.9
  NAME: sgd
  SGD_DAMPENING: 0
  SGD_NESTEROV: False
  STEP_SIZE: -1
  WARMUP_CONS_LR: 1e-05
  WARMUP_EPOCH: 1
  WARMUP_MIN_LR: 1e-05
  WARMUP_TYPE: constant
  WEIGHT_DECAY: 0.0005
OUTPUT_DIR: output/CLIPAdapter-ViTB32-PACS-art_painting
SEED: 134
TEST:
  EVALUATOR: Classification
  FINAL_Model: last_step
  SPLIT: Test
TRAIN:
  PRINT_FREQ: 5
Build Trainer: CLIPAdapter
Build Dataset: PACS
Transform for Train: Compose(
    RandomResizedCrop(size=(224, 224), scale=(0.08, 1.0), ratio=(0.75, 1.3333), interpolation=bicubic, antialias=True)
    RandomHorizontalFlip(p=0.5)
    ToTensor()
    Normalize(mean=[0.48145466, 0.4578275, 0.40821073], std=[0.26862954, 0.26130258, 0.27577711])
)
Transform for Test: Compose(
    Resize(size=224, interpolation=bicubic, max_size=None, antialias=True)
    CenterCrop(size=(224, 224))
    ToTensor()
    Normalize(mean=[0.48145466, 0.4578275, 0.40821073], std=[0.26862954, 0.26130258, 0.27577711])
)
--------------  ------------------------------
Dataset         PACS
Source Domains  ['cartoon', 'photo', 'sketch']
Target Domains  ['art_painting']
# Classes       7
# Train Data    7,942
# Val Data      806
# Test Data     2,048
--------------  ------------------------------
Loading CLIP Backbone: ViT-B/32
Building Custom CLIP
Class:  ['dog', 'elephant', 'giraffe', 'guitar', 'horse', 'house', 'person']
Domains:  ['art_painting', 'cartoon', 'photo', 'sketch']
Prompts: ['a picture of a art painting dog.', 'a picture of a art painting elephant.', 'a picture of a art painting giraffe.', 'a picture of a art painting guitar.', 'a picture of a art painting horse.', 'a picture of a art painting house.', 'a picture of a art painting person.', 'a picture of a cartoon dog.', 'a picture of a cartoon elephant.', 'a picture of a cartoon giraffe.', 'a picture of a cartoon guitar.', 'a picture of a cartoon horse.', 'a picture of a cartoon house.', 'a picture of a cartoon person.', 'a picture of a photo dog.', 'a picture of a photo elephant.', 'a picture of a photo giraffe.', 'a picture of a photo guitar.', 'a picture of a photo horse.', 'a picture of a photo house.', 'a picture of a photo person.', 'a picture of a sketch dog.', 'a picture of a sketch elephant.', 'a picture of a sketch giraffe.', 'a picture of a sketch guitar.', 'a picture of a sketch horse.', 'a picture of a sketch house.', 'a picture of a sketch person.']
Text features shape: torch.Size([28, 512])
Turning Off Gradients in Image and Text Encoder
Parameters to be updated: {'adapter.fc.0.weight', 'adapter.fc.2.weight'}
Build Evaluator: Classification
epoch [1/5] batch [5/124] loss 3.9531 (3.8109) acc 1.5625 (3.1250) lr 1.0000e-05 eta 0:04:11
epoch [1/5] batch [10/124] loss 3.7402 (3.8197) acc 1.5625 (3.1250) lr 1.0000e-05 eta 0:02:11
epoch [1/5] batch [15/124] loss 3.9609 (3.7814) acc 6.2500 (3.5417) lr 1.0000e-05 eta 0:01:31
epoch [1/5] batch [20/124] loss 3.3496 (3.7585) acc 4.6875 (3.9062) lr 1.0000e-05 eta 0:01:11
epoch [1/5] batch [25/124] loss 3.7324 (3.7445) acc 0.0000 (3.5000) lr 1.0000e-05 eta 0:00:59
epoch [1/5] batch [30/124] loss 3.5059 (3.7473) acc 12.5000 (3.9583) lr 1.0000e-05 eta 0:00:51
epoch [1/5] batch [35/124] loss 3.5723 (3.7427) acc 3.1250 (3.8839) lr 1.0000e-05 eta 0:00:45
epoch [1/5] batch [40/124] loss 3.7578 (3.7319) acc 3.1250 (4.0234) lr 1.0000e-05 eta 0:00:41
epoch [1/5] batch [45/124] loss 3.5996 (3.7301) acc 4.6875 (4.1319) lr 1.0000e-05 eta 0:00:38
epoch [1/5] batch [50/124] loss 3.4316 (3.7296) acc 6.2500 (4.0938) lr 1.0000e-05 eta 0:00:35
epoch [1/5] batch [55/124] loss 3.4004 (3.7311) acc 6.2500 (4.1477) lr 1.0000e-05 eta 0:00:33
epoch [1/5] batch [60/124] loss 3.2949 (3.7218) acc 12.5000 (4.2708) lr 1.0000e-05 eta 0:00:31
epoch [1/5] batch [65/124] loss 3.6152 (3.7286) acc 1.5625 (4.2788) lr 1.0000e-05 eta 0:00:30
epoch [1/5] batch [70/124] loss 3.7695 (3.7396) acc 3.1250 (4.1964) lr 1.0000e-05 eta 0:00:29
epoch [1/5] batch [75/124] loss 3.6035 (3.7408) acc 0.0000 (4.1042) lr 1.0000e-05 eta 0:00:28
epoch [1/5] batch [80/124] loss 3.7266 (3.7413) acc 6.2500 (4.0820) lr 1.0000e-05 eta 0:00:26
epoch [1/5] batch [85/124] loss 3.6836 (3.7375) acc 1.5625 (4.0074) lr 1.0000e-05 eta 0:00:26
epoch [1/5] batch [90/124] loss 3.4551 (3.7383) acc 6.2500 (3.9583) lr 1.0000e-05 eta 0:00:25
epoch [1/5] batch [95/124] loss 3.4141 (3.7361) acc 6.2500 (4.0954) lr 1.0000e-05 eta 0:00:24
epoch [1/5] batch [100/124] loss 3.5820 (3.7279) acc 4.6875 (4.0938) lr 1.0000e-05 eta 0:00:23
epoch [1/5] batch [105/124] loss 3.4473 (3.7239) acc 10.9375 (4.1667) lr 1.0000e-05 eta 0:00:23
epoch [1/5] batch [110/124] loss 3.8457 (3.7288) acc 4.6875 (4.1619) lr 1.0000e-05 eta 0:00:22
epoch [1/5] batch [115/124] loss 3.7539 (3.7284) acc 6.2500 (4.1440) lr 1.0000e-05 eta 0:00:21
epoch [1/5] batch [120/124] loss 3.8223 (3.7236) acc 6.2500 (4.1797) lr 1.0000e-05 eta 0:00:21
epoch [2/5] batch [5/124] loss 3.4219 (3.6582) acc 4.6875 (4.3750) lr 2.0000e-03 eta 0:01:12
epoch [2/5] batch [10/124] loss 3.7754 (3.5613) acc 4.6875 (4.2188) lr 2.0000e-03 eta 0:00:43
epoch [2/5] batch [15/124] loss 2.9531 (3.3602) acc 10.9375 (5.2083) lr 2.0000e-03 eta 0:00:32
epoch [2/5] batch [20/124] loss 2.2832 (3.1712) acc 14.0625 (7.0312) lr 2.0000e-03 eta 0:00:27
epoch [2/5] batch [25/124] loss 1.4482 (2.8771) acc 45.3125 (12.6250) lr 2.0000e-03 eta 0:00:24
epoch [2/5] batch [30/124] loss 0.9482 (2.6040) acc 71.8750 (20.4167) lr 2.0000e-03 eta 0:00:22
epoch [2/5] batch [35/124] loss 0.9038 (2.3427) acc 70.3125 (28.0804) lr 2.0000e-03 eta 0:00:20
epoch [2/5] batch [40/124] loss 0.5112 (2.1187) acc 81.2500 (34.9609) lr 2.0000e-03 eta 0:00:19
