*** Config ***
***************
** Arguments **
***************
dataset: PACS
gpu: 0
model: CLIPAdapter
model_config_file: config/clipadapter.yaml
output_dir: output/CLIPAdapter-ViTB32-PACS-art_painting
root: ./data/
seed: 134
source_domains: ['cartoon', 'photo', 'sketch']
target_domains: ['art_painting']
************
** Config **
************
DATALOADER:
  NUM_WORKERS: 8
  TEST:
    BATCH_SIZE: 64
    SAMPLER: SequentialSampler
  TRAIN:
    BATCH_SIZE: 16
    SAMPLER: RandomSampler
DATASET:
  NAME: PACS
  ROOT: ./data/
  SOURCE_DOMAINS: ['cartoon', 'photo', 'sketch']
  SUBSAMPLE_CLASSES: all
  TARGET_DOMAINS: ['art_painting']
GPU: 0
INPUT:
  COLORJITTER_B: 0.4
  COLORJITTER_C: 0.4
  COLORJITTER_H: 0.1
  COLORJITTER_S: 0.4
  CROP_PADDING: 4
  CUTOUT_LEN: 16
  CUTOUT_N: 1
  GB_K: 21
  GB_P: 0.5
  GN_MEAN: 0.0
  GN_STD: 0.15
  INTERPOLATION: bicubic
  PIXEL_MEAN: [0.48145466, 0.4578275, 0.40821073]
  PIXEL_STD: [0.26862954, 0.26130258, 0.27577711]
  RANDAUGMENT_M: 10
  RANDAUGMENT_N: 2
  RGS_P: 0.2
  RRCROP_SCALE: (0.08, 1.0)
  SIZE: (224, 224)
  TRANSFORMS: ['random_resized_crop', 'random_flip', 'normalize']
MODEL:
  CLIPAdapter:
    BACKBONE: ViT-B/32
  NAME: CLIPAdapter
OPTIM:
  ADAM_BETA1: 0.9
  ADAM_BETA2: 0.999
  GAMMA: 0.1
  LR: 0.002
  LR_SCHEDULER: Cosine
  MAX_EPOCH: 2
  MOMENTUM: 0.9
  NAME: sgd
  SGD_DAMPENING: 0
  SGD_NESTEROV: False
  STEP_SIZE: -1
  WARMUP_CONS_LR: 1e-05
  WARMUP_EPOCH: 1
  WARMUP_MIN_LR: 1e-05
  WARMUP_TYPE: constant
  WEIGHT_DECAY: 0.0005
OUTPUT_DIR: output/CLIPAdapter-ViTB32-PACS-art_painting
SEED: 134
TEST:
  EVALUATOR: Classification
  FINAL_Model: last_step
  SPLIT: Test
TRAIN:
  PRINT_FREQ: 5
Build Trainer: CLIPAdapter
Build Dataset: PACS
Transform for Train: Compose(
    RandomResizedCrop(size=(224, 224), scale=(0.08, 1.0), ratio=(0.75, 1.3333), interpolation=bicubic, antialias=True)
    RandomHorizontalFlip(p=0.5)
    ToTensor()
    Normalize(mean=[0.48145466, 0.4578275, 0.40821073], std=[0.26862954, 0.26130258, 0.27577711])
)
Transform for Test: Compose(
    Resize(size=224, interpolation=bicubic, max_size=None, antialias=True)
    CenterCrop(size=(224, 224))
    ToTensor()
    Normalize(mean=[0.48145466, 0.4578275, 0.40821073], std=[0.26862954, 0.26130258, 0.27577711])
)
--------------  ------------------------------
Dataset         PACS
Source Domains  ['cartoon', 'photo', 'sketch']
Target Domains  ['art_painting']
# Classes       7
# Train Data    7,942
# Val Data      806
# Test Data     2,048
--------------  ------------------------------
Loading CLIP Backbone: ViT-B/32
Building Custom CLIP
Class: ['dog', 'elephant', 'giraffe', 'guitar', 'horse', 'house', 'person']
Domains: ['cartoon', 'photo', 'sketch']
{'original': ['a picture of a dog.', 'a picture of a elephant.', 'a picture of a giraffe.', 'a picture of a guitar.', 'a picture of a horse.', 'a picture of a house.', 'a picture of a person.'], 'cartoon': ['a picture of a cartoon dog.', 'a picture of a cartoon elephant.', 'a picture of a cartoon giraffe.', 'a picture of a cartoon guitar.', 'a picture of a cartoon horse.', 'a picture of a cartoon house.', 'a picture of a cartoon person.'], 'photo': ['a picture of a photo dog.', 'a picture of a photo elephant.', 'a picture of a photo giraffe.', 'a picture of a photo guitar.', 'a picture of a photo horse.', 'a picture of a photo house.', 'a picture of a photo person.'], 'sketch': ['a picture of a sketch dog.', 'a picture of a sketch elephant.', 'a picture of a sketch giraffe.', 'a picture of a sketch guitar.', 'a picture of a sketch horse.', 'a picture of a sketch house.', 'a picture of a sketch person.']}
Encoded prompts (cartoon): torch.Size([7, 512])
Turning Off Gradients in Image and Text Encoder
Parameters to be updated: {'adapter.fc.2.weight', 'adapter.fc.0.weight'}
Build Evaluator: Classification
Logits domain: {'original': tensor([[18.4688, 19.3750, 18.0000, 19.3750, 20.3125, 24.7500, 21.1562],
        [28.8125, 28.5781, 27.7812, 23.2969, 30.6875, 21.5000, 26.4219],
        [20.7031, 19.5938, 20.7812, 20.6250, 19.9688, 22.0312, 24.1875],
        [26.8750, 22.4844, 22.7188, 21.3906, 23.6719, 20.7344, 23.8281],
        [20.4531, 27.5156, 21.3281, 17.6250, 20.5312, 18.1875, 22.9219],
        [24.3125, 24.6562, 24.1406, 30.5000, 25.3594, 21.6562, 26.7031],
        [18.4219, 17.2656, 20.0938, 17.8125, 18.6250, 17.5312, 22.8750],
        [26.3438, 20.3906, 20.0938, 17.3125, 21.8438, 18.9375, 22.6875],
        [27.1562, 27.6875, 24.5781, 22.5312, 25.8750, 21.8438, 25.8125],
        [21.9844, 20.5781, 20.9531, 21.8906, 21.2188, 19.7500, 23.9844],
        [24.9219, 24.1875, 23.9531, 23.6875, 25.7656, 21.2969, 24.9844],
        [24.1562, 23.2656, 23.8750, 23.0000, 24.3125, 21.5312, 24.4531],
        [24.4844, 22.0625, 21.8906, 22.6094, 23.8594, 32.1562, 24.9375],
        [26.5781, 25.7656, 25.1875, 23.4531, 25.3750, 21.7812, 27.1719],
        [22.3594, 20.0312, 23.4062, 21.6719, 21.9531, 19.0938, 25.1250],
        [25.2188, 25.9375, 32.1562, 23.3906, 29.6250, 22.3594, 25.6094]],
       device='cuda:0', dtype=torch.float16, grad_fn=<MmBackward0>), 'cartoon': tensor([[19.1406, 19.9062, 18.8281, 18.3281, 20.1094, 28.1406, 22.7500],
        [30.1094, 30.9531, 30.4531, 24.7188, 32.2812, 24.6250, 27.6562],
        [21.7969, 22.5000, 23.7812, 23.5938, 21.7656, 24.9531, 25.2188],
        [27.3125, 24.2812, 24.2500, 21.3750, 24.8281, 22.3281, 24.3906],
        [22.5938, 30.8750, 24.7500, 21.3906, 23.5156, 24.3125, 26.9531],
        [24.1094, 25.4375, 25.1406, 30.2656, 25.6562, 21.1719, 26.1875],
        [18.1562, 18.1094, 20.6719, 18.5469, 19.6875, 19.5625, 23.3438],
        [28.0781, 22.9844, 23.0625, 19.4219, 23.8906, 21.1094, 23.5781],
        [27.4531, 29.3281, 25.9062, 22.7344, 26.6719, 23.5781, 26.3906],
        [23.0469, 22.6719, 23.0312, 22.4531, 23.0625, 21.6250, 24.4375],
        [25.2656, 25.2031, 25.3438, 23.5625, 26.1094, 21.9531, 25.1406],
        [24.1719, 24.3281, 24.9688, 22.5469, 24.7344, 22.0938, 24.7812],
        [25.0938, 24.1719, 24.1719, 21.8281, 24.9844, 32.1562, 25.2344],
        [27.6250, 28.1875, 27.6719, 24.4219, 27.3750, 23.4375, 27.4219],
        [24.9531, 23.8594, 26.3906, 23.6719, 25.1406, 22.6562, 27.2656],
        [24.9844, 27.0156, 32.9688, 23.6094, 29.8125, 23.6406, 26.2656]],
       device='cuda:0', dtype=torch.float16, grad_fn=<MmBackward0>), 'photo': tensor([[16.3906, 17.9531, 16.2969, 15.7734, 18.2969, 22.6406, 20.7812],
        [21.6094, 23.0938, 22.8125, 17.4375, 25.4375, 18.8438, 21.3281],
        [18.2188, 18.9219, 19.8281, 18.8281, 18.5000, 22.5000, 22.6406],
        [21.9844, 17.9062, 18.2969, 17.4375, 19.5000, 18.9375, 20.9219],
        [16.1562, 26.0156, 19.2500, 14.5391, 17.9688, 18.3594, 20.3438],
        [17.9062, 19.3438, 18.5469, 26.1406, 20.4531, 19.1562, 21.6094],
        [18.0625, 17.1094, 19.0781, 18.1094, 18.8125, 19.7344, 21.5781],
        [23.7031, 17.9219, 18.0312, 15.1875, 19.7031, 18.4844, 20.8594],
        [21.2969, 23.2188, 19.9844, 18.1875, 21.2344, 19.3438, 21.6094],
        [17.6719, 18.2188, 18.2812, 17.8594, 18.4375, 19.1562, 20.7656],
        [18.5625, 18.6719, 18.7344, 17.2969, 20.2969, 18.1562, 20.3750],
        [18.0312, 18.0312, 18.7344, 17.0156, 19.1719, 18.7188, 20.2031],
        [19.1094, 17.8750, 17.5156, 17.8281, 20.1406, 26.4375, 21.8125],
        [19.8906, 20.6719, 20.1875, 17.8438, 20.4531, 19.7812, 21.8594],
        [17.5000, 17.5938, 19.8750, 17.7500, 18.8906, 19.1875, 22.3281],
        [17.4844, 20.4062, 27.6875, 17.5312, 24.1875, 19.2500, 20.8594]],
       device='cuda:0', dtype=torch.float16, grad_fn=<MmBackward0>), 'sketch': tensor([[20.2188, 18.6250, 17.8906, 18.0625, 18.8906, 23.5312, 19.6094],
        [31.1562, 30.6719, 30.4531, 25.4844, 32.1875, 22.1250, 27.8281],
        [19.7031, 18.1562, 19.7344, 19.6562, 18.3125, 22.0312, 22.6094],
        [27.6094, 23.2031, 23.7031, 22.2031, 24.0625, 20.9062, 24.6094],
        [20.9688, 26.7812, 21.0625, 17.5781, 19.3594, 17.7344, 21.0156],
        [26.2812, 26.5625, 26.1562, 32.5625, 26.8906, 22.9531, 28.2500],
        [19.9531, 17.2812, 20.2812, 17.5000, 18.5312, 17.7969, 20.4688],
        [26.1250, 19.9062, 20.2500, 17.2500, 21.3438, 18.5469, 22.0000],
        [27.8750, 29.0781, 26.0781, 23.9219, 26.7344, 22.2188, 26.5625],
        [21.0000, 18.9062, 19.8750, 20.0000, 19.8125, 18.9844, 22.1094],
        [26.2344, 25.8281, 25.8125, 25.0781, 26.6250, 21.6562, 25.7812],
        [24.8281, 24.1406, 24.8438, 23.1875, 24.7031, 21.4844, 24.6094],
        [26.7344, 25.1406, 25.5781, 25.6094, 25.9375, 33.7500, 27.2969],
        [28.1406, 27.2656, 27.1094, 24.8594, 26.5625, 22.8906, 27.8906],
        [22.6250, 19.1875, 22.7344, 20.4062, 20.8281, 19.2812, 23.6719],
        [26.4219, 26.9062, 34.4062, 24.5469, 30.3906, 22.9062, 26.5156]],
       device='cuda:0', dtype=torch.float16, grad_fn=<MmBackward0>)}
All domains: tensor([[18.4688, 19.3750, 18.0000, 19.3750, 20.3125, 24.7500, 21.1562, 19.1406,
         19.9062, 18.8281, 18.3281, 20.1094, 28.1406, 22.7500, 16.3906, 17.9531,
         16.2969, 15.7734, 18.2969, 22.6406, 20.7812, 20.2188, 18.6250, 17.8906,
         18.0625, 18.8906, 23.5312, 19.6094],
        [28.8125, 28.5781, 27.7812, 23.2969, 30.6875, 21.5000, 26.4219, 30.1094,
         30.9531, 30.4531, 24.7188, 32.2812, 24.6250, 27.6562, 21.6094, 23.0938,
         22.8125, 17.4375, 25.4375, 18.8438, 21.3281, 31.1562, 30.6719, 30.4531,
         25.4844, 32.1875, 22.1250, 27.8281],
        [20.7031, 19.5938, 20.7812, 20.6250, 19.9688, 22.0312, 24.1875, 21.7969,
         22.5000, 23.7812, 23.5938, 21.7656, 24.9531, 25.2188, 18.2188, 18.9219,
         19.8281, 18.8281, 18.5000, 22.5000, 22.6406, 19.7031, 18.1562, 19.7344,
         19.6562, 18.3125, 22.0312, 22.6094],
        [26.8750, 22.4844, 22.7188, 21.3906, 23.6719, 20.7344, 23.8281, 27.3125,
         24.2812, 24.2500, 21.3750, 24.8281, 22.3281, 24.3906, 21.9844, 17.9062,
         18.2969, 17.4375, 19.5000, 18.9375, 20.9219, 27.6094, 23.2031, 23.7031,
         22.2031, 24.0625, 20.9062, 24.6094],
        [20.4531, 27.5156, 21.3281, 17.6250, 20.5312, 18.1875, 22.9219, 22.5938,
         30.8750, 24.7500, 21.3906, 23.5156, 24.3125, 26.9531, 16.1562, 26.0156,
         19.2500, 14.5391, 17.9688, 18.3594, 20.3438, 20.9688, 26.7812, 21.0625,
         17.5781, 19.3594, 17.7344, 21.0156],
        [24.3125, 24.6562, 24.1406, 30.5000, 25.3594, 21.6562, 26.7031, 24.1094,
         25.4375, 25.1406, 30.2656, 25.6562, 21.1719, 26.1875, 17.9062, 19.3438,
         18.5469, 26.1406, 20.4531, 19.1562, 21.6094, 26.2812, 26.5625, 26.1562,
         32.5625, 26.8906, 22.9531, 28.2500],
        [18.4219, 17.2656, 20.0938, 17.8125, 18.6250, 17.5312, 22.8750, 18.1562,
         18.1094, 20.6719, 18.5469, 19.6875, 19.5625, 23.3438, 18.0625, 17.1094,
         19.0781, 18.1094, 18.8125, 19.7344, 21.5781, 19.9531, 17.2812, 20.2812,
         17.5000, 18.5312, 17.7969, 20.4688],
        [26.3438, 20.3906, 20.0938, 17.3125, 21.8438, 18.9375, 22.6875, 28.0781,
         22.9844, 23.0625, 19.4219, 23.8906, 21.1094, 23.5781, 23.7031, 17.9219,
         18.0312, 15.1875, 19.7031, 18.4844, 20.8594, 26.1250, 19.9062, 20.2500,
         17.2500, 21.3438, 18.5469, 22.0000],
        [27.1562, 27.6875, 24.5781, 22.5312, 25.8750, 21.8438, 25.8125, 27.4531,
         29.3281, 25.9062, 22.7344, 26.6719, 23.5781, 26.3906, 21.2969, 23.2188,
         19.9844, 18.1875, 21.2344, 19.3438, 21.6094, 27.8750, 29.0781, 26.0781,
         23.9219, 26.7344, 22.2188, 26.5625],
        [21.9844, 20.5781, 20.9531, 21.8906, 21.2188, 19.7500, 23.9844, 23.0469,
         22.6719, 23.0312, 22.4531, 23.0625, 21.6250, 24.4375, 17.6719, 18.2188,
         18.2812, 17.8594, 18.4375, 19.1562, 20.7656, 21.0000, 18.9062, 19.8750,
         20.0000, 19.8125, 18.9844, 22.1094],
        [24.9219, 24.1875, 23.9531, 23.6875, 25.7656, 21.2969, 24.9844, 25.2656,
         25.2031, 25.3438, 23.5625, 26.1094, 21.9531, 25.1406, 18.5625, 18.6719,
         18.7344, 17.2969, 20.2969, 18.1562, 20.3750, 26.2344, 25.8281, 25.8125,
         25.0781, 26.6250, 21.6562, 25.7812],
        [24.1562, 23.2656, 23.8750, 23.0000, 24.3125, 21.5312, 24.4531, 24.1719,
         24.3281, 24.9688, 22.5469, 24.7344, 22.0938, 24.7812, 18.0312, 18.0312,
         18.7344, 17.0156, 19.1719, 18.7188, 20.2031, 24.8281, 24.1406, 24.8438,
         23.1875, 24.7031, 21.4844, 24.6094],
        [24.4844, 22.0625, 21.8906, 22.6094, 23.8594, 32.1562, 24.9375, 25.0938,
         24.1719, 24.1719, 21.8281, 24.9844, 32.1562, 25.2344, 19.1094, 17.8750,
         17.5156, 17.8281, 20.1406, 26.4375, 21.8125, 26.7344, 25.1406, 25.5781,
         25.6094, 25.9375, 33.7500, 27.2969],
        [26.5781, 25.7656, 25.1875, 23.4531, 25.3750, 21.7812, 27.1719, 27.6250,
         28.1875, 27.6719, 24.4219, 27.3750, 23.4375, 27.4219, 19.8906, 20.6719,
         20.1875, 17.8438, 20.4531, 19.7812, 21.8594, 28.1406, 27.2656, 27.1094,
         24.8594, 26.5625, 22.8906, 27.8906],
        [22.3594, 20.0312, 23.4062, 21.6719, 21.9531, 19.0938, 25.1250, 24.9531,
         23.8594, 26.3906, 23.6719, 25.1406, 22.6562, 27.2656, 17.5000, 17.5938,
         19.8750, 17.7500, 18.8906, 19.1875, 22.3281, 22.6250, 19.1875, 22.7344,
         20.4062, 20.8281, 19.2812, 23.6719],
        [25.2188, 25.9375, 32.1562, 23.3906, 29.6250, 22.3594, 25.6094, 24.9844,
         27.0156, 32.9688, 23.6094, 29.8125, 23.6406, 26.2656, 17.4844, 20.4062,
         27.6875, 17.5312, 24.1875, 19.2500, 20.8594, 26.4219, 26.9062, 34.4062,
         24.5469, 30.3906, 22.9062, 26.5156]], device='cuda:0',
       dtype=torch.float16, grad_fn=<CatBackward0>)
