*** Config ***
***************
** Arguments **
***************
dataset: PACS
gpu: 0
model: CLIPAdapter
model_config_file: config/clipadapter.yaml
output_dir: output/CLIPAdapter-ViTB32-PACS-art_painting
root: ./data/
seed: 134
source_domains: ['cartoon', 'photo', 'sketch']
target_domains: ['art_painting']
************
** Config **
************
DATALOADER:
  NUM_WORKERS: 8
  TEST:
    BATCH_SIZE: 64
    SAMPLER: SequentialSampler
  TRAIN:
    BATCH_SIZE: 64
    SAMPLER: RandomSampler
DATASET:
  NAME: PACS
  ROOT: ./data/
  SOURCE_DOMAINS: ['cartoon', 'photo', 'sketch']
  SUBSAMPLE_CLASSES: all
  TARGET_DOMAINS: ['art_painting']
GPU: 0
INPUT:
  COLORJITTER_B: 0.4
  COLORJITTER_C: 0.4
  COLORJITTER_H: 0.1
  COLORJITTER_S: 0.4
  CROP_PADDING: 4
  CUTOUT_LEN: 16
  CUTOUT_N: 1
  GB_K: 21
  GB_P: 0.5
  GN_MEAN: 0.0
  GN_STD: 0.15
  INTERPOLATION: bicubic
  PIXEL_MEAN: [0.48145466, 0.4578275, 0.40821073]
  PIXEL_STD: [0.26862954, 0.26130258, 0.27577711]
  RANDAUGMENT_M: 10
  RANDAUGMENT_N: 2
  RGS_P: 0.2
  RRCROP_SCALE: (0.08, 1.0)
  SIZE: (224, 224)
  TRANSFORMS: ['random_resized_crop', 'random_flip', 'normalize']
MODEL:
  CLIPAdapter:
    BACKBONE: ViT-B/32
  NAME: CLIPAdapter
OPTIM:
  ADAM_BETA1: 0.9
  ADAM_BETA2: 0.999
  GAMMA: 0.1
  LR: 0.002
  LR_SCHEDULER: Cosine
  MAX_EPOCH: 50
  MOMENTUM: 0.9
  NAME: sgd
  SGD_DAMPENING: 0
  SGD_NESTEROV: False
  STEP_SIZE: -1
  WARMUP_CONS_LR: 1e-05
  WARMUP_EPOCH: 1
  WARMUP_MIN_LR: 1e-05
  WARMUP_TYPE: constant
  WEIGHT_DECAY: 0.0005
OUTPUT_DIR: output/CLIPAdapter-ViTB32-PACS-art_painting
SEED: 134
TEST:
  EVALUATOR: Classification
  FINAL_Model: last_step
  SPLIT: Test
TRAIN:
  PRINT_FREQ: 5
Build Trainer: CLIPAdapter
Build Dataset: PACS
Transform for Train: Compose(
    RandomResizedCrop(size=(224, 224), scale=(0.08, 1.0), ratio=(0.75, 1.3333), interpolation=bicubic, antialias=True)
    RandomHorizontalFlip(p=0.5)
    ToTensor()
    Normalize(mean=[0.48145466, 0.4578275, 0.40821073], std=[0.26862954, 0.26130258, 0.27577711])
)
Transform for Test: Compose(
    Resize(size=224, interpolation=bicubic, max_size=None, antialias=True)
    CenterCrop(size=(224, 224))
    ToTensor()
    Normalize(mean=[0.48145466, 0.4578275, 0.40821073], std=[0.26862954, 0.26130258, 0.27577711])
)
--------------  ------------------------------
Dataset         PACS
Source Domains  ['cartoon', 'photo', 'sketch']
Target Domains  ['art_painting']
# Classes       7
# Train Data    7,942
# Val Data      806
# Test Data     2,048
--------------  ------------------------------
Loading CLIP Backbone: ViT-B/32
Building Custom CLIP
Turning Off Gradients in Image and Text Encoder
Parameters to be updated: {'adapter.fc.2.weight', 'adapter.fc.0.weight'}
Build Evaluator: Classification
epoch [1/50] batch [5/124] loss 0.4036 (0.5212) acc 85.9375 (79.6875) lr 1.0000e-05 eta 0:41:23
epoch [1/50] batch [10/124] loss 0.6704 (0.5519) acc 75.0000 (77.9688) lr 1.0000e-05 eta 0:21:48
epoch [1/50] batch [15/124] loss 0.6733 (0.5189) acc 73.4375 (79.6875) lr 1.0000e-05 eta 0:15:17
epoch [1/50] batch [20/124] loss 0.3191 (0.5085) acc 87.5000 (80.2344) lr 1.0000e-05 eta 0:12:02
epoch [1/50] batch [25/124] loss 0.4871 (0.5166) acc 84.3750 (80.1875) lr 1.0000e-05 eta 0:10:04
epoch [1/50] batch [30/124] loss 0.5317 (0.5094) acc 79.6875 (80.7292) lr 1.0000e-05 eta 0:08:46
epoch [1/50] batch [35/124] loss 0.4578 (0.5048) acc 82.8125 (81.0714) lr 1.0000e-05 eta 0:07:50
epoch [1/50] batch [40/124] loss 0.4602 (0.4978) acc 75.0000 (81.2109) lr 1.0000e-05 eta 0:07:14
epoch [1/50] batch [45/124] loss 0.4055 (0.4906) acc 84.3750 (81.3889) lr 1.0000e-05 eta 0:06:43
epoch [1/50] batch [50/124] loss 0.4717 (0.4928) acc 84.3750 (81.5312) lr 1.0000e-05 eta 0:06:20
epoch [1/50] batch [55/124] loss 0.5859 (0.5033) acc 78.1250 (81.1932) lr 1.0000e-05 eta 0:06:04
epoch [1/50] batch [60/124] loss 0.2444 (0.4956) acc 93.7500 (81.5104) lr 1.0000e-05 eta 0:05:46
epoch [1/50] batch [65/124] loss 0.5103 (0.5039) acc 82.8125 (81.1779) lr 1.0000e-05 eta 0:05:32
epoch [1/50] batch [70/124] loss 0.7134 (0.5131) acc 76.5625 (80.8036) lr 1.0000e-05 eta 0:05:20
epoch [1/50] batch [75/124] loss 0.4763 (0.5145) acc 84.3750 (80.7708) lr 1.0000e-05 eta 0:05:10
epoch [1/50] batch [80/124] loss 0.5015 (0.5157) acc 82.8125 (80.7227) lr 1.0000e-05 eta 0:05:02
epoch [1/50] batch [85/124] loss 0.4333 (0.5152) acc 85.9375 (80.7721) lr 1.0000e-05 eta 0:04:55
epoch [1/50] batch [90/124] loss 0.3352 (0.5149) acc 87.5000 (80.7465) lr 1.0000e-05 eta 0:04:46
epoch [1/50] batch [95/124] loss 0.3838 (0.5127) acc 87.5000 (80.8388) lr 1.0000e-05 eta 0:04:42
epoch [1/50] batch [100/124] loss 0.5493 (0.5145) acc 75.0000 (80.7344) lr 1.0000e-05 eta 0:04:37
epoch [1/50] batch [105/124] loss 0.5674 (0.5161) acc 81.2500 (80.6845) lr 1.0000e-05 eta 0:04:30
epoch [1/50] batch [110/124] loss 0.4775 (0.5165) acc 84.3750 (80.7244) lr 1.0000e-05 eta 0:04:26
