*** Config ***
***************
** Arguments **
***************
dataset: PACS
gpu: 1
model: CLIPAdapter
model_config_file: config/clipadapter.yaml
output_dir: output/CLIPAdapter-ViTB32-PACS-art_painting
root: ./data/
seed: 134
source_domains: ['cartoon', 'photo', 'art_painting']
target_domains: ['sketch']
************
** Config **
************
DATALOADER:
  NUM_WORKERS: 8
  TEST:
    BATCH_SIZE: 64
    SAMPLER: SequentialSampler
  TRAIN:
    BATCH_SIZE: 64
    SAMPLER: RandomSampler
DATASET:
  NAME: PACS
  ROOT: ./data/
  SOURCE_DOMAINS: ['cartoon', 'photo', 'art_painting']
  SUBSAMPLE_CLASSES: all
  TARGET_DOMAINS: ['sketch']
GPU: 1
INPUT:
  COLORJITTER_B: 0.4
  COLORJITTER_C: 0.4
  COLORJITTER_H: 0.1
  COLORJITTER_S: 0.4
  CROP_PADDING: 4
  CUTOUT_LEN: 16
  CUTOUT_N: 1
  GB_K: 21
  GB_P: 0.5
  GN_MEAN: 0.0
  GN_STD: 0.15
  INTERPOLATION: bicubic
  PIXEL_MEAN: [0.48145466, 0.4578275, 0.40821073]
  PIXEL_STD: [0.26862954, 0.26130258, 0.27577711]
  RANDAUGMENT_M: 10
  RANDAUGMENT_N: 2
  RGS_P: 0.2
  RRCROP_SCALE: (0.08, 1.0)
  SIZE: (224, 224)
  TRANSFORMS: ['random_resized_crop', 'random_flip', 'normalize']
MODEL:
  CLIPAdapter:
    BACKBONE: ViT-B/32
  NAME: CLIPAdapter
OPTIM:
  ADAM_BETA1: 0.9
  ADAM_BETA2: 0.999
  GAMMA: 0.1
  LR: 0.002
  LR_SCHEDULER: Cosine
  MAX_EPOCH: 50
  MOMENTUM: 0.9
  NAME: sgd
  SGD_DAMPENING: 0
  SGD_NESTEROV: False
  STEP_SIZE: -1
  WARMUP_CONS_LR: 1e-05
  WARMUP_EPOCH: 1
  WARMUP_MIN_LR: 1e-05
  WARMUP_TYPE: constant
  WEIGHT_DECAY: 0.0005
OUTPUT_DIR: output/CLIPAdapter-ViTB32-PACS-art_painting
SEED: 134
TEST:
  EVALUATOR: Classification
  FINAL_Model: last_step
  SPLIT: Test
TRAIN:
  PRINT_FREQ: 5
Build Trainer: CLIPAdapter
Build Dataset: PACS
Transform for Train: Compose(
    RandomResizedCrop(size=(224, 224), scale=(0.08, 1.0), ratio=(0.75, 1.3333), interpolation=bicubic, antialias=True)
    RandomHorizontalFlip(p=0.5)
    ToTensor()
    Normalize(mean=[0.48145466, 0.4578275, 0.40821073], std=[0.26862954, 0.26130258, 0.27577711])
)
Transform for Test: Compose(
    Resize(size=224, interpolation=bicubic, max_size=None, antialias=True)
    CenterCrop(size=(224, 224))
    ToTensor()
    Normalize(mean=[0.48145466, 0.4578275, 0.40821073], std=[0.26862954, 0.26130258, 0.27577711])
)
--------------  ------------------------------------
Dataset         PACS
Source Domains  ['cartoon', 'photo', 'art_painting']
Target Domains  ['sketch']
# Classes       7
# Train Data    6,062
# Val Data      616
# Test Data     3,928
--------------  ------------------------------------
Loading CLIP Backbone: ViT-B/32
Building Custom CLIP
{'original': ['a picture of a dog.', 'a picture of a elephant.', 'a picture of a giraffe.', 'a picture of a guitar.', 'a picture of a horse.', 'a picture of a house.', 'a picture of a person.'], 'cartoon': ['a picture of a cartoon dog.', 'a picture of a cartoon elephant.', 'a picture of a cartoon giraffe.', 'a picture of a cartoon guitar.', 'a picture of a cartoon horse.', 'a picture of a cartoon house.', 'a picture of a cartoon person.'], 'photo': ['a picture of a photo dog.', 'a picture of a photo elephant.', 'a picture of a photo giraffe.', 'a picture of a photo guitar.', 'a picture of a photo horse.', 'a picture of a photo house.', 'a picture of a photo person.'], 'art_painting': ['a picture of a art painting dog.', 'a picture of a art painting elephant.', 'a picture of a art painting giraffe.', 'a picture of a art painting guitar.', 'a picture of a art painting horse.', 'a picture of a art painting house.', 'a picture of a art painting person.']}
{'original': ['a picture of a dog.', 'a picture of a elephant.', 'a picture of a giraffe.', 'a picture of a guitar.', 'a picture of a horse.', 'a picture of a house.', 'a picture of a person.'], 'sketch': ['a picture of a sketch dog.', 'a picture of a sketch elephant.', 'a picture of a sketch giraffe.', 'a picture of a sketch guitar.', 'a picture of a sketch horse.', 'a picture of a sketch house.', 'a picture of a sketch person.']}
key:original
v:tensor([[ 0.0130,  0.0088, -0.0393,  ..., -0.0427, -0.0132,  0.0196],
        [ 0.0052,  0.0047, -0.0051,  ..., -0.0147,  0.0049,  0.0211],
        [ 0.0317, -0.0135, -0.0394,  ..., -0.0197, -0.0197, -0.0249],
        ...,
        [ 0.0157, -0.0074, -0.0182,  ..., -0.0357, -0.0072,  0.0031],
        [ 0.0064,  0.0098, -0.0112,  ..., -0.0517, -0.0120, -0.0190],
        [ 0.0049,  0.0079, -0.0012,  ..., -0.0592, -0.0150, -0.0023]],
       device='cuda:1', dtype=torch.float16)
key:cartoon
v:tensor([[ 0.0121,  0.0077, -0.0332,  ..., -0.0228, -0.0125,  0.0219],
        [-0.0028,  0.0028, -0.0092,  ..., -0.0011,  0.0078,  0.0374],
        [ 0.0187, -0.0066, -0.0338,  ..., -0.0048, -0.0202, -0.0085],
        ...,
        [ 0.0010,  0.0093, -0.0051,  ..., -0.0157, -0.0022,  0.0104],
        [-0.0029,  0.0059,  0.0048,  ..., -0.0195, -0.0060, -0.0013],
        [-0.0036,  0.0185, -0.0177,  ..., -0.0428, -0.0072, -0.0013]],
       device='cuda:1', dtype=torch.float16)
key:photo
v:tensor([[ 0.0228,  0.0416, -0.0377,  ..., -0.0820, -0.0252,  0.0203],
        [ 0.0073,  0.0297, -0.0122,  ..., -0.0445, -0.0020,  0.0318],
        [ 0.0240,  0.0198, -0.0415,  ..., -0.0452, -0.0294, -0.0078],
        ...,
        [ 0.0157,  0.0311, -0.0157,  ..., -0.0651, -0.0243,  0.0078],
        [-0.0037,  0.0155, -0.0159,  ..., -0.0697, -0.0306, -0.0125],
        [ 0.0129,  0.0236, -0.0192,  ..., -0.0815, -0.0204, -0.0023]],
       device='cuda:1', dtype=torch.float16)
key:art_painting
v:tensor([[ 0.0347, -0.0056, -0.0271,  ..., -0.0314, -0.0006, -0.0017],
        [ 0.0241, -0.0112, -0.0081,  ...,  0.0004,  0.0161,  0.0137],
        [ 0.0443, -0.0284, -0.0266,  ..., -0.0102, -0.0107, -0.0368],
        ...,
        [ 0.0285, -0.0029, -0.0031,  ..., -0.0209, -0.0044, -0.0133],
        [ 0.0181,  0.0093, -0.0034,  ..., -0.0334, -0.0261, -0.0240],
        [ 0.0221, -0.0028,  0.0012,  ..., -0.0517, -0.0204, -0.0327]],
       device='cuda:1', dtype=torch.float16)
Turning Off Gradients in Image and Text Encoder
Parameters to be updated: {'adapters.2.fc.2.weight', 'adapters.0.fc.2.weight', 'adapter.fc.2.weight', 'adapters.1.fc.2.weight', 'adapters.2.fc.0.weight', 'adapters.0.fc.0.weight', 'adapter.fc.0.weight', 'adapters.1.fc.0.weight'}
Build Evaluator: Classification
epoch [1/50] batch [5/94] loss -12.2734 (-9.8812) acc 21.8750 (20.6250) lr 1.0000e-05 eta 0:26:14
epoch [1/50] batch [10/94] loss -10.8594 (-10.0645) acc 21.8750 (23.1250) lr 1.0000e-05 eta 0:17:12
epoch [1/50] batch [15/94] loss -6.0078 (-10.4477) acc 31.2500 (23.2292) lr 1.0000e-05 eta 0:14:06
epoch [1/50] batch [20/94] loss -11.2031 (-10.6057) acc 34.3750 (23.9844) lr 1.0000e-05 eta 0:12:38
epoch [1/50] batch [25/94] loss -5.9727 (-10.6719) acc 20.3125 (23.4375) lr 1.0000e-05 eta 0:11:44
epoch [1/50] batch [30/94] loss -9.2188 (-10.3582) acc 20.3125 (23.5417) lr 1.0000e-05 eta 0:11:08
epoch [1/50] batch [35/94] loss -9.6953 (-10.5213) acc 26.5625 (22.9911) lr 1.0000e-05 eta 0:10:41
epoch [1/50] batch [40/94] loss -11.7578 (-10.2422) acc 23.4375 (22.8516) lr 1.0000e-05 eta 0:10:23
epoch [1/50] batch [45/94] loss -6.3906 (-9.9475) acc 31.2500 (23.0556) lr 1.0000e-05 eta 0:10:06
epoch [1/50] batch [50/94] loss -7.8203 (-9.9016) acc 20.3125 (22.9688) lr 1.0000e-05 eta 0:09:50
epoch [1/50] batch [55/94] loss -13.7031 (-10.0978) acc 32.8125 (23.2386) lr 1.0000e-05 eta 0:09:36
epoch [1/50] batch [60/94] loss -7.6367 (-10.1401) acc 15.6250 (23.0990) lr 1.0000e-05 eta 0:09:24
epoch [1/50] batch [65/94] loss -9.7656 (-10.0867) acc 26.5625 (23.2212) lr 1.0000e-05 eta 0:09:14
epoch [1/50] batch [70/94] loss -8.6250 (-10.1161) acc 21.8750 (23.3705) lr 1.0000e-05 eta 0:09:06
epoch [1/50] batch [75/94] loss -14.1094 (-10.2109) acc 20.3125 (23.3125) lr 1.0000e-05 eta 0:08:59
epoch [1/50] batch [80/94] loss -12.7734 (-10.1549) acc 17.1875 (22.9688) lr 1.0000e-05 eta 0:08:53
epoch [1/50] batch [85/94] loss -9.6797 (-10.1802) acc 20.3125 (22.9044) lr 1.0000e-05 eta 0:08:46
epoch [1/50] batch [90/94] loss -13.3906 (-10.1784) acc 12.5000 (22.6215) lr 1.0000e-05 eta 0:08:40
epoch [2/50] batch [5/94] loss -10.3359 (-10.6531) acc 28.1250 (25.3125) lr 2.0000e-03 eta 0:15:43
epoch [2/50] batch [10/94] loss -9.0859 (-10.4344) acc 25.0000 (25.1562) lr 2.0000e-03 eta 0:11:33
epoch [2/50] batch [15/94] loss -13.1484 (-10.6896) acc 15.6250 (23.9583) lr 2.0000e-03 eta 0:10:03
epoch [2/50] batch [20/94] loss -9.1875 (-10.3342) acc 25.0000 (23.5156) lr 2.0000e-03 eta 0:09:28
epoch [2/50] batch [25/94] loss -11.7656 (-10.3070) acc 25.0000 (23.5625) lr 2.0000e-03 eta 0:09:05
epoch [2/50] batch [30/94] loss -12.8359 (-10.6749) acc 26.5625 (24.1146) lr 2.0000e-03 eta 0:08:51
epoch [2/50] batch [35/94] loss -6.3477 (-10.6134) acc 21.8750 (23.9286) lr 2.0000e-03 eta 0:08:39
epoch [2/50] batch [40/94] loss -10.6797 (-10.5707) acc 18.7500 (24.2578) lr 2.0000e-03 eta 0:08:31
epoch [2/50] batch [45/94] loss -11.9609 (-10.6832) acc 15.6250 (23.6458) lr 2.0000e-03 eta 0:08:24
epoch [2/50] batch [50/94] loss -14.8984 (-10.7758) acc 23.4375 (23.6562) lr 2.0000e-03 eta 0:08:20
epoch [2/50] batch [55/94] loss -17.8750 (-10.7769) acc 18.7500 (23.2955) lr 2.0000e-03 eta 0:08:16
epoch [2/50] batch [60/94] loss -10.3281 (-10.6021) acc 17.1875 (23.0208) lr 2.0000e-03 eta 0:08:12
epoch [2/50] batch [65/94] loss -10.0469 (-10.6555) acc 25.0000 (22.9327) lr 2.0000e-03 eta 0:08:10
epoch [2/50] batch [70/94] loss -7.4844 (-10.6561) acc 17.1875 (22.7679) lr 2.0000e-03 eta 0:08:08
epoch [2/50] batch [75/94] loss -8.4453 (-10.5840) acc 25.0000 (22.5833) lr 2.0000e-03 eta 0:08:06
epoch [2/50] batch [80/94] loss -10.4453 (-10.5633) acc 17.1875 (22.6953) lr 2.0000e-03 eta 0:08:05
epoch [2/50] batch [85/94] loss -13.1797 (-10.5487) acc 25.0000 (22.6287) lr 2.0000e-03 eta 0:08:02
epoch [2/50] batch [90/94] loss -9.0234 (-10.4509) acc 14.0625 (22.5868) lr 2.0000e-03 eta 0:07:58
epoch [3/50] batch [5/94] loss -9.3203 (-11.2328) acc 17.1875 (19.3750) lr 1.9980e-03 eta 0:15:30
epoch [3/50] batch [10/94] loss -12.6406 (-11.8961) acc 10.9375 (19.8438) lr 1.9980e-03 eta 0:11:28
epoch [3/50] batch [15/94] loss -13.3125 (-12.1562) acc 20.3125 (20.3125) lr 1.9980e-03 eta 0:10:03
epoch [3/50] batch [20/94] loss -12.4141 (-11.6551) acc 25.0000 (21.8750) lr 1.9980e-03 eta 0:09:13
epoch [3/50] batch [25/94] loss -14.2266 (-11.3839) acc 15.6250 (21.1250) lr 1.9980e-03 eta 0:08:38
epoch [3/50] batch [30/94] loss -5.4648 (-10.8865) acc 28.1250 (21.4062) lr 1.9980e-03 eta 0:08:16
epoch [3/50] batch [35/94] loss -7.3750 (-10.5938) acc 23.4375 (21.9643) lr 1.9980e-03 eta 0:08:00
epoch [3/50] batch [40/94] loss -9.3672 (-10.5637) acc 25.0000 (22.0312) lr 1.9980e-03 eta 0:07:49
epoch [3/50] batch [45/94] loss -11.8594 (-10.5059) acc 14.0625 (22.2222) lr 1.9980e-03 eta 0:07:40
epoch [3/50] batch [50/94] loss -6.9258 (-10.3646) acc 23.4375 (22.4688) lr 1.9980e-03 eta 0:07:32
epoch [3/50] batch [55/94] loss -6.2422 (-10.2156) acc 14.0625 (22.5284) lr 1.9980e-03 eta 0:07:25
epoch [3/50] batch [60/94] loss -11.2422 (-10.1598) acc 23.4375 (23.1510) lr 1.9980e-03 eta 0:07:20
epoch [3/50] batch [65/94] loss -7.1523 (-9.9677) acc 9.3750 (22.8365) lr 1.9980e-03 eta 0:07:15
epoch [3/50] batch [70/94] loss -15.9375 (-10.2177) acc 17.1875 (22.7009) lr 1.9980e-03 eta 0:07:11
epoch [3/50] batch [75/94] loss -8.4062 (-10.0821) acc 21.8750 (22.7917) lr 1.9980e-03 eta 0:07:08
epoch [3/50] batch [80/94] loss -10.6094 (-10.0417) acc 25.0000 (22.7930) lr 1.9980e-03 eta 0:07:09
epoch [3/50] batch [85/94] loss -9.0000 (-10.1947) acc 12.5000 (22.6471) lr 1.9980e-03 eta 0:07:06
epoch [3/50] batch [90/94] loss -8.1641 (-10.1531) acc 20.3125 (22.7257) lr 1.9980e-03 eta 0:07:03
epoch [4/50] batch [5/94] loss -10.2422 (-7.6352) acc 17.1875 (27.8125) lr 1.9921e-03 eta 0:14:35
epoch [4/50] batch [10/94] loss -8.3125 (-8.1273) acc 18.7500 (26.5625) lr 1.9921e-03 eta 0:11:10
epoch [4/50] batch [15/94] loss -8.1719 (-8.6703) acc 21.8750 (25.0000) lr 1.9921e-03 eta 0:09:54
epoch [4/50] batch [20/94] loss -15.1250 (-9.3422) acc 28.1250 (23.4375) lr 1.9921e-03 eta 0:09:17
epoch [4/50] batch [25/94] loss -6.2031 (-9.1533) acc 20.3125 (23.8125) lr 1.9921e-03 eta 0:08:54
epoch [4/50] batch [30/94] loss -10.1953 (-9.6988) acc 20.3125 (23.8542) lr 1.9921e-03 eta 0:08:40
epoch [4/50] batch [35/94] loss -8.4297 (-9.7628) acc 21.8750 (23.5714) lr 1.9921e-03 eta 0:08:28
epoch [4/50] batch [40/94] loss -6.6172 (-9.7915) acc 29.6875 (23.7500) lr 1.9921e-03 eta 0:08:20
epoch [4/50] batch [45/94] loss -6.3945 (-9.7675) acc 29.6875 (23.7153) lr 1.9921e-03 eta 0:08:14
epoch [4/50] batch [50/94] loss -12.2422 (-10.0887) acc 23.4375 (23.4375) lr 1.9921e-03 eta 0:08:09
epoch [4/50] batch [55/94] loss -9.0391 (-9.9358) acc 23.4375 (23.5795) lr 1.9921e-03 eta 0:08:04
epoch [4/50] batch [60/94] loss -11.5859 (-10.0361) acc 21.8750 (23.8281) lr 1.9921e-03 eta 0:08:01
epoch [4/50] batch [65/94] loss -12.0078 (-10.1673) acc 20.3125 (23.7260) lr 1.9921e-03 eta 0:07:58
epoch [4/50] batch [70/94] loss -9.2500 (-10.1743) acc 23.4375 (23.3036) lr 1.9921e-03 eta 0:07:56
epoch [4/50] batch [75/94] loss -9.4609 (-10.1851) acc 20.3125 (23.1458) lr 1.9921e-03 eta 0:07:53
epoch [4/50] batch [80/94] loss -12.6094 (-10.3021) acc 25.0000 (23.0469) lr 1.9921e-03 eta 0:07:51
epoch [4/50] batch [85/94] loss -10.3047 (-10.3097) acc 15.6250 (22.7574) lr 1.9921e-03 eta 0:07:46
epoch [4/50] batch [90/94] loss -9.0547 (-10.2416) acc 21.8750 (22.6736) lr 1.9921e-03 eta 0:07:42
epoch [5/50] batch [5/94] loss -6.1719 (-11.3125) acc 15.6250 (19.0625) lr 1.9823e-03 eta 0:16:37
epoch [5/50] batch [10/94] loss -9.3359 (-10.5488) acc 37.5000 (22.0312) lr 1.9823e-03 eta 0:11:57
epoch [5/50] batch [15/94] loss -13.6250 (-10.6664) acc 20.3125 (21.9792) lr 1.9823e-03 eta 0:10:15
epoch [5/50] batch [20/94] loss -9.3125 (-10.3799) acc 29.6875 (23.0469) lr 1.9823e-03 eta 0:09:28
epoch [5/50] batch [25/94] loss -11.7266 (-10.4861) acc 23.4375 (22.8125) lr 1.9823e-03 eta 0:08:58
epoch [5/50] batch [30/94] loss -11.8906 (-10.2556) acc 14.0625 (22.2396) lr 1.9823e-03 eta 0:08:39
epoch [5/50] batch [35/94] loss -7.6992 (-10.3181) acc 34.3750 (22.2321) lr 1.9823e-03 eta 0:08:24
epoch [5/50] batch [40/94] loss -11.1875 (-10.4584) acc 21.8750 (22.5781) lr 1.9823e-03 eta 0:08:14
epoch [5/50] batch [45/94] loss -9.9844 (-10.6126) acc 21.8750 (22.4306) lr 1.9823e-03 eta 0:08:04
epoch [5/50] batch [50/94] loss -11.7344 (-10.7558) acc 17.1875 (22.4688) lr 1.9823e-03 eta 0:07:57
epoch [5/50] batch [55/94] loss -11.0078 (-10.9879) acc 18.7500 (22.1307) lr 1.9823e-03 eta 0:07:50
epoch [5/50] batch [60/94] loss -4.9336 (-10.6923) acc 20.3125 (22.5000) lr 1.9823e-03 eta 0:07:46
epoch [5/50] batch [65/94] loss -17.0781 (-10.8343) acc 20.3125 (22.6202) lr 1.9823e-03 eta 0:07:42
epoch [5/50] batch [70/94] loss -11.3047 (-10.8338) acc 25.0000 (22.6339) lr 1.9823e-03 eta 0:07:39
epoch [5/50] batch [75/94] loss -10.3516 (-10.7576) acc 15.6250 (22.6875) lr 1.9823e-03 eta 0:07:35
epoch [5/50] batch [80/94] loss -12.8750 (-10.8520) acc 31.2500 (22.5781) lr 1.9823e-03 eta 0:07:32
epoch [5/50] batch [85/94] loss -10.5547 (-10.7826) acc 18.7500 (22.5919) lr 1.9823e-03 eta 0:07:28
epoch [5/50] batch [90/94] loss -14.9062 (-10.8040) acc 20.3125 (22.7083) lr 1.9823e-03 eta 0:07:24
epoch [6/50] batch [5/94] loss -9.0312 (-10.0719) acc 23.4375 (24.6875) lr 1.9686e-03 eta 0:13:50
epoch [6/50] batch [10/94] loss -13.0469 (-10.6355) acc 18.7500 (21.7188) lr 1.9686e-03 eta 0:10:30
epoch [6/50] batch [15/94] loss -7.0117 (-10.2052) acc 21.8750 (21.2500) lr 1.9686e-03 eta 0:09:23
epoch [6/50] batch [20/94] loss -7.3750 (-9.9539) acc 21.8750 (21.8750) lr 1.9686e-03 eta 0:08:50
epoch [6/50] batch [25/94] loss -9.7734 (-9.8444) acc 23.4375 (22.1250) lr 1.9686e-03 eta 0:08:31
epoch [6/50] batch [30/94] loss -10.0859 (-9.9484) acc 21.8750 (22.0833) lr 1.9686e-03 eta 0:08:17
epoch [6/50] batch [35/94] loss -8.2109 (-10.0663) acc 25.0000 (22.0982) lr 1.9686e-03 eta 0:08:06
epoch [6/50] batch [40/94] loss -11.0938 (-10.2090) acc 21.8750 (22.4219) lr 1.9686e-03 eta 0:07:58
epoch [6/50] batch [45/94] loss -11.7734 (-10.3135) acc 20.3125 (22.6736) lr 1.9686e-03 eta 0:07:50
epoch [6/50] batch [50/94] loss -8.0547 (-10.3039) acc 14.0625 (22.3750) lr 1.9686e-03 eta 0:07:47
epoch [6/50] batch [55/94] loss -9.7891 (-10.4967) acc 23.4375 (22.2443) lr 1.9686e-03 eta 0:07:44
epoch [6/50] batch [60/94] loss -8.3828 (-10.4257) acc 17.1875 (22.0573) lr 1.9686e-03 eta 0:07:42
epoch [6/50] batch [65/94] loss -6.6484 (-10.5299) acc 15.6250 (21.9231) lr 1.9686e-03 eta 0:07:40
epoch [6/50] batch [70/94] loss -11.2734 (-10.5623) acc 25.0000 (22.1205) lr 1.9686e-03 eta 0:07:38
epoch [6/50] batch [75/94] loss -13.0781 (-10.5364) acc 18.7500 (22.1250) lr 1.9686e-03 eta 0:07:35
epoch [6/50] batch [80/94] loss -8.8203 (-10.4137) acc 28.1250 (22.2461) lr 1.9686e-03 eta 0:07:33
epoch [6/50] batch [85/94] loss -10.4219 (-10.3892) acc 21.8750 (22.3529) lr 1.9686e-03 eta 0:07:28
epoch [6/50] batch [90/94] loss -7.6172 (-10.3538) acc 23.4375 (22.3785) lr 1.9686e-03 eta 0:07:24
epoch [7/50] batch [5/94] loss -9.5625 (-11.2344) acc 25.0000 (21.8750) lr 1.9511e-03 eta 0:15:08
epoch [7/50] batch [10/94] loss -16.4375 (-11.4297) acc 14.0625 (22.5000) lr 1.9511e-03 eta 0:11:13
epoch [7/50] batch [15/94] loss -14.5000 (-11.0823) acc 17.1875 (22.5000) lr 1.9511e-03 eta 0:09:46
epoch [7/50] batch [20/94] loss -9.2969 (-11.1168) acc 29.6875 (22.4219) lr 1.9511e-03 eta 0:09:02
epoch [7/50] batch [25/94] loss -9.6719 (-10.5755) acc 17.1875 (22.3125) lr 1.9511e-03 eta 0:08:38
epoch [7/50] batch [30/94] loss -11.1719 (-10.4690) acc 18.7500 (22.2917) lr 1.9511e-03 eta 0:08:21
epoch [7/50] batch [35/94] loss -7.4570 (-10.5685) acc 26.5625 (22.1429) lr 1.9511e-03 eta 0:08:09
epoch [7/50] batch [40/94] loss -7.3125 (-10.5376) acc 29.6875 (22.3047) lr 1.9511e-03 eta 0:08:01
epoch [7/50] batch [45/94] loss -15.5625 (-10.6298) acc 15.6250 (22.4306) lr 1.9511e-03 eta 0:07:53
epoch [7/50] batch [50/94] loss -11.2656 (-10.4496) acc 12.5000 (22.0938) lr 1.9511e-03 eta 0:07:48
epoch [7/50] batch [55/94] loss -12.2188 (-10.6354) acc 26.5625 (22.2159) lr 1.9511e-03 eta 0:07:43
epoch [7/50] batch [60/94] loss -8.0703 (-10.5146) acc 20.3125 (22.2917) lr 1.9511e-03 eta 0:07:39
epoch [7/50] batch [65/94] loss -13.3984 (-10.5913) acc 21.8750 (22.1154) lr 1.9511e-03 eta 0:07:36
epoch [7/50] batch [70/94] loss -9.8750 (-10.6269) acc 21.8750 (22.0536) lr 1.9511e-03 eta 0:07:32
epoch [7/50] batch [75/94] loss -8.8984 (-10.6288) acc 28.1250 (22.1458) lr 1.9511e-03 eta 0:07:29
epoch [7/50] batch [80/94] loss -13.4219 (-10.6631) acc 26.5625 (22.3633) lr 1.9511e-03 eta 0:07:26
epoch [7/50] batch [85/94] loss -10.3594 (-10.5329) acc 18.7500 (22.3529) lr 1.9511e-03 eta 0:07:21
epoch [7/50] batch [90/94] loss -9.5391 (-10.4241) acc 20.3125 (22.5868) lr 1.9511e-03 eta 0:07:16
epoch [8/50] batch [5/94] loss -9.3281 (-9.7891) acc 17.1875 (19.6875) lr 1.9298e-03 eta 0:13:12
epoch [8/50] batch [10/94] loss -11.0312 (-10.1727) acc 25.0000 (21.5625) lr 1.9298e-03 eta 0:09:25
epoch [8/50] batch [15/94] loss -7.5781 (-9.9758) acc 37.5000 (21.7708) lr 1.9298e-03 eta 0:08:08
epoch [8/50] batch [20/94] loss -7.9922 (-9.7299) acc 21.8750 (22.4219) lr 1.9298e-03 eta 0:07:43
epoch [8/50] batch [25/94] loss -9.3438 (-9.8883) acc 34.3750 (23.6875) lr 1.9298e-03 eta 0:07:31
epoch [8/50] batch [30/94] loss -10.4219 (-9.6814) acc 18.7500 (23.4896) lr 1.9298e-03 eta 0:07:22
epoch [8/50] batch [35/94] loss -11.9453 (-9.6519) acc 26.5625 (23.6161) lr 1.9298e-03 eta 0:07:16
epoch [8/50] batch [40/94] loss -12.0234 (-9.7778) acc 17.1875 (24.1406) lr 1.9298e-03 eta 0:07:11
epoch [8/50] batch [45/94] loss -9.0781 (-9.7227) acc 20.3125 (24.2361) lr 1.9298e-03 eta 0:07:07
epoch [8/50] batch [50/94] loss -10.9062 (-9.8100) acc 23.4375 (24.0938) lr 1.9298e-03 eta 0:07:04
epoch [8/50] batch [55/94] loss -14.5625 (-9.9228) acc 15.6250 (23.8352) lr 1.9298e-03 eta 0:07:02
epoch [8/50] batch [60/94] loss -7.2109 (-9.8826) acc 26.5625 (23.9062) lr 1.9298e-03 eta 0:07:00
epoch [8/50] batch [65/94] loss -10.6250 (-9.9248) acc 26.5625 (23.8942) lr 1.9298e-03 eta 0:06:58
epoch [8/50] batch [70/94] loss -5.6953 (-9.8245) acc 21.8750 (23.7500) lr 1.9298e-03 eta 0:06:57
epoch [8/50] batch [75/94] loss -7.5742 (-9.9050) acc 25.0000 (23.6042) lr 1.9298e-03 eta 0:06:56
epoch [8/50] batch [80/94] loss -11.8047 (-9.8924) acc 18.7500 (23.5156) lr 1.9298e-03 eta 0:06:55
epoch [8/50] batch [85/94] loss -7.9414 (-9.9700) acc 28.1250 (23.5662) lr 1.9298e-03 eta 0:06:52
epoch [8/50] batch [90/94] loss -9.9531 (-9.9692) acc 21.8750 (23.4201) lr 1.9298e-03 eta 0:06:48
epoch [9/50] batch [5/94] loss -9.3125 (-10.2500) acc 14.0625 (22.1875) lr 1.9048e-03 eta 0:13:59
epoch [9/50] batch [10/94] loss -6.0312 (-10.1961) acc 23.4375 (21.7188) lr 1.9048e-03 eta 0:10:26
epoch [9/50] batch [15/94] loss -7.8320 (-10.2674) acc 17.1875 (22.2917) lr 1.9048e-03 eta 0:09:12
epoch [9/50] batch [20/94] loss -6.4258 (-10.3611) acc 21.8750 (22.9688) lr 1.9048e-03 eta 0:08:38
epoch [9/50] batch [25/94] loss -12.5469 (-10.5780) acc 21.8750 (22.6250) lr 1.9048e-03 eta 0:08:16
epoch [9/50] batch [30/94] loss -9.9766 (-10.5572) acc 25.0000 (23.2812) lr 1.9048e-03 eta 0:08:00
epoch [9/50] batch [35/94] loss -11.9531 (-10.7479) acc 23.4375 (23.4821) lr 1.9048e-03 eta 0:07:46
epoch [9/50] batch [40/94] loss -7.7422 (-10.8472) acc 23.4375 (23.3203) lr 1.9048e-03 eta 0:07:33
epoch [9/50] batch [45/94] loss -6.3125 (-10.6785) acc 32.8125 (23.3681) lr 1.9048e-03 eta 0:07:25
epoch [9/50] batch [50/94] loss -9.4141 (-10.6056) acc 26.5625 (23.2188) lr 1.9048e-03 eta 0:07:19
epoch [9/50] batch [55/94] loss -9.8750 (-10.4969) acc 25.0000 (23.2955) lr 1.9048e-03 eta 0:07:13
epoch [9/50] batch [60/94] loss -8.9453 (-10.4297) acc 32.8125 (23.4375) lr 1.9048e-03 eta 0:07:07
epoch [9/50] batch [65/94] loss -7.9141 (-10.4172) acc 23.4375 (23.3413) lr 1.9048e-03 eta 0:07:03
epoch [9/50] batch [70/94] loss -11.8125 (-10.3742) acc 20.3125 (23.2143) lr 1.9048e-03 eta 0:07:00
epoch [9/50] batch [75/94] loss -10.7969 (-10.4336) acc 23.4375 (23.1042) lr 1.9048e-03 eta 0:06:58
epoch [9/50] batch [80/94] loss -8.0312 (-10.4915) acc 25.0000 (23.2812) lr 1.9048e-03 eta 0:06:55
epoch [9/50] batch [85/94] loss -8.2891 (-10.4508) acc 23.4375 (23.1250) lr 1.9048e-03 eta 0:06:51
epoch [9/50] batch [90/94] loss -10.6328 (-10.4365) acc 14.0625 (23.0382) lr 1.9048e-03 eta 0:06:47
epoch [10/50] batch [5/94] loss -11.6016 (-11.0719) acc 25.0000 (20.0000) lr 1.8763e-03 eta 0:14:06
epoch [10/50] batch [10/94] loss -12.3359 (-11.1273) acc 15.6250 (20.9375) lr 1.8763e-03 eta 0:09:50
epoch [10/50] batch [15/94] loss -8.7344 (-10.7151) acc 26.5625 (22.8125) lr 1.8763e-03 eta 0:08:23
epoch [10/50] batch [20/94] loss -9.1172 (-10.6535) acc 23.4375 (22.5781) lr 1.8763e-03 eta 0:07:41
epoch [10/50] batch [25/94] loss -5.8047 (-10.6075) acc 23.4375 (22.6875) lr 1.8763e-03 eta 0:07:14
epoch [10/50] batch [30/94] loss -12.4922 (-10.7471) acc 17.1875 (22.8646) lr 1.8763e-03 eta 0:06:57
epoch [10/50] batch [35/94] loss -11.7422 (-10.9652) acc 20.3125 (22.4107) lr 1.8763e-03 eta 0:06:44
epoch [10/50] batch [40/94] loss -15.6797 (-11.0986) acc 17.1875 (22.3438) lr 1.8763e-03 eta 0:06:34
epoch [10/50] batch [45/94] loss -8.5000 (-10.9552) acc 23.4375 (22.7431) lr 1.8763e-03 eta 0:06:26
epoch [10/50] batch [50/94] loss -9.5391 (-10.8746) acc 32.8125 (23.1250) lr 1.8763e-03 eta 0:06:21
epoch [10/50] batch [55/94] loss -11.0312 (-10.8788) acc 25.0000 (23.3523) lr 1.8763e-03 eta 0:06:16
epoch [10/50] batch [60/94] loss -8.4375 (-10.7725) acc 25.0000 (23.7500) lr 1.8763e-03 eta 0:06:13
epoch [10/50] batch [65/94] loss -9.1172 (-10.7560) acc 18.7500 (23.4856) lr 1.8763e-03 eta 0:06:09
epoch [10/50] batch [70/94] loss -9.2266 (-10.7936) acc 17.1875 (23.4821) lr 1.8763e-03 eta 0:06:06
epoch [10/50] batch [75/94] loss -12.3594 (-10.8580) acc 20.3125 (23.1875) lr 1.8763e-03 eta 0:06:03
epoch [10/50] batch [80/94] loss -11.1094 (-10.8370) acc 20.3125 (23.0859) lr 1.8763e-03 eta 0:06:01
epoch [10/50] batch [85/94] loss -9.7500 (-10.9117) acc 23.4375 (23.1250) lr 1.8763e-03 eta 0:05:59
epoch [10/50] batch [90/94] loss -6.5703 (-10.8685) acc 28.1250 (23.1250) lr 1.8763e-03 eta 0:05:58
epoch [11/50] batch [5/94] loss -9.9844 (-9.9578) acc 25.0000 (21.8750) lr 1.8443e-03 eta 0:13:45
epoch [11/50] batch [10/94] loss -11.7344 (-10.3883) acc 26.5625 (22.9688) lr 1.8443e-03 eta 0:10:09
epoch [11/50] batch [15/94] loss -15.1797 (-10.6792) acc 14.0625 (22.2917) lr 1.8443e-03 eta 0:08:54
epoch [11/50] batch [20/94] loss -6.1250 (-9.9297) acc 26.5625 (22.6562) lr 1.8443e-03 eta 0:08:18
epoch [11/50] batch [25/94] loss -11.0547 (-10.1447) acc 10.9375 (22.3125) lr 1.8443e-03 eta 0:07:55
epoch [11/50] batch [30/94] loss -10.3906 (-10.1471) acc 29.6875 (23.0208) lr 1.8443e-03 eta 0:07:40
epoch [11/50] batch [35/94] loss -10.5625 (-10.4437) acc 21.8750 (22.5446) lr 1.8443e-03 eta 0:07:28
epoch [11/50] batch [40/94] loss -9.8828 (-10.4574) acc 31.2500 (22.7344) lr 1.8443e-03 eta 0:07:19
epoch [11/50] batch [45/94] loss -10.4297 (-10.4152) acc 20.3125 (22.7083) lr 1.8443e-03 eta 0:07:13
epoch [11/50] batch [50/94] loss -13.1562 (-10.3120) acc 28.1250 (22.6562) lr 1.8443e-03 eta 0:07:07
epoch [11/50] batch [55/94] loss -7.4219 (-10.2229) acc 15.6250 (22.8125) lr 1.8443e-03 eta 0:07:02
epoch [11/50] batch [60/94] loss -12.2344 (-10.3859) acc 23.4375 (22.6823) lr 1.8443e-03 eta 0:06:58
epoch [11/50] batch [65/94] loss -11.2656 (-10.4966) acc 26.5625 (22.4760) lr 1.8443e-03 eta 0:06:54
epoch [11/50] batch [70/94] loss -12.6406 (-10.4759) acc 28.1250 (22.5670) lr 1.8443e-03 eta 0:06:51
epoch [11/50] batch [75/94] loss -10.0000 (-10.5068) acc 23.4375 (22.5000) lr 1.8443e-03 eta 0:06:48
epoch [11/50] batch [80/94] loss -15.2969 (-10.5881) acc 26.5625 (22.3242) lr 1.8443e-03 eta 0:06:46
epoch [11/50] batch [85/94] loss -12.0078 (-10.5814) acc 34.3750 (22.6287) lr 1.8443e-03 eta 0:06:42
epoch [11/50] batch [90/94] loss -13.5000 (-10.5345) acc 18.7500 (22.5868) lr 1.8443e-03 eta 0:06:37
epoch [12/50] batch [5/94] loss -8.5469 (-9.0648) acc 25.0000 (22.8125) lr 1.8090e-03 eta 0:11:23
epoch [12/50] batch [10/94] loss -6.3711 (-9.4250) acc 32.8125 (25.1562) lr 1.8090e-03 eta 0:08:39
epoch [12/50] batch [15/94] loss -10.6641 (-9.4958) acc 17.1875 (24.5833) lr 1.8090e-03 eta 0:07:41
epoch [12/50] batch [20/94] loss -9.9219 (-9.6723) acc 28.1250 (24.0625) lr 1.8090e-03 eta 0:07:16
epoch [12/50] batch [25/94] loss -8.3750 (-9.6831) acc 29.6875 (24.0000) lr 1.8090e-03 eta 0:06:53
epoch [12/50] batch [30/94] loss -5.8438 (-9.5919) acc 28.1250 (23.9583) lr 1.8090e-03 eta 0:06:43
epoch [12/50] batch [35/94] loss -11.1484 (-9.7593) acc 25.0000 (24.1071) lr 1.8090e-03 eta 0:06:33
epoch [12/50] batch [40/94] loss -11.5312 (-9.6794) acc 23.4375 (24.1797) lr 1.8090e-03 eta 0:06:29
epoch [12/50] batch [45/94] loss -11.4766 (-9.8574) acc 18.7500 (23.8194) lr 1.8090e-03 eta 0:06:26
epoch [12/50] batch [50/94] loss -7.9258 (-9.8234) acc 17.1875 (23.8438) lr 1.8090e-03 eta 0:06:24
epoch [12/50] batch [55/94] loss -11.5000 (-9.9597) acc 28.1250 (23.7216) lr 1.8090e-03 eta 0:06:23
epoch [12/50] batch [60/94] loss -12.5312 (-9.9599) acc 25.0000 (23.9062) lr 1.8090e-03 eta 0:06:22
epoch [12/50] batch [65/94] loss -12.0859 (-9.9610) acc 20.3125 (23.8221) lr 1.8090e-03 eta 0:06:21
epoch [12/50] batch [70/94] loss -10.1484 (-9.8511) acc 26.5625 (23.7054) lr 1.8090e-03 eta 0:06:20
epoch [12/50] batch [75/94] loss -6.3398 (-9.8405) acc 21.8750 (23.6458) lr 1.8090e-03 eta 0:06:19
epoch [12/50] batch [80/94] loss -11.3047 (-9.7966) acc 18.7500 (23.3984) lr 1.8090e-03 eta 0:06:18
epoch [12/50] batch [85/94] loss -8.3672 (-9.7561) acc 17.1875 (23.2721) lr 1.8090e-03 eta 0:06:16
epoch [12/50] batch [90/94] loss -10.3125 (-9.8070) acc 23.4375 (23.1771) lr 1.8090e-03 eta 0:06:12
epoch [13/50] batch [5/94] loss -6.7773 (-9.0117) acc 25.0000 (25.6250) lr 1.7705e-03 eta 0:13:16
epoch [13/50] batch [10/94] loss -9.4375 (-10.2434) acc 12.5000 (25.0000) lr 1.7705e-03 eta 0:09:43
epoch [13/50] batch [15/94] loss -9.4766 (-10.5273) acc 25.0000 (24.3750) lr 1.7705e-03 eta 0:08:30
epoch [13/50] batch [20/94] loss -9.7344 (-10.2172) acc 21.8750 (23.5938) lr 1.7705e-03 eta 0:07:54
epoch [13/50] batch [25/94] loss -12.2812 (-10.4162) acc 20.3125 (23.1875) lr 1.7705e-03 eta 0:07:33
epoch [13/50] batch [30/94] loss -14.0859 (-10.5349) acc 25.0000 (23.7500) lr 1.7705e-03 eta 0:07:18
epoch [13/50] batch [35/94] loss -5.8594 (-10.5484) acc 31.2500 (23.7054) lr 1.7705e-03 eta 0:07:08
epoch [13/50] batch [40/94] loss -5.5898 (-10.2564) acc 23.4375 (23.6719) lr 1.7705e-03 eta 0:07:00
epoch [13/50] batch [45/94] loss -12.8203 (-10.3325) acc 17.1875 (23.3681) lr 1.7705e-03 eta 0:06:52
epoch [13/50] batch [50/94] loss -10.2578 (-10.3925) acc 23.4375 (23.4375) lr 1.7705e-03 eta 0:06:47
epoch [13/50] batch [55/94] loss -10.4297 (-10.3602) acc 26.5625 (23.6364) lr 1.7705e-03 eta 0:06:43
epoch [13/50] batch [60/94] loss -13.1406 (-10.3081) acc 28.1250 (23.6979) lr 1.7705e-03 eta 0:06:38
epoch [13/50] batch [65/94] loss -10.7031 (-10.3758) acc 23.4375 (23.5577) lr 1.7705e-03 eta 0:06:34
epoch [13/50] batch [70/94] loss -7.2383 (-10.3383) acc 17.1875 (23.4375) lr 1.7705e-03 eta 0:06:31
epoch [13/50] batch [75/94] loss -7.2695 (-10.3599) acc 18.7500 (23.3750) lr 1.7705e-03 eta 0:06:25
epoch [13/50] batch [80/94] loss -5.5312 (-10.3109) acc 29.6875 (23.3008) lr 1.7705e-03 eta 0:06:23
epoch [13/50] batch [85/94] loss -7.1758 (-10.2499) acc 20.3125 (23.2353) lr 1.7705e-03 eta 0:06:20
epoch [13/50] batch [90/94] loss -15.8125 (-10.3009) acc 17.1875 (23.1424) lr 1.7705e-03 eta 0:06:16
epoch [14/50] batch [5/94] loss -8.4688 (-10.8672) acc 23.4375 (21.2500) lr 1.7290e-03 eta 0:11:22
epoch [14/50] batch [10/94] loss -8.6562 (-10.6141) acc 31.2500 (24.2188) lr 1.7290e-03 eta 0:08:33
epoch [14/50] batch [15/94] loss -12.1562 (-10.8646) acc 18.7500 (21.9792) lr 1.7290e-03 eta 0:07:38
epoch [14/50] batch [20/94] loss -9.7031 (-11.1762) acc 29.6875 (21.7188) lr 1.7290e-03 eta 0:07:14
epoch [14/50] batch [25/94] loss -14.2734 (-11.1906) acc 14.0625 (22.0000) lr 1.7290e-03 eta 0:06:53
epoch [14/50] batch [30/94] loss -9.5938 (-10.9374) acc 23.4375 (22.3438) lr 1.7290e-03 eta 0:06:41
epoch [14/50] batch [35/94] loss -9.5938 (-10.9019) acc 32.8125 (22.7232) lr 1.7290e-03 eta 0:06:33
epoch [14/50] batch [40/94] loss -10.1094 (-10.9063) acc 29.6875 (22.8906) lr 1.7290e-03 eta 0:06:28
epoch [14/50] batch [45/94] loss -15.1406 (-10.9636) acc 23.4375 (23.3333) lr 1.7290e-03 eta 0:06:24
epoch [14/50] batch [50/94] loss -16.0312 (-10.8973) acc 17.1875 (22.9375) lr 1.7290e-03 eta 0:06:20
epoch [14/50] batch [55/94] loss -11.7031 (-10.8283) acc 20.3125 (22.8693) lr 1.7290e-03 eta 0:06:17
epoch [14/50] batch [60/94] loss -12.0781 (-10.9024) acc 28.1250 (23.0208) lr 1.7290e-03 eta 0:06:15
epoch [14/50] batch [65/94] loss -15.0547 (-10.8817) acc 14.0625 (22.9808) lr 1.7290e-03 eta 0:06:12
epoch [14/50] batch [70/94] loss -10.2422 (-10.8806) acc 21.8750 (22.7232) lr 1.7290e-03 eta 0:06:10
epoch [14/50] batch [75/94] loss -9.0391 (-10.8516) acc 25.0000 (22.7292) lr 1.7290e-03 eta 0:06:09
epoch [14/50] batch [80/94] loss -10.4141 (-10.7647) acc 29.6875 (22.6367) lr 1.7290e-03 eta 0:06:07
epoch [14/50] batch [85/94] loss -8.0781 (-10.7191) acc 23.4375 (22.7390) lr 1.7290e-03 eta 0:06:03
epoch [14/50] batch [90/94] loss -12.2812 (-10.7891) acc 18.7500 (22.7083) lr 1.7290e-03 eta 0:05:59
epoch [15/50] batch [5/94] loss -9.8125 (-10.3781) acc 23.4375 (24.6875) lr 1.6845e-03 eta 0:11:51
epoch [15/50] batch [10/94] loss -13.2656 (-11.0461) acc 17.1875 (24.2188) lr 1.6845e-03 eta 0:08:24
epoch [15/50] batch [15/94] loss -7.2930 (-10.6424) acc 23.4375 (23.4375) lr 1.6845e-03 eta 0:07:22
epoch [15/50] batch [20/94] loss -8.7891 (-10.3691) acc 25.0000 (23.2812) lr 1.6845e-03 eta 0:06:48
epoch [15/50] batch [25/94] loss -8.1406 (-9.8866) acc 23.4375 (23.1875) lr 1.6845e-03 eta 0:06:28
epoch [15/50] batch [30/94] loss -10.4531 (-9.8113) acc 31.2500 (23.5417) lr 1.6845e-03 eta 0:06:14
epoch [15/50] batch [35/94] loss -8.8125 (-9.6825) acc 21.8750 (23.3482) lr 1.6845e-03 eta 0:06:03
epoch [15/50] batch [40/94] loss -10.5781 (-9.7747) acc 18.7500 (23.2031) lr 1.6845e-03 eta 0:05:56
epoch [15/50] batch [45/94] loss -11.3516 (-9.7285) acc 23.4375 (23.5069) lr 1.6845e-03 eta 0:05:50
epoch [15/50] batch [50/94] loss -13.3281 (-9.8321) acc 17.1875 (23.2188) lr 1.6845e-03 eta 0:05:45
epoch [15/50] batch [55/94] loss -11.5234 (-9.9123) acc 29.6875 (23.1818) lr 1.6845e-03 eta 0:05:42
epoch [15/50] batch [60/94] loss -9.9141 (-9.8811) acc 15.6250 (22.9167) lr 1.6845e-03 eta 0:05:40
epoch [15/50] batch [65/94] loss -11.5625 (-10.0209) acc 15.6250 (22.8846) lr 1.6845e-03 eta 0:05:36
epoch [15/50] batch [70/94] loss -9.7812 (-10.0650) acc 25.0000 (22.9464) lr 1.6845e-03 eta 0:05:34
epoch [15/50] batch [75/94] loss -7.4375 (-10.0319) acc 23.4375 (22.7917) lr 1.6845e-03 eta 0:05:33
epoch [15/50] batch [80/94] loss -8.0156 (-10.0606) acc 26.5625 (22.6367) lr 1.6845e-03 eta 0:05:33
epoch [15/50] batch [85/94] loss -9.7344 (-10.0939) acc 34.3750 (22.5368) lr 1.6845e-03 eta 0:05:32
epoch [15/50] batch [90/94] loss -9.5703 (-10.1336) acc 20.3125 (22.6736) lr 1.6845e-03 eta 0:05:30
epoch [16/50] batch [5/94] loss -9.5156 (-10.9969) acc 28.1250 (22.8125) lr 1.6374e-03 eta 0:10:30
epoch [16/50] batch [10/94] loss -12.2812 (-10.6527) acc 23.4375 (25.0000) lr 1.6374e-03 eta 0:08:05
epoch [16/50] batch [15/94] loss -12.5156 (-10.4471) acc 12.5000 (23.3333) lr 1.6374e-03 eta 0:07:16
epoch [16/50] batch [20/94] loss -12.2500 (-11.0814) acc 20.3125 (23.2031) lr 1.6374e-03 eta 0:06:52
epoch [16/50] batch [25/94] loss -10.9766 (-10.8539) acc 23.4375 (23.6875) lr 1.6374e-03 eta 0:06:37
epoch [16/50] batch [30/94] loss -11.8906 (-10.8069) acc 25.0000 (23.5417) lr 1.6374e-03 eta 0:06:27
epoch [16/50] batch [35/94] loss -11.0234 (-10.7215) acc 18.7500 (23.6161) lr 1.6374e-03 eta 0:06:21
epoch [16/50] batch [40/94] loss -11.8594 (-10.8335) acc 20.3125 (23.2422) lr 1.6374e-03 eta 0:06:14
epoch [16/50] batch [45/94] loss -16.9844 (-10.9256) acc 26.5625 (23.5417) lr 1.6374e-03 eta 0:06:10
epoch [16/50] batch [50/94] loss -11.6719 (-11.0852) acc 20.3125 (23.5625) lr 1.6374e-03 eta 0:06:06
epoch [16/50] batch [55/94] loss -9.8828 (-10.9695) acc 29.6875 (23.8636) lr 1.6374e-03 eta 0:06:02
epoch [16/50] batch [60/94] loss -9.2500 (-10.8152) acc 23.4375 (23.9844) lr 1.6374e-03 eta 0:06:00
epoch [16/50] batch [65/94] loss -11.3281 (-10.7812) acc 23.4375 (24.0625) lr 1.6374e-03 eta 0:05:58
epoch [16/50] batch [70/94] loss -9.5625 (-10.7217) acc 18.7500 (23.8393) lr 1.6374e-03 eta 0:05:56
epoch [16/50] batch [75/94] loss -11.5625 (-10.7794) acc 29.6875 (23.6667) lr 1.6374e-03 eta 0:05:53
epoch [16/50] batch [80/94] loss -13.3672 (-10.7303) acc 18.7500 (23.8281) lr 1.6374e-03 eta 0:05:49
epoch [16/50] batch [85/94] loss -15.8438 (-10.7676) acc 15.6250 (23.6213) lr 1.6374e-03 eta 0:05:45
epoch [16/50] batch [90/94] loss -11.4219 (-10.8051) acc 12.5000 (23.3333) lr 1.6374e-03 eta 0:05:41
epoch [17/50] batch [5/94] loss -16.2500 (-12.3289) acc 18.7500 (20.9375) lr 1.5878e-03 eta 0:11:26
epoch [17/50] batch [10/94] loss -7.0703 (-11.4113) acc 21.8750 (20.1562) lr 1.5878e-03 eta 0:08:14
epoch [17/50] batch [15/94] loss -7.3789 (-10.6375) acc 25.0000 (19.7917) lr 1.5878e-03 eta 0:07:07
epoch [17/50] batch [20/94] loss -15.4766 (-10.7449) acc 25.0000 (20.8594) lr 1.5878e-03 eta 0:06:39
epoch [17/50] batch [25/94] loss -9.5078 (-10.8781) acc 17.1875 (20.7500) lr 1.5878e-03 eta 0:06:17
epoch [17/50] batch [30/94] loss -8.4609 (-10.8341) acc 20.3125 (21.0417) lr 1.5878e-03 eta 0:06:04
epoch [17/50] batch [35/94] loss -7.5977 (-10.8992) acc 20.3125 (21.8304) lr 1.5878e-03 eta 0:05:57
epoch [17/50] batch [40/94] loss -13.4922 (-10.6420) acc 25.0000 (22.1484) lr 1.5878e-03 eta 0:05:48
epoch [17/50] batch [45/94] loss -9.5000 (-10.7028) acc 32.8125 (22.5000) lr 1.5878e-03 eta 0:05:43
epoch [17/50] batch [50/94] loss -12.6797 (-10.9027) acc 23.4375 (22.6875) lr 1.5878e-03 eta 0:05:36
epoch [17/50] batch [55/94] loss -6.5469 (-10.6707) acc 28.1250 (22.5852) lr 1.5878e-03 eta 0:05:32
epoch [17/50] batch [60/94] loss -10.9609 (-10.6345) acc 25.0000 (22.6562) lr 1.5878e-03 eta 0:05:29
epoch [17/50] batch [65/94] loss -8.7188 (-10.6602) acc 21.8750 (22.6923) lr 1.5878e-03 eta 0:05:25
epoch [17/50] batch [70/94] loss -11.1641 (-10.6742) acc 20.3125 (22.7679) lr 1.5878e-03 eta 0:05:22
epoch [17/50] batch [75/94] loss -10.1797 (-10.7276) acc 29.6875 (23.0625) lr 1.5878e-03 eta 0:05:19
epoch [17/50] batch [80/94] loss -10.1172 (-10.6708) acc 20.3125 (22.8906) lr 1.5878e-03 eta 0:05:18
epoch [17/50] batch [85/94] loss -12.5625 (-10.5926) acc 17.1875 (22.9228) lr 1.5878e-03 eta 0:05:14
epoch [17/50] batch [90/94] loss -8.4062 (-10.4063) acc 23.4375 (23.0903) lr 1.5878e-03 eta 0:05:11
epoch [18/50] batch [5/94] loss -9.9375 (-9.9234) acc 23.4375 (20.9375) lr 1.5358e-03 eta 0:10:23
epoch [18/50] batch [10/94] loss -10.6797 (-10.4176) acc 17.1875 (21.5625) lr 1.5358e-03 eta 0:07:43
epoch [18/50] batch [15/94] loss -5.0195 (-10.0229) acc 26.5625 (22.5000) lr 1.5358e-03 eta 0:06:47
epoch [18/50] batch [20/94] loss -10.8984 (-9.8912) acc 20.3125 (22.0312) lr 1.5358e-03 eta 0:06:17
epoch [18/50] batch [25/94] loss -14.2500 (-9.8973) acc 25.0000 (22.3125) lr 1.5358e-03 eta 0:06:01
epoch [18/50] batch [30/94] loss -18.5469 (-10.6025) acc 21.8750 (22.3958) lr 1.5358e-03 eta 0:05:50
epoch [18/50] batch [35/94] loss -8.3203 (-10.4244) acc 23.4375 (22.4554) lr 1.5358e-03 eta 0:05:43
epoch [18/50] batch [40/94] loss -10.6797 (-10.3066) acc 18.7500 (22.7344) lr 1.5358e-03 eta 0:05:36
epoch [18/50] batch [45/94] loss -17.7656 (-10.3628) acc 25.0000 (23.1944) lr 1.5358e-03 eta 0:05:32
epoch [18/50] batch [50/94] loss -12.1328 (-10.4100) acc 20.3125 (22.8125) lr 1.5358e-03 eta 0:05:28
epoch [18/50] batch [55/94] loss -9.0703 (-10.4972) acc 18.7500 (22.3864) lr 1.5358e-03 eta 0:05:23
epoch [18/50] batch [60/94] loss -10.5469 (-10.5781) acc 18.7500 (22.1875) lr 1.5358e-03 eta 0:05:19
epoch [18/50] batch [65/94] loss -14.5156 (-10.6395) acc 10.9375 (21.8750) lr 1.5358e-03 eta 0:05:16
epoch [18/50] batch [70/94] loss -10.7891 (-10.5480) acc 20.3125 (21.8080) lr 1.5358e-03 eta 0:05:14
epoch [18/50] batch [75/94] loss -8.0547 (-10.3916) acc 23.4375 (22.1667) lr 1.5358e-03 eta 0:05:13
epoch [18/50] batch [80/94] loss -10.3594 (-10.3647) acc 20.3125 (22.1289) lr 1.5358e-03 eta 0:05:11
epoch [18/50] batch [85/94] loss -9.3047 (-10.4107) acc 28.1250 (22.1140) lr 1.5358e-03 eta 0:05:09
epoch [18/50] batch [90/94] loss -13.2812 (-10.3105) acc 26.5625 (22.3438) lr 1.5358e-03 eta 0:05:06
epoch [19/50] batch [5/94] loss -9.2422 (-9.9555) acc 26.5625 (24.3750) lr 1.4818e-03 eta 0:10:07
epoch [19/50] batch [10/94] loss -10.1172 (-10.5027) acc 28.1250 (25.6250) lr 1.4818e-03 eta 0:07:34
epoch [19/50] batch [15/94] loss -8.1328 (-10.4388) acc 37.5000 (25.0000) lr 1.4818e-03 eta 0:06:44
epoch [19/50] batch [20/94] loss -8.8906 (-10.3959) acc 23.4375 (24.6875) lr 1.4818e-03 eta 0:06:17
epoch [19/50] batch [25/94] loss -10.2422 (-10.3150) acc 28.1250 (25.0000) lr 1.4818e-03 eta 0:06:00
epoch [19/50] batch [30/94] loss -13.9219 (-10.3046) acc 29.6875 (24.6875) lr 1.4818e-03 eta 0:05:47
epoch [19/50] batch [35/94] loss -14.0312 (-10.4425) acc 20.3125 (24.5982) lr 1.4818e-03 eta 0:05:36
epoch [19/50] batch [40/94] loss -11.0938 (-10.5071) acc 17.1875 (24.2188) lr 1.4818e-03 eta 0:05:29
epoch [19/50] batch [45/94] loss -6.5039 (-10.4102) acc 25.0000 (23.9236) lr 1.4818e-03 eta 0:05:25
epoch [19/50] batch [50/94] loss -11.8203 (-10.6313) acc 34.3750 (23.6562) lr 1.4818e-03 eta 0:05:24
epoch [19/50] batch [55/94] loss -12.5234 (-10.7374) acc 21.8750 (23.3523) lr 1.4818e-03 eta 0:05:23
epoch [19/50] batch [60/94] loss -13.3203 (-10.7367) acc 12.5000 (23.0729) lr 1.4818e-03 eta 0:05:21
epoch [19/50] batch [65/94] loss -9.2656 (-10.6927) acc 28.1250 (23.1731) lr 1.4818e-03 eta 0:05:19
epoch [19/50] batch [70/94] loss -9.6641 (-10.6719) acc 35.9375 (23.2366) lr 1.4818e-03 eta 0:05:18
epoch [19/50] batch [75/94] loss -11.7031 (-10.7214) acc 31.2500 (23.4792) lr 1.4818e-03 eta 0:05:17
epoch [19/50] batch [80/94] loss -12.1719 (-10.7215) acc 18.7500 (23.2812) lr 1.4818e-03 eta 0:05:15
epoch [19/50] batch [85/94] loss -9.6719 (-10.7516) acc 20.3125 (23.1801) lr 1.4818e-03 eta 0:05:13
epoch [19/50] batch [90/94] loss -13.3125 (-10.7806) acc 21.8750 (23.1076) lr 1.4818e-03 eta 0:05:10
epoch [20/50] batch [5/94] loss -8.7422 (-9.3055) acc 26.5625 (19.3750) lr 1.4258e-03 eta 0:10:28
epoch [20/50] batch [10/94] loss -7.6289 (-9.5117) acc 20.3125 (21.5625) lr 1.4258e-03 eta 0:07:46
epoch [20/50] batch [15/94] loss -13.4062 (-9.6773) acc 23.4375 (21.7708) lr 1.4258e-03 eta 0:06:51
epoch [20/50] batch [20/94] loss -6.8633 (-9.9711) acc 20.3125 (21.3281) lr 1.4258e-03 eta 0:06:22
epoch [20/50] batch [25/94] loss -11.4375 (-10.0784) acc 17.1875 (21.2500) lr 1.4258e-03 eta 0:06:03
epoch [20/50] batch [30/94] loss -11.1328 (-10.2349) acc 20.3125 (21.6146) lr 1.4258e-03 eta 0:05:51
epoch [20/50] batch [35/94] loss -12.3828 (-10.1103) acc 25.0000 (21.9196) lr 1.4258e-03 eta 0:05:44
epoch [20/50] batch [40/94] loss -12.1094 (-10.1979) acc 21.8750 (22.0312) lr 1.4258e-03 eta 0:05:40
epoch [20/50] batch [45/94] loss -12.9219 (-10.1882) acc 29.6875 (21.8750) lr 1.4258e-03 eta 0:05:36
epoch [20/50] batch [50/94] loss -11.7422 (-10.5189) acc 20.3125 (21.6875) lr 1.4258e-03 eta 0:05:32
epoch [20/50] batch [55/94] loss -7.9141 (-10.5476) acc 10.9375 (21.5341) lr 1.4258e-03 eta 0:05:29
epoch [20/50] batch [60/94] loss -9.5078 (-10.3978) acc 29.6875 (21.7188) lr 1.4258e-03 eta 0:05:26
epoch [20/50] batch [65/94] loss -9.0547 (-10.4049) acc 12.5000 (21.4904) lr 1.4258e-03 eta 0:05:22
epoch [20/50] batch [70/94] loss -12.1484 (-10.5023) acc 26.5625 (21.5179) lr 1.4258e-03 eta 0:05:19
epoch [20/50] batch [75/94] loss -10.9922 (-10.4527) acc 25.0000 (21.3750) lr 1.4258e-03 eta 0:05:17
epoch [20/50] batch [80/94] loss -11.6406 (-10.5833) acc 31.2500 (21.5625) lr 1.4258e-03 eta 0:05:14
epoch [20/50] batch [85/94] loss -9.1172 (-10.6013) acc 26.5625 (21.7831) lr 1.4258e-03 eta 0:05:11
epoch [20/50] batch [90/94] loss -10.2891 (-10.5472) acc 21.8750 (21.8750) lr 1.4258e-03 eta 0:05:07
epoch [21/50] batch [5/94] loss -12.7812 (-13.2266) acc 28.1250 (25.6250) lr 1.3681e-03 eta 0:10:39
epoch [21/50] batch [10/94] loss -11.2422 (-13.0391) acc 20.3125 (21.5625) lr 1.3681e-03 eta 0:07:47
epoch [21/50] batch [15/94] loss -6.8906 (-12.1586) acc 23.4375 (21.8750) lr 1.3681e-03 eta 0:06:51
epoch [21/50] batch [20/94] loss -7.0820 (-11.6836) acc 20.3125 (22.6562) lr 1.3681e-03 eta 0:06:18
epoch [21/50] batch [25/94] loss -13.0703 (-11.5566) acc 31.2500 (23.0000) lr 1.3681e-03 eta 0:05:58
epoch [21/50] batch [30/94] loss -10.1484 (-11.3850) acc 17.1875 (22.6562) lr 1.3681e-03 eta 0:05:45
epoch [21/50] batch [35/94] loss -9.6172 (-11.0559) acc 18.7500 (21.9643) lr 1.3681e-03 eta 0:05:35
epoch [21/50] batch [40/94] loss -11.4062 (-10.9281) acc 20.3125 (21.8750) lr 1.3681e-03 eta 0:05:29
epoch [21/50] batch [45/94] loss -9.6875 (-11.0141) acc 20.3125 (21.8403) lr 1.3681e-03 eta 0:05:23
epoch [21/50] batch [50/94] loss -8.6250 (-10.8308) acc 23.4375 (21.8750) lr 1.3681e-03 eta 0:05:18
epoch [21/50] batch [55/94] loss -11.4453 (-10.8251) acc 29.6875 (22.1023) lr 1.3681e-03 eta 0:05:14
epoch [21/50] batch [60/94] loss -11.5547 (-10.8466) acc 21.8750 (22.3438) lr 1.3681e-03 eta 0:05:11
epoch [21/50] batch [65/94] loss -10.0938 (-10.7994) acc 20.3125 (22.2115) lr 1.3681e-03 eta 0:05:07
epoch [21/50] batch [70/94] loss -14.5078 (-10.8135) acc 23.4375 (22.4777) lr 1.3681e-03 eta 0:05:05
epoch [21/50] batch [75/94] loss -7.4648 (-10.7527) acc 23.4375 (22.5000) lr 1.3681e-03 eta 0:05:04
epoch [21/50] batch [80/94] loss -8.5234 (-10.7694) acc 21.8750 (22.3438) lr 1.3681e-03 eta 0:05:02
epoch [21/50] batch [85/94] loss -5.0703 (-10.5967) acc 18.7500 (22.2059) lr 1.3681e-03 eta 0:05:00
epoch [21/50] batch [90/94] loss -11.4453 (-10.5425) acc 20.3125 (22.5000) lr 1.3681e-03 eta 0:04:57
epoch [22/50] batch [5/94] loss -10.0703 (-9.7859) acc 25.0000 (26.5625) lr 1.3090e-03 eta 0:09:55
epoch [22/50] batch [10/94] loss -10.4609 (-9.9344) acc 25.0000 (25.1562) lr 1.3090e-03 eta 0:07:18
epoch [22/50] batch [15/94] loss -15.7500 (-11.0057) acc 12.5000 (23.0208) lr 1.3090e-03 eta 0:06:26
epoch [22/50] batch [20/94] loss -7.9180 (-10.5260) acc 21.8750 (23.5938) lr 1.3090e-03 eta 0:05:58
epoch [22/50] batch [25/94] loss -11.0234 (-10.6248) acc 12.5000 (22.8750) lr 1.3090e-03 eta 0:05:41
epoch [22/50] batch [30/94] loss -9.1250 (-10.5668) acc 21.8750 (22.6042) lr 1.3090e-03 eta 0:05:29
epoch [22/50] batch [35/94] loss -5.3867 (-10.2700) acc 23.4375 (22.7679) lr 1.3090e-03 eta 0:05:20
epoch [22/50] batch [40/94] loss -7.4062 (-10.1560) acc 32.8125 (23.1250) lr 1.3090e-03 eta 0:05:15
epoch [22/50] batch [45/94] loss -10.2422 (-10.1400) acc 31.2500 (23.0208) lr 1.3090e-03 eta 0:05:09
epoch [22/50] batch [50/94] loss -11.9922 (-10.0689) acc 23.4375 (23.0312) lr 1.3090e-03 eta 0:05:04
epoch [22/50] batch [55/94] loss -9.4219 (-10.0590) acc 28.1250 (23.0398) lr 1.3090e-03 eta 0:05:01
epoch [22/50] batch [60/94] loss -13.6719 (-10.0351) acc 20.3125 (23.4896) lr 1.3090e-03 eta 0:04:58
epoch [22/50] batch [65/94] loss -12.6016 (-9.9775) acc 26.5625 (23.5096) lr 1.3090e-03 eta 0:04:55
epoch [22/50] batch [70/94] loss -10.7812 (-9.9757) acc 18.7500 (23.5268) lr 1.3090e-03 eta 0:04:52
epoch [22/50] batch [75/94] loss -8.8906 (-9.9412) acc 21.8750 (23.3125) lr 1.3090e-03 eta 0:04:50
epoch [22/50] batch [80/94] loss -10.1250 (-9.8973) acc 21.8750 (23.2617) lr 1.3090e-03 eta 0:04:48
epoch [22/50] batch [85/94] loss -13.8438 (-9.9026) acc 23.4375 (23.2169) lr 1.3090e-03 eta 0:04:45
epoch [22/50] batch [90/94] loss -6.2656 (-9.9410) acc 18.7500 (23.2639) lr 1.3090e-03 eta 0:04:41
epoch [23/50] batch [5/94] loss -10.0859 (-10.7008) acc 26.5625 (22.1875) lr 1.2487e-03 eta 0:08:36
epoch [23/50] batch [10/94] loss -9.7656 (-10.3902) acc 32.8125 (23.2812) lr 1.2487e-03 eta 0:06:25
epoch [23/50] batch [15/94] loss -14.8047 (-10.2737) acc 26.5625 (24.7917) lr 1.2487e-03 eta 0:05:44
epoch [23/50] batch [20/94] loss -7.3867 (-9.6984) acc 25.0000 (24.8438) lr 1.2487e-03 eta 0:05:25
epoch [23/50] batch [25/94] loss -14.5391 (-9.7958) acc 26.5625 (24.7500) lr 1.2487e-03 eta 0:05:16
epoch [23/50] batch [30/94] loss -10.4219 (-9.8561) acc 17.1875 (23.9062) lr 1.2487e-03 eta 0:05:07
epoch [23/50] batch [35/94] loss -11.7500 (-9.8165) acc 17.1875 (24.2857) lr 1.2487e-03 eta 0:05:00
epoch [23/50] batch [40/94] loss -7.4805 (-9.9226) acc 23.4375 (24.1016) lr 1.2487e-03 eta 0:04:55
epoch [23/50] batch [45/94] loss -10.9688 (-10.0364) acc 25.0000 (23.8542) lr 1.2487e-03 eta 0:04:50
epoch [23/50] batch [50/94] loss -8.5469 (-10.0418) acc 26.5625 (23.9062) lr 1.2487e-03 eta 0:04:47
epoch [23/50] batch [55/94] loss -11.1250 (-10.1670) acc 21.8750 (23.8068) lr 1.2487e-03 eta 0:04:45
epoch [23/50] batch [60/94] loss -7.1797 (-10.3104) acc 25.0000 (23.7760) lr 1.2487e-03 eta 0:04:43
epoch [23/50] batch [65/94] loss -5.9453 (-10.3228) acc 23.4375 (23.6298) lr 1.2487e-03 eta 0:04:41
epoch [23/50] batch [70/94] loss -10.4219 (-10.2509) acc 37.5000 (24.0402) lr 1.2487e-03 eta 0:04:39
epoch [23/50] batch [75/94] loss -10.5703 (-10.2532) acc 25.0000 (23.8125) lr 1.2487e-03 eta 0:04:37
epoch [23/50] batch [80/94] loss -5.7109 (-10.2103) acc 14.0625 (23.5352) lr 1.2487e-03 eta 0:04:35
epoch [23/50] batch [85/94] loss -17.5938 (-10.1635) acc 18.7500 (23.5110) lr 1.2487e-03 eta 0:04:32
epoch [23/50] batch [90/94] loss -14.1406 (-10.2349) acc 21.8750 (23.2465) lr 1.2487e-03 eta 0:04:30
epoch [24/50] batch [5/94] loss -8.4453 (-9.8539) acc 28.1250 (22.8125) lr 1.1874e-03 eta 0:08:45
epoch [24/50] batch [10/94] loss -6.9531 (-10.2055) acc 26.5625 (22.3438) lr 1.1874e-03 eta 0:06:23
epoch [24/50] batch [15/94] loss -12.0312 (-10.3661) acc 21.8750 (22.3958) lr 1.1874e-03 eta 0:05:42
epoch [24/50] batch [20/94] loss -8.8984 (-9.7998) acc 18.7500 (23.0469) lr 1.1874e-03 eta 0:05:23
epoch [24/50] batch [25/94] loss -10.4922 (-9.8572) acc 26.5625 (23.5625) lr 1.1874e-03 eta 0:05:13
epoch [24/50] batch [30/94] loss -14.4609 (-10.2326) acc 18.7500 (23.5938) lr 1.1874e-03 eta 0:05:03
epoch [24/50] batch [35/94] loss -11.9062 (-10.3930) acc 20.3125 (23.1250) lr 1.1874e-03 eta 0:04:58
epoch [24/50] batch [40/94] loss -6.5000 (-10.3882) acc 15.6250 (22.8516) lr 1.1874e-03 eta 0:04:53
epoch [24/50] batch [45/94] loss -8.0234 (-10.1995) acc 14.0625 (22.6389) lr 1.1874e-03 eta 0:04:49
epoch [24/50] batch [50/94] loss -8.5391 (-10.1450) acc 32.8125 (22.6875) lr 1.1874e-03 eta 0:04:47
epoch [24/50] batch [55/94] loss -10.2891 (-10.2707) acc 14.0625 (22.4716) lr 1.1874e-03 eta 0:04:44
epoch [24/50] batch [60/94] loss -10.6016 (-10.1515) acc 20.3125 (22.7083) lr 1.1874e-03 eta 0:04:41
epoch [24/50] batch [65/94] loss -12.0078 (-10.2993) acc 20.3125 (22.7404) lr 1.1874e-03 eta 0:04:39
epoch [24/50] batch [70/94] loss -11.0781 (-10.1779) acc 26.5625 (22.9241) lr 1.1874e-03 eta 0:04:37
epoch [24/50] batch [75/94] loss -8.2422 (-10.2503) acc 31.2500 (22.8542) lr 1.1874e-03 eta 0:04:36
epoch [24/50] batch [80/94] loss -10.4844 (-10.2293) acc 18.7500 (22.8516) lr 1.1874e-03 eta 0:04:34
epoch [24/50] batch [85/94] loss -15.9297 (-10.3403) acc 25.0000 (22.9228) lr 1.1874e-03 eta 0:04:32
epoch [24/50] batch [90/94] loss -10.3672 (-10.3621) acc 17.1875 (22.6562) lr 1.1874e-03 eta 0:04:29
epoch [25/50] batch [5/94] loss -8.5078 (-9.2961) acc 31.2500 (24.6875) lr 1.1253e-03 eta 0:08:11
epoch [25/50] batch [10/94] loss -12.5078 (-10.4840) acc 23.4375 (22.9688) lr 1.1253e-03 eta 0:06:05
epoch [25/50] batch [15/94] loss -16.0781 (-11.7352) acc 31.2500 (24.3750) lr 1.1253e-03 eta 0:05:23
epoch [25/50] batch [20/94] loss -9.2656 (-11.4439) acc 34.3750 (24.5312) lr 1.1253e-03 eta 0:05:04
epoch [25/50] batch [25/94] loss -13.6719 (-11.0177) acc 20.3125 (23.8125) lr 1.1253e-03 eta 0:04:52
epoch [25/50] batch [30/94] loss -7.9023 (-10.8324) acc 21.8750 (23.9583) lr 1.1253e-03 eta 0:04:43
epoch [25/50] batch [35/94] loss -6.7930 (-10.7033) acc 20.3125 (24.1518) lr 1.1253e-03 eta 0:04:36
epoch [25/50] batch [40/94] loss -12.0781 (-10.6229) acc 28.1250 (24.1406) lr 1.1253e-03 eta 0:04:31
epoch [25/50] batch [45/94] loss -9.2891 (-10.5695) acc 25.0000 (23.7500) lr 1.1253e-03 eta 0:04:27
epoch [25/50] batch [50/94] loss -14.5625 (-10.6082) acc 29.6875 (23.7812) lr 1.1253e-03 eta 0:04:24
epoch [25/50] batch [55/94] loss -14.7656 (-10.7376) acc 23.4375 (23.7216) lr 1.1253e-03 eta 0:04:21
epoch [25/50] batch [60/94] loss -11.8203 (-10.7955) acc 12.5000 (23.3854) lr 1.1253e-03 eta 0:04:19
epoch [25/50] batch [65/94] loss -13.4922 (-10.7721) acc 17.1875 (23.2212) lr 1.1253e-03 eta 0:04:17
epoch [25/50] batch [70/94] loss -5.6602 (-10.6594) acc 25.0000 (23.3259) lr 1.1253e-03 eta 0:04:15
epoch [25/50] batch [75/94] loss -9.3984 (-10.5413) acc 25.0000 (23.4583) lr 1.1253e-03 eta 0:04:14
epoch [25/50] batch [80/94] loss -13.6797 (-10.6185) acc 17.1875 (23.3984) lr 1.1253e-03 eta 0:04:12
epoch [25/50] batch [85/94] loss -10.2891 (-10.5974) acc 26.5625 (23.3088) lr 1.1253e-03 eta 0:04:10
epoch [25/50] batch [90/94] loss -9.9062 (-10.6030) acc 20.3125 (23.2118) lr 1.1253e-03 eta 0:04:07
epoch [26/50] batch [5/94] loss -13.2188 (-12.0758) acc 23.4375 (21.8750) lr 1.0628e-03 eta 0:08:51
epoch [26/50] batch [10/94] loss -11.4062 (-11.8355) acc 25.0000 (21.7188) lr 1.0628e-03 eta 0:06:26
epoch [26/50] batch [15/94] loss -12.4062 (-11.2732) acc 26.5625 (22.8125) lr 1.0628e-03 eta 0:05:37
epoch [26/50] batch [20/94] loss -8.7656 (-11.0303) acc 18.7500 (22.3438) lr 1.0628e-03 eta 0:05:11
epoch [26/50] batch [25/94] loss -11.3828 (-11.0855) acc 21.8750 (23.3125) lr 1.0628e-03 eta 0:04:57
epoch [26/50] batch [30/94] loss -7.5664 (-10.8346) acc 20.3125 (23.5417) lr 1.0628e-03 eta 0:04:47
epoch [26/50] batch [35/94] loss -6.1445 (-10.7491) acc 31.2500 (23.9286) lr 1.0628e-03 eta 0:04:39
epoch [26/50] batch [40/94] loss -11.3516 (-10.8072) acc 21.8750 (23.6328) lr 1.0628e-03 eta 0:04:34
epoch [26/50] batch [45/94] loss -8.1875 (-10.7240) acc 21.8750 (23.1250) lr 1.0628e-03 eta 0:04:29
epoch [26/50] batch [50/94] loss -7.7891 (-10.6732) acc 18.7500 (22.9375) lr 1.0628e-03 eta 0:04:25
epoch [26/50] batch [55/94] loss -8.9922 (-10.6209) acc 26.5625 (23.1534) lr 1.0628e-03 eta 0:04:20
epoch [26/50] batch [60/94] loss -11.1562 (-10.5126) acc 23.4375 (23.4635) lr 1.0628e-03 eta 0:04:16
epoch [26/50] batch [65/94] loss -13.9219 (-10.4838) acc 21.8750 (23.3654) lr 1.0628e-03 eta 0:04:13
epoch [26/50] batch [70/94] loss -10.7891 (-10.4958) acc 26.5625 (23.4375) lr 1.0628e-03 eta 0:04:11
epoch [26/50] batch [75/94] loss -8.7031 (-10.4904) acc 25.0000 (23.4583) lr 1.0628e-03 eta 0:04:09
epoch [26/50] batch [80/94] loss -10.5781 (-10.4945) acc 12.5000 (23.3984) lr 1.0628e-03 eta 0:04:07
epoch [26/50] batch [85/94] loss -14.1641 (-10.5034) acc 23.4375 (23.5110) lr 1.0628e-03 eta 0:04:04
epoch [26/50] batch [90/94] loss -9.6016 (-10.5192) acc 23.4375 (23.4028) lr 1.0628e-03 eta 0:04:01
epoch [27/50] batch [5/94] loss -10.6797 (-9.2219) acc 32.8125 (23.4375) lr 1.0000e-03 eta 0:08:24
epoch [27/50] batch [10/94] loss -10.7031 (-10.4547) acc 17.1875 (22.3438) lr 1.0000e-03 eta 0:06:02
epoch [27/50] batch [15/94] loss -11.2031 (-10.3284) acc 17.1875 (21.8750) lr 1.0000e-03 eta 0:05:11
epoch [27/50] batch [20/94] loss -8.1797 (-9.9068) acc 21.8750 (22.7344) lr 1.0000e-03 eta 0:04:39
epoch [27/50] batch [25/94] loss -8.4844 (-10.4867) acc 20.3125 (22.1875) lr 1.0000e-03 eta 0:04:25
epoch [27/50] batch [30/94] loss -15.5547 (-10.8240) acc 20.3125 (22.7604) lr 1.0000e-03 eta 0:04:16
epoch [27/50] batch [35/94] loss -8.1875 (-10.8920) acc 26.5625 (23.1250) lr 1.0000e-03 eta 0:04:11
epoch [27/50] batch [40/94] loss -11.1172 (-10.8889) acc 17.1875 (22.5391) lr 1.0000e-03 eta 0:04:07
epoch [27/50] batch [45/94] loss -15.7578 (-10.9576) acc 18.7500 (22.2569) lr 1.0000e-03 eta 0:04:03
epoch [27/50] batch [50/94] loss -8.3516 (-10.9145) acc 23.4375 (22.5000) lr 1.0000e-03 eta 0:03:57
epoch [27/50] batch [55/94] loss -9.7344 (-10.6818) acc 21.8750 (22.3580) lr 1.0000e-03 eta 0:03:54
epoch [27/50] batch [60/94] loss -12.3828 (-10.7079) acc 21.8750 (22.5260) lr 1.0000e-03 eta 0:03:51
epoch [27/50] batch [65/94] loss -12.4922 (-10.7439) acc 20.3125 (22.4279) lr 1.0000e-03 eta 0:03:49
epoch [27/50] batch [70/94] loss -9.9453 (-10.8326) acc 29.6875 (22.6339) lr 1.0000e-03 eta 0:03:48
epoch [27/50] batch [75/94] loss -7.6289 (-10.7741) acc 21.8750 (22.5417) lr 1.0000e-03 eta 0:03:46
epoch [27/50] batch [80/94] loss -6.8633 (-10.7006) acc 18.7500 (22.5977) lr 1.0000e-03 eta 0:03:45
epoch [27/50] batch [85/94] loss -7.6172 (-10.6317) acc 20.3125 (22.3713) lr 1.0000e-03 eta 0:03:43
epoch [27/50] batch [90/94] loss -14.0156 (-10.6941) acc 18.7500 (22.2222) lr 1.0000e-03 eta 0:03:41
epoch [28/50] batch [5/94] loss -7.3750 (-11.3523) acc 21.8750 (25.0000) lr 9.3721e-04 eta 0:07:46
epoch [28/50] batch [10/94] loss -11.6016 (-10.6195) acc 20.3125 (23.5938) lr 9.3721e-04 eta 0:05:44
epoch [28/50] batch [15/94] loss -7.9805 (-10.3419) acc 21.8750 (23.9583) lr 9.3721e-04 eta 0:05:05
epoch [28/50] batch [20/94] loss -4.5547 (-9.7348) acc 28.1250 (24.4531) lr 9.3721e-04 eta 0:04:47
epoch [28/50] batch [25/94] loss -8.7656 (-10.1216) acc 15.6250 (23.5625) lr 9.3721e-04 eta 0:04:34
epoch [28/50] batch [30/94] loss -12.2969 (-10.7279) acc 26.5625 (23.5417) lr 9.3721e-04 eta 0:04:24
epoch [28/50] batch [35/94] loss -6.4766 (-10.4749) acc 9.3750 (22.7679) lr 9.3721e-04 eta 0:04:17
epoch [28/50] batch [40/94] loss -14.1641 (-10.5479) acc 21.8750 (22.9688) lr 9.3721e-04 eta 0:04:11
epoch [28/50] batch [45/94] loss -10.5234 (-10.5873) acc 21.8750 (22.5347) lr 9.3721e-04 eta 0:04:07
epoch [28/50] batch [50/94] loss -12.9922 (-10.5350) acc 21.8750 (22.3125) lr 9.3721e-04 eta 0:04:02
epoch [28/50] batch [55/94] loss -12.2500 (-10.4035) acc 21.8750 (22.2443) lr 9.3721e-04 eta 0:04:00
epoch [28/50] batch [60/94] loss -3.9102 (-10.1577) acc 28.1250 (22.3698) lr 9.3721e-04 eta 0:03:57
epoch [28/50] batch [65/94] loss -9.3516 (-10.1527) acc 21.8750 (22.4519) lr 9.3721e-04 eta 0:03:54
epoch [28/50] batch [70/94] loss -7.9336 (-10.1777) acc 23.4375 (22.3661) lr 9.3721e-04 eta 0:03:53
epoch [28/50] batch [75/94] loss -10.6562 (-10.0978) acc 29.6875 (22.6875) lr 9.3721e-04 eta 0:03:51
epoch [28/50] batch [80/94] loss -9.9922 (-10.0704) acc 21.8750 (22.6562) lr 9.3721e-04 eta 0:03:50
epoch [28/50] batch [85/94] loss -13.7891 (-10.0486) acc 20.3125 (22.7206) lr 9.3721e-04 eta 0:03:48
epoch [28/50] batch [90/94] loss -9.4375 (-10.0195) acc 26.5625 (22.7951) lr 9.3721e-04 eta 0:03:45
epoch [29/50] batch [5/94] loss -13.3438 (-10.4898) acc 23.4375 (23.7500) lr 8.7467e-04 eta 0:07:41
epoch [29/50] batch [10/94] loss -9.3438 (-10.3703) acc 25.0000 (22.1875) lr 8.7467e-04 eta 0:05:32
epoch [29/50] batch [15/94] loss -10.7812 (-10.5427) acc 15.6250 (21.3542) lr 8.7467e-04 eta 0:04:51
epoch [29/50] batch [20/94] loss -7.0430 (-10.7064) acc 20.3125 (21.4844) lr 8.7467e-04 eta 0:04:31
epoch [29/50] batch [25/94] loss -5.4727 (-10.6113) acc 25.0000 (22.4375) lr 8.7467e-04 eta 0:04:17
epoch [29/50] batch [30/94] loss -9.6484 (-10.4768) acc 25.0000 (22.6042) lr 8.7467e-04 eta 0:04:09
epoch [29/50] batch [35/94] loss -7.6758 (-10.4390) acc 29.6875 (22.4554) lr 8.7467e-04 eta 0:04:03
epoch [29/50] batch [40/94] loss -9.5703 (-10.2737) acc 21.8750 (22.2266) lr 8.7467e-04 eta 0:03:57
epoch [29/50] batch [45/94] loss -17.4844 (-10.4096) acc 23.4375 (21.9444) lr 8.7467e-04 eta 0:03:53
epoch [29/50] batch [50/94] loss -11.8906 (-10.6048) acc 25.0000 (21.9062) lr 8.7467e-04 eta 0:03:50
epoch [29/50] batch [55/94] loss -10.8516 (-10.4802) acc 21.8750 (22.2159) lr 8.7467e-04 eta 0:03:47
epoch [29/50] batch [60/94] loss -9.9688 (-10.4566) acc 23.4375 (22.4219) lr 8.7467e-04 eta 0:03:45
epoch [29/50] batch [65/94] loss -9.2500 (-10.3764) acc 29.6875 (22.6202) lr 8.7467e-04 eta 0:03:43
epoch [29/50] batch [70/94] loss -8.6641 (-10.3773) acc 23.4375 (22.7232) lr 8.7467e-04 eta 0:03:41
epoch [29/50] batch [75/94] loss -5.3594 (-10.4219) acc 28.1250 (22.7708) lr 8.7467e-04 eta 0:03:40
epoch [29/50] batch [80/94] loss -7.1484 (-10.4496) acc 18.7500 (22.5977) lr 8.7467e-04 eta 0:03:38
epoch [29/50] batch [85/94] loss -8.6250 (-10.3898) acc 15.6250 (22.5000) lr 8.7467e-04 eta 0:03:37
epoch [29/50] batch [90/94] loss -5.7305 (-10.3499) acc 15.6250 (22.5174) lr 8.7467e-04 eta 0:03:35
epoch [30/50] batch [5/94] loss -9.7109 (-9.4797) acc 18.7500 (22.5000) lr 8.1262e-04 eta 0:07:02
epoch [30/50] batch [10/94] loss -8.3672 (-9.2570) acc 20.3125 (23.2812) lr 8.1262e-04 eta 0:05:12
epoch [30/50] batch [15/94] loss -13.4062 (-9.4852) acc 29.6875 (23.6458) lr 8.1262e-04 eta 0:04:36
epoch [30/50] batch [20/94] loss -4.7539 (-9.2488) acc 28.1250 (24.3750) lr 8.1262e-04 eta 0:04:16
epoch [30/50] batch [25/94] loss -11.9453 (-9.7219) acc 17.1875 (23.1875) lr 8.1262e-04 eta 0:04:05
epoch [30/50] batch [30/94] loss -10.7266 (-9.8513) acc 17.1875 (23.0729) lr 8.1262e-04 eta 0:03:58
epoch [30/50] batch [35/94] loss -12.7891 (-10.1308) acc 20.3125 (22.5893) lr 8.1262e-04 eta 0:03:52
epoch [30/50] batch [40/94] loss -5.7656 (-9.8863) acc 26.5625 (22.6953) lr 8.1262e-04 eta 0:03:48
epoch [30/50] batch [45/94] loss -8.0938 (-9.9214) acc 29.6875 (22.7431) lr 8.1262e-04 eta 0:03:44
epoch [30/50] batch [50/94] loss -10.1016 (-9.8352) acc 23.4375 (22.6875) lr 8.1262e-04 eta 0:03:43
epoch [30/50] batch [55/94] loss -10.4297 (-10.0209) acc 35.9375 (22.5852) lr 8.1262e-04 eta 0:03:41
epoch [30/50] batch [60/94] loss -9.8672 (-10.0278) acc 18.7500 (22.5781) lr 8.1262e-04 eta 0:03:39
epoch [30/50] batch [65/94] loss -9.5781 (-10.0019) acc 25.0000 (22.7163) lr 8.1262e-04 eta 0:03:37
epoch [30/50] batch [70/94] loss -9.1562 (-10.0651) acc 25.0000 (22.5446) lr 8.1262e-04 eta 0:03:36
epoch [30/50] batch [75/94] loss -13.6250 (-10.0540) acc 23.4375 (22.6667) lr 8.1262e-04 eta 0:03:34
epoch [30/50] batch [80/94] loss -12.7500 (-10.0521) acc 25.0000 (22.8711) lr 8.1262e-04 eta 0:03:32
epoch [30/50] batch [85/94] loss -12.2891 (-10.0695) acc 18.7500 (22.9044) lr 8.1262e-04 eta 0:03:30
epoch [30/50] batch [90/94] loss -9.5469 (-10.0070) acc 14.0625 (22.7604) lr 8.1262e-04 eta 0:03:27
epoch [31/50] batch [5/94] loss -8.5859 (-10.2875) acc 21.8750 (17.8125) lr 7.5131e-04 eta 0:07:00
epoch [31/50] batch [10/94] loss -12.5469 (-9.6879) acc 20.3125 (20.0000) lr 7.5131e-04 eta 0:05:04
epoch [31/50] batch [15/94] loss -6.0469 (-9.8331) acc 25.0000 (21.5625) lr 7.5131e-04 eta 0:04:27
epoch [31/50] batch [20/94] loss -13.6953 (-10.2545) acc 21.8750 (22.7344) lr 7.5131e-04 eta 0:04:07
epoch [31/50] batch [25/94] loss -10.9297 (-10.5039) acc 21.8750 (22.1875) lr 7.5131e-04 eta 0:03:55
epoch [31/50] batch [30/94] loss -10.2031 (-10.6842) acc 29.6875 (22.5521) lr 7.5131e-04 eta 0:03:47
epoch [31/50] batch [35/94] loss -12.7109 (-10.4929) acc 34.3750 (23.1250) lr 7.5131e-04 eta 0:03:40
epoch [31/50] batch [40/94] loss -11.1250 (-10.6902) acc 18.7500 (22.9297) lr 7.5131e-04 eta 0:03:36
epoch [31/50] batch [45/94] loss -7.5586 (-10.5904) acc 28.1250 (23.0556) lr 7.5131e-04 eta 0:03:30
epoch [31/50] batch [50/94] loss -16.1562 (-10.9652) acc 23.4375 (22.7188) lr 7.5131e-04 eta 0:03:26
epoch [31/50] batch [55/94] loss -7.6445 (-11.0648) acc 28.1250 (22.8125) lr 7.5131e-04 eta 0:03:22
epoch [31/50] batch [60/94] loss -10.3828 (-10.9423) acc 18.7500 (22.6823) lr 7.5131e-04 eta 0:03:19
epoch [31/50] batch [65/94] loss -8.2578 (-10.8721) acc 21.8750 (22.5000) lr 7.5131e-04 eta 0:03:17
epoch [31/50] batch [70/94] loss -10.5625 (-10.8998) acc 28.1250 (22.5223) lr 7.5131e-04 eta 0:03:14
epoch [31/50] batch [75/94] loss -14.0312 (-10.7310) acc 29.6875 (22.6250) lr 7.5131e-04 eta 0:03:12
epoch [31/50] batch [80/94] loss -12.0312 (-10.7022) acc 23.4375 (22.7344) lr 7.5131e-04 eta 0:03:10
epoch [31/50] batch [85/94] loss -11.0469 (-10.6762) acc 17.1875 (22.5919) lr 7.5131e-04 eta 0:03:08
epoch [31/50] batch [90/94] loss -9.5391 (-10.6216) acc 28.1250 (22.8125) lr 7.5131e-04 eta 0:03:06
epoch [32/50] batch [5/94] loss -9.5938 (-11.3875) acc 20.3125 (22.1875) lr 6.9098e-04 eta 0:06:18
epoch [32/50] batch [10/94] loss -13.7969 (-11.4395) acc 18.7500 (21.7188) lr 6.9098e-04 eta 0:04:38
epoch [32/50] batch [15/94] loss -8.0156 (-11.6305) acc 25.0000 (23.6458) lr 6.9098e-04 eta 0:04:04
epoch [32/50] batch [20/94] loss -12.3672 (-11.5299) acc 31.2500 (22.8906) lr 6.9098e-04 eta 0:03:50
epoch [32/50] batch [25/94] loss -11.6953 (-11.2909) acc 26.5625 (23.1250) lr 6.9098e-04 eta 0:03:41
epoch [32/50] batch [30/94] loss -11.3438 (-11.2585) acc 20.3125 (23.5417) lr 6.9098e-04 eta 0:03:34
epoch [32/50] batch [35/94] loss -10.5938 (-11.0356) acc 34.3750 (24.2857) lr 6.9098e-04 eta 0:03:30
epoch [32/50] batch [40/94] loss -14.8984 (-11.0618) acc 15.6250 (24.0625) lr 6.9098e-04 eta 0:03:26
epoch [32/50] batch [45/94] loss -11.5078 (-10.9410) acc 17.1875 (23.4722) lr 6.9098e-04 eta 0:03:22
epoch [32/50] batch [50/94] loss -12.2891 (-11.0356) acc 25.0000 (23.2812) lr 6.9098e-04 eta 0:03:19
epoch [32/50] batch [55/94] loss -5.9414 (-10.8106) acc 25.0000 (23.4659) lr 6.9098e-04 eta 0:03:16
epoch [32/50] batch [60/94] loss -12.8750 (-10.7100) acc 7.8125 (23.1771) lr 6.9098e-04 eta 0:03:14
epoch [32/50] batch [65/94] loss -10.1406 (-10.7263) acc 14.0625 (23.0529) lr 6.9098e-04 eta 0:03:12
epoch [32/50] batch [70/94] loss -6.8672 (-10.5501) acc 9.3750 (22.7679) lr 6.9098e-04 eta 0:03:10
epoch [32/50] batch [75/94] loss -10.5469 (-10.4737) acc 32.8125 (23.0833) lr 6.9098e-04 eta 0:03:09
epoch [32/50] batch [80/94] loss -7.6289 (-10.4687) acc 14.0625 (22.9883) lr 6.9098e-04 eta 0:03:07
epoch [32/50] batch [85/94] loss -11.5781 (-10.5182) acc 23.4375 (23.1250) lr 6.9098e-04 eta 0:03:05
epoch [32/50] batch [90/94] loss -14.4297 (-10.5463) acc 21.8750 (23.0556) lr 6.9098e-04 eta 0:03:04
epoch [33/50] batch [5/94] loss -15.1562 (-11.0344) acc 17.1875 (22.5000) lr 6.3188e-04 eta 0:06:01
epoch [33/50] batch [10/94] loss -10.1953 (-12.0898) acc 23.4375 (22.8125) lr 6.3188e-04 eta 0:04:25
epoch [33/50] batch [15/94] loss -12.4922 (-11.1560) acc 28.1250 (23.4375) lr 6.3188e-04 eta 0:03:54
epoch [33/50] batch [20/94] loss -13.7266 (-10.7176) acc 25.0000 (23.9062) lr 6.3188e-04 eta 0:03:38
epoch [33/50] batch [25/94] loss -7.4453 (-10.6931) acc 21.8750 (23.8125) lr 6.3188e-04 eta 0:03:28
epoch [33/50] batch [30/94] loss -11.5781 (-10.7301) acc 17.1875 (23.7500) lr 6.3188e-04 eta 0:03:22
epoch [33/50] batch [35/94] loss -9.8672 (-10.5942) acc 20.3125 (23.4821) lr 6.3188e-04 eta 0:03:16
epoch [33/50] batch [40/94] loss -8.4688 (-10.7139) acc 28.1250 (23.5547) lr 6.3188e-04 eta 0:03:12
epoch [33/50] batch [45/94] loss -10.1250 (-10.4692) acc 14.0625 (22.9861) lr 6.3188e-04 eta 0:03:09
epoch [33/50] batch [50/94] loss -8.8750 (-10.5127) acc 26.5625 (23.0000) lr 6.3188e-04 eta 0:03:06
epoch [33/50] batch [55/94] loss -11.3203 (-10.4654) acc 25.0000 (23.0398) lr 6.3188e-04 eta 0:03:04
epoch [33/50] batch [60/94] loss -8.0625 (-10.4270) acc 25.0000 (23.0469) lr 6.3188e-04 eta 0:03:02
epoch [33/50] batch [65/94] loss -11.6094 (-10.3170) acc 25.0000 (23.1010) lr 6.3188e-04 eta 0:03:00
epoch [33/50] batch [70/94] loss -10.9375 (-10.2376) acc 17.1875 (22.6562) lr 6.3188e-04 eta 0:02:58
epoch [33/50] batch [75/94] loss -14.3125 (-10.1622) acc 15.6250 (22.7292) lr 6.3188e-04 eta 0:02:56
epoch [33/50] batch [80/94] loss -10.1250 (-10.1240) acc 20.3125 (22.7344) lr 6.3188e-04 eta 0:02:54
epoch [33/50] batch [85/94] loss -9.0938 (-10.1204) acc 15.6250 (22.3897) lr 6.3188e-04 eta 0:02:52
epoch [33/50] batch [90/94] loss -9.8125 (-10.1533) acc 17.1875 (22.5000) lr 6.3188e-04 eta 0:02:50
epoch [34/50] batch [5/94] loss -10.5703 (-11.1734) acc 25.0000 (20.3125) lr 5.7422e-04 eta 0:05:58
epoch [34/50] batch [10/94] loss -10.1328 (-10.9547) acc 21.8750 (21.7188) lr 5.7422e-04 eta 0:04:21
epoch [34/50] batch [15/94] loss -10.0312 (-10.2292) acc 29.6875 (23.5417) lr 5.7422e-04 eta 0:03:45
epoch [34/50] batch [20/94] loss -10.1875 (-10.0932) acc 25.0000 (23.9062) lr 5.7422e-04 eta 0:03:28
epoch [34/50] batch [25/94] loss -10.2969 (-9.9058) acc 21.8750 (22.9375) lr 5.7422e-04 eta 0:03:18
epoch [34/50] batch [30/94] loss -11.4609 (-9.7745) acc 25.0000 (22.9167) lr 5.7422e-04 eta 0:03:10
epoch [34/50] batch [35/94] loss -11.4922 (-9.9223) acc 20.3125 (22.9911) lr 5.7422e-04 eta 0:03:06
epoch [34/50] batch [40/94] loss -9.6719 (-10.1301) acc 20.3125 (23.3203) lr 5.7422e-04 eta 0:03:01
epoch [34/50] batch [45/94] loss -9.4375 (-10.1092) acc 18.7500 (22.9861) lr 5.7422e-04 eta 0:02:56
epoch [34/50] batch [50/94] loss -8.3438 (-10.0611) acc 25.0000 (23.1250) lr 5.7422e-04 eta 0:02:53
epoch [34/50] batch [55/94] loss -9.3438 (-10.0076) acc 26.5625 (23.1818) lr 5.7422e-04 eta 0:02:53
epoch [34/50] batch [60/94] loss -8.1016 (-9.9804) acc 21.8750 (23.2812) lr 5.7422e-04 eta 0:02:51
epoch [34/50] batch [65/94] loss -9.3281 (-9.9374) acc 25.0000 (23.1010) lr 5.7422e-04 eta 0:02:49
epoch [34/50] batch [70/94] loss -9.3906 (-9.9237) acc 31.2500 (23.1696) lr 5.7422e-04 eta 0:02:48
epoch [34/50] batch [75/94] loss -8.8906 (-9.9789) acc 12.5000 (23.0625) lr 5.7422e-04 eta 0:02:46
epoch [34/50] batch [80/94] loss -9.1016 (-10.0429) acc 28.1250 (23.1055) lr 5.7422e-04 eta 0:02:45
epoch [34/50] batch [85/94] loss -7.7812 (-10.0407) acc 21.8750 (23.2169) lr 5.7422e-04 eta 0:02:43
epoch [34/50] batch [90/94] loss -12.2188 (-10.1006) acc 28.1250 (23.2639) lr 5.7422e-04 eta 0:02:41
epoch [35/50] batch [5/94] loss -9.1016 (-9.2508) acc 35.9375 (30.0000) lr 5.1825e-04 eta 0:05:06
epoch [35/50] batch [10/94] loss -10.4922 (-9.4930) acc 26.5625 (26.4062) lr 5.1825e-04 eta 0:03:42
epoch [35/50] batch [15/94] loss -10.5000 (-10.3865) acc 15.6250 (25.5208) lr 5.1825e-04 eta 0:03:14
epoch [35/50] batch [20/94] loss -9.7422 (-10.6875) acc 28.1250 (23.7500) lr 5.1825e-04 eta 0:03:03
epoch [35/50] batch [25/94] loss -8.0312 (-10.2139) acc 12.5000 (23.3750) lr 5.1825e-04 eta 0:02:54
epoch [35/50] batch [30/94] loss -15.1484 (-10.5348) acc 20.3125 (22.8125) lr 5.1825e-04 eta 0:02:48
epoch [35/50] batch [35/94] loss -8.3672 (-10.2528) acc 18.7500 (22.7232) lr 5.1825e-04 eta 0:02:43
epoch [35/50] batch [40/94] loss -11.2188 (-10.2610) acc 18.7500 (22.7734) lr 5.1825e-04 eta 0:02:41
epoch [35/50] batch [45/94] loss -12.1172 (-10.3392) acc 26.5625 (22.7083) lr 5.1825e-04 eta 0:02:39
epoch [35/50] batch [50/94] loss -12.6250 (-10.5334) acc 20.3125 (22.8750) lr 5.1825e-04 eta 0:02:37
epoch [35/50] batch [55/94] loss -9.1641 (-10.4550) acc 29.6875 (23.1818) lr 5.1825e-04 eta 0:02:36
epoch [35/50] batch [60/94] loss -13.6562 (-10.3642) acc 21.8750 (23.4375) lr 5.1825e-04 eta 0:02:35
epoch [35/50] batch [65/94] loss -10.5781 (-10.2002) acc 18.7500 (23.3173) lr 5.1825e-04 eta 0:02:34
epoch [35/50] batch [70/94] loss -8.0312 (-10.2364) acc 25.0000 (23.0804) lr 5.1825e-04 eta 0:02:33
epoch [35/50] batch [75/94] loss -11.2969 (-10.2057) acc 21.8750 (22.9792) lr 5.1825e-04 eta 0:02:32
epoch [35/50] batch [80/94] loss -13.2578 (-10.2650) acc 28.1250 (23.1641) lr 5.1825e-04 eta 0:02:31
epoch [35/50] batch [85/94] loss -12.1641 (-10.3428) acc 25.0000 (23.0699) lr 5.1825e-04 eta 0:02:30
epoch [35/50] batch [90/94] loss -10.9766 (-10.3669) acc 12.5000 (22.8993) lr 5.1825e-04 eta 0:02:28
epoch [36/50] batch [5/94] loss -10.3125 (-11.2156) acc 15.6250 (19.6875) lr 4.6417e-04 eta 0:04:56
epoch [36/50] batch [10/94] loss -11.5703 (-10.0074) acc 26.5625 (22.1875) lr 4.6417e-04 eta 0:03:40
epoch [36/50] batch [15/94] loss -11.2109 (-9.9490) acc 23.4375 (22.9167) lr 4.6417e-04 eta 0:03:13
epoch [36/50] batch [20/94] loss -8.8516 (-9.8691) acc 15.6250 (22.5781) lr 4.6417e-04 eta 0:02:59
epoch [36/50] batch [25/94] loss -17.1562 (-10.3689) acc 20.3125 (22.2500) lr 4.6417e-04 eta 0:02:49
epoch [36/50] batch [30/94] loss -4.3281 (-10.3340) acc 28.1250 (22.1875) lr 4.6417e-04 eta 0:02:44
epoch [36/50] batch [35/94] loss -5.7695 (-10.3501) acc 15.6250 (22.0982) lr 4.6417e-04 eta 0:02:40
epoch [36/50] batch [40/94] loss -11.1484 (-10.3338) acc 26.5625 (21.9141) lr 4.6417e-04 eta 0:02:37
epoch [36/50] batch [45/94] loss -7.0664 (-10.2438) acc 26.5625 (22.0833) lr 4.6417e-04 eta 0:02:34
epoch [36/50] batch [50/94] loss -11.2969 (-10.3429) acc 23.4375 (22.0938) lr 4.6417e-04 eta 0:02:32
epoch [36/50] batch [55/94] loss -12.5078 (-10.3769) acc 12.5000 (21.9886) lr 4.6417e-04 eta 0:02:30
epoch [36/50] batch [60/94] loss -5.8711 (-10.3227) acc 29.6875 (22.0312) lr 4.6417e-04 eta 0:02:28
epoch [36/50] batch [65/94] loss -8.6641 (-10.4595) acc 21.8750 (21.7548) lr 4.6417e-04 eta 0:02:27
epoch [36/50] batch [70/94] loss -9.2031 (-10.4977) acc 18.7500 (21.8080) lr 4.6417e-04 eta 0:02:25
epoch [36/50] batch [75/94] loss -10.2188 (-10.5289) acc 25.0000 (21.8542) lr 4.6417e-04 eta 0:02:24
epoch [36/50] batch [80/94] loss -7.4922 (-10.5025) acc 20.3125 (21.9141) lr 4.6417e-04 eta 0:02:23
epoch [36/50] batch [85/94] loss -4.6680 (-10.3668) acc 35.9375 (22.3346) lr 4.6417e-04 eta 0:02:22
epoch [36/50] batch [90/94] loss -13.3750 (-10.3834) acc 10.9375 (22.4479) lr 4.6417e-04 eta 0:02:20
epoch [37/50] batch [5/94] loss -7.8359 (-10.1484) acc 26.5625 (24.0625) lr 4.1221e-04 eta 0:04:24
epoch [37/50] batch [10/94] loss -11.3203 (-10.5273) acc 34.3750 (24.3750) lr 4.1221e-04 eta 0:03:17
epoch [37/50] batch [15/94] loss -12.5547 (-11.1839) acc 17.1875 (22.3958) lr 4.1221e-04 eta 0:02:56
epoch [37/50] batch [20/94] loss -5.5039 (-10.7768) acc 26.5625 (23.3594) lr 4.1221e-04 eta 0:02:44
epoch [37/50] batch [25/94] loss -6.8086 (-10.6662) acc 17.1875 (22.6250) lr 4.1221e-04 eta 0:02:36
epoch [37/50] batch [30/94] loss -16.2188 (-11.0232) acc 18.7500 (22.0833) lr 4.1221e-04 eta 0:02:31
epoch [37/50] batch [35/94] loss -11.0781 (-10.7058) acc 23.4375 (22.9018) lr 4.1221e-04 eta 0:02:27
epoch [37/50] batch [40/94] loss -16.6094 (-10.8305) acc 29.6875 (23.2031) lr 4.1221e-04 eta 0:02:24
epoch [37/50] batch [45/94] loss -8.8125 (-10.8418) acc 28.1250 (23.0208) lr 4.1221e-04 eta 0:02:22
epoch [37/50] batch [50/94] loss -10.1562 (-10.6642) acc 25.0000 (23.1250) lr 4.1221e-04 eta 0:02:20
epoch [37/50] batch [55/94] loss -13.6328 (-10.7930) acc 31.2500 (23.2386) lr 4.1221e-04 eta 0:02:19
epoch [37/50] batch [60/94] loss -12.5156 (-10.6613) acc 21.8750 (23.2812) lr 4.1221e-04 eta 0:02:17
epoch [37/50] batch [65/94] loss -10.4844 (-10.6221) acc 25.0000 (23.5096) lr 4.1221e-04 eta 0:02:16
epoch [37/50] batch [70/94] loss -10.9688 (-10.6284) acc 20.3125 (23.4598) lr 4.1221e-04 eta 0:02:15
epoch [37/50] batch [75/94] loss -11.6953 (-10.5398) acc 29.6875 (23.3333) lr 4.1221e-04 eta 0:02:14
epoch [37/50] batch [80/94] loss -8.8047 (-10.5203) acc 21.8750 (23.2617) lr 4.1221e-04 eta 0:02:12
epoch [37/50] batch [85/94] loss -7.0977 (-10.4218) acc 26.5625 (23.3088) lr 4.1221e-04 eta 0:02:11
epoch [37/50] batch [90/94] loss -11.5781 (-10.4832) acc 15.6250 (23.2639) lr 4.1221e-04 eta 0:02:09
epoch [38/50] batch [5/94] loss -13.3203 (-11.3656) acc 15.6250 (24.6875) lr 3.6258e-04 eta 0:04:16
epoch [38/50] batch [10/94] loss -10.0156 (-11.5766) acc 21.8750 (23.4375) lr 3.6258e-04 eta 0:03:10
epoch [38/50] batch [15/94] loss -7.9219 (-11.1047) acc 31.2500 (24.4792) lr 3.6258e-04 eta 0:02:49
epoch [38/50] batch [20/94] loss -12.8203 (-10.7826) acc 21.8750 (24.1406) lr 3.6258e-04 eta 0:02:37
epoch [38/50] batch [25/94] loss -3.0801 (-10.3765) acc 23.4375 (24.4375) lr 3.6258e-04 eta 0:02:31
epoch [38/50] batch [30/94] loss -5.9961 (-10.0247) acc 23.4375 (24.5312) lr 3.6258e-04 eta 0:02:26
epoch [38/50] batch [35/94] loss -9.6797 (-10.0294) acc 21.8750 (23.8839) lr 3.6258e-04 eta 0:02:22
epoch [38/50] batch [40/94] loss -13.2031 (-10.0137) acc 20.3125 (24.3359) lr 3.6258e-04 eta 0:02:19
epoch [38/50] batch [45/94] loss -10.7969 (-10.0618) acc 23.4375 (24.2014) lr 3.6258e-04 eta 0:02:17
epoch [38/50] batch [50/94] loss -14.8672 (-10.2198) acc 21.8750 (24.1562) lr 3.6258e-04 eta 0:02:15
epoch [38/50] batch [55/94] loss -14.1641 (-10.2621) acc 25.0000 (24.4034) lr 3.6258e-04 eta 0:02:13
epoch [38/50] batch [60/94] loss -9.0312 (-10.4133) acc 23.4375 (24.2188) lr 3.6258e-04 eta 0:02:11
epoch [38/50] batch [65/94] loss -15.1797 (-10.4568) acc 10.9375 (23.6538) lr 3.6258e-04 eta 0:02:10
epoch [38/50] batch [70/94] loss -5.6172 (-10.3281) acc 21.8750 (23.3259) lr 3.6258e-04 eta 0:02:08
epoch [38/50] batch [75/94] loss -10.5859 (-10.3398) acc 18.7500 (23.3750) lr 3.6258e-04 eta 0:02:07
epoch [38/50] batch [80/94] loss -15.8125 (-10.4100) acc 15.6250 (23.2031) lr 3.6258e-04 eta 0:02:06
epoch [38/50] batch [85/94] loss -9.5156 (-10.4114) acc 14.0625 (23.0515) lr 3.6258e-04 eta 0:02:05
epoch [38/50] batch [90/94] loss -13.8203 (-10.4941) acc 25.0000 (23.0382) lr 3.6258e-04 eta 0:02:03
epoch [39/50] batch [5/94] loss -12.6328 (-10.0109) acc 17.1875 (24.3750) lr 3.1545e-04 eta 0:04:08
epoch [39/50] batch [10/94] loss -10.3125 (-10.0500) acc 17.1875 (24.5312) lr 3.1545e-04 eta 0:03:01
epoch [39/50] batch [15/94] loss -9.3828 (-10.5302) acc 23.4375 (23.8542) lr 3.1545e-04 eta 0:02:38
epoch [39/50] batch [20/94] loss -10.5234 (-10.4346) acc 25.0000 (23.0469) lr 3.1545e-04 eta 0:02:27
epoch [39/50] batch [25/94] loss -12.0938 (-10.7034) acc 28.1250 (22.8125) lr 3.1545e-04 eta 0:02:20
epoch [39/50] batch [30/94] loss -11.3828 (-10.6280) acc 31.2500 (23.0729) lr 3.1545e-04 eta 0:02:15
epoch [39/50] batch [35/94] loss -16.5312 (-11.0568) acc 12.5000 (22.5893) lr 3.1545e-04 eta 0:02:11
epoch [39/50] batch [40/94] loss -14.3906 (-10.9432) acc 29.6875 (22.5000) lr 3.1545e-04 eta 0:02:08
epoch [39/50] batch [45/94] loss -8.9219 (-10.6227) acc 14.0625 (22.5694) lr 3.1545e-04 eta 0:02:06
epoch [39/50] batch [50/94] loss -10.0938 (-10.7212) acc 28.1250 (22.8750) lr 3.1545e-04 eta 0:02:05
epoch [39/50] batch [55/94] loss -9.6328 (-10.6412) acc 20.3125 (23.0398) lr 3.1545e-04 eta 0:02:04
epoch [39/50] batch [60/94] loss -11.8203 (-10.7232) acc 23.4375 (22.9167) lr 3.1545e-04 eta 0:02:01
epoch [39/50] batch [65/94] loss -7.5156 (-10.5693) acc 21.8750 (22.7644) lr 3.1545e-04 eta 0:02:00
epoch [39/50] batch [70/94] loss -10.2969 (-10.4437) acc 25.0000 (22.6116) lr 3.1545e-04 eta 0:01:58
epoch [39/50] batch [75/94] loss -7.3125 (-10.4687) acc 18.7500 (22.3958) lr 3.1545e-04 eta 0:01:56
epoch [39/50] batch [80/94] loss -9.0859 (-10.3707) acc 18.7500 (22.3242) lr 3.1545e-04 eta 0:01:53
epoch [39/50] batch [85/94] loss -6.8125 (-10.3040) acc 37.5000 (22.5184) lr 3.1545e-04 eta 0:01:51
epoch [39/50] batch [90/94] loss -9.3672 (-10.1783) acc 21.8750 (22.4306) lr 3.1545e-04 eta 0:01:50
epoch [40/50] batch [5/94] loss -11.0469 (-12.4203) acc 20.3125 (20.6250) lr 2.7103e-04 eta 0:03:37
epoch [40/50] batch [10/94] loss -12.3828 (-11.1914) acc 20.3125 (22.0312) lr 2.7103e-04 eta 0:02:40
epoch [40/50] batch [15/94] loss -11.5000 (-10.9625) acc 21.8750 (23.2292) lr 2.7103e-04 eta 0:02:22
epoch [40/50] batch [20/94] loss -8.8125 (-10.6629) acc 21.8750 (23.2812) lr 2.7103e-04 eta 0:02:10
epoch [40/50] batch [25/94] loss -12.5312 (-10.4845) acc 18.7500 (22.6875) lr 2.7103e-04 eta 0:02:04
epoch [40/50] batch [30/94] loss -6.5508 (-10.6818) acc 29.6875 (22.9688) lr 2.7103e-04 eta 0:02:00
epoch [40/50] batch [35/94] loss -9.2188 (-10.6542) acc 15.6250 (22.9018) lr 2.7103e-04 eta 0:01:56
epoch [40/50] batch [40/94] loss -7.7734 (-11.0082) acc 21.8750 (22.8516) lr 2.7103e-04 eta 0:01:54
epoch [40/50] batch [45/94] loss -8.9531 (-11.1161) acc 23.4375 (22.5694) lr 2.7103e-04 eta 0:01:51
epoch [40/50] batch [50/94] loss -9.0625 (-10.9594) acc 14.0625 (22.5000) lr 2.7103e-04 eta 0:01:50
epoch [40/50] batch [55/94] loss -5.1992 (-10.7844) acc 32.8125 (22.3580) lr 2.7103e-04 eta 0:01:49
epoch [40/50] batch [60/94] loss -8.5469 (-10.6865) acc 29.6875 (22.6302) lr 2.7103e-04 eta 0:01:47
epoch [40/50] batch [65/94] loss -12.3750 (-10.7497) acc 21.8750 (22.6202) lr 2.7103e-04 eta 0:01:45
epoch [40/50] batch [70/94] loss -7.1562 (-10.6869) acc 23.4375 (22.7679) lr 2.7103e-04 eta 0:01:44
epoch [40/50] batch [75/94] loss -10.1797 (-10.6442) acc 28.1250 (22.9375) lr 2.7103e-04 eta 0:01:43
epoch [40/50] batch [80/94] loss -8.4453 (-10.5759) acc 26.5625 (22.8125) lr 2.7103e-04 eta 0:01:43
epoch [40/50] batch [85/94] loss -9.0625 (-10.5933) acc 20.3125 (22.7206) lr 2.7103e-04 eta 0:01:42
epoch [40/50] batch [90/94] loss -7.5859 (-10.5227) acc 18.7500 (22.7604) lr 2.7103e-04 eta 0:01:41
epoch [41/50] batch [5/94] loss -10.2266 (-10.6281) acc 25.0000 (22.1875) lr 2.2949e-04 eta 0:03:24
epoch [41/50] batch [10/94] loss -19.3125 (-11.4094) acc 23.4375 (22.6562) lr 2.2949e-04 eta 0:02:26
epoch [41/50] batch [15/94] loss -12.2578 (-11.6578) acc 28.1250 (21.7708) lr 2.2949e-04 eta 0:02:06
epoch [41/50] batch [20/94] loss -8.2266 (-11.2176) acc 31.2500 (22.8125) lr 2.2949e-04 eta 0:01:55
epoch [41/50] batch [25/94] loss -18.4062 (-11.4000) acc 20.3125 (22.5000) lr 2.2949e-04 eta 0:01:50
epoch [41/50] batch [30/94] loss -12.6016 (-11.3547) acc 25.0000 (22.3958) lr 2.2949e-04 eta 0:01:46
epoch [41/50] batch [35/94] loss -11.2422 (-11.1096) acc 15.6250 (22.0089) lr 2.2949e-04 eta 0:01:43
epoch [41/50] batch [40/94] loss -10.4531 (-11.1535) acc 25.0000 (22.3828) lr 2.2949e-04 eta 0:01:40
epoch [41/50] batch [45/94] loss -8.0781 (-11.1453) acc 25.0000 (22.4653) lr 2.2949e-04 eta 0:01:38
epoch [41/50] batch [50/94] loss -11.9688 (-11.0462) acc 32.8125 (22.5625) lr 2.2949e-04 eta 0:01:37
epoch [41/50] batch [55/94] loss -9.3203 (-10.9849) acc 21.8750 (22.7841) lr 2.2949e-04 eta 0:01:36
epoch [41/50] batch [60/94] loss -7.7383 (-10.9107) acc 25.0000 (22.7083) lr 2.2949e-04 eta 0:01:35
epoch [41/50] batch [65/94] loss -11.2656 (-10.7826) acc 18.7500 (22.6683) lr 2.2949e-04 eta 0:01:34
epoch [41/50] batch [70/94] loss -12.4141 (-10.7244) acc 17.1875 (22.6116) lr 2.2949e-04 eta 0:01:33
epoch [41/50] batch [75/94] loss -12.4062 (-10.6156) acc 26.5625 (22.5625) lr 2.2949e-04 eta 0:01:32
epoch [41/50] batch [80/94] loss -11.8125 (-10.6419) acc 15.6250 (22.4414) lr 2.2949e-04 eta 0:01:32
epoch [41/50] batch [85/94] loss -13.0391 (-10.6960) acc 15.6250 (22.2794) lr 2.2949e-04 eta 0:01:31
epoch [41/50] batch [90/94] loss -10.5078 (-10.6997) acc 31.2500 (22.4826) lr 2.2949e-04 eta 0:01:30
epoch [42/50] batch [5/94] loss -10.6172 (-10.5352) acc 29.6875 (27.5000) lr 1.9098e-04 eta 0:03:06
epoch [42/50] batch [10/94] loss -9.7578 (-11.4551) acc 23.4375 (25.9375) lr 1.9098e-04 eta 0:02:16
epoch [42/50] batch [15/94] loss -9.2031 (-11.2279) acc 14.0625 (24.8958) lr 1.9098e-04 eta 0:01:58
epoch [42/50] batch [20/94] loss -7.8906 (-11.0424) acc 28.1250 (24.4531) lr 1.9098e-04 eta 0:01:49
epoch [42/50] batch [25/94] loss -11.0078 (-10.7600) acc 10.9375 (23.7500) lr 1.9098e-04 eta 0:01:43
epoch [42/50] batch [30/94] loss -17.3594 (-10.8786) acc 21.8750 (23.1771) lr 1.9098e-04 eta 0:01:39
epoch [42/50] batch [35/94] loss -9.7500 (-10.6545) acc 18.7500 (22.6339) lr 1.9098e-04 eta 0:01:38
epoch [42/50] batch [40/94] loss -11.0859 (-10.5115) acc 18.7500 (22.3438) lr 1.9098e-04 eta 0:01:35
epoch [42/50] batch [45/94] loss -12.0938 (-10.4461) acc 23.4375 (22.6042) lr 1.9098e-04 eta 0:01:33
epoch [42/50] batch [50/94] loss -9.4531 (-10.3768) acc 23.4375 (22.5938) lr 1.9098e-04 eta 0:01:32
epoch [42/50] batch [55/94] loss -10.9766 (-10.3880) acc 21.8750 (22.8125) lr 1.9098e-04 eta 0:01:30
epoch [42/50] batch [60/94] loss -13.3906 (-10.4387) acc 21.8750 (22.9427) lr 1.9098e-04 eta 0:01:29
epoch [42/50] batch [65/94] loss -7.1836 (-10.4470) acc 21.8750 (23.0048) lr 1.9098e-04 eta 0:01:27
epoch [42/50] batch [70/94] loss -14.5234 (-10.4759) acc 20.3125 (22.8795) lr 1.9098e-04 eta 0:01:26
epoch [42/50] batch [75/94] loss -8.5234 (-10.4595) acc 20.3125 (23.0208) lr 1.9098e-04 eta 0:01:25
epoch [42/50] batch [80/94] loss -10.7422 (-10.4316) acc 21.8750 (23.0664) lr 1.9098e-04 eta 0:01:24
epoch [42/50] batch [85/94] loss -7.1523 (-10.4761) acc 29.6875 (23.1250) lr 1.9098e-04 eta 0:01:22
epoch [42/50] batch [90/94] loss -8.8359 (-10.3922) acc 32.8125 (23.3160) lr 1.9098e-04 eta 0:01:21
epoch [43/50] batch [5/94] loss -7.7773 (-10.2977) acc 25.0000 (20.9375) lr 1.5567e-04 eta 0:02:49
epoch [43/50] batch [10/94] loss -11.3984 (-10.7184) acc 26.5625 (23.4375) lr 1.5567e-04 eta 0:02:00
epoch [43/50] batch [15/94] loss -8.2344 (-10.5534) acc 20.3125 (22.9167) lr 1.5567e-04 eta 0:01:44
epoch [43/50] batch [20/94] loss -10.5000 (-10.5014) acc 26.5625 (22.9688) lr 1.5567e-04 eta 0:01:36
epoch [43/50] batch [25/94] loss -12.8828 (-10.5186) acc 28.1250 (22.8125) lr 1.5567e-04 eta 0:01:30
epoch [43/50] batch [30/94] loss -7.8398 (-10.2995) acc 32.8125 (23.1771) lr 1.5567e-04 eta 0:01:27
epoch [43/50] batch [35/94] loss -10.4375 (-10.1073) acc 21.8750 (23.0357) lr 1.5567e-04 eta 0:01:24
epoch [43/50] batch [40/94] loss -9.4219 (-10.0663) acc 23.4375 (23.2031) lr 1.5567e-04 eta 0:01:22
epoch [43/50] batch [45/94] loss -11.0312 (-10.0834) acc 20.3125 (23.3333) lr 1.5567e-04 eta 0:01:21
epoch [43/50] batch [50/94] loss -11.9531 (-10.3235) acc 23.4375 (23.4688) lr 1.5567e-04 eta 0:01:19
epoch [43/50] batch [55/94] loss -11.8281 (-10.3850) acc 23.4375 (23.2670) lr 1.5567e-04 eta 0:01:18
epoch [43/50] batch [60/94] loss -10.9922 (-10.4016) acc 15.6250 (23.0208) lr 1.5567e-04 eta 0:01:17
epoch [43/50] batch [65/94] loss -12.5938 (-10.5599) acc 21.8750 (22.8125) lr 1.5567e-04 eta 0:01:16
epoch [43/50] batch [70/94] loss -8.7500 (-10.4411) acc 25.0000 (23.0357) lr 1.5567e-04 eta 0:01:15
epoch [43/50] batch [75/94] loss -13.6484 (-10.4346) acc 29.6875 (23.2292) lr 1.5567e-04 eta 0:01:14
epoch [43/50] batch [80/94] loss -5.4961 (-10.2745) acc 21.8750 (23.2422) lr 1.5567e-04 eta 0:01:13
epoch [43/50] batch [85/94] loss -13.9297 (-10.2831) acc 18.7500 (23.1250) lr 1.5567e-04 eta 0:01:11
epoch [43/50] batch [90/94] loss -9.4297 (-10.2968) acc 31.2500 (23.2639) lr 1.5567e-04 eta 0:01:10
epoch [44/50] batch [5/94] loss -8.0312 (-10.8727) acc 26.5625 (21.8750) lr 1.2369e-04 eta 0:02:25
epoch [44/50] batch [10/94] loss -9.6797 (-10.5348) acc 20.3125 (22.6562) lr 1.2369e-04 eta 0:01:44
epoch [44/50] batch [15/94] loss -8.8750 (-10.2102) acc 18.7500 (22.5000) lr 1.2369e-04 eta 0:01:31
epoch [44/50] batch [20/94] loss -9.6250 (-10.2705) acc 21.8750 (22.5781) lr 1.2369e-04 eta 0:01:24
epoch [44/50] batch [25/94] loss -11.9141 (-10.1870) acc 21.8750 (22.9375) lr 1.2369e-04 eta 0:01:19
epoch [44/50] batch [30/94] loss -10.2109 (-10.2079) acc 12.5000 (22.4479) lr 1.2369e-04 eta 0:01:16
epoch [44/50] batch [35/94] loss -9.7578 (-10.1623) acc 29.6875 (22.6786) lr 1.2369e-04 eta 0:01:14
epoch [44/50] batch [40/94] loss -10.3906 (-10.0662) acc 23.4375 (23.0859) lr 1.2369e-04 eta 0:01:12
epoch [44/50] batch [45/94] loss -12.7266 (-10.0740) acc 23.4375 (23.4028) lr 1.2369e-04 eta 0:01:10
epoch [44/50] batch [50/94] loss -10.7422 (-10.0324) acc 17.1875 (23.1875) lr 1.2369e-04 eta 0:01:08
epoch [44/50] batch [55/94] loss -8.3984 (-9.9819) acc 23.4375 (22.8977) lr 1.2369e-04 eta 0:01:07
epoch [44/50] batch [60/94] loss -7.3438 (-10.0139) acc 18.7500 (22.6823) lr 1.2369e-04 eta 0:01:06
epoch [44/50] batch [65/94] loss -9.9297 (-10.0882) acc 21.8750 (22.9087) lr 1.2369e-04 eta 0:01:05
epoch [44/50] batch [70/94] loss -11.7344 (-10.1737) acc 17.1875 (23.0580) lr 1.2369e-04 eta 0:01:03
epoch [44/50] batch [75/94] loss -10.1172 (-10.2101) acc 20.3125 (22.9583) lr 1.2369e-04 eta 0:01:02
epoch [44/50] batch [80/94] loss -9.2500 (-10.2156) acc 25.0000 (22.8320) lr 1.2369e-04 eta 0:01:02
epoch [44/50] batch [85/94] loss -11.8516 (-10.2955) acc 15.6250 (22.8309) lr 1.2369e-04 eta 0:01:00
epoch [44/50] batch [90/94] loss -15.1250 (-10.3562) acc 14.0625 (22.6910) lr 1.2369e-04 eta 0:00:59
epoch [45/50] batch [5/94] loss -9.9766 (-9.2258) acc 26.5625 (24.6875) lr 9.5173e-05 eta 0:02:04
epoch [45/50] batch [10/94] loss -6.6523 (-10.0484) acc 28.1250 (27.1875) lr 9.5173e-05 eta 0:01:30
epoch [45/50] batch [15/94] loss -6.7266 (-10.3516) acc 17.1875 (24.1667) lr 9.5173e-05 eta 0:01:17
epoch [45/50] batch [20/94] loss -11.0625 (-10.2404) acc 20.3125 (23.0469) lr 9.5173e-05 eta 0:01:11
epoch [45/50] batch [25/94] loss -7.5078 (-10.2564) acc 26.5625 (23.8125) lr 9.5173e-05 eta 0:01:07
epoch [45/50] batch [30/94] loss -12.4219 (-10.3983) acc 15.6250 (23.5417) lr 9.5173e-05 eta 0:01:04
epoch [45/50] batch [35/94] loss -12.8516 (-10.5432) acc 17.1875 (23.3036) lr 9.5173e-05 eta 0:01:01
epoch [45/50] batch [40/94] loss -8.5625 (-10.6101) acc 28.1250 (22.7344) lr 9.5173e-05 eta 0:01:00
epoch [45/50] batch [45/94] loss -8.5938 (-10.4530) acc 23.4375 (22.4306) lr 9.5173e-05 eta 0:00:59
epoch [45/50] batch [50/94] loss -12.7422 (-10.6452) acc 15.6250 (22.0312) lr 9.5173e-05 eta 0:00:58
epoch [45/50] batch [55/94] loss -7.9883 (-10.5712) acc 17.1875 (21.7614) lr 9.5173e-05 eta 0:00:57
epoch [45/50] batch [60/94] loss -11.6953 (-10.6281) acc 10.9375 (21.3281) lr 9.5173e-05 eta 0:00:56
epoch [45/50] batch [65/94] loss -9.4453 (-10.6590) acc 25.0000 (21.4663) lr 9.5173e-05 eta 0:00:54
epoch [45/50] batch [70/94] loss -11.5703 (-10.7258) acc 26.5625 (21.4732) lr 9.5173e-05 eta 0:00:53
epoch [45/50] batch [75/94] loss -16.8281 (-10.8323) acc 23.4375 (21.6458) lr 9.5173e-05 eta 0:00:52
epoch [45/50] batch [80/94] loss -11.0703 (-10.6990) acc 31.2500 (22.1094) lr 9.5173e-05 eta 0:00:51
epoch [45/50] batch [85/94] loss -15.1016 (-10.7086) acc 20.3125 (22.3529) lr 9.5173e-05 eta 0:00:50
epoch [45/50] batch [90/94] loss -10.6016 (-10.6245) acc 25.0000 (22.4306) lr 9.5173e-05 eta 0:00:49
epoch [46/50] batch [5/94] loss -9.8281 (-10.5664) acc 18.7500 (22.1875) lr 7.0224e-05 eta 0:01:37
epoch [46/50] batch [10/94] loss -11.6875 (-10.9094) acc 20.3125 (22.1875) lr 7.0224e-05 eta 0:01:10
epoch [46/50] batch [15/94] loss -9.5391 (-11.1682) acc 23.4375 (21.0417) lr 7.0224e-05 eta 0:01:01
epoch [46/50] batch [20/94] loss -13.8750 (-10.9037) acc 21.8750 (23.0469) lr 7.0224e-05 eta 0:00:57
epoch [46/50] batch [25/94] loss -13.0234 (-10.8817) acc 28.1250 (22.8125) lr 7.0224e-05 eta 0:00:54
epoch [46/50] batch [30/94] loss -6.5586 (-10.6159) acc 26.5625 (22.3958) lr 7.0224e-05 eta 0:00:52
epoch [46/50] batch [35/94] loss -7.4727 (-10.4070) acc 25.0000 (23.3036) lr 7.0224e-05 eta 0:00:51
epoch [46/50] batch [40/94] loss -10.4609 (-10.3451) acc 15.6250 (23.6328) lr 7.0224e-05 eta 0:00:50
epoch [46/50] batch [45/94] loss -10.4922 (-10.3019) acc 25.0000 (23.4722) lr 7.0224e-05 eta 0:00:48
epoch [46/50] batch [50/94] loss -10.8750 (-10.4758) acc 31.2500 (23.2500) lr 7.0224e-05 eta 0:00:47
epoch [46/50] batch [55/94] loss -13.3281 (-10.4651) acc 15.6250 (23.1818) lr 7.0224e-05 eta 0:00:46
epoch [46/50] batch [60/94] loss -10.6094 (-10.3620) acc 17.1875 (23.1510) lr 7.0224e-05 eta 0:00:45
epoch [46/50] batch [65/94] loss -9.6953 (-10.3945) acc 25.0000 (23.0288) lr 7.0224e-05 eta 0:00:45
epoch [46/50] batch [70/94] loss -4.8750 (-10.2186) acc 26.5625 (22.9911) lr 7.0224e-05 eta 0:00:44
epoch [46/50] batch [75/94] loss -10.2891 (-10.3116) acc 18.7500 (22.8333) lr 7.0224e-05 eta 0:00:43
epoch [46/50] batch [80/94] loss -9.7031 (-10.3042) acc 23.4375 (22.8320) lr 7.0224e-05 eta 0:00:42
epoch [46/50] batch [85/94] loss -11.6797 (-10.3740) acc 21.8750 (22.9779) lr 7.0224e-05 eta 0:00:41
epoch [46/50] batch [90/94] loss -11.6250 (-10.4280) acc 26.5625 (22.8993) lr 7.0224e-05 eta 0:00:40
epoch [47/50] batch [5/94] loss -8.8594 (-10.9969) acc 28.1250 (26.2500) lr 4.8943e-05 eta 0:01:23
epoch [47/50] batch [10/94] loss -9.6406 (-10.5004) acc 25.0000 (23.5938) lr 4.8943e-05 eta 0:00:58
epoch [47/50] batch [15/94] loss -9.3828 (-9.9203) acc 28.1250 (24.0625) lr 4.8943e-05 eta 0:00:50
epoch [47/50] batch [20/94] loss -16.2500 (-10.3645) acc 18.7500 (23.5938) lr 4.8943e-05 eta 0:00:45
epoch [47/50] batch [25/94] loss -11.4766 (-10.8434) acc 23.4375 (23.5625) lr 4.8943e-05 eta 0:00:42
epoch [47/50] batch [30/94] loss -7.7344 (-10.7865) acc 26.5625 (23.1250) lr 4.8943e-05 eta 0:00:40
epoch [47/50] batch [35/94] loss -11.3828 (-10.5908) acc 23.4375 (23.7054) lr 4.8943e-05 eta 0:00:39
epoch [47/50] batch [40/94] loss -9.2109 (-10.6295) acc 20.3125 (23.3984) lr 4.8943e-05 eta 0:00:39
epoch [47/50] batch [45/94] loss -9.3672 (-10.6696) acc 17.1875 (23.4375) lr 4.8943e-05 eta 0:00:38
epoch [47/50] batch [50/94] loss -10.6484 (-10.5659) acc 21.8750 (23.3125) lr 4.8943e-05 eta 0:00:37
epoch [47/50] batch [55/94] loss -13.5469 (-10.6217) acc 25.0000 (23.1534) lr 4.8943e-05 eta 0:00:36
epoch [47/50] batch [60/94] loss -12.3359 (-10.7404) acc 17.1875 (22.9427) lr 4.8943e-05 eta 0:00:35
epoch [47/50] batch [65/94] loss -13.4062 (-10.7168) acc 23.4375 (22.8365) lr 4.8943e-05 eta 0:00:34
epoch [47/50] batch [70/94] loss -9.3047 (-10.6328) acc 28.1250 (22.9688) lr 4.8943e-05 eta 0:00:33
epoch [47/50] batch [75/94] loss -8.9688 (-10.5394) acc 20.3125 (22.8958) lr 4.8943e-05 eta 0:00:32
epoch [47/50] batch [80/94] loss -6.1406 (-10.4578) acc 23.4375 (22.9297) lr 4.8943e-05 eta 0:00:32
epoch [47/50] batch [85/94] loss -10.6719 (-10.4634) acc 18.7500 (22.8125) lr 4.8943e-05 eta 0:00:31
epoch [47/50] batch [90/94] loss -9.6484 (-10.5357) acc 17.1875 (22.8646) lr 4.8943e-05 eta 0:00:30
epoch [48/50] batch [5/94] loss -5.8164 (-8.9016) acc 21.8750 (23.1250) lr 3.1417e-05 eta 0:00:54
epoch [48/50] batch [10/94] loss -9.3750 (-9.2992) acc 28.1250 (24.2188) lr 3.1417e-05 eta 0:00:40
epoch [48/50] batch [15/94] loss -11.2578 (-9.7029) acc 23.4375 (23.4375) lr 3.1417e-05 eta 0:00:35
epoch [48/50] batch [20/94] loss -11.7500 (-10.0139) acc 18.7500 (22.5781) lr 3.1417e-05 eta 0:00:32
epoch [48/50] batch [25/94] loss -11.1719 (-10.0352) acc 26.5625 (22.8750) lr 3.1417e-05 eta 0:00:31
epoch [48/50] batch [30/94] loss -10.5547 (-10.1288) acc 26.5625 (22.9167) lr 3.1417e-05 eta 0:00:29
epoch [48/50] batch [35/94] loss -11.0938 (-10.1080) acc 26.5625 (23.3036) lr 3.1417e-05 eta 0:00:28
epoch [48/50] batch [40/94] loss -11.3281 (-10.4982) acc 29.6875 (23.2812) lr 3.1417e-05 eta 0:00:27
epoch [48/50] batch [45/94] loss -10.7891 (-10.4927) acc 26.5625 (23.2986) lr 3.1417e-05 eta 0:00:26
epoch [48/50] batch [50/94] loss -13.9375 (-10.5508) acc 20.3125 (23.3750) lr 3.1417e-05 eta 0:00:25
epoch [48/50] batch [55/94] loss -11.3750 (-10.5502) acc 21.8750 (22.9545) lr 3.1417e-05 eta 0:00:25
epoch [48/50] batch [60/94] loss -15.9766 (-10.6398) acc 18.7500 (23.2552) lr 3.1417e-05 eta 0:00:24
epoch [48/50] batch [65/94] loss -13.0156 (-10.5729) acc 17.1875 (23.1010) lr 3.1417e-05 eta 0:00:23
epoch [48/50] batch [70/94] loss -13.2500 (-10.6955) acc 25.0000 (23.0357) lr 3.1417e-05 eta 0:00:23
epoch [48/50] batch [75/94] loss -8.0703 (-10.6805) acc 25.0000 (23.0208) lr 3.1417e-05 eta 0:00:22
epoch [48/50] batch [80/94] loss -8.3828 (-10.6885) acc 18.7500 (22.7148) lr 3.1417e-05 eta 0:00:21
epoch [48/50] batch [85/94] loss -12.9688 (-10.6899) acc 31.2500 (22.9596) lr 3.1417e-05 eta 0:00:21
epoch [48/50] batch [90/94] loss -7.9570 (-10.6534) acc 25.0000 (22.8646) lr 3.1417e-05 eta 0:00:20
epoch [49/50] batch [5/94] loss -9.7578 (-10.4516) acc 20.3125 (24.0625) lr 1.7713e-05 eta 0:00:46
epoch [49/50] batch [10/94] loss -11.6797 (-9.8562) acc 15.6250 (23.5938) lr 1.7713e-05 eta 0:00:31
epoch [49/50] batch [15/94] loss -15.4297 (-10.5044) acc 26.5625 (23.2292) lr 1.7713e-05 eta 0:00:26
epoch [49/50] batch [20/94] loss -9.8281 (-10.0682) acc 21.8750 (23.7500) lr 1.7713e-05 eta 0:00:23
epoch [49/50] batch [25/94] loss -11.1172 (-9.8953) acc 20.3125 (23.4375) lr 1.7713e-05 eta 0:00:21
epoch [49/50] batch [30/94] loss -6.7383 (-9.8262) acc 12.5000 (22.1354) lr 1.7713e-05 eta 0:00:20
epoch [49/50] batch [35/94] loss -14.1797 (-9.8374) acc 15.6250 (22.3214) lr 1.7713e-05 eta 0:00:19
epoch [49/50] batch [40/94] loss -6.4141 (-9.7266) acc 28.1250 (22.3438) lr 1.7713e-05 eta 0:00:18
epoch [49/50] batch [45/94] loss -8.5625 (-9.5714) acc 15.6250 (22.2222) lr 1.7713e-05 eta 0:00:17
epoch [49/50] batch [50/94] loss -6.4570 (-9.6762) acc 7.8125 (21.9375) lr 1.7713e-05 eta 0:00:16
epoch [49/50] batch [55/94] loss -11.4688 (-9.6937) acc 17.1875 (22.2443) lr 1.7713e-05 eta 0:00:15
epoch [49/50] batch [60/94] loss -8.0234 (-9.7452) acc 15.6250 (21.9792) lr 1.7713e-05 eta 0:00:14
epoch [49/50] batch [65/94] loss -10.1016 (-9.6788) acc 18.7500 (22.0192) lr 1.7713e-05 eta 0:00:14
epoch [49/50] batch [70/94] loss -8.1484 (-9.8231) acc 26.5625 (22.1652) lr 1.7713e-05 eta 0:00:13
epoch [49/50] batch [75/94] loss -8.3438 (-9.9131) acc 18.7500 (22.1667) lr 1.7713e-05 eta 0:00:12
epoch [49/50] batch [80/94] loss -11.9062 (-9.9360) acc 26.5625 (22.2266) lr 1.7713e-05 eta 0:00:12
epoch [49/50] batch [85/94] loss -10.0000 (-9.9447) acc 26.5625 (22.3529) lr 1.7713e-05 eta 0:00:11
epoch [49/50] batch [90/94] loss -12.6797 (-10.0389) acc 26.5625 (22.4826) lr 1.7713e-05 eta 0:00:10
epoch [50/50] batch [5/94] loss -5.0352 (-10.3414) acc 26.5625 (20.0000) lr 7.8853e-06 eta 0:00:19
epoch [50/50] batch [10/94] loss -5.2617 (-9.1031) acc 29.6875 (22.6562) lr 7.8853e-06 eta 0:00:13
epoch [50/50] batch [15/94] loss -10.6406 (-9.6964) acc 20.3125 (22.8125) lr 7.8853e-06 eta 0:00:11
epoch [50/50] batch [20/94] loss -8.7812 (-10.0523) acc 20.3125 (23.6719) lr 7.8853e-06 eta 0:00:09
epoch [50/50] batch [25/94] loss -8.0781 (-10.0805) acc 26.5625 (24.0625) lr 7.8853e-06 eta 0:00:08
epoch [50/50] batch [30/94] loss -11.4766 (-10.3008) acc 23.4375 (24.1146) lr 7.8853e-06 eta 0:00:08
epoch [50/50] batch [35/94] loss -10.4531 (-10.2518) acc 21.8750 (23.3482) lr 7.8853e-06 eta 0:00:07
epoch [50/50] batch [40/94] loss -17.3594 (-10.4393) acc 26.5625 (23.5938) lr 7.8853e-06 eta 0:00:06
epoch [50/50] batch [45/94] loss -11.7656 (-10.4243) acc 25.0000 (23.9583) lr 7.8853e-06 eta 0:00:05
epoch [50/50] batch [50/94] loss -8.3203 (-10.3616) acc 21.8750 (24.0000) lr 7.8853e-06 eta 0:00:05
epoch [50/50] batch [55/94] loss -8.6016 (-10.3366) acc 26.5625 (23.6648) lr 7.8853e-06 eta 0:00:04
epoch [50/50] batch [60/94] loss -16.0938 (-10.3178) acc 18.7500 (23.4635) lr 7.8853e-06 eta 0:00:03
epoch [50/50] batch [65/94] loss -9.7578 (-10.4597) acc 15.6250 (23.0288) lr 7.8853e-06 eta 0:00:03
epoch [50/50] batch [70/94] loss -11.7578 (-10.6309) acc 20.3125 (22.7679) lr 7.8853e-06 eta 0:00:02
epoch [50/50] batch [75/94] loss -10.1328 (-10.8273) acc 21.8750 (22.7083) lr 7.8853e-06 eta 0:00:02
epoch [50/50] batch [80/94] loss -8.9766 (-10.7268) acc 29.6875 (22.8516) lr 7.8853e-06 eta 0:00:01
epoch [50/50] batch [85/94] loss -4.9531 (-10.6812) acc 28.1250 (22.9228) lr 7.8853e-06 eta 0:00:01
epoch [50/50] batch [90/94] loss -11.5703 (-10.6616) acc 28.1250 (22.8993) lr 7.8853e-06 eta 0:00:00
Model Saved to: output/CLIPAdapter-ViTB32-PACS-art_painting/model.pth.tar-50
Finish Training
Evaluate on the Test Set
Model output: torch.Size([64, 28])
Model output: torch.Size([64, 28])
Model output: torch.Size([64, 28])
Model output: torch.Size([64, 28])
Model output: torch.Size([64, 28])
Model output: torch.Size([64, 28])
Model output: torch.Size([64, 28])
Model output: torch.Size([64, 28])
Model output: torch.Size([64, 28])
Model output: torch.Size([64, 28])
Model output: torch.Size([64, 28])
Model output: torch.Size([64, 28])
Model output: torch.Size([64, 28])
Model output: torch.Size([64, 28])
Model output: torch.Size([64, 28])
Model output: torch.Size([64, 28])
Model output: torch.Size([64, 28])
Model output: torch.Size([64, 28])
Model output: torch.Size([64, 28])
Model output: torch.Size([64, 28])
Model output: torch.Size([64, 28])
Model output: torch.Size([64, 28])
Model output: torch.Size([64, 28])
Model output: torch.Size([64, 28])
Model output: torch.Size([64, 28])
Model output: torch.Size([64, 28])
Model output: torch.Size([64, 28])
Model output: torch.Size([64, 28])
Model output: torch.Size([64, 28])
Model output: torch.Size([64, 28])
Model output: torch.Size([64, 28])
Model output: torch.Size([64, 28])
Model output: torch.Size([64, 28])
Model output: torch.Size([64, 28])
Model output: torch.Size([64, 28])
Model output: torch.Size([64, 28])
Model output: torch.Size([64, 28])
Model output: torch.Size([64, 28])
Model output: torch.Size([64, 28])
Model output: torch.Size([64, 28])
Model output: torch.Size([64, 28])
Model output: torch.Size([64, 28])
Model output: torch.Size([64, 28])
Model output: torch.Size([64, 28])
Model output: torch.Size([64, 28])
Model output: torch.Size([64, 28])
Model output: torch.Size([64, 28])
Model output: torch.Size([64, 28])
Model output: torch.Size([64, 28])
Model output: torch.Size([64, 28])
Model output: torch.Size([64, 28])
Model output: torch.Size([64, 28])
Model output: torch.Size([64, 28])
Model output: torch.Size([64, 28])
Model output: torch.Size([64, 28])
Model output: torch.Size([64, 28])
Model output: torch.Size([64, 28])
Model output: torch.Size([64, 28])
Model output: torch.Size([64, 28])
Model output: torch.Size([64, 28])
Model output: torch.Size([64, 28])
Model output: torch.Size([24, 28])
----------  ------
Total #     3,928
Correct #   3,384
Accuracy    86.15%
Error Rate  13.85%
Macro_F1    88.73%
----------  ------
