*** Config ***
***************
** Arguments **
***************
dataset: PACS
gpu: 0
model: CLIPAdapter
model_config_file: config/clipadapter.yaml
output_dir: output/CLIPAdapter-ViTB32-PACS-art_painting
root: ./data/
seed: 134
source_domains: ['cartoon', 'photo', 'sketch']
target_domains: ['art_painting']
************
** Config **
************
DATALOADER:
  NUM_WORKERS: 8
  TEST:
    BATCH_SIZE: 64
    SAMPLER: SequentialSampler
  TRAIN:
    BATCH_SIZE: 64
    SAMPLER: RandomSampler
DATASET:
  NAME: PACS
  ROOT: ./data/
  SOURCE_DOMAINS: ['cartoon', 'photo', 'sketch']
  SUBSAMPLE_CLASSES: all
  TARGET_DOMAINS: ['art_painting']
GPU: 0
INPUT:
  COLORJITTER_B: 0.4
  COLORJITTER_C: 0.4
  COLORJITTER_H: 0.1
  COLORJITTER_S: 0.4
  CROP_PADDING: 4
  CUTOUT_LEN: 16
  CUTOUT_N: 1
  GB_K: 21
  GB_P: 0.5
  GN_MEAN: 0.0
  GN_STD: 0.15
  INTERPOLATION: bicubic
  PIXEL_MEAN: [0.48145466, 0.4578275, 0.40821073]
  PIXEL_STD: [0.26862954, 0.26130258, 0.27577711]
  RANDAUGMENT_M: 10
  RANDAUGMENT_N: 2
  RGS_P: 0.2
  RRCROP_SCALE: (0.08, 1.0)
  SIZE: (224, 224)
  TRANSFORMS: ['random_resized_crop', 'random_flip', 'normalize']
MODEL:
  CLIPAdapter:
    BACKBONE: ViT-B/32
  NAME: CLIPAdapter
OPTIM:
  ADAM_BETA1: 0.9
  ADAM_BETA2: 0.999
  GAMMA: 0.1
  LR: 0.002
  LR_SCHEDULER: Cosine
  MAX_EPOCH: 2
  MOMENTUM: 0.9
  NAME: sgd
  SGD_DAMPENING: 0
  SGD_NESTEROV: False
  STEP_SIZE: -1
  WARMUP_CONS_LR: 1e-05
  WARMUP_EPOCH: 1
  WARMUP_MIN_LR: 1e-05
  WARMUP_TYPE: constant
  WEIGHT_DECAY: 0.0005
OUTPUT_DIR: output/CLIPAdapter-ViTB32-PACS-art_painting
SEED: 134
TEST:
  EVALUATOR: Classification
  FINAL_Model: last_step
  SPLIT: Test
TRAIN:
  PRINT_FREQ: 5
Build Trainer: CLIPAdapter
Build Dataset: PACS
Transform for Train: Compose(
    RandomResizedCrop(size=(224, 224), scale=(0.08, 1.0), ratio=(0.75, 1.3333), interpolation=bicubic, antialias=True)
    RandomHorizontalFlip(p=0.5)
    ToTensor()
    Normalize(mean=[0.48145466, 0.4578275, 0.40821073], std=[0.26862954, 0.26130258, 0.27577711])
)
Transform for Test: Compose(
    Resize(size=224, interpolation=bicubic, max_size=None, antialias=True)
    CenterCrop(size=(224, 224))
    ToTensor()
    Normalize(mean=[0.48145466, 0.4578275, 0.40821073], std=[0.26862954, 0.26130258, 0.27577711])
)
--------------  ------------------------------
Dataset         PACS
Source Domains  ['cartoon', 'photo', 'sketch']
Target Domains  ['art_painting']
# Classes       7
# Train Data    7,942
# Val Data      806
# Test Data     2,048
--------------  ------------------------------
Loading CLIP Backbone: ViT-B/32
Building Custom CLIP
Class: ['dog', 'elephant', 'giraffe', 'guitar', 'horse', 'house', 'person']
Domains: ['cartoon', 'photo', 'sketch']
{'original': ['a picture of a dog.', 'a picture of a elephant.', 'a picture of a giraffe.', 'a picture of a guitar.', 'a picture of a horse.', 'a picture of a house.', 'a picture of a person.'], 'cartoon': ['a picture of a cartoon dog.', 'a picture of a cartoon elephant.', 'a picture of a cartoon giraffe.', 'a picture of a cartoon guitar.', 'a picture of a cartoon horse.', 'a picture of a cartoon house.', 'a picture of a cartoon person.'], 'photo': ['a picture of a photo dog.', 'a picture of a photo elephant.', 'a picture of a photo giraffe.', 'a picture of a photo guitar.', 'a picture of a photo horse.', 'a picture of a photo house.', 'a picture of a photo person.'], 'sketch': ['a picture of a sketch dog.', 'a picture of a sketch elephant.', 'a picture of a sketch giraffe.', 'a picture of a sketch guitar.', 'a picture of a sketch horse.', 'a picture of a sketch house.', 'a picture of a sketch person.']}
Encoded prompts (cartoon): torch.Size([7, 512])
Turning Off Gradients in Image and Text Encoder
Parameters to be updated: {'adapter.fc.2.weight', 'adapter.fc.0.weight'}
Build Evaluator: Classification
Logits domain (cartoon): torch.Size([64, 7])
Logits domain (cartoon): tensor([[19.1250, 19.8906, 18.8281, 18.3281, 20.0938, 28.1406, 22.7500],
        [30.0938, 30.9219, 30.4375, 24.7031, 32.2500, 24.6094, 27.6250],
        [21.7969, 22.5156, 23.7812, 23.6094, 21.7812, 24.9531, 25.2188],
        [27.3125, 24.2812, 24.2500, 21.3594, 24.8281, 22.3125, 24.3906],
        [22.5938, 30.8750, 24.7500, 21.3750, 23.5156, 24.3125, 26.9531],
        [24.1250, 25.4531, 25.1406, 30.2656, 25.6562, 21.1719, 26.1875],
        [18.1719, 18.1094, 20.6875, 18.5625, 19.7031, 19.5781, 23.3594],
        [28.0938, 22.9844, 23.0469, 19.4219, 23.8906, 21.1094, 23.5781],
        [27.4531, 29.3125, 25.9062, 22.7344, 26.6719, 23.5781, 26.4062],
        [23.0312, 22.6719, 23.0312, 22.4531, 23.0469, 21.6094, 24.4219],
        [25.2812, 25.2188, 25.3594, 23.5781, 26.1250, 21.9688, 25.1562],
        [24.1719, 24.3438, 24.9688, 22.5625, 24.7500, 22.1094, 24.7812],
        [25.0781, 24.1719, 24.1719, 21.8281, 24.9844, 32.1562, 25.2188],
        [27.6250, 28.1875, 27.6719, 24.4219, 27.3750, 23.4375, 27.4219],
        [24.9375, 23.8594, 26.3906, 23.6719, 25.1406, 22.6562, 27.2656],
        [24.9844, 27.0156, 32.9688, 23.6094, 29.8125, 23.6562, 26.2656],
        [19.9531, 19.3750, 20.7500, 21.0781, 20.1094, 21.5469, 22.1094],
        [27.2344, 27.5781, 31.9219, 25.2031, 28.3750, 26.2344, 24.9844],
        [20.4219, 20.8281, 21.4375, 19.2969, 21.1875, 19.7812, 23.9375],
        [28.3750, 31.2500, 30.9375, 23.9375, 30.3438, 23.4375, 27.2188],
        [25.5156, 24.2656, 26.9062, 19.8750, 30.7188, 22.2812, 25.5000],
        [24.3281, 25.8125, 23.2812, 19.6562, 24.0781, 22.3906, 27.5781],
        [24.4531, 26.8281, 30.0312, 24.3594, 27.7188, 23.0469, 25.9062],
        [25.4062, 25.0312, 27.5000, 23.4062, 25.5781, 23.7344, 29.2812],
        [29.9531, 29.6719, 26.0156, 20.5469, 28.5625, 22.8594, 25.3906],
        [24.4375, 24.6406, 27.5312, 30.5000, 25.7031, 22.7188, 26.5000],
        [26.3750, 25.6250, 30.8906, 23.0625, 27.7344, 21.6562, 24.2969],
        [26.2969, 34.5938, 27.0312, 21.1719, 27.9219, 24.5000, 24.7344],
        [23.0469, 23.3438, 23.0312, 21.5625, 23.8594, 23.1406, 24.8281],
        [24.5781, 26.2812, 27.7656, 29.4062, 26.4844, 23.1562, 27.4375],
        [19.5781, 30.4219, 24.0938, 17.9375, 22.4375, 21.0938, 20.7969],
        [24.8281, 26.5781, 26.7656, 32.6875, 26.0625, 23.7500, 26.0938],
        [21.0000, 28.0156, 23.6719, 19.5781, 24.2969, 20.8438, 22.8906],
        [26.0781, 19.9375, 18.0938, 18.1562, 21.1562, 19.2969, 20.1250],
        [20.1406, 20.7812, 22.0469, 21.4844, 21.8750, 18.1094, 23.2656],
        [23.5781, 25.0312, 26.4219, 22.3125, 25.3125, 20.6250, 25.4219],
        [26.4531, 27.9375, 29.3281, 22.7656, 31.4688, 22.2812, 26.1875],
        [28.4219, 28.3438, 27.1719, 21.0000, 32.8125, 23.8125, 25.8438],
        [25.1094, 26.6250, 26.6562, 24.0625, 26.4062, 22.1562, 25.9844],
        [28.2812, 27.4688, 30.3594, 25.0469, 30.9375, 23.2188, 26.9688],
        [20.1406, 18.1719, 18.5000, 17.0156, 19.7969, 25.5156, 19.7500],
        [17.2656, 19.2188, 18.8125, 16.7812, 19.5312, 27.0938, 19.5469],
        [27.2812, 27.8281, 28.5312, 22.0312, 33.0000, 22.9219, 26.0000],
        [26.4219, 34.9375, 28.9219, 22.6875, 27.9219, 24.2812, 27.2969],
        [28.8594, 30.8438, 31.2031, 24.3594, 30.4062, 24.1250, 27.7188],
        [20.7031, 20.8750, 20.3750, 20.5469, 20.3438, 27.0156, 19.9062],
        [18.2031, 18.6875, 21.1562, 29.0938, 21.2344, 18.9062, 19.8750],
        [23.7969, 23.7656, 24.7031, 31.6406, 25.0000, 21.2812, 25.9062],
        [24.1875, 25.5469, 25.0938, 22.9844, 24.9375, 22.0469, 26.0000],
        [22.5000, 23.1875, 27.7656, 20.9062, 30.6719, 21.7344, 25.6406],
        [25.1719, 19.7344, 18.7188, 15.3594, 21.9219, 16.3281, 19.7500],
        [24.5625, 24.5938, 23.9688, 22.4688, 24.1875, 21.7812, 25.9062],
        [29.2188, 26.7969, 27.6562, 23.0781, 29.1406, 23.0781, 25.1719],
        [18.2969, 17.5156, 20.1250, 28.0781, 19.9219, 17.1094, 19.2344],
        [29.9688, 31.5625, 28.4844, 23.0000, 28.5781, 24.0469, 25.8750],
        [18.1406, 19.1719, 18.6562, 17.3125, 18.4531, 17.4219, 22.6562],
        [21.2188, 23.2500, 23.9531, 19.4219, 27.4375, 22.7812, 21.8125],
        [24.9531, 24.7344, 26.2344, 24.4844, 25.5469, 24.9062, 28.0312],
        [23.0469, 21.4844, 21.7969, 14.6797, 26.1719, 18.4531, 18.4844],
        [25.3125, 27.7344, 29.4688, 22.2969, 29.3906, 21.7812, 24.9375],
        [26.3906, 29.2969, 28.0156, 24.4688, 29.6406, 23.7344, 26.1719],
        [25.0469, 25.8281, 26.6719, 24.3438, 25.5469, 23.8594, 26.3906],
        [30.9062, 24.3750, 26.4844, 22.9531, 26.3750, 24.3906, 26.8906],
        [19.8125, 19.3281, 19.9219, 18.3125, 19.8438, 28.0156, 20.0781]],
       device='cuda:0', dtype=torch.float16, grad_fn=<MmBackward0>)
