*** Config ***
***************
** Arguments **
***************
dataset: PACS
gpu: 0
model: CLIPAdapter
model_config_file: config/clipadapter.yaml
output_dir: output/CLIPAdapter-ViTB32-PACS-art_painting
root: ./data/
seed: 134
source_domains: ['cartoon', 'photo', 'sketch']
target_domains: ['art_painting']
************
** Config **
************
DATALOADER:
  NUM_WORKERS: 8
  TEST:
    BATCH_SIZE: 64
    SAMPLER: SequentialSampler
  TRAIN:
    BATCH_SIZE: 64
    SAMPLER: RandomSampler
DATASET:
  NAME: PACS
  ROOT: ./data/
  SOURCE_DOMAINS: ['cartoon', 'photo', 'sketch']
  SUBSAMPLE_CLASSES: all
  TARGET_DOMAINS: ['art_painting']
GPU: 0
INPUT:
  COLORJITTER_B: 0.4
  COLORJITTER_C: 0.4
  COLORJITTER_H: 0.1
  COLORJITTER_S: 0.4
  CROP_PADDING: 4
  CUTOUT_LEN: 16
  CUTOUT_N: 1
  GB_K: 21
  GB_P: 0.5
  GN_MEAN: 0.0
  GN_STD: 0.15
  INTERPOLATION: bicubic
  PIXEL_MEAN: [0.48145466, 0.4578275, 0.40821073]
  PIXEL_STD: [0.26862954, 0.26130258, 0.27577711]
  RANDAUGMENT_M: 10
  RANDAUGMENT_N: 2
  RGS_P: 0.2
  RRCROP_SCALE: (0.08, 1.0)
  SIZE: (224, 224)
  TRANSFORMS: ['random_resized_crop', 'random_flip', 'normalize']
MODEL:
  CLIPAdapter:
    BACKBONE: ViT-B/32
  NAME: CLIPAdapter
OPTIM:
  ADAM_BETA1: 0.9
  ADAM_BETA2: 0.999
  GAMMA: 0.1
  LR: 0.002
  LR_SCHEDULER: Cosine
  MAX_EPOCH: 2
  MOMENTUM: 0.9
  NAME: sgd
  SGD_DAMPENING: 0
  SGD_NESTEROV: False
  STEP_SIZE: -1
  WARMUP_CONS_LR: 1e-05
  WARMUP_EPOCH: 1
  WARMUP_MIN_LR: 1e-05
  WARMUP_TYPE: constant
  WEIGHT_DECAY: 0.0005
OUTPUT_DIR: output/CLIPAdapter-ViTB32-PACS-art_painting
SEED: 134
TEST:
  EVALUATOR: Classification
  FINAL_Model: last_step
  SPLIT: Test
TRAIN:
  PRINT_FREQ: 5
Build Trainer: CLIPAdapter
Build Dataset: PACS
Transform for Train: Compose(
    RandomResizedCrop(size=(224, 224), scale=(0.08, 1.0), ratio=(0.75, 1.3333), interpolation=bicubic, antialias=True)
    RandomHorizontalFlip(p=0.5)
    ToTensor()
    Normalize(mean=[0.48145466, 0.4578275, 0.40821073], std=[0.26862954, 0.26130258, 0.27577711])
)
Transform for Test: Compose(
    Resize(size=224, interpolation=bicubic, max_size=None, antialias=True)
    CenterCrop(size=(224, 224))
    ToTensor()
    Normalize(mean=[0.48145466, 0.4578275, 0.40821073], std=[0.26862954, 0.26130258, 0.27577711])
)
--------------  ------------------------------
Dataset         PACS
Source Domains  ['cartoon', 'photo', 'sketch']
Target Domains  ['art_painting']
# Classes       7
# Train Data    7,942
# Val Data      806
# Test Data     2,048
--------------  ------------------------------
Loading CLIP Backbone: ViT-B/32
Building Custom CLIP
{'original': ['a picture of a dog.', 'a picture of a elephant.', 'a picture of a giraffe.', 'a picture of a guitar.', 'a picture of a horse.', 'a picture of a house.', 'a picture of a person.'], 'cartoon': ['a picture of a cartoon dog.', 'a picture of a cartoon elephant.', 'a picture of a cartoon giraffe.', 'a picture of a cartoon guitar.', 'a picture of a cartoon horse.', 'a picture of a cartoon house.', 'a picture of a cartoon person.'], 'photo': ['a picture of a photo dog.', 'a picture of a photo elephant.', 'a picture of a photo giraffe.', 'a picture of a photo guitar.', 'a picture of a photo horse.', 'a picture of a photo house.', 'a picture of a photo person.'], 'sketch': ['a picture of a sketch dog.', 'a picture of a sketch elephant.', 'a picture of a sketch giraffe.', 'a picture of a sketch guitar.', 'a picture of a sketch horse.', 'a picture of a sketch house.', 'a picture of a sketch person.']}
Turning Off Gradients in Image and Text Encoder
Parameters to be updated: {'adapter.fc.0.weight', 'adapter.fc.2.weight'}
Build Evaluator: Classification
epoch [1/2] batch [5/124] loss -0.0477 (-0.1428) acc 6.2500 (16.2500) lr 1.0000e-05 eta 0:01:56
epoch [1/2] batch [10/124] loss -0.1109 (-0.1300) acc 14.0625 (14.3750) lr 1.0000e-05 eta 0:01:23
epoch [1/2] batch [15/124] loss -0.1077 (-0.1401) acc 14.0625 (14.8958) lr 1.0000e-05 eta 0:01:11
epoch [1/2] batch [20/124] loss -0.2042 (-0.1388) acc 20.3125 (16.0938) lr 1.0000e-05 eta 0:01:04
epoch [1/2] batch [25/124] loss -0.2832 (-0.1571) acc 21.8750 (17.1250) lr 1.0000e-05 eta 0:01:00
