*** Config ***
***************
** Arguments **
***************
dataset: PACS
gpu: 0
model: CLIPAdapter
model_config_file: config/clipadapter.yaml
output_dir: output/CLIPAdapter-ViTB32-PACS-art_painting
root: ./data/
seed: 134
source_domains: ['cartoon', 'photo', 'sketch']
target_domains: ['art_painting']
************
** Config **
************
DATALOADER:
  NUM_WORKERS: 8
  TEST:
    BATCH_SIZE: 64
    SAMPLER: SequentialSampler
  TRAIN:
    BATCH_SIZE: 64
    SAMPLER: RandomSampler
DATASET:
  NAME: PACS
  ROOT: ./data/
  SOURCE_DOMAINS: ['cartoon', 'photo', 'sketch']
  SUBSAMPLE_CLASSES: all
  TARGET_DOMAINS: ['art_painting']
GPU: 0
INPUT:
  COLORJITTER_B: 0.4
  COLORJITTER_C: 0.4
  COLORJITTER_H: 0.1
  COLORJITTER_S: 0.4
  CROP_PADDING: 4
  CUTOUT_LEN: 16
  CUTOUT_N: 1
  GB_K: 21
  GB_P: 0.5
  GN_MEAN: 0.0
  GN_STD: 0.15
  INTERPOLATION: bicubic
  PIXEL_MEAN: [0.48145466, 0.4578275, 0.40821073]
  PIXEL_STD: [0.26862954, 0.26130258, 0.27577711]
  RANDAUGMENT_M: 10
  RANDAUGMENT_N: 2
  RGS_P: 0.2
  RRCROP_SCALE: (0.08, 1.0)
  SIZE: (224, 224)
  TRANSFORMS: ['random_resized_crop', 'random_flip', 'normalize']
MODEL:
  CLIPAdapter:
    BACKBONE: ViT-B/32
  NAME: CLIPAdapter
OPTIM:
  ADAM_BETA1: 0.9
  ADAM_BETA2: 0.999
  GAMMA: 0.1
  LR: 0.002
  LR_SCHEDULER: Cosine
  MAX_EPOCH: 2
  MOMENTUM: 0.9
  NAME: sgd
  SGD_DAMPENING: 0
  SGD_NESTEROV: False
  STEP_SIZE: -1
  WARMUP_CONS_LR: 1e-05
  WARMUP_EPOCH: 1
  WARMUP_MIN_LR: 1e-05
  WARMUP_TYPE: constant
  WEIGHT_DECAY: 0.0005
OUTPUT_DIR: output/CLIPAdapter-ViTB32-PACS-art_painting
SEED: 134
TEST:
  EVALUATOR: Classification
  FINAL_Model: last_step
  SPLIT: Test
TRAIN:
  PRINT_FREQ: 5
Build Trainer: CLIPAdapter
Build Dataset: PACS
Transform for Train: Compose(
    RandomResizedCrop(size=(224, 224), scale=(0.08, 1.0), ratio=(0.75, 1.3333), interpolation=bicubic, antialias=True)
    RandomHorizontalFlip(p=0.5)
    ToTensor()
    Normalize(mean=[0.48145466, 0.4578275, 0.40821073], std=[0.26862954, 0.26130258, 0.27577711])
)
Transform for Test: Compose(
    Resize(size=224, interpolation=bicubic, max_size=None, antialias=True)
    CenterCrop(size=(224, 224))
    ToTensor()
    Normalize(mean=[0.48145466, 0.4578275, 0.40821073], std=[0.26862954, 0.26130258, 0.27577711])
)
--------------  ------------------------------
Dataset         PACS
Source Domains  ['cartoon', 'photo', 'sketch']
Target Domains  ['art_painting']
# Classes       7
# Train Data    7,942
# Val Data      806
# Test Data     2,048
--------------  ------------------------------
Loading CLIP Backbone: ViT-B/32
Building Custom CLIP
{'original': ['a picture of a dog.', 'a picture of a elephant.', 'a picture of a giraffe.', 'a picture of a guitar.', 'a picture of a horse.', 'a picture of a house.', 'a picture of a person.'], 'cartoon': ['a picture of a cartoon dog.', 'a picture of a cartoon elephant.', 'a picture of a cartoon giraffe.', 'a picture of a cartoon guitar.', 'a picture of a cartoon horse.', 'a picture of a cartoon house.', 'a picture of a cartoon person.'], 'photo': ['a picture of a photo dog.', 'a picture of a photo elephant.', 'a picture of a photo giraffe.', 'a picture of a photo guitar.', 'a picture of a photo horse.', 'a picture of a photo house.', 'a picture of a photo person.'], 'sketch': ['a picture of a sketch dog.', 'a picture of a sketch elephant.', 'a picture of a sketch giraffe.', 'a picture of a sketch guitar.', 'a picture of a sketch horse.', 'a picture of a sketch house.', 'a picture of a sketch person.']}
Turning Off Gradients in Image and Text Encoder
Parameters to be updated: {'adapter.fc.0.weight', 'adapter.fc.2.weight'}
Build Evaluator: Classification
epoch [1/2] batch [5/124] loss 0.3994 (0.5530) acc 6.2500 (16.2500) lr 1.0000e-05 eta 0:03:22
epoch [1/2] batch [10/124] loss 0.6895 (0.5818) acc 14.0625 (14.3750) lr 1.0000e-05 eta 0:01:41
epoch [1/2] batch [15/124] loss 0.6470 (0.5439) acc 14.0625 (15.0000) lr 1.0000e-05 eta 0:01:08
epoch [1/2] batch [20/124] loss 0.3850 (0.5348) acc 20.3125 (16.1719) lr 1.0000e-05 eta 0:00:51
epoch [1/2] batch [25/124] loss 0.5244 (0.5456) acc 21.8750 (17.1875) lr 1.0000e-05 eta 0:00:41
epoch [1/2] batch [30/124] loss 0.5483 (0.5364) acc 26.5625 (17.2917) lr 1.0000e-05 eta 0:00:35
epoch [1/2] batch [35/124] loss 0.4668 (0.5324) acc 21.8750 (17.7232) lr 1.0000e-05 eta 0:00:30
epoch [1/2] batch [40/124] loss 0.5566 (0.5268) acc 15.6250 (17.6172) lr 1.0000e-05 eta 0:00:26
epoch [1/2] batch [45/124] loss 0.4473 (0.5197) acc 18.7500 (17.4306) lr 1.0000e-05 eta 0:00:23
epoch [1/2] batch [50/124] loss 0.5088 (0.5225) acc 20.3125 (17.3750) lr 1.0000e-05 eta 0:00:21
epoch [1/2] batch [55/124] loss 0.5981 (0.5340) acc 23.4375 (17.1591) lr 1.0000e-05 eta 0:00:19
epoch [1/2] batch [60/124] loss 0.2881 (0.5277) acc 23.4375 (17.4479) lr 1.0000e-05 eta 0:00:17
epoch [1/2] batch [65/124] loss 0.5215 (0.5359) acc 12.5000 (17.2596) lr 1.0000e-05 eta 0:00:16
epoch [1/2] batch [70/124] loss 0.7373 (0.5458) acc 20.3125 (17.2545) lr 1.0000e-05 eta 0:00:15
epoch [1/2] batch [75/124] loss 0.4978 (0.5474) acc 21.8750 (17.2708) lr 1.0000e-05 eta 0:00:13
epoch [1/2] batch [80/124] loss 0.5464 (0.5478) acc 14.0625 (17.1484) lr 1.0000e-05 eta 0:00:12
epoch [1/2] batch [85/124] loss 0.4585 (0.5469) acc 25.0000 (17.2794) lr 1.0000e-05 eta 0:00:12
epoch [1/2] batch [90/124] loss 0.3525 (0.5454) acc 23.4375 (17.2222) lr 1.0000e-05 eta 0:00:11
epoch [1/2] batch [95/124] loss 0.3979 (0.5430) acc 20.3125 (17.2862) lr 1.0000e-05 eta 0:00:10
epoch [1/2] batch [100/124] loss 0.5684 (0.5435) acc 10.9375 (17.3906) lr 1.0000e-05 eta 0:00:09
epoch [1/2] batch [105/124] loss 0.6108 (0.5450) acc 18.7500 (17.3810) lr 1.0000e-05 eta 0:00:09
epoch [1/2] batch [110/124] loss 0.4692 (0.5439) acc 18.7500 (17.3438) lr 1.0000e-05 eta 0:00:08
epoch [1/2] batch [115/124] loss 0.5859 (0.5443) acc 15.6250 (17.3777) lr 1.0000e-05 eta 0:00:08
epoch [1/2] batch [120/124] loss 0.7373 (0.5408) acc 21.8750 (17.4740) lr 1.0000e-05 eta 0:00:07
epoch [2/2] batch [5/124] loss 0.4915 (0.6043) acc 18.7500 (15.3125) lr 2.0000e-03 eta 0:00:36
epoch [2/2] batch [10/124] loss 0.6274 (0.5500) acc 7.8125 (15.1562) lr 2.0000e-03 eta 0:00:18
epoch [2/2] batch [15/124] loss 0.5718 (0.5468) acc 17.1875 (16.0417) lr 2.0000e-03 eta 0:00:12
epoch [2/2] batch [20/124] loss 0.5845 (0.5435) acc 6.2500 (16.3281) lr 2.0000e-03 eta 0:00:09
epoch [2/2] batch [25/124] loss 0.5405 (0.5391) acc 12.5000 (16.5000) lr 2.0000e-03 eta 0:00:07
epoch [2/2] batch [30/124] loss 0.5591 (0.5462) acc 20.3125 (16.7708) lr 2.0000e-03 eta 0:00:06
epoch [2/2] batch [35/124] loss 0.7124 (0.5465) acc 18.7500 (17.0982) lr 2.0000e-03 eta 0:00:05
epoch [2/2] batch [40/124] loss 0.3977 (0.5342) acc 20.3125 (16.7578) lr 2.0000e-03 eta 0:00:04
epoch [2/2] batch [45/124] loss 0.5156 (0.5351) acc 10.9375 (16.7014) lr 2.0000e-03 eta 0:00:03
epoch [2/2] batch [50/124] loss 0.4758 (0.5439) acc 18.7500 (16.6562) lr 2.0000e-03 eta 0:00:03
epoch [2/2] batch [55/124] loss 0.5933 (0.5415) acc 18.7500 (16.9318) lr 2.0000e-03 eta 0:00:03
epoch [2/2] batch [60/124] loss 0.6045 (0.5442) acc 12.5000 (16.9531) lr 2.0000e-03 eta 0:00:02
epoch [2/2] batch [65/124] loss 0.4448 (0.5463) acc 17.1875 (16.9471) lr 2.0000e-03 eta 0:00:02
epoch [2/2] batch [70/124] loss 0.6719 (0.5511) acc 7.8125 (16.9196) lr 2.0000e-03 eta 0:00:02
epoch [2/2] batch [75/124] loss 0.6602 (0.5516) acc 18.7500 (16.9583) lr 2.0000e-03 eta 0:00:01
epoch [2/2] batch [80/124] loss 0.4949 (0.5531) acc 21.8750 (17.0117) lr 2.0000e-03 eta 0:00:01
epoch [2/2] batch [85/124] loss 0.6211 (0.5552) acc 17.1875 (16.9301) lr 2.0000e-03 eta 0:00:01
epoch [2/2] batch [90/124] loss 0.2698 (0.5486) acc 12.5000 (17.1701) lr 2.0000e-03 eta 0:00:01
epoch [2/2] batch [95/124] loss 0.4514 (0.5484) acc 9.3750 (17.1217) lr 2.0000e-03 eta 0:00:01
epoch [2/2] batch [100/124] loss 0.3875 (0.5478) acc 15.6250 (17.0938) lr 2.0000e-03 eta 0:00:00
epoch [2/2] batch [105/124] loss 0.5259 (0.5487) acc 17.1875 (17.2470) lr 2.0000e-03 eta 0:00:00
epoch [2/2] batch [110/124] loss 0.3508 (0.5458) acc 15.6250 (17.3011) lr 2.0000e-03 eta 0:00:00
epoch [2/2] batch [115/124] loss 0.5459 (0.5448) acc 10.9375 (17.3505) lr 2.0000e-03 eta 0:00:00
epoch [2/2] batch [120/124] loss 0.5498 (0.5453) acc 14.0625 (17.3438) lr 2.0000e-03 eta 0:00:00
Model Saved to: output/CLIPAdapter-ViTB32-PACS-art_painting/model.pth.tar-2
Finish Training
Evaluate on the Test Set
{'original': ['a picture of a dog.', 'a picture of a elephant.', 'a picture of a giraffe.', 'a picture of a guitar.', 'a picture of a horse.', 'a picture of a house.', 'a picture of a person.'], 'art_painting': ['a picture of a art painting dog.', 'a picture of a art painting elephant.', 'a picture of a art painting giraffe.', 'a picture of a art painting guitar.', 'a picture of a art painting horse.', 'a picture of a art painting house.', 'a picture of a art painting person.']}
{'original': tensor([[ 0.0130,  0.0088, -0.0393,  ..., -0.0427, -0.0132,  0.0195],
        [ 0.0052,  0.0047, -0.0052,  ..., -0.0147,  0.0049,  0.0210],
        [ 0.0317, -0.0136, -0.0396,  ..., -0.0195, -0.0196, -0.0251],
        ...,
        [ 0.0157, -0.0074, -0.0182,  ..., -0.0357, -0.0072,  0.0031],
        [ 0.0065,  0.0099, -0.0113,  ..., -0.0518, -0.0119, -0.0191],
        [ 0.0049,  0.0079, -0.0011,  ..., -0.0593, -0.0150, -0.0024]],
       device='cuda:0', dtype=torch.float16), 'art_painting': tensor([[ 0.0347, -0.0056, -0.0271,  ..., -0.0314, -0.0006, -0.0018],
        [ 0.0241, -0.0111, -0.0080,  ...,  0.0004,  0.0161,  0.0137],
        [ 0.0443, -0.0284, -0.0266,  ..., -0.0101, -0.0107, -0.0369],
        ...,
        [ 0.0286, -0.0029, -0.0031,  ..., -0.0210, -0.0044, -0.0133],
        [ 0.0182,  0.0093, -0.0034,  ..., -0.0334, -0.0260, -0.0240],
        [ 0.0221, -0.0028,  0.0012,  ..., -0.0517, -0.0204, -0.0329]],
       device='cuda:0', dtype=torch.float16)}
----------  ------
Total #     2,048
Correct #   1,914
Accuracy    93.46%
Error Rate  6.54%
Macro_F1    93.61%
----------  ------
