*** Config ***
***************
** Arguments **
***************
dataset: PACS
gpu: 0
model: CLIPAdapter
model_config_file: config/clipadapter.yaml
output_dir: output/CLIPAdapter-ViTB32-PACS-art_painting
root: ./data/
seed: 134
source_domains: ['cartoon', 'photo', 'sketch']
target_domains: ['art_painting']
************
** Config **
************
DATALOADER:
  NUM_WORKERS: 8
  TEST:
    BATCH_SIZE: 64
    SAMPLER: SequentialSampler
  TRAIN:
    BATCH_SIZE: 64
    SAMPLER: RandomSampler
DATASET:
  NAME: PACS
  ROOT: ./data/
  SOURCE_DOMAINS: ['cartoon', 'photo', 'sketch']
  SUBSAMPLE_CLASSES: all
  TARGET_DOMAINS: ['art_painting']
GPU: 0
INPUT:
  COLORJITTER_B: 0.4
  COLORJITTER_C: 0.4
  COLORJITTER_H: 0.1
  COLORJITTER_S: 0.4
  CROP_PADDING: 4
  CUTOUT_LEN: 16
  CUTOUT_N: 1
  GB_K: 21
  GB_P: 0.5
  GN_MEAN: 0.0
  GN_STD: 0.15
  INTERPOLATION: bicubic
  PIXEL_MEAN: [0.48145466, 0.4578275, 0.40821073]
  PIXEL_STD: [0.26862954, 0.26130258, 0.27577711]
  RANDAUGMENT_M: 10
  RANDAUGMENT_N: 2
  RGS_P: 0.2
  RRCROP_SCALE: (0.08, 1.0)
  SIZE: (224, 224)
  TRANSFORMS: ['random_resized_crop', 'random_flip', 'normalize']
MODEL:
  CLIPAdapter:
    BACKBONE: ViT-B/32
  NAME: CLIPAdapter
OPTIM:
  ADAM_BETA1: 0.9
  ADAM_BETA2: 0.999
  GAMMA: 0.1
  LR: 0.002
  LR_SCHEDULER: Cosine
  MAX_EPOCH: 50
  MOMENTUM: 0.9
  NAME: sgd
  SGD_DAMPENING: 0
  SGD_NESTEROV: False
  STEP_SIZE: -1
  WARMUP_CONS_LR: 1e-05
  WARMUP_EPOCH: 1
  WARMUP_MIN_LR: 1e-05
  WARMUP_TYPE: constant
  WEIGHT_DECAY: 0.0005
OUTPUT_DIR: output/CLIPAdapter-ViTB32-PACS-art_painting
SEED: 134
TEST:
  EVALUATOR: Classification
  FINAL_Model: last_step
  SPLIT: Test
TRAIN:
  PRINT_FREQ: 5
Build Trainer: CLIPAdapter
Build Dataset: PACS
Transform for Train: Compose(
    RandomResizedCrop(size=(224, 224), scale=(0.08, 1.0), ratio=(0.75, 1.3333), interpolation=bicubic, antialias=True)
    RandomHorizontalFlip(p=0.5)
    ToTensor()
    Normalize(mean=[0.48145466, 0.4578275, 0.40821073], std=[0.26862954, 0.26130258, 0.27577711])
)
Transform for Test: Compose(
    Resize(size=224, interpolation=bicubic, max_size=None, antialias=True)
    CenterCrop(size=(224, 224))
    ToTensor()
    Normalize(mean=[0.48145466, 0.4578275, 0.40821073], std=[0.26862954, 0.26130258, 0.27577711])
)
--------------  ------------------------------
Dataset         PACS
Source Domains  ['cartoon', 'photo', 'sketch']
Target Domains  ['art_painting']
# Classes       7
# Train Data    7,942
# Val Data      806
# Test Data     2,048
--------------  ------------------------------
Loading CLIP Backbone: ViT-B/32
Building Custom CLIP
Turning Off Gradients in Image and Text Encoder
Parameters to be updated: {'adapter.fc.2.weight', 'adapter.fc.0.weight'}
Build Evaluator: Classification
epoch [1/50] batch [5/124] loss 0.4036 (0.5212) acc 85.9375 (79.6875) lr 1.0000e-05 eta 0:41:37
epoch [1/50] batch [10/124] loss 0.6704 (0.5519) acc 75.0000 (77.9688) lr 1.0000e-05 eta 0:21:56
epoch [1/50] batch [15/124] loss 0.6733 (0.5189) acc 73.4375 (79.6875) lr 1.0000e-05 eta 0:15:22
epoch [1/50] batch [20/124] loss 0.3191 (0.5085) acc 87.5000 (80.2344) lr 1.0000e-05 eta 0:12:05
epoch [1/50] batch [25/124] loss 0.4871 (0.5166) acc 84.3750 (80.1875) lr 1.0000e-05 eta 0:10:07
epoch [1/50] batch [30/124] loss 0.5317 (0.5094) acc 79.6875 (80.7292) lr 1.0000e-05 eta 0:08:52
epoch [1/50] batch [35/124] loss 0.4578 (0.5048) acc 82.8125 (81.0714) lr 1.0000e-05 eta 0:07:55
epoch [1/50] batch [40/124] loss 0.4602 (0.4978) acc 75.0000 (81.2109) lr 1.0000e-05 eta 0:07:23
epoch [1/50] batch [45/124] loss 0.4055 (0.4906) acc 84.3750 (81.3889) lr 1.0000e-05 eta 0:06:58
epoch [1/50] batch [50/124] loss 0.4717 (0.4928) acc 84.3750 (81.5312) lr 1.0000e-05 eta 0:06:30
epoch [1/50] batch [55/124] loss 0.5859 (0.5033) acc 78.1250 (81.1932) lr 1.0000e-05 eta 0:06:12
epoch [1/50] batch [60/124] loss 0.2444 (0.4956) acc 93.7500 (81.5104) lr 1.0000e-05 eta 0:05:52
epoch [1/50] batch [65/124] loss 0.5103 (0.5039) acc 82.8125 (81.1779) lr 1.0000e-05 eta 0:05:40
epoch [1/50] batch [70/124] loss 0.7134 (0.5131) acc 76.5625 (80.8036) lr 1.0000e-05 eta 0:05:29
epoch [1/50] batch [75/124] loss 0.4763 (0.5145) acc 84.3750 (80.7708) lr 1.0000e-05 eta 0:05:16
epoch [1/50] batch [80/124] loss 0.5015 (0.5157) acc 82.8125 (80.7227) lr 1.0000e-05 eta 0:05:08
epoch [1/50] batch [85/124] loss 0.4333 (0.5152) acc 85.9375 (80.7721) lr 1.0000e-05 eta 0:05:02
epoch [1/50] batch [90/124] loss 0.3352 (0.5149) acc 87.5000 (80.7465) lr 1.0000e-05 eta 0:04:52
epoch [1/50] batch [95/124] loss 0.3838 (0.5127) acc 87.5000 (80.8388) lr 1.0000e-05 eta 0:04:47
epoch [1/50] batch [100/124] loss 0.5493 (0.5145) acc 75.0000 (80.7344) lr 1.0000e-05 eta 0:04:39
epoch [1/50] batch [105/124] loss 0.5674 (0.5161) acc 81.2500 (80.6845) lr 1.0000e-05 eta 0:04:35
epoch [1/50] batch [110/124] loss 0.4775 (0.5165) acc 84.3750 (80.7244) lr 1.0000e-05 eta 0:04:32
epoch [1/50] batch [115/124] loss 0.5420 (0.5171) acc 81.2500 (80.7880) lr 1.0000e-05 eta 0:04:25
epoch [1/50] batch [120/124] loss 0.6768 (0.5133) acc 71.8750 (80.8724) lr 1.0000e-05 eta 0:04:22
epoch [2/50] batch [5/124] loss 0.4729 (0.5643) acc 79.6875 (78.4375) lr 2.0000e-03 eta 0:14:25
epoch [2/50] batch [10/124] loss 0.6006 (0.5144) acc 84.3750 (81.5625) lr 2.0000e-03 eta 0:08:40
epoch [2/50] batch [15/124] loss 0.5312 (0.5182) acc 82.8125 (81.1458) lr 2.0000e-03 eta 0:06:30
epoch [2/50] batch [20/124] loss 0.5493 (0.5113) acc 82.8125 (81.4844) lr 2.0000e-03 eta 0:05:46
epoch [2/50] batch [25/124] loss 0.4873 (0.5076) acc 79.6875 (81.3125) lr 2.0000e-03 eta 0:05:15
epoch [2/50] batch [30/124] loss 0.4910 (0.5146) acc 84.3750 (81.4062) lr 2.0000e-03 eta 0:04:44
epoch [2/50] batch [35/124] loss 0.6553 (0.5158) acc 76.5625 (81.2500) lr 2.0000e-03 eta 0:04:32
epoch [2/50] batch [40/124] loss 0.3633 (0.5025) acc 84.3750 (81.5625) lr 2.0000e-03 eta 0:04:14
epoch [2/50] batch [45/124] loss 0.4993 (0.5026) acc 81.2500 (81.7014) lr 2.0000e-03 eta 0:04:07
epoch [2/50] batch [50/124] loss 0.4497 (0.5109) acc 78.1250 (81.3125) lr 2.0000e-03 eta 0:04:02
epoch [2/50] batch [55/124] loss 0.5679 (0.5090) acc 76.5625 (81.4773) lr 2.0000e-03 eta 0:03:52
epoch [2/50] batch [60/124] loss 0.5586 (0.5098) acc 75.0000 (81.2500) lr 2.0000e-03 eta 0:03:48
epoch [2/50] batch [65/124] loss 0.3962 (0.5119) acc 85.9375 (81.0577) lr 2.0000e-03 eta 0:03:45
epoch [2/50] batch [70/124] loss 0.6128 (0.5158) acc 82.8125 (81.0268) lr 2.0000e-03 eta 0:03:38
epoch [2/50] batch [75/124] loss 0.6328 (0.5172) acc 73.4375 (80.8750) lr 2.0000e-03 eta 0:03:36
epoch [2/50] batch [80/124] loss 0.4756 (0.5191) acc 84.3750 (80.8203) lr 2.0000e-03 eta 0:03:31
epoch [2/50] batch [85/124] loss 0.5591 (0.5206) acc 82.8125 (80.7721) lr 2.0000e-03 eta 0:03:29
epoch [2/50] batch [90/124] loss 0.2534 (0.5141) acc 90.6250 (81.1111) lr 2.0000e-03 eta 0:03:30
epoch [2/50] batch [95/124] loss 0.4070 (0.5143) acc 84.3750 (81.1184) lr 2.0000e-03 eta 0:03:26
epoch [2/50] batch [100/124] loss 0.3809 (0.5138) acc 85.9375 (81.1406) lr 2.0000e-03 eta 0:03:24
epoch [2/50] batch [105/124] loss 0.5151 (0.5145) acc 82.8125 (81.1161) lr 2.0000e-03 eta 0:03:22
epoch [2/50] batch [110/124] loss 0.3157 (0.5116) acc 89.0625 (81.1790) lr 2.0000e-03 eta 0:03:19
epoch [2/50] batch [115/124] loss 0.5190 (0.5104) acc 81.2500 (81.2228) lr 2.0000e-03 eta 0:03:19
epoch [2/50] batch [120/124] loss 0.5210 (0.5111) acc 85.9375 (81.2240) lr 2.0000e-03 eta 0:03:15
epoch [3/50] batch [5/124] loss 0.3059 (0.5235) acc 89.0625 (80.9375) lr 1.9980e-03 eta 0:14:55
epoch [3/50] batch [10/124] loss 0.3831 (0.4733) acc 87.5000 (82.8125) lr 1.9980e-03 eta 0:08:59
epoch [3/50] batch [15/124] loss 0.5386 (0.4747) acc 78.1250 (82.5000) lr 1.9980e-03 eta 0:06:43
epoch [3/50] batch [20/124] loss 0.3950 (0.4628) acc 84.3750 (82.8125) lr 1.9980e-03 eta 0:05:38
epoch [3/50] batch [25/124] loss 0.5361 (0.4809) acc 84.3750 (82.0625) lr 1.9980e-03 eta 0:05:08
epoch [3/50] batch [30/124] loss 0.3784 (0.4717) acc 89.0625 (82.8125) lr 1.9980e-03 eta 0:04:38
epoch [3/50] batch [35/124] loss 0.6152 (0.4775) acc 84.3750 (82.9464) lr 1.9980e-03 eta 0:04:24
epoch [3/50] batch [40/124] loss 0.5439 (0.4770) acc 79.6875 (82.8125) lr 1.9980e-03 eta 0:04:07
epoch [3/50] batch [45/124] loss 0.5332 (0.4800) acc 79.6875 (82.7778) lr 1.9980e-03 eta 0:04:01
epoch [3/50] batch [50/124] loss 0.3870 (0.4830) acc 85.9375 (82.7188) lr 1.9980e-03 eta 0:03:55
epoch [3/50] batch [55/124] loss 0.7666 (0.4864) acc 67.1875 (82.5568) lr 1.9980e-03 eta 0:03:46
epoch [3/50] batch [60/124] loss 0.4739 (0.4863) acc 79.6875 (82.4479) lr 1.9980e-03 eta 0:03:41
epoch [3/50] batch [65/124] loss 0.4116 (0.4871) acc 89.0625 (82.5240) lr 1.9980e-03 eta 0:03:38
epoch [3/50] batch [70/124] loss 0.3867 (0.4849) acc 85.9375 (82.5893) lr 1.9980e-03 eta 0:03:32
epoch [3/50] batch [75/124] loss 0.4521 (0.4809) acc 85.9375 (82.7708) lr 1.9980e-03 eta 0:03:30
epoch [3/50] batch [80/124] loss 0.6934 (0.4795) acc 71.8750 (82.7344) lr 1.9980e-03 eta 0:03:25
epoch [3/50] batch [85/124] loss 0.4839 (0.4828) acc 81.2500 (82.4449) lr 1.9980e-03 eta 0:03:24
epoch [3/50] batch [90/124] loss 0.4858 (0.4789) acc 78.1250 (82.6042) lr 1.9980e-03 eta 0:03:22
epoch [3/50] batch [95/124] loss 0.4453 (0.4771) acc 81.2500 (82.5000) lr 1.9980e-03 eta 0:03:18
epoch [3/50] batch [100/124] loss 0.3533 (0.4762) acc 85.9375 (82.5312) lr 1.9980e-03 eta 0:03:18
epoch [3/50] batch [105/124] loss 0.4858 (0.4790) acc 79.6875 (82.3810) lr 1.9980e-03 eta 0:03:17
epoch [3/50] batch [110/124] loss 0.7017 (0.4821) acc 73.4375 (82.2585) lr 1.9980e-03 eta 0:03:13
epoch [3/50] batch [115/124] loss 0.4697 (0.4820) acc 90.6250 (82.3234) lr 1.9980e-03 eta 0:03:13
epoch [3/50] batch [120/124] loss 0.4639 (0.4820) acc 85.9375 (82.3568) lr 1.9980e-03 eta 0:03:10
epoch [4/50] batch [5/124] loss 0.4954 (0.5393) acc 76.5625 (80.6250) lr 1.9921e-03 eta 0:14:40
epoch [4/50] batch [10/124] loss 0.4058 (0.4833) acc 90.6250 (82.5000) lr 1.9921e-03 eta 0:08:51
epoch [4/50] batch [15/124] loss 0.4485 (0.4673) acc 79.6875 (83.7500) lr 1.9921e-03 eta 0:06:36
epoch [4/50] batch [20/124] loss 0.5825 (0.4855) acc 76.5625 (83.1250) lr 1.9921e-03 eta 0:05:29
epoch [4/50] batch [25/124] loss 0.3821 (0.4795) acc 85.9375 (82.8750) lr 1.9921e-03 eta 0:04:59
epoch [4/50] batch [30/124] loss 0.4497 (0.4775) acc 81.2500 (82.9167) lr 1.9921e-03 eta 0:04:30
epoch [4/50] batch [35/124] loss 0.5576 (0.4749) acc 79.6875 (82.9018) lr 1.9921e-03 eta 0:04:18
epoch [4/50] batch [40/124] loss 0.4829 (0.4857) acc 84.3750 (82.4609) lr 1.9921e-03 eta 0:04:02
epoch [4/50] batch [45/124] loss 0.5127 (0.4927) acc 76.5625 (82.0486) lr 1.9921e-03 eta 0:03:55
epoch [4/50] batch [50/124] loss 0.5469 (0.4895) acc 82.8125 (82.2500) lr 1.9921e-03 eta 0:03:50
epoch [4/50] batch [55/124] loss 0.5830 (0.4924) acc 76.5625 (82.1023) lr 1.9921e-03 eta 0:03:41
epoch [4/50] batch [60/124] loss 0.7578 (0.4933) acc 71.8750 (82.0052) lr 1.9921e-03 eta 0:03:37
epoch [4/50] batch [65/124] loss 0.5386 (0.4998) acc 81.2500 (81.7308) lr 1.9921e-03 eta 0:03:33
epoch [4/50] batch [70/124] loss 0.4187 (0.4938) acc 85.9375 (82.1205) lr 1.9921e-03 eta 0:03:26
epoch [4/50] batch [75/124] loss 0.5244 (0.4942) acc 78.1250 (82.0208) lr 1.9921e-03 eta 0:03:24
epoch [4/50] batch [80/124] loss 0.5659 (0.4927) acc 75.0000 (81.9922) lr 1.9921e-03 eta 0:03:19
epoch [4/50] batch [85/124] loss 0.5586 (0.4960) acc 76.5625 (81.8015) lr 1.9921e-03 eta 0:03:18
epoch [4/50] batch [90/124] loss 0.6543 (0.4951) acc 73.4375 (81.8056) lr 1.9921e-03 eta 0:03:17
epoch [4/50] batch [95/124] loss 0.3569 (0.4948) acc 90.6250 (81.8586) lr 1.9921e-03 eta 0:03:13
epoch [4/50] batch [100/124] loss 0.3933 (0.4911) acc 81.2500 (82.0469) lr 1.9921e-03 eta 0:03:13
epoch [4/50] batch [105/124] loss 0.5605 (0.4949) acc 79.6875 (81.9494) lr 1.9921e-03 eta 0:03:12
epoch [4/50] batch [110/124] loss 0.4922 (0.4960) acc 85.9375 (81.9176) lr 1.9921e-03 eta 0:03:09
epoch [4/50] batch [115/124] loss 0.4937 (0.4954) acc 76.5625 (81.8886) lr 1.9921e-03 eta 0:03:08
epoch [4/50] batch [120/124] loss 0.5186 (0.4926) acc 81.2500 (82.0703) lr 1.9921e-03 eta 0:03:05
epoch [5/50] batch [5/124] loss 0.5293 (0.5442) acc 75.0000 (77.8125) lr 1.9823e-03 eta 0:14:20
epoch [5/50] batch [10/124] loss 0.4114 (0.5069) acc 85.9375 (80.9375) lr 1.9823e-03 eta 0:08:31
epoch [5/50] batch [15/124] loss 0.6133 (0.5142) acc 78.1250 (81.0417) lr 1.9823e-03 eta 0:06:22
epoch [5/50] batch [20/124] loss 0.4919 (0.5052) acc 85.9375 (81.5625) lr 1.9823e-03 eta 0:05:21
epoch [5/50] batch [25/124] loss 0.4446 (0.5160) acc 85.9375 (81.1875) lr 1.9823e-03 eta 0:04:53
epoch [5/50] batch [30/124] loss 0.4990 (0.5079) acc 81.2500 (81.3021) lr 1.9823e-03 eta 0:04:24
epoch [5/50] batch [35/124] loss 0.3936 (0.4947) acc 87.5000 (81.6964) lr 1.9823e-03 eta 0:04:11
epoch [5/50] batch [40/124] loss 0.4573 (0.4949) acc 84.3750 (81.7578) lr 1.9823e-03 eta 0:03:55
epoch [5/50] batch [45/124] loss 0.6914 (0.5006) acc 73.4375 (81.3889) lr 1.9823e-03 eta 0:03:48
epoch [5/50] batch [50/124] loss 0.2285 (0.4909) acc 93.7500 (81.8438) lr 1.9823e-03 eta 0:03:44
epoch [5/50] batch [55/124] loss 0.4224 (0.4908) acc 89.0625 (81.9034) lr 1.9823e-03 eta 0:03:35
epoch [5/50] batch [60/124] loss 0.5117 (0.4828) acc 84.3750 (82.2656) lr 1.9823e-03 eta 0:03:32
epoch [5/50] batch [65/124] loss 0.3333 (0.4795) acc 85.9375 (82.3317) lr 1.9823e-03 eta 0:03:28
epoch [5/50] batch [70/124] loss 0.3262 (0.4751) acc 90.6250 (82.5446) lr 1.9823e-03 eta 0:03:22
epoch [5/50] batch [75/124] loss 0.4221 (0.4731) acc 89.0625 (82.7083) lr 1.9823e-03 eta 0:03:19
epoch [5/50] batch [80/124] loss 0.5894 (0.4737) acc 79.6875 (82.7148) lr 1.9823e-03 eta 0:03:14
epoch [5/50] batch [85/124] loss 0.2686 (0.4681) acc 92.1875 (82.8493) lr 1.9823e-03 eta 0:03:13
epoch [5/50] batch [90/124] loss 0.4282 (0.4681) acc 81.2500 (82.7083) lr 1.9823e-03 eta 0:03:13
epoch [5/50] batch [95/124] loss 0.4600 (0.4655) acc 82.8125 (82.8947) lr 1.9823e-03 eta 0:03:09
epoch [5/50] batch [100/124] loss 0.3672 (0.4632) acc 87.5000 (82.9531) lr 1.9823e-03 eta 0:03:09
epoch [5/50] batch [105/124] loss 0.5684 (0.4634) acc 81.2500 (83.0655) lr 1.9823e-03 eta 0:03:08
epoch [5/50] batch [110/124] loss 0.4829 (0.4660) acc 85.9375 (83.0398) lr 1.9823e-03 eta 0:03:05
epoch [5/50] batch [115/124] loss 0.5054 (0.4658) acc 79.6875 (83.0435) lr 1.9823e-03 eta 0:03:04
epoch [5/50] batch [120/124] loss 0.6401 (0.4678) acc 75.0000 (83.0078) lr 1.9823e-03 eta 0:03:02
epoch [6/50] batch [5/124] loss 0.5161 (0.4491) acc 79.6875 (83.1250) lr 1.9686e-03 eta 0:13:48
epoch [6/50] batch [10/124] loss 0.4092 (0.4433) acc 84.3750 (83.2812) lr 1.9686e-03 eta 0:08:08
epoch [6/50] batch [15/124] loss 0.4802 (0.4593) acc 81.2500 (82.8125) lr 1.9686e-03 eta 0:06:06
epoch [6/50] batch [20/124] loss 0.4880 (0.4585) acc 79.6875 (82.7344) lr 1.9686e-03 eta 0:05:11
epoch [6/50] batch [25/124] loss 0.2551 (0.4644) acc 92.1875 (82.3125) lr 1.9686e-03 eta 0:04:41
epoch [6/50] batch [30/124] loss 0.3174 (0.4485) acc 90.6250 (83.0729) lr 1.9686e-03 eta 0:04:14
epoch [6/50] batch [35/124] loss 0.4138 (0.4489) acc 87.5000 (83.3036) lr 1.9686e-03 eta 0:04:04
epoch [6/50] batch [40/124] loss 0.4097 (0.4502) acc 82.8125 (83.1641) lr 1.9686e-03 eta 0:03:48
epoch [6/50] batch [45/124] loss 0.4714 (0.4487) acc 81.2500 (83.2639) lr 1.9686e-03 eta 0:03:42
epoch [6/50] batch [50/124] loss 0.5796 (0.4512) acc 82.8125 (83.2188) lr 1.9686e-03 eta 0:03:36
epoch [6/50] batch [55/124] loss 0.4319 (0.4566) acc 87.5000 (83.1818) lr 1.9686e-03 eta 0:03:27
epoch [6/50] batch [60/124] loss 0.5342 (0.4593) acc 82.8125 (83.2812) lr 1.9686e-03 eta 0:03:25
epoch [6/50] batch [65/124] loss 0.5669 (0.4572) acc 76.5625 (83.4615) lr 1.9686e-03 eta 0:03:22
epoch [6/50] batch [70/124] loss 0.4329 (0.4654) acc 85.9375 (83.1027) lr 1.9686e-03 eta 0:03:16
epoch [6/50] batch [75/124] loss 0.6943 (0.4723) acc 67.1875 (82.7500) lr 1.9686e-03 eta 0:03:15
epoch [6/50] batch [80/124] loss 0.4956 (0.4724) acc 81.2500 (82.7344) lr 1.9686e-03 eta 0:03:10
epoch [6/50] batch [85/124] loss 0.5732 (0.4751) acc 78.1250 (82.5184) lr 1.9686e-03 eta 0:03:09
epoch [6/50] batch [90/124] loss 0.4609 (0.4735) acc 82.8125 (82.6910) lr 1.9686e-03 eta 0:03:09
epoch [6/50] batch [95/124] loss 0.4102 (0.4688) acc 85.9375 (82.9112) lr 1.9686e-03 eta 0:03:05
epoch [6/50] batch [100/124] loss 0.3777 (0.4688) acc 85.9375 (82.8594) lr 1.9686e-03 eta 0:03:04
epoch [6/50] batch [105/124] loss 0.5464 (0.4698) acc 78.1250 (82.7827) lr 1.9686e-03 eta 0:03:03
epoch [6/50] batch [110/124] loss 0.5142 (0.4676) acc 79.6875 (82.8977) lr 1.9686e-03 eta 0:03:00
epoch [6/50] batch [115/124] loss 0.2739 (0.4664) acc 89.0625 (82.9620) lr 1.9686e-03 eta 0:02:59
epoch [6/50] batch [120/124] loss 0.3296 (0.4635) acc 89.0625 (83.0990) lr 1.9686e-03 eta 0:02:57
epoch [7/50] batch [5/124] loss 0.6963 (0.4936) acc 73.4375 (82.1875) lr 1.9511e-03 eta 0:13:24
epoch [7/50] batch [10/124] loss 0.5078 (0.4733) acc 75.0000 (82.1875) lr 1.9511e-03 eta 0:07:59
epoch [7/50] batch [15/124] loss 0.5786 (0.4535) acc 75.0000 (82.9167) lr 1.9511e-03 eta 0:05:59
epoch [7/50] batch [20/124] loss 0.3513 (0.4507) acc 85.9375 (83.4375) lr 1.9511e-03 eta 0:05:04
epoch [7/50] batch [25/124] loss 0.2478 (0.4458) acc 95.3125 (83.7500) lr 1.9511e-03 eta 0:04:36
epoch [7/50] batch [30/124] loss 0.3071 (0.4427) acc 87.5000 (83.7500) lr 1.9511e-03 eta 0:04:09
epoch [7/50] batch [35/124] loss 0.5146 (0.4501) acc 81.2500 (83.5268) lr 1.9511e-03 eta 0:03:58
epoch [7/50] batch [40/124] loss 0.4475 (0.4563) acc 85.9375 (83.3984) lr 1.9511e-03 eta 0:03:43
epoch [7/50] batch [45/124] loss 0.4456 (0.4529) acc 87.5000 (83.4722) lr 1.9511e-03 eta 0:03:37
epoch [7/50] batch [50/124] loss 0.4094 (0.4536) acc 81.2500 (83.5625) lr 1.9511e-03 eta 0:03:33
epoch [7/50] batch [55/124] loss 0.4097 (0.4518) acc 84.3750 (83.6648) lr 1.9511e-03 eta 0:03:24
epoch [7/50] batch [60/124] loss 0.3828 (0.4563) acc 87.5000 (83.5417) lr 1.9511e-03 eta 0:03:21
epoch [7/50] batch [65/124] loss 0.4846 (0.4583) acc 81.2500 (83.3654) lr 1.9511e-03 eta 0:03:17
epoch [7/50] batch [70/124] loss 0.4377 (0.4570) acc 84.3750 (83.4375) lr 1.9511e-03 eta 0:03:12
epoch [7/50] batch [75/124] loss 0.5059 (0.4604) acc 84.3750 (83.3750) lr 1.9511e-03 eta 0:03:11
epoch [7/50] batch [80/124] loss 0.4941 (0.4633) acc 79.6875 (83.1836) lr 1.9511e-03 eta 0:03:06
epoch [7/50] batch [85/124] loss 0.4949 (0.4671) acc 78.1250 (82.9779) lr 1.9511e-03 eta 0:03:05
epoch [7/50] batch [90/124] loss 0.3257 (0.4668) acc 85.9375 (82.8472) lr 1.9511e-03 eta 0:03:05
epoch [7/50] batch [95/124] loss 0.3757 (0.4631) acc 87.5000 (83.0099) lr 1.9511e-03 eta 0:03:01
epoch [7/50] batch [100/124] loss 0.4536 (0.4657) acc 81.2500 (82.9375) lr 1.9511e-03 eta 0:03:00
epoch [7/50] batch [105/124] loss 0.5166 (0.4676) acc 76.5625 (82.8571) lr 1.9511e-03 eta 0:02:58
epoch [7/50] batch [110/124] loss 0.4189 (0.4685) acc 82.8125 (82.8551) lr 1.9511e-03 eta 0:02:57
epoch [7/50] batch [115/124] loss 0.5649 (0.4667) acc 78.1250 (82.9484) lr 1.9511e-03 eta 0:02:56
epoch [7/50] batch [120/124] loss 0.5107 (0.4669) acc 82.8125 (82.9688) lr 1.9511e-03 eta 0:02:53
epoch [8/50] batch [5/124] loss 0.4673 (0.4157) acc 84.3750 (85.6250) lr 1.9298e-03 eta 0:13:27
epoch [8/50] batch [10/124] loss 0.4902 (0.4428) acc 79.6875 (84.2188) lr 1.9298e-03 eta 0:07:59
epoch [8/50] batch [15/124] loss 0.4297 (0.4398) acc 84.3750 (84.7917) lr 1.9298e-03 eta 0:05:58
epoch [8/50] batch [20/124] loss 0.4556 (0.4599) acc 81.2500 (83.7500) lr 1.9298e-03 eta 0:04:58
epoch [8/50] batch [25/124] loss 0.3552 (0.4498) acc 87.5000 (83.8125) lr 1.9298e-03 eta 0:04:32
epoch [8/50] batch [30/124] loss 0.4922 (0.4529) acc 81.2500 (83.6979) lr 1.9298e-03 eta 0:04:06
epoch [8/50] batch [35/124] loss 0.5322 (0.4475) acc 82.8125 (83.8393) lr 1.9298e-03 eta 0:03:55
epoch [8/50] batch [40/124] loss 0.4504 (0.4396) acc 87.5000 (84.3750) lr 1.9298e-03 eta 0:03:40
epoch [8/50] batch [45/124] loss 0.4460 (0.4369) acc 87.5000 (84.5833) lr 1.9298e-03 eta 0:03:33
epoch [8/50] batch [50/124] loss 0.3401 (0.4381) acc 87.5000 (84.4375) lr 1.9298e-03 eta 0:03:29
epoch [8/50] batch [55/124] loss 0.4265 (0.4365) acc 84.3750 (84.5170) lr 1.9298e-03 eta 0:03:20
epoch [8/50] batch [60/124] loss 0.4841 (0.4366) acc 82.8125 (84.5052) lr 1.9298e-03 eta 0:03:17
epoch [8/50] batch [65/124] loss 0.4829 (0.4391) acc 79.6875 (84.3269) lr 1.9298e-03 eta 0:03:14
epoch [8/50] batch [70/124] loss 0.4536 (0.4387) acc 85.9375 (84.4196) lr 1.9298e-03 eta 0:03:08
epoch [8/50] batch [75/124] loss 0.5161 (0.4380) acc 79.6875 (84.5417) lr 1.9298e-03 eta 0:03:06
epoch [8/50] batch [80/124] loss 0.4233 (0.4392) acc 82.8125 (84.3555) lr 1.9298e-03 eta 0:03:02
epoch [8/50] batch [85/124] loss 0.4705 (0.4363) acc 84.3750 (84.5221) lr 1.9298e-03 eta 0:03:01
epoch [8/50] batch [90/124] loss 0.3501 (0.4357) acc 87.5000 (84.4965) lr 1.9298e-03 eta 0:03:00
epoch [8/50] batch [95/124] loss 0.4602 (0.4399) acc 84.3750 (84.3421) lr 1.9298e-03 eta 0:02:56
epoch [8/50] batch [100/124] loss 0.5063 (0.4417) acc 84.3750 (84.3281) lr 1.9298e-03 eta 0:02:55
epoch [8/50] batch [105/124] loss 0.4177 (0.4387) acc 87.5000 (84.4792) lr 1.9298e-03 eta 0:02:55
epoch [8/50] batch [110/124] loss 0.5356 (0.4391) acc 81.2500 (84.4744) lr 1.9298e-03 eta 0:02:52
epoch [8/50] batch [115/124] loss 0.5210 (0.4432) acc 81.2500 (84.2527) lr 1.9298e-03 eta 0:02:52
epoch [8/50] batch [120/124] loss 0.4194 (0.4431) acc 84.3750 (84.1797) lr 1.9298e-03 eta 0:02:49
epoch [9/50] batch [5/124] loss 0.5449 (0.4841) acc 81.2500 (81.2500) lr 1.9048e-03 eta 0:12:57
epoch [9/50] batch [10/124] loss 0.3201 (0.4768) acc 89.0625 (82.0312) lr 1.9048e-03 eta 0:07:49
epoch [9/50] batch [15/124] loss 0.5566 (0.5006) acc 79.6875 (81.2500) lr 1.9048e-03 eta 0:05:50
epoch [9/50] batch [20/124] loss 0.2976 (0.4960) acc 87.5000 (81.0938) lr 1.9048e-03 eta 0:04:56
epoch [9/50] batch [25/124] loss 0.4983 (0.4983) acc 82.8125 (80.8750) lr 1.9048e-03 eta 0:04:31
epoch [9/50] batch [30/124] loss 0.6992 (0.5016) acc 73.4375 (80.7812) lr 1.9048e-03 eta 0:04:05
epoch [9/50] batch [35/124] loss 0.4551 (0.5004) acc 85.9375 (80.9375) lr 1.9048e-03 eta 0:03:52
epoch [9/50] batch [40/124] loss 0.4446 (0.4957) acc 87.5000 (81.2109) lr 1.9048e-03 eta 0:03:38
epoch [9/50] batch [45/124] loss 0.4407 (0.4946) acc 84.3750 (81.3889) lr 1.9048e-03 eta 0:03:34
epoch [9/50] batch [50/124] loss 0.5879 (0.4955) acc 75.0000 (81.4062) lr 1.9048e-03 eta 0:03:29
epoch [9/50] batch [55/124] loss 0.1611 (0.4792) acc 95.3125 (82.2727) lr 1.9048e-03 eta 0:03:20
epoch [9/50] batch [60/124] loss 0.5732 (0.4808) acc 81.2500 (82.2396) lr 1.9048e-03 eta 0:03:19
epoch [9/50] batch [65/124] loss 0.5381 (0.4838) acc 84.3750 (82.2356) lr 1.9048e-03 eta 0:03:14
epoch [9/50] batch [70/124] loss 0.4292 (0.4808) acc 84.3750 (82.4330) lr 1.9048e-03 eta 0:03:08
epoch [9/50] batch [75/124] loss 0.5791 (0.4824) acc 73.4375 (82.3958) lr 1.9048e-03 eta 0:03:06
epoch [9/50] batch [80/124] loss 0.2622 (0.4793) acc 93.7500 (82.4609) lr 1.9048e-03 eta 0:03:01
epoch [9/50] batch [85/124] loss 0.3962 (0.4761) acc 84.3750 (82.6287) lr 1.9048e-03 eta 0:03:00
epoch [9/50] batch [90/124] loss 0.3020 (0.4724) acc 92.1875 (82.8299) lr 1.9048e-03 eta 0:03:00
epoch [9/50] batch [95/124] loss 0.6729 (0.4747) acc 75.0000 (82.7632) lr 1.9048e-03 eta 0:02:56
epoch [9/50] batch [100/124] loss 0.5532 (0.4745) acc 81.2500 (82.8125) lr 1.9048e-03 eta 0:02:56
epoch [9/50] batch [105/124] loss 0.4465 (0.4761) acc 84.3750 (82.7232) lr 1.9048e-03 eta 0:02:55
epoch [9/50] batch [110/124] loss 0.4607 (0.4758) acc 81.2500 (82.6562) lr 1.9048e-03 eta 0:02:52
epoch [9/50] batch [115/124] loss 0.5332 (0.4774) acc 84.3750 (82.6630) lr 1.9048e-03 eta 0:02:51
epoch [9/50] batch [120/124] loss 0.5161 (0.4766) acc 81.2500 (82.7474) lr 1.9048e-03 eta 0:02:48
epoch [10/50] batch [5/124] loss 0.4995 (0.4776) acc 81.2500 (80.3125) lr 1.8763e-03 eta 0:12:27
epoch [10/50] batch [10/124] loss 0.4255 (0.4966) acc 85.9375 (80.9375) lr 1.8763e-03 eta 0:07:34
epoch [10/50] batch [15/124] loss 0.3813 (0.4748) acc 87.5000 (82.8125) lr 1.8763e-03 eta 0:05:40
epoch [10/50] batch [20/124] loss 0.5508 (0.4583) acc 75.0000 (83.2031) lr 1.8763e-03 eta 0:04:56
epoch [10/50] batch [25/124] loss 0.5566 (0.4531) acc 79.6875 (83.3125) lr 1.8763e-03 eta 0:04:30
epoch [10/50] batch [30/124] loss 0.3972 (0.4532) acc 84.3750 (83.1250) lr 1.8763e-03 eta 0:04:04
epoch [10/50] batch [35/124] loss 0.5322 (0.4570) acc 79.6875 (82.9911) lr 1.8763e-03 eta 0:03:52
epoch [10/50] batch [40/124] loss 0.5527 (0.4609) acc 82.8125 (82.8516) lr 1.8763e-03 eta 0:03:37
epoch [10/50] batch [45/124] loss 0.3594 (0.4546) acc 84.3750 (83.1250) lr 1.8763e-03 eta 0:03:31
epoch [10/50] batch [50/124] loss 0.4551 (0.4575) acc 84.3750 (82.9062) lr 1.8763e-03 eta 0:03:26
epoch [10/50] batch [55/124] loss 0.5063 (0.4536) acc 79.6875 (83.0966) lr 1.8763e-03 eta 0:03:17
epoch [10/50] batch [60/124] loss 0.3042 (0.4519) acc 87.5000 (83.2552) lr 1.8763e-03 eta 0:03:14
epoch [10/50] batch [65/124] loss 0.5459 (0.4559) acc 78.1250 (83.2212) lr 1.8763e-03 eta 0:03:12
epoch [10/50] batch [70/124] loss 0.4778 (0.4557) acc 84.3750 (83.3482) lr 1.8763e-03 eta 0:03:06
epoch [10/50] batch [75/124] loss 0.4656 (0.4580) acc 84.3750 (83.3750) lr 1.8763e-03 eta 0:03:04
epoch [10/50] batch [80/124] loss 0.3992 (0.4542) acc 85.9375 (83.5156) lr 1.8763e-03 eta 0:02:59
epoch [10/50] batch [85/124] loss 0.4221 (0.4570) acc 81.2500 (83.4007) lr 1.8763e-03 eta 0:02:58
epoch [10/50] batch [90/124] loss 0.3933 (0.4578) acc 87.5000 (83.5069) lr 1.8763e-03 eta 0:02:57
epoch [10/50] batch [95/124] loss 0.3223 (0.4576) acc 90.6250 (83.4211) lr 1.8763e-03 eta 0:02:54
epoch [10/50] batch [100/124] loss 0.4260 (0.4575) acc 84.3750 (83.3906) lr 1.8763e-03 eta 0:02:53
epoch [10/50] batch [105/124] loss 0.4814 (0.4555) acc 76.5625 (83.3780) lr 1.8763e-03 eta 0:02:52
epoch [10/50] batch [110/124] loss 0.4338 (0.4555) acc 87.5000 (83.3523) lr 1.8763e-03 eta 0:02:49
epoch [10/50] batch [115/124] loss 0.3562 (0.4551) acc 82.8125 (83.3152) lr 1.8763e-03 eta 0:02:49
epoch [10/50] batch [120/124] loss 0.4377 (0.4566) acc 84.3750 (83.2682) lr 1.8763e-03 eta 0:02:46
epoch [11/50] batch [5/124] loss 0.3118 (0.4154) acc 92.1875 (85.9375) lr 1.8443e-03 eta 0:12:56
epoch [11/50] batch [10/124] loss 0.3945 (0.4094) acc 84.3750 (85.3125) lr 1.8443e-03 eta 0:07:31
epoch [11/50] batch [15/124] loss 0.4753 (0.4049) acc 82.8125 (85.3125) lr 1.8443e-03 eta 0:05:37
epoch [11/50] batch [20/124] loss 0.6616 (0.4439) acc 71.8750 (83.8281) lr 1.8443e-03 eta 0:04:49
epoch [11/50] batch [25/124] loss 0.5137 (0.4510) acc 81.2500 (83.5000) lr 1.8443e-03 eta 0:04:23
epoch [11/50] batch [30/124] loss 0.4360 (0.4579) acc 84.3750 (83.2292) lr 1.8443e-03 eta 0:03:57
epoch [11/50] batch [35/124] loss 0.4500 (0.4559) acc 87.5000 (83.5268) lr 1.8443e-03 eta 0:03:44
epoch [11/50] batch [40/124] loss 0.6016 (0.4675) acc 76.5625 (83.1641) lr 1.8443e-03 eta 0:03:29
epoch [11/50] batch [45/124] loss 0.3259 (0.4604) acc 84.3750 (83.3681) lr 1.8443e-03 eta 0:03:24
epoch [11/50] batch [50/124] loss 0.3657 (0.4566) acc 89.0625 (83.4062) lr 1.8443e-03 eta 0:03:19
epoch [11/50] batch [55/124] loss 0.5503 (0.4581) acc 78.1250 (83.2670) lr 1.8443e-03 eta 0:03:11
epoch [11/50] batch [60/124] loss 0.2539 (0.4566) acc 90.6250 (83.2031) lr 1.8443e-03 eta 0:03:08
epoch [11/50] batch [65/124] loss 0.5225 (0.4555) acc 85.9375 (83.4135) lr 1.8443e-03 eta 0:03:05
epoch [11/50] batch [70/124] loss 0.6382 (0.4587) acc 73.4375 (83.3929) lr 1.8443e-03 eta 0:03:00
epoch [11/50] batch [75/124] loss 0.3772 (0.4567) acc 85.9375 (83.5417) lr 1.8443e-03 eta 0:02:58
epoch [11/50] batch [80/124] loss 0.4541 (0.4561) acc 82.8125 (83.5742) lr 1.8443e-03 eta 0:02:54
epoch [11/50] batch [85/124] loss 0.4365 (0.4542) acc 82.8125 (83.6581) lr 1.8443e-03 eta 0:02:53
epoch [11/50] batch [90/124] loss 0.4182 (0.4528) acc 85.9375 (83.8021) lr 1.8443e-03 eta 0:02:52
epoch [11/50] batch [95/124] loss 0.6392 (0.4524) acc 76.5625 (83.8816) lr 1.8443e-03 eta 0:02:48
epoch [11/50] batch [100/124] loss 0.5259 (0.4510) acc 82.8125 (83.9688) lr 1.8443e-03 eta 0:02:47
epoch [11/50] batch [105/124] loss 0.5654 (0.4561) acc 78.1250 (83.7054) lr 1.8443e-03 eta 0:02:46
epoch [11/50] batch [110/124] loss 0.4651 (0.4537) acc 82.8125 (83.8068) lr 1.8443e-03 eta 0:02:44
epoch [11/50] batch [115/124] loss 0.3723 (0.4556) acc 89.0625 (83.7500) lr 1.8443e-03 eta 0:02:43
epoch [11/50] batch [120/124] loss 0.4756 (0.4537) acc 81.2500 (83.7760) lr 1.8443e-03 eta 0:02:40
epoch [12/50] batch [5/124] loss 0.5488 (0.4527) acc 71.8750 (83.1250) lr 1.8090e-03 eta 0:12:21
epoch [12/50] batch [10/124] loss 0.4121 (0.4195) acc 85.9375 (84.8438) lr 1.8090e-03 eta 0:07:20
epoch [12/50] batch [15/124] loss 0.6968 (0.4323) acc 67.1875 (84.0625) lr 1.8090e-03 eta 0:05:28
epoch [12/50] batch [20/124] loss 0.5278 (0.4306) acc 79.6875 (83.9062) lr 1.8090e-03 eta 0:04:32
epoch [12/50] batch [25/124] loss 0.4751 (0.4461) acc 78.1250 (83.1875) lr 1.8090e-03 eta 0:04:07
epoch [12/50] batch [30/124] loss 0.5312 (0.4516) acc 79.6875 (83.0208) lr 1.8090e-03 eta 0:03:43
epoch [12/50] batch [35/124] loss 0.5059 (0.4427) acc 78.1250 (83.5268) lr 1.8090e-03 eta 0:03:33
epoch [12/50] batch [40/124] loss 0.4050 (0.4464) acc 85.9375 (83.5547) lr 1.8090e-03 eta 0:03:19
epoch [12/50] batch [45/124] loss 0.2786 (0.4439) acc 96.8750 (83.7153) lr 1.8090e-03 eta 0:03:15
epoch [12/50] batch [50/124] loss 0.4153 (0.4528) acc 85.9375 (83.1250) lr 1.8090e-03 eta 0:03:11
epoch [12/50] batch [55/124] loss 0.3247 (0.4552) acc 85.9375 (82.9545) lr 1.8090e-03 eta 0:03:03
epoch [12/50] batch [60/124] loss 0.3447 (0.4480) acc 84.3750 (83.2292) lr 1.8090e-03 eta 0:03:00
epoch [12/50] batch [65/124] loss 0.5430 (0.4522) acc 81.2500 (83.2692) lr 1.8090e-03 eta 0:02:58
epoch [12/50] batch [70/124] loss 0.4019 (0.4533) acc 82.8125 (83.2812) lr 1.8090e-03 eta 0:02:52
epoch [12/50] batch [75/124] loss 0.3926 (0.4543) acc 85.9375 (83.3542) lr 1.8090e-03 eta 0:02:50
epoch [12/50] batch [80/124] loss 0.4397 (0.4539) acc 87.5000 (83.5547) lr 1.8090e-03 eta 0:02:45
epoch [12/50] batch [85/124] loss 0.7046 (0.4561) acc 78.1250 (83.4191) lr 1.8090e-03 eta 0:02:45
epoch [12/50] batch [90/124] loss 0.4465 (0.4548) acc 81.2500 (83.4722) lr 1.8090e-03 eta 0:02:44
epoch [12/50] batch [95/124] loss 0.4072 (0.4540) acc 85.9375 (83.5362) lr 1.8090e-03 eta 0:02:40
epoch [12/50] batch [100/124] loss 0.3013 (0.4531) acc 90.6250 (83.5781) lr 1.8090e-03 eta 0:02:39
epoch [12/50] batch [105/124] loss 0.3516 (0.4496) acc 87.5000 (83.7649) lr 1.8090e-03 eta 0:02:39
epoch [12/50] batch [110/124] loss 0.5215 (0.4543) acc 79.6875 (83.5511) lr 1.8090e-03 eta 0:02:36
epoch [12/50] batch [115/124] loss 0.4106 (0.4528) acc 82.8125 (83.5462) lr 1.8090e-03 eta 0:02:37
epoch [12/50] batch [120/124] loss 0.4543 (0.4527) acc 82.8125 (83.5026) lr 1.8090e-03 eta 0:02:34
epoch [13/50] batch [5/124] loss 0.4172 (0.5874) acc 85.9375 (79.3750) lr 1.7705e-03 eta 0:11:53
epoch [13/50] batch [10/124] loss 0.5752 (0.5565) acc 81.2500 (79.5312) lr 1.7705e-03 eta 0:06:57
epoch [13/50] batch [15/124] loss 0.4128 (0.5134) acc 84.3750 (80.5208) lr 1.7705e-03 eta 0:05:12
epoch [13/50] batch [20/124] loss 0.4512 (0.5065) acc 85.9375 (81.1719) lr 1.7705e-03 eta 0:04:24
epoch [13/50] batch [25/124] loss 0.5020 (0.4959) acc 81.2500 (81.7500) lr 1.7705e-03 eta 0:04:01
epoch [13/50] batch [30/124] loss 0.3652 (0.4901) acc 85.9375 (82.0833) lr 1.7705e-03 eta 0:03:37
epoch [13/50] batch [35/124] loss 0.3447 (0.4830) acc 87.5000 (82.1875) lr 1.7705e-03 eta 0:03:28
epoch [13/50] batch [40/124] loss 0.5884 (0.4812) acc 78.1250 (82.5000) lr 1.7705e-03 eta 0:03:14
